[ 2015-09-30T11:39:20+08:00 ] 192.168.253.7 /thinkphp/home/index/operateview
INFO: [ app_init ] --START--
INFO: Run Behavior\BuildLiteBehavior [ RunTime:0.000059s ]
INFO: [ app_init ] --END-- [ RunTime:0.000421s ]
INFO: [ app_begin ] --START--
INFO: Run Behavior\ReadHtmlCacheBehavior [ RunTime:0.026965s ]
INFO: [ app_begin ] --END-- [ RunTime:0.027571s ]
INFO: [ view_parse ] --START--
INFO: [ template_filter ] --START--
INFO: Run Behavior\ContentReplaceBehavior [ RunTime:0.000089s ]
INFO: [ template_filter ] --END-- [ RunTime:0.000314s ]
NOTIC: [8] Undefined variable: age /var/www/thinkphp/Application/Runtime/Cache/Home/2a94b8bda04ff446dcedd42276fc99ee.php 第 1 行.
NOTIC: [8] Undefined variable: age /var/www/thinkphp/Application/Runtime/Cache/Home/2a94b8bda04ff446dcedd42276fc99ee.php 第 2 行.
NOTIC: [8] Undefined variable: likes /var/www/thinkphp/Application/Runtime/Cache/Home/2a94b8bda04ff446dcedd42276fc99ee.php 第 3 行.
INFO: Run Behavior\ParseTemplateBehavior [ RunTime:0.204420s ]
INFO: [ view_parse ] --END-- [ RunTime:0.204527s ]
INFO: [ view_filter ] --START--
INFO: Run Behavior\WriteHtmlCacheBehavior [ RunTime:0.014777s ]
INFO: [ view_filter ] --END-- [ RunTime:0.014931s ]
INFO: [ view_parse ] --START--
INFO: Run Behavior\ParseTemplateBehavior [ RunTime:0.008610s ]
INFO: [ view_parse ] --END-- [ RunTime:-0.015108s ]
INFO: [ view_filter ] --START--
INFO: Run Behavior\WriteHtmlCacheBehavior [ RunTime:0.000031s ]
INFO: [ view_filter ] --END-- [ RunTime:-0.009048s ]
INFO: [ app_end ] --START--
INFO: Run Behavior\ShowPageTraceBehavior [ RunTime:0.004571s ]
INFO: [ app_end ] --END-- [ RunTime:0.004766s ]

[ 2015-09-30T11:41:07+08:00 ] 192.168.253.7 /thinkphp/home/index/operateview
INFO: [ app_init ] --START--
INFO: Run Behavior\BuildLiteBehavior [ RunTime:0.000034s ]
INFO: [ app_init ] --END-- [ RunTime:0.000294s ]
INFO: [ app_begin ] --START--
INFO: Run Behavior\ReadHtmlCacheBehavior [ RunTime:0.000147s ]
INFO: [ app_begin ] --END-- [ RunTime:0.000260s ]
INFO: [ view_parse ] --START--
INFO: [ template_filter ] --START--
INFO: Run Behavior\ContentReplaceBehavior [ RunTime:0.000172s ]
INFO: [ template_filter ] --END-- [ RunTime:0.000381s ]
NOTIC: [8] Undefined variable: age /var/www/thinkphp/Application/Runtime/Cache/Home/2a94b8bda04ff446dcedd42276fc99ee.php 第 1 行.
NOTIC: [8] Undefined variable: age /var/www/thinkphp/Application/Runtime/Cache/Home/2a94b8bda04ff446dcedd42276fc99ee.php 第 2 行.
NOTIC: [8] Undefined variable: likes /var/www/thinkphp/Application/Runtime/Cache/Home/2a94b8bda04ff446dcedd42276fc99ee.php 第 3 行.
INFO: Run Behavior\ParseTemplateBehavior [ RunTime:0.011823s ]
INFO: [ view_parse ] --END-- [ RunTime:0.011988s ]
INFO: [ view_filter ] --START--
INFO: Run Behavior\WriteHtmlCacheBehavior [ RunTime:0.000135s ]
INFO: [ view_filter ] --END-- [ RunTime:0.000256s ]
INFO: [ view_parse ] --START--
INFO: Run Behavior\ParseTemplateBehavior [ RunTime:0.000245s ]
INFO: [ view_parse ] --END-- [ RunTime:-0.000465s ]
INFO: [ view_filter ] --START--
INFO: Run Behavior\WriteHtmlCacheBehavior [ RunTime:0.000084s ]
INFO: [ view_filter ] --END-- [ RunTime:-0.000491s ]
INFO: [ app_end ] --START--
INFO: Run Behavior\ShowPageTraceBehavior [ RunTime:0.000162s ]
INFO: [ app_end ] --END-- [ RunTime:0.000277s ]

[ 2015-09-30T11:41:09+08:00 ] 192.168.253.7 /thinkphp/home/index/operateview
INFO: [ app_init ] --START--
INFO: Run Behavior\BuildLiteBehavior [ RunTime:0.000028s ]
INFO: [ app_init ] --END-- [ RunTime:0.000163s ]
INFO: [ app_begin ] --START--
INFO: Run Behavior\ReadHtmlCacheBehavior [ RunTime:0.000626s ]
INFO: [ app_begin ] --END-- [ RunTime:0.000731s ]
INFO: [ view_parse ] --START--
INFO: [ template_filter ] --START--
INFO: Run Behavior\ContentReplaceBehavior [ RunTime:0.000055s ]
INFO: [ template_filter ] --END-- [ RunTime:0.000187s ]
NOTIC: [8] Undefined variable: age /var/www/thinkphp/Application/Runtime/Cache/Home/2a94b8bda04ff446dcedd42276fc99ee.php 第 1 行.
NOTIC: [8] Undefined variable: age /var/www/thinkphp/Application/Runtime/Cache/Home/2a94b8bda04ff446dcedd42276fc99ee.php 第 2 行.
NOTIC: [8] Undefined variable: likes /var/www/thinkphp/Application/Runtime/Cache/Home/2a94b8bda04ff446dcedd42276fc99ee.php 第 3 行.
INFO: Run Behavior\ParseTemplateBehavior [ RunTime:0.006200s ]
INFO: [ view_parse ] --END-- [ RunTime:0.006286s ]
INFO: [ view_filter ] --START--
INFO: Run Behavior\WriteHtmlCacheBehavior [ RunTime:0.000085s ]
INFO: [ view_filter ] --END-- [ RunTime:0.000153s ]
INFO: [ view_parse ] --START--
INFO: Run Behavior\ParseTemplateBehavior [ RunTime:0.000116s ]
INFO: [ view_parse ] --END-- [ RunTime:-0.000616s ]
INFO: [ view_filter ] --START--
INFO: Run Behavior\WriteHtmlCacheBehavior [ RunTime:0.000020s ]
INFO: [ view_filter ] --END-- [ RunTime:-0.000638s ]
INFO: [ app_end ] --START--
INFO: Run Behavior\ShowPageTraceBehavior [ RunTime:0.000071s ]
INFO: [ app_end ] --END-- [ RunTime:0.000135s ]

[ 2015-09-30T11:41:31+08:00 ] 192.168.253.7 /thinkphp/home/index/operateview
INFO: [ app_init ] --START--
INFO: Run Behavior\BuildLiteBehavior [ RunTime:0.000034s ]
INFO: [ app_init ] --END-- [ RunTime:0.000283s ]
INFO: [ app_begin ] --START--
INFO: Run Behavior\ReadHtmlCacheBehavior [ RunTime:0.000093s ]
INFO: [ app_begin ] --END-- [ RunTime:0.000195s ]
INFO: [ view_parse ] --START--
INFO: [ template_filter ] --START--
INFO: Run Behavior\ContentReplaceBehavior [ RunTime:0.000053s ]
INFO: [ template_filter ] --END-- [ RunTime:0.000155s ]
INFO: Run Behavior\ParseTemplateBehavior [ RunTime:0.003336s ]
INFO: [ view_parse ] --END-- [ RunTime:0.003473s ]
INFO: [ view_filter ] --START--
INFO: Run Behavior\WriteHtmlCacheBehavior [ RunTime:0.000173s ]
INFO: [ view_filter ] --END-- [ RunTime:0.000275s ]
INFO: [ view_parse ] --START--
INFO: [ template_filter ] --START--
INFO: Run Behavior\ContentReplaceBehavior [ RunTime:0.000041s ]
INFO: [ template_filter ] --END-- [ RunTime:-0.003686s ]
INFO: Run Behavior\ParseTemplateBehavior [ RunTime:0.002243s ]
INFO: [ view_parse ] --END-- [ RunTime:-0.000535s ]
INFO: [ view_filter ] --START--
INFO: Run Behavior\WriteHtmlCacheBehavior [ RunTime:0.000021s ]
INFO: [ view_filter ] --END-- [ RunTime:-0.002671s ]
INFO: [ app_end ] --START--
INFO: Run Behavior\ShowPageTraceBehavior [ RunTime:0.000101s ]
INFO: [ app_end ] --END-- [ RunTime:0.000168s ]

[ 2015-09-30T11:41:53+08:00 ] 192.168.253.7 /thinkphp/home/index/operateview
INFO: [ app_init ] --START--
INFO: Run Behavior\BuildLiteBehavior [ RunTime:0.000078s ]
INFO: [ app_init ] --END-- [ RunTime:0.000716s ]
INFO: [ app_begin ] --START--
INFO: Run Behavior\ReadHtmlCacheBehavior [ RunTime:0.000109s ]
INFO: [ app_begin ] --END-- [ RunTime:0.000223s ]
INFO: [ view_parse ] --START--
INFO: [ template_filter ] --START--
INFO: Run Behavior\ContentReplaceBehavior [ RunTime:0.000267s ]
INFO: [ template_filter ] --END-- [ RunTime:0.000587s ]
NOTIC: [8] Undefined variable: age /var/www/thinkphp/Application/Runtime/Cache/Home/2a94b8bda04ff446dcedd42276fc99ee.php 第 1 行.
NOTIC: [8] Undefined variable: age /var/www/thinkphp/Application/Runtime/Cache/Home/2a94b8bda04ff446dcedd42276fc99ee.php 第 2 行.
NOTIC: [8] Undefined variable: likes /var/www/thinkphp/Application/Runtime/Cache/Home/2a94b8bda04ff446dcedd42276fc99ee.php 第 3 行.
INFO: Run Behavior\ParseTemplateBehavior [ RunTime:0.017646s ]
INFO: [ view_parse ] --END-- [ RunTime:0.017847s ]
INFO: [ view_filter ] --START--
INFO: Run Behavior\WriteHtmlCacheBehavior [ RunTime:0.000505s ]
INFO: [ view_filter ] --END-- [ RunTime:0.000643s ]
INFO: [ view_parse ] --START--
INFO: Run Behavior\ParseTemplateBehavior [ RunTime:0.000252s ]
INFO: [ view_parse ] --END-- [ RunTime:-0.000814s ]
INFO: [ view_filter ] --START--
INFO: Run Behavior\WriteHtmlCacheBehavior [ RunTime:0.000033s ]
INFO: [ view_filter ] --END-- [ RunTime:-0.000530s ]
INFO: [ app_end ] --START--
INFO: Run Behavior\ShowPageTraceBehavior [ RunTime:0.000219s ]
INFO: [ app_end ] --END-- [ RunTime:0.000331s ]

[ 2015-09-30T11:42:32+08:00 ] 192.168.253.7 /thinkphp/home/index/operateview
INFO: [ app_init ] --START--
INFO: Run Behavior\BuildLiteBehavior [ RunTime:0.000032s ]
INFO: [ app_init ] --END-- [ RunTime:0.000253s ]
INFO: [ app_begin ] --START--
INFO: Run Behavior\ReadHtmlCacheBehavior [ RunTime:0.000093s ]
INFO: [ app_begin ] --END-- [ RunTime:0.000192s ]
INFO: [ view_parse ] --START--
INFO: [ template_filter ] --START--
INFO: Run Behavior\ContentReplaceBehavior [ RunTime:0.000049s ]
INFO: [ template_filter ] --END-- [ RunTime:0.000192s ]
INFO: Run Behavior\ParseTemplateBehavior [ RunTime:0.002911s ]
INFO: [ view_parse ] --END-- [ RunTime:0.003023s ]
INFO: [ view_filter ] --START--
INFO: Run Behavior\WriteHtmlCacheBehavior [ RunTime:0.002751s ]
INFO: [ view_filter ] --END-- [ RunTime:0.002934s ]
INFO: [ app_end ] --START--
INFO: Run Behavior\ShowPageTraceBehavior [ RunTime:0.000124s ]
INFO: [ app_end ] --END-- [ RunTime:0.000203s ]

[ 2015-09-30T11:42:54+08:00 ] 192.168.253.7 /thinkphp/home/index/operateview
INFO: [ app_init ] --START--
INFO: Run Behavior\BuildLiteBehavior [ RunTime:0.000028s ]
INFO: [ app_init ] --END-- [ RunTime:0.000250s ]
INFO: [ app_begin ] --START--
INFO: Run Behavior\ReadHtmlCacheBehavior [ RunTime:0.000091s ]
INFO: [ app_begin ] --END-- [ RunTime:0.000217s ]
INFO: [ view_parse ] --START--
INFO: [ template_filter ] --START--
INFO: Run Behavior\ContentReplaceBehavior [ RunTime:0.000052s ]
INFO: [ template_filter ] --END-- [ RunTime:0.000222s ]
INFO: Run Behavior\ParseTemplateBehavior [ RunTime:0.002851s ]
INFO: [ view_parse ] --END-- [ RunTime:0.002935s ]
INFO: [ view_filter ] --START--
INFO: Run Behavior\WriteHtmlCacheBehavior [ RunTime:0.000079s ]
INFO: [ view_filter ] --END-- [ RunTime:0.000140s ]
INFO: [ app_end ] --START--
INFO: Run Behavior\ShowPageTraceBehavior [ RunTime:0.000099s ]
INFO: [ app_end ] --END-- [ RunTime:0.000176s ]

[ 2015-09-30T11:43:53+08:00 ] 192.168.253.7 /thinkphp/home/index/operateview
INFO: [ app_init ] --START--
INFO: Run Behavior\BuildLiteBehavior [ RunTime:0.000213s ]
INFO: [ app_init ] --END-- [ RunTime:0.000660s ]
INFO: [ app_begin ] --START--
INFO: Run Behavior\ReadHtmlCacheBehavior [ RunTime:0.000978s ]
INFO: [ app_begin ] --END-- [ RunTime:0.001125s ]
INFO: [ view_parse ] --START--
INFO: [ template_filter ] --START--
INFO: Run Behavior\ContentReplaceBehavior [ RunTime:0.000054s ]
INFO: [ template_filter ] --END-- [ RunTime:0.000157s ]
INFO: Run Behavior\ParseTemplateBehavior [ RunTime:0.003617s ]
INFO: [ view_parse ] --END-- [ RunTime:0.003775s ]
INFO: [ view_filter ] --START--
INFO: Run Behavior\WriteHtmlCacheBehavior [ RunTime:0.000089s ]
INFO: [ view_filter ] --END-- [ RunTime:0.000158s ]
INFO: [ app_end ] --START--
INFO: Run Behavior\ShowPageTraceBehavior [ RunTime:0.000074s ]
INFO: [ app_end ] --END-- [ RunTime:0.000140s ]

[ 2015-09-30T11:50:25+08:00 ] 192.168.253.7 /thinkphp/home/index/operateview
INFO: [ app_init ] --START--
INFO: Run Behavior\BuildLiteBehavior [ RunTime:0.000030s ]
INFO: [ app_init ] --END-- [ RunTime:0.000197s ]
INFO: [ app_begin ] --START--
INFO: Run Behavior\ReadHtmlCacheBehavior [ RunTime:0.000074s ]
INFO: [ app_begin ] --END-- [ RunTime:0.000157s ]
INFO: [ view_parse ] --START--
INFO: [ template_filter ] --START--
INFO: Run Behavior\ContentReplaceBehavior [ RunTime:0.000080s ]
INFO: [ template_filter ] --END-- [ RunTime:0.000224s ]
NOTIC: [8] Undefined variable: age /var/www/thinkphp/Application/Runtime/Cache/Home/2a94b8bda04ff446dcedd42276fc99ee.php 第 1 行.
NOTIC: [8] Undefined variable: age /var/www/thinkphp/Application/Runtime/Cache/Home/2a94b8bda04ff446dcedd42276fc99ee.php 第 2 行.
NOTIC: [8] Undefined variable: likes /var/www/thinkphp/Application/Runtime/Cache/Home/2a94b8bda04ff446dcedd42276fc99ee.php 第 3 行.
INFO: Run Behavior\ParseTemplateBehavior [ RunTime:0.006864s ]
INFO: [ view_parse ] --END-- [ RunTime:0.006978s ]
INFO: [ view_filter ] --START--
INFO: Run Behavior\WriteHtmlCacheBehavior [ RunTime:0.000097s ]
INFO: [ view_filter ] --END-- [ RunTime:0.000167s ]
INFO: [ app_end ] --START--
INFO: Run Behavior\ShowPageTraceBehavior [ RunTime:0.000142s ]
INFO: [ app_end ] --END-- [ RunTime:0.000215s ]

[ 2015-09-30T12:02:42+08:00 ] 192.168.253.7 /thinkphp/home/index/operateview
INFO: [ app_init ] --START--
INFO: Run Behavior\BuildLiteBehavior [ RunTime:0.000031s ]
INFO: [ app_init ] --END-- [ RunTime:0.000206s ]
INFO: [ app_begin ] --START--
INFO: Run Behavior\ReadHtmlCacheBehavior [ RunTime:0.000082s ]
INFO: [ app_begin ] --END-- [ RunTime:0.000168s ]
ERR: 模板不存在:./Application/Home/View/Public/extendsBase.html

[ 2015-09-30T12:03:00+08:00 ] 192.168.253.7 /thinkphp/home/index/operateview
INFO: [ app_init ] --START--
INFO: Run Behavior\BuildLiteBehavior [ RunTime:0.000032s ]
INFO: [ app_init ] --END-- [ RunTime:0.000210s ]
INFO: [ app_begin ] --START--
INFO: Run Behavior\ReadHtmlCacheBehavior [ RunTime:0.000094s ]
INFO: [ app_begin ] --END-- [ RunTime:0.000254s ]
INFO: [ view_parse ] --START--
INFO: [ template_filter ] --START--
INFO: Run Behavior\ContentReplaceBehavior [ RunTime:0.000056s ]
INFO: [ template_filter ] --END-- [ RunTime:0.000186s ]
INFO: Run Behavior\ParseTemplateBehavior [ RunTime:0.068398s ]
INFO: [ view_parse ] --END-- [ RunTime:0.068512s ]
INFO: [ view_filter ] --START--
INFO: Run Behavior\WriteHtmlCacheBehavior [ RunTime:0.000095s ]
INFO: [ view_filter ] --END-- [ RunTime:0.000162s ]
INFO: [ app_end ] --START--
INFO: Run Behavior\ShowPageTraceBehavior [ RunTime:0.000081s ]
INFO: [ app_end ] --END-- [ RunTime:0.000156s ]

[ 2015-09-30T12:03:39+08:00 ] 192.168.253.7 /thinkphp/home/index/operateview
INFO: [ app_init ] --START--
INFO: Run Behavior\BuildLiteBehavior [ RunTime:0.000028s ]
INFO: [ app_init ] --END-- [ RunTime:0.000188s ]
INFO: [ app_begin ] --START--
INFO: Run Behavior\ReadHtmlCacheBehavior [ RunTime:0.000080s ]
INFO: [ app_begin ] --END-- [ RunTime:0.000199s ]
INFO: [ view_parse ] --START--
INFO: [ template_filter ] --START--
INFO: Run Behavior\ContentReplaceBehavior [ RunTime:0.000054s ]
INFO: [ template_filter ] --END-- [ RunTime:0.000155s ]
INFO: Run Behavior\ParseTemplateBehavior [ RunTime:0.005883s ]
INFO: [ view_parse ] --END-- [ RunTime:0.006135s ]
INFO: [ view_filter ] --START--
INFO: Run Behavior\WriteHtmlCacheBehavior [ RunTime:0.000091s ]
INFO: [ view_filter ] --END-- [ RunTime:0.000158s ]
INFO: [ app_end ] --START--
INFO: Run Behavior\ShowPageTraceBehavior [ RunTime:0.000076s ]
INFO: [ app_end ] --END-- [ RunTime:0.000215s ]

[ 2015-09-30T12:04:47+08:00 ] 192.168.253.7 /thinkphp/home/index/operateview
INFO: [ app_init ] --START--
INFO: Run Behavior\BuildLiteBehavior [ RunTime:0.000028s ]
INFO: [ app_init ] --END-- [ RunTime:0.000214s ]
INFO: [ app_begin ] --START--
INFO: Run Behavior\ReadHtmlCacheBehavior [ RunTime:0.000119s ]
INFO: [ app_begin ] --END-- [ RunTime:0.000325s ]
INFO: [ view_parse ] --START--
INFO: [ template_filter ] --START--
INFO: Run Behavior\ContentReplaceBehavior [ RunTime:0.000080s ]
INFO: [ template_filter ] --END-- [ RunTime:0.000217s ]
INFO: Run Behavior\ParseTemplateBehavior [ RunTime:0.003724s ]
INFO: [ view_parse ] --END-- [ RunTime:0.003826s ]
INFO: [ view_filter ] --START--
INFO: Run Behavior\WriteHtmlCacheBehavior [ RunTime:0.000129s ]
INFO: [ view_filter ] --END-- [ RunTime:0.000199s ]
INFO: [ app_end ] --START--
INFO: Run Behavior\ShowPageTraceBehavior [ RunTime:0.000089s ]
INFO: [ app_end ] --END-- [ RunTime:0.000382s ]

[ 2015-09-30T12:04:50+08:00 ] 192.168.253.7 /thinkphp/home/index/operateview
INFO: [ app_init ] --START--
INFO: Run Behavior\BuildLiteBehavior [ RunTime:0.000035s ]
INFO: [ app_init ] --END-- [ RunTime:0.000289s ]
INFO: [ app_begin ] --START--
INFO: Run Behavior\ReadHtmlCacheBehavior [ RunTime:0.000076s ]
INFO: [ app_begin ] --END-- [ RunTime:0.000156s ]
INFO: [ view_parse ] --START--
INFO: [ template_filter ] --START--
INFO: Run Behavior\ContentReplaceBehavior [ RunTime:0.000049s ]
INFO: [ template_filter ] --END-- [ RunTime:0.000137s ]
INFO: Run Behavior\ParseTemplateBehavior [ RunTime:0.003519s ]
INFO: [ view_parse ] --END-- [ RunTime:0.003700s ]
INFO: [ view_filter ] --START--
INFO: Run Behavior\WriteHtmlCacheBehavior [ RunTime:0.000184s ]
INFO: [ view_filter ] --END-- [ RunTime:0.000422s ]
INFO: [ app_end ] --START--
INFO: Run Behavior\ShowPageTraceBehavior [ RunTime:0.000140s ]
INFO: [ app_end ] --END-- [ RunTime:0.001280s ]

[ 2015-09-30T12:08:52+08:00 ] 192.168.253.7 /thinkphp/home/index/operateview
INFO: [ app_init ] --START--
INFO: Run Behavior\BuildLiteBehavior [ RunTime:0.000031s ]
INFO: [ app_init ] --END-- [ RunTime:0.000238s ]
INFO: [ app_begin ] --START--
INFO: Run Behavior\ReadHtmlCacheBehavior [ RunTime:0.000078s ]
INFO: [ app_begin ] --END-- [ RunTime:0.000161s ]
INFO: [ view_parse ] --START--
INFO: [ template_filter ] --START--
INFO: Run Behavior\ContentReplaceBehavior [ RunTime:0.000053s ]
INFO: [ template_filter ] --END-- [ RunTime:0.000150s ]
INFO: Run Behavior\ParseTemplateBehavior [ RunTime:0.003988s ]
INFO: [ view_parse ] --END-- [ RunTime:0.004083s ]
INFO: [ view_filter ] --START--
INFO: Run Behavior\WriteHtmlCacheBehavior [ RunTime:0.000096s ]
INFO: [ view_filter ] --END-- [ RunTime:0.000220s ]
INFO: [ app_end ] --START--
INFO: Run Behavior\ShowPageTraceBehavior [ RunTime:0.000079s ]
INFO: [ app_end ] --END-- [ RunTime:0.000152s ]

[ 2015-09-30T12:09:16+08:00 ] 192.168.253.7 /thinkphp/home/index/operateview
INFO: [ app_init ] --START--
INFO: Run Behavior\BuildLiteBehavior [ RunTime:0.000031s ]
INFO: [ app_init ] --END-- [ RunTime:0.000226s ]
INFO: [ app_begin ] --START--
INFO: Run Behavior\ReadHtmlCacheBehavior [ RunTime:0.000123s ]
INFO: [ app_begin ] --END-- [ RunTime:0.001329s ]
INFO: [ view_parse ] --START--
INFO: [ template_filter ] --START--
INFO: Run Behavior\ContentReplaceBehavior [ RunTime:0.000068s ]
INFO: [ template_filter ] --END-- [ RunTime:0.000195s ]
INFO: Run Behavior\ParseTemplateBehavior [ RunTime:0.004857s ]
INFO: [ view_parse ] --END-- [ RunTime:0.004990s ]
INFO: [ view_filter ] --START--
INFO: Run Behavior\WriteHtmlCacheBehavior [ RunTime:0.000134s ]
INFO: [ view_filter ] --END-- [ RunTime:0.000246s ]
INFO: [ app_end ] --START--
INFO: Run Behavior\ShowPageTraceBehavior [ RunTime:0.000282s ]
INFO: [ app_end ] --END-- [ RunTime:0.001572s ]

[ 2015-09-30T12:09:41+08:00 ] 192.168.253.7 /thinkphp/home/index/operateview
INFO: [ app_init ] --START--
INFO: Run Behavior\BuildLiteBehavior [ RunTime:0.000027s ]
INFO: [ app_init ] --END-- [ RunTime:0.000160s ]
INFO: [ app_begin ] --START--
INFO: Run Behavior\ReadHtmlCacheBehavior [ RunTime:0.000081s ]
INFO: [ app_begin ] --END-- [ RunTime:0.000205s ]
INFO: [ view_parse ] --START--
INFO: [ template_filter ] --START--
INFO: Run Behavior\ContentReplaceBehavior [ RunTime:0.000049s ]
INFO: [ template_filter ] --END-- [ RunTime:0.000135s ]
INFO: Run Behavior\ParseTemplateBehavior [ RunTime:0.003721s ]
INFO: [ view_parse ] --END-- [ RunTime:0.003838s ]
INFO: [ view_filter ] --START--
INFO: Run Behavior\WriteHtmlCacheBehavior [ RunTime:0.000145s ]
INFO: [ view_filter ] --END-- [ RunTime:0.000214s ]
INFO: [ app_end ] --START--
INFO: Run Behavior\ShowPageTraceBehavior [ RunTime:0.000074s ]
INFO: [ app_end ] --END-- [ RunTime:0.000780s ]

[ 2015-09-30T12:10:13+08:00 ] 192.168.253.7 /thinkphp/home/index/operateview
INFO: [ app_init ] --START--
INFO: Run Behavior\BuildLiteBehavior [ RunTime:0.000028s ]
INFO: [ app_init ] --END-- [ RunTime:0.000241s ]
INFO: [ app_begin ] --START--
INFO: Run Behavior\ReadHtmlCacheBehavior [ RunTime:0.000074s ]
INFO: [ app_begin ] --END-- [ RunTime:0.000154s ]
INFO: [ view_parse ] --START--
INFO: [ template_filter ] --START--
INFO: Run Behavior\ContentReplaceBehavior [ RunTime:0.000050s ]
INFO: [ template_filter ] --END-- [ RunTime:0.000142s ]
INFO: Run Behavior\ParseTemplateBehavior [ RunTime:0.003806s ]
INFO: [ view_parse ] --END-- [ RunTime:0.003891s ]
INFO: [ view_filter ] --START--
INFO: Run Behavior\WriteHtmlCacheBehavior [ RunTime:0.000084s ]
INFO: [ view_filter ] --END-- [ RunTime:0.000148s ]
INFO: [ app_end ] --START--
INFO: Run Behavior\ShowPageTraceBehavior [ RunTime:0.000116s ]
INFO: [ app_end ] --END-- [ RunTime:0.000187s ]

[ 2015-09-30T12:10:28+08:00 ] 192.168.253.7 /thinkphp/home/index/operateview
INFO: [ app_init ] --START--
INFO: Run Behavior\BuildLiteBehavior [ RunTime:0.000029s ]
INFO: [ app_init ] --END-- [ RunTime:0.000174s ]
INFO: [ app_begin ] --START--
INFO: Run Behavior\ReadHtmlCacheBehavior [ RunTime:0.000124s ]
INFO: [ app_begin ] --END-- [ RunTime:0.000213s ]
INFO: [ view_parse ] --START--
INFO: [ template_filter ] --START--
INFO: Run Behavior\ContentReplaceBehavior [ RunTime:0.000050s ]
INFO: [ template_filter ] --END-- [ RunTime:0.000221s ]
INFO: Run Behavior\ParseTemplateBehavior [ RunTime:0.003858s ]
INFO: [ view_parse ] --END-- [ RunTime:0.003945s ]
INFO: [ view_filter ] --START--
INFO: Run Behavior\WriteHtmlCacheBehavior [ RunTime:0.000078s ]
INFO: [ view_filter ] --END-- [ RunTime:0.000141s ]
INFO: [ app_end ] --START--
INFO: Run Behavior\ShowPageTraceBehavior [ RunTime:0.000080s ]
INFO: [ app_end ] --END-- [ RunTime:0.000167s ]

[ 2015-09-30T12:10:28+08:00 ] 192.168.253.7 /thinkphp/home/index/operateview
INFO: [ app_init ] --START--
INFO: Run Behavior\BuildLiteBehavior [ RunTime:0.000030s ]
INFO: [ app_init ] --END-- [ RunTime:0.000228s ]
INFO: [ app_begin ] --START--
INFO: Run Behavior\ReadHtmlCacheBehavior [ RunTime:0.000073s ]
INFO: [ app_begin ] --END-- [ RunTime:0.000159s ]
INFO: [ view_parse ] --START--
INFO: [ template_filter ] --START--
INFO: Run Behavior\ContentReplaceBehavior [ RunTime:0.000052s ]
INFO: [ template_filter ] --END-- [ RunTime:0.000150s ]
INFO: Run Behavior\ParseTemplateBehavior [ RunTime:0.003673s ]
INFO: [ view_parse ] --END-- [ RunTime:0.003771s ]
INFO: [ view_filter ] --START--
INFO: Run Behavior\WriteHtmlCacheBehavior [ RunTime:0.000078s ]
INFO: [ view_filter ] --END-- [ RunTime:0.000147s ]
INFO: [ app_end ] --START--
INFO: Run Behavior\ShowPageTraceBehavior [ RunTime:0.000082s ]
INFO: [ app_end ] --END-- [ RunTime:0.000859s ]

[ 2015-09-30T12:25:37+08:00 ] 192.168.253.7 /thinkphp/home/index/operateview
INFO: [ app_init ] --START--
INFO: Run Behavior\BuildLiteBehavior [ RunTime:0.000031s ]
INFO: [ app_init ] --END-- [ RunTime:0.000185s ]
INFO: [ app_begin ] --START--
INFO: Run Behavior\ReadHtmlCacheBehavior [ RunTime:0.000176s ]
INFO: [ app_begin ] --END-- [ RunTime:0.000242s ]
INFO: [ view_parse ] --START--
INFO: [ template_filter ] --START--
INFO: Run Behavior\ContentReplaceBehavior [ RunTime:0.000054s ]
INFO: [ template_filter ] --END-- [ RunTime:0.000153s ]
INFO: Run Behavior\ParseTemplateBehavior [ RunTime:0.005313s ]
INFO: [ view_parse ] --END-- [ RunTime:0.005410s ]
INFO: [ view_filter ] --START--
INFO: Run Behavior\WriteHtmlCacheBehavior [ RunTime:0.000136s ]
INFO: [ view_filter ] --END-- [ RunTime:0.000204s ]
INFO: [ app_end ] --START--
INFO: Run Behavior\ShowPageTraceBehavior [ RunTime:0.000080s ]
INFO: [ app_end ] --END-- [ RunTime:0.000146s ]

[ 2015-09-30T12:26:13+08:00 ] 192.168.253.7 /thinkphp/home/index/operateview
INFO: [ app_init ] --START--
INFO: Run Behavior\BuildLiteBehavior [ RunTime:0.000034s ]
INFO: [ app_init ] --END-- [ RunTime:0.000304s ]
INFO: [ app_begin ] --START--
INFO: Run Behavior\ReadHtmlCacheBehavior [ RunTime:0.000089s ]
INFO: [ app_begin ] --END-- [ RunTime:0.000176s ]
INFO: [ view_parse ] --START--
INFO: [ template_filter ] --START--
INFO: Run Behavior\ContentReplaceBehavior [ RunTime:0.000067s ]
INFO: [ template_filter ] --END-- [ RunTime:0.000208s ]
NOTIC: [8] Undefined variable: age /var/www/thinkphp/Application/Runtime/Cache/Home/2a94b8bda04ff446dcedd42276fc99ee.php 第 25 行.
NOTIC: [8] Undefined variable: age /var/www/thinkphp/Application/Runtime/Cache/Home/2a94b8bda04ff446dcedd42276fc99ee.php 第 26 行.
NOTIC: [8] Undefined variable: likes /var/www/thinkphp/Application/Runtime/Cache/Home/2a94b8bda04ff446dcedd42276fc99ee.php 第 27 行.
INFO: Run Behavior\ParseTemplateBehavior [ RunTime:0.057359s ]
INFO: [ view_parse ] --END-- [ RunTime:0.057872s ]
INFO: [ view_filter ] --START--
INFO: Run Behavior\WriteHtmlCacheBehavior [ RunTime:0.000319s ]
INFO: [ view_filter ] --END-- [ RunTime:0.000652s ]
INFO: [ app_end ] --START--
INFO: Run Behavior\ShowPageTraceBehavior [ RunTime:0.000318s ]
INFO: [ app_end ] --END-- [ RunTime:0.000553s ]

[ 2015-09-30T12:26:49+08:00 ] 192.168.253.7 /thinkphp/home/index/operateview
INFO: [ app_init ] --START--
INFO: Run Behavior\BuildLiteBehavior [ RunTime:0.000029s ]
INFO: [ app_init ] --END-- [ RunTime:0.000179s ]
INFO: [ app_begin ] --START--
INFO: Run Behavior\ReadHtmlCacheBehavior [ RunTime:0.000138s ]
INFO: [ app_begin ] --END-- [ RunTime:0.000236s ]
INFO: [ view_parse ] --START--
INFO: [ template_filter ] --START--
INFO: Run Behavior\ContentReplaceBehavior [ RunTime:0.000090s ]
INFO: [ template_filter ] --END-- [ RunTime:0.000252s ]
NOTIC: [8] Undefined variable: age /var/www/thinkphp/Application/Runtime/Cache/Home/2a94b8bda04ff446dcedd42276fc99ee.php 第 25 行.
NOTIC: [8] Undefined variable: age /var/www/thinkphp/Application/Runtime/Cache/Home/2a94b8bda04ff446dcedd42276fc99ee.php 第 26 行.
NOTIC: [8] Undefined variable: likes /var/www/thinkphp/Application/Runtime/Cache/Home/2a94b8bda04ff446dcedd42276fc99ee.php 第 27 行.
INFO: Run Behavior\ParseTemplateBehavior [ RunTime:0.017183s ]
INFO: [ view_parse ] --END-- [ RunTime:0.017312s ]
INFO: [ view_filter ] --START--
INFO: Run Behavior\WriteHtmlCacheBehavior [ RunTime:0.000218s ]
INFO: [ view_filter ] --END-- [ RunTime:0.000333s ]
INFO: [ app_end ] --START--
INFO: Run Behavior\ShowPageTraceBehavior [ RunTime:0.000221s ]
INFO: [ app_end ] --END-- [ RunTime:0.000334s ]

[ 2015-09-30T12:27:36+08:00 ] 192.168.253.7 /thinkphp/home/index/operateview
INFO: [ app_init ] --START--
INFO: Run Behavior\BuildLiteBehavior [ RunTime:0.000030s ]
INFO: [ app_init ] --END-- [ RunTime:0.000189s ]
INFO: [ app_begin ] --START--
INFO: Run Behavior\ReadHtmlCacheBehavior [ RunTime:0.000125s ]
INFO: [ app_begin ] --END-- [ RunTime:0.000213s ]
INFO: [ view_parse ] --START--
INFO: [ template_filter ] --START--
INFO: Run Behavior\ContentReplaceBehavior [ RunTime:0.000055s ]
INFO: [ template_filter ] --END-- [ RunTime:0.000158s ]
NOTIC: [8] Undefined variable: age /var/www/thinkphp/Application/Runtime/Cache/Home/2a94b8bda04ff446dcedd42276fc99ee.php 第 25 行.
NOTIC: [8] Undefined variable: age /var/www/thinkphp/Application/Runtime/Cache/Home/2a94b8bda04ff446dcedd42276fc99ee.php 第 26 行.
NOTIC: [8] Undefined variable: likes /var/www/thinkphp/Application/Runtime/Cache/Home/2a94b8bda04ff446dcedd42276fc99ee.php 第 27 行.
INFO: Run Behavior\ParseTemplateBehavior [ RunTime:0.011825s ]
INFO: [ view_parse ] --END-- [ RunTime:0.011920s ]
INFO: [ view_filter ] --START--
INFO: Run Behavior\WriteHtmlCacheBehavior [ RunTime:0.000096s ]
INFO: [ view_filter ] --END-- [ RunTime:0.000163s ]
INFO: [ app_end ] --START--
INFO: Run Behavior\ShowPageTraceBehavior [ RunTime:0.000085s ]
INFO: [ app_end ] --END-- [ RunTime:0.000154s ]

[ 2015-09-30T21:58:52+08:00 ] 192.168.252.10 /thinkphp/home/index/operateview
INFO: [ app_init ] --START--
INFO: Run Behavior\BuildLiteBehavior [ RunTime:0.000134s ]
INFO: [ app_init ] --END-- [ RunTime:0.016542s ]
INFO: [ app_begin ] --START--
INFO: Run Behavior\ReadHtmlCacheBehavior [ RunTime:0.016260s ]
INFO: [ app_begin ] --END-- [ RunTime:0.016466s ]
INFO: [ view_parse ] --START--
INFO: [ template_filter ] --START--
INFO: Run Behavior\ContentReplaceBehavior [ RunTime:0.000095s ]
INFO: [ template_filter ] --END-- [ RunTime:0.000332s ]
NOTIC: [8] Undefined variable: age /var/www/thinkphp/Application/Runtime/Cache/Home/2a94b8bda04ff446dcedd42276fc99ee.php 第 25 行.
NOTIC: [8] Undefined variable: age /var/www/thinkphp/Application/Runtime/Cache/Home/2a94b8bda04ff446dcedd42276fc99ee.php 第 26 行.
NOTIC: [8] Undefined variable: likes /var/www/thinkphp/Application/Runtime/Cache/Home/2a94b8bda04ff446dcedd42276fc99ee.php 第 27 行.
INFO: Run Behavior\ParseTemplateBehavior [ RunTime:0.180905s ]
INFO: [ view_parse ] --END-- [ RunTime:0.181139s ]
INFO: [ view_filter ] --START--
INFO: Run Behavior\WriteHtmlCacheBehavior [ RunTime:0.012324s ]
INFO: [ view_filter ] --END-- [ RunTime:0.012452s ]
INFO: [ app_end ] --START--
INFO: Run Behavior\ShowPageTraceBehavior [ RunTime:0.002361s ]
INFO: [ app_end ] --END-- [ RunTime:0.002476s ]

[ 2015-09-30T22:02:32+08:00 ] 192.168.252.10 /thinkphp/home/index/operateview
INFO: [ app_init ] --START--
INFO: Run Behavior\BuildLiteBehavior [ RunTime:0.000033s ]
INFO: [ app_init ] --END-- [ RunTime:0.000304s ]
INFO: [ app_begin ] --START--
INFO: Run Behavior\ReadHtmlCacheBehavior [ RunTime:0.000313s ]
INFO: [ app_begin ] --END-- [ RunTime:0.000415s ]
INFO: [ view_parse ] --START--
INFO: [ template_filter ] --START--
INFO: Run Behavior\ContentReplaceBehavior [ RunTime:0.000086s ]
INFO: [ template_filter ] --END-- [ RunTime:0.000301s ]
NOTIC: [8] Undefined variable: age /var/www/thinkphp/Application/Runtime/Cache/Home/2a94b8bda04ff446dcedd42276fc99ee.php 第 25 行.
NOTIC: [8] Undefined variable: age /var/www/thinkphp/Application/Runtime/Cache/Home/2a94b8bda04ff446dcedd42276fc99ee.php 第 26 行.
NOTIC: [8] Undefined variable: likes /var/www/thinkphp/Application/Runtime/Cache/Home/2a94b8bda04ff446dcedd42276fc99ee.php 第 27 行.
INFO: Run Behavior\ParseTemplateBehavior [ RunTime:0.013877s ]
INFO: [ view_parse ] --END-- [ RunTime:0.014016s ]
INFO: [ view_filter ] --START--
INFO: Run Behavior\WriteHtmlCacheBehavior [ RunTime:0.000152s ]
INFO: [ view_filter ] --END-- [ RunTime:0.000254s ]
INFO: [ app_end ] --START--
INFO: Run Behavior\ShowPageTraceBehavior [ RunTime:0.000523s ]
INFO: [ app_end ] --END-- [ RunTime:0.000633s ]

[ 2015-09-30T22:03:54+08:00 ] 192.168.252.10 /thinkphp/home/index/operateview
INFO: [ app_init ] --START--
INFO: Run Behavior\BuildLiteBehavior [ RunTime:0.000033s ]
INFO: [ app_init ] --END-- [ RunTime:0.000271s ]
INFO: [ app_begin ] --START--
INFO: Run Behavior\ReadHtmlCacheBehavior [ RunTime:0.000104s ]
INFO: [ app_begin ] --END-- [ RunTime:0.000209s ]
INFO: [ view_parse ] --START--
INFO: [ template_filter ] --START--
INFO: Run Behavior\ContentReplaceBehavior [ RunTime:0.000060s ]
INFO: [ template_filter ] --END-- [ RunTime:0.000287s ]
NOTIC: [8] Undefined variable: age /var/www/thinkphp/Application/Runtime/Cache/Home/2a94b8bda04ff446dcedd42276fc99ee.php 第 25 行.
NOTIC: [8] Undefined variable: age /var/www/thinkphp/Application/Runtime/Cache/Home/2a94b8bda04ff446dcedd42276fc99ee.php 第 26 行.
NOTIC: [8] Undefined variable: likes /var/www/thinkphp/Application/Runtime/Cache/Home/2a94b8bda04ff446dcedd42276fc99ee.php 第 27 行.
INFO: Run Behavior\ParseTemplateBehavior [ RunTime:0.010456s ]
INFO: [ view_parse ] --END-- [ RunTime:0.010559s ]
INFO: [ view_filter ] --START--
INFO: Run Behavior\WriteHtmlCacheBehavior [ RunTime:0.000113s ]
INFO: [ view_filter ] --END-- [ RunTime:0.000183s ]
INFO: [ app_end ] --START--
INFO: Run Behavior\ShowPageTraceBehavior [ RunTime:0.000111s ]
INFO: [ app_end ] --END-- [ RunTime:0.000188s ]

[ 2015-09-30T22:04:34+08:00 ] 192.168.252.10 /thinkphp/home/index/operateview
INFO: [ app_init ] --START--
INFO: Run Behavior\BuildLiteBehavior [ RunTime:0.000033s ]
INFO: [ app_init ] --END-- [ RunTime:0.000300s ]
INFO: [ app_begin ] --START--
INFO: Run Behavior\ReadHtmlCacheBehavior [ RunTime:0.000245s ]
INFO: [ app_begin ] --END-- [ RunTime:0.000348s ]
INFO: [ view_parse ] --START--
INFO: [ template_filter ] --START--
INFO: Run Behavior\ContentReplaceBehavior [ RunTime:0.000059s ]
INFO: [ template_filter ] --END-- [ RunTime:0.000176s ]
NOTIC: [8] Undefined variable: age /var/www/thinkphp/Application/Runtime/Cache/Home/2a94b8bda04ff446dcedd42276fc99ee.php 第 1 行.
NOTIC: [8] Undefined variable: age /var/www/thinkphp/Application/Runtime/Cache/Home/2a94b8bda04ff446dcedd42276fc99ee.php 第 2 行.
NOTIC: [8] Undefined variable: likes /var/www/thinkphp/Application/Runtime/Cache/Home/2a94b8bda04ff446dcedd42276fc99ee.php 第 3 行.
INFO: Run Behavior\ParseTemplateBehavior [ RunTime:0.007190s ]
INFO: [ view_parse ] --END-- [ RunTime:0.007283s ]
INFO: [ view_filter ] --START--
INFO: Run Behavior\WriteHtmlCacheBehavior [ RunTime:0.000134s ]
INFO: [ view_filter ] --END-- [ RunTime:0.000206s ]
INFO: [ app_end ] --START--
INFO: Run Behavior\ShowPageTraceBehavior [ RunTime:0.000091s ]
INFO: [ app_end ] --END-- [ RunTime:0.000160s ]

[ 2015-09-30T22:06:35+08:00 ] 192.168.252.10 /thinkphp/home/index/operateview
INFO: [ app_init ] --START--
INFO: Run Behavior\BuildLiteBehavior [ RunTime:0.000032s ]
INFO: [ app_init ] --END-- [ RunTime:0.000295s ]
INFO: [ app_begin ] --START--
INFO: Run Behavior\ReadHtmlCacheBehavior [ RunTime:0.000109s ]
INFO: [ app_begin ] --END-- [ RunTime:0.000486s ]
INFO: [ view_parse ] --START--
INFO: [ template_filter ] --START--
INFO: Run Behavior\ContentReplaceBehavior [ RunTime:0.000054s ]
INFO: [ template_filter ] --END-- [ RunTime:0.000213s ]
NOTIC: [8] Undefined variable: age /var/www/thinkphp/Application/Runtime/Cache/Home/2a94b8bda04ff446dcedd42276fc99ee.php 第 1 行.
NOTIC: [8] Undefined variable: age /var/www/thinkphp/Application/Runtime/Cache/Home/2a94b8bda04ff446dcedd42276fc99ee.php 第 2 行.
NOTIC: [8] Undefined variable: likes /var/www/thinkphp/Application/Runtime/Cache/Home/2a94b8bda04ff446dcedd42276fc99ee.php 第 3 行.
INFO: Run Behavior\ParseTemplateBehavior [ RunTime:0.006398s ]
INFO: [ view_parse ] --END-- [ RunTime:0.006494s ]
INFO: [ view_filter ] --START--
INFO: Run Behavior\WriteHtmlCacheBehavior [ RunTime:0.000092s ]
INFO: [ view_filter ] --END-- [ RunTime:0.000161s ]
INFO: [ app_end ] --START--
INFO: Run Behavior\ShowPageTraceBehavior [ RunTime:0.000100s ]
INFO: [ app_end ] --END-- [ RunTime:0.000174s ]

[ 2015-09-30T22:06:49+08:00 ] 192.168.252.10 /thinkphp/home/index/operateview
INFO: [ app_init ] --START--
INFO: Run Behavior\BuildLiteBehavior [ RunTime:0.000033s ]
INFO: [ app_init ] --END-- [ RunTime:0.001112s ]
INFO: [ app_begin ] --START--
INFO: Run Behavior\ReadHtmlCacheBehavior [ RunTime:0.000186s ]
INFO: [ app_begin ] --END-- [ RunTime:0.000293s ]
INFO: [ view_parse ] --START--
INFO: [ template_filter ] --START--
INFO: Run Behavior\ContentReplaceBehavior [ RunTime:0.000094s ]
INFO: [ template_filter ] --END-- [ RunTime:0.000331s ]
NOTIC: [8] Undefined variable: age /var/www/thinkphp/Application/Runtime/Cache/Home/2a94b8bda04ff446dcedd42276fc99ee.php 第 1 行.
NOTIC: [8] Undefined variable: age /var/www/thinkphp/Application/Runtime/Cache/Home/2a94b8bda04ff446dcedd42276fc99ee.php 第 2 行.
NOTIC: [8] Undefined variable: likes /var/www/thinkphp/Application/Runtime/Cache/Home/2a94b8bda04ff446dcedd42276fc99ee.php 第 3 行.
INFO: Run Behavior\ParseTemplateBehavior [ RunTime:0.016641s ]
INFO: [ view_parse ] --END-- [ RunTime:0.016829s ]
INFO: [ view_filter ] --START--
INFO: Run Behavior\WriteHtmlCacheBehavior [ RunTime:0.000118s ]
INFO: [ view_filter ] --END-- [ RunTime:0.000196s ]
INFO: [ app_end ] --START--
INFO: Run Behavior\ShowPageTraceBehavior [ RunTime:0.000140s ]
INFO: [ app_end ] --END-- [ RunTime:0.000224s ]

