[ 2015-10-02T20:35:48+08:00 ] 192.168.252.10 /thinkphp/router
INFO: [ app_init ] --START--
INFO: Run Behavior\BuildLiteBehavior [ RunTime:0.000039s ]
INFO: [ app_init ] --END-- [ RunTime:0.000990s ]
ERR: 无法加载模块:Router

[ 2015-10-02T20:36:32+08:00 ] 192.168.252.10 /thinkphp/router
INFO: [ app_init ] --START--
INFO: Run Behavior\BuildLiteBehavior [ RunTime:0.000031s ]
INFO: [ app_init ] --END-- [ RunTime:0.000229s ]
ERR: 无法加载模块:Router

[ 2015-10-02T20:36:59+08:00 ] 192.168.252.10 /thinkphp/router/index/1
INFO: [ app_init ] --START--
INFO: Run Behavior\BuildLiteBehavior [ RunTime:0.000029s ]
INFO: [ app_init ] --END-- [ RunTime:0.000175s ]
NOTIC: [8] Undefined offset: -1 /var/www/thinkphp/ThinkPHP/Library/Think/Route.class.php 第 216 行.
ERR: 无法加载模块:Router

[ 2015-10-02T20:37:52+08:00 ] 192.168.252.10 /thinkphp/router/index/1
INFO: [ app_init ] --START--
INFO: Run Behavior\BuildLiteBehavior [ RunTime:0.000064s ]
INFO: [ app_init ] --END-- [ RunTime:0.000216s ]
NOTIC: [8] Undefined offset: -1 /var/www/thinkphp/ThinkPHP/Library/Think/Route.class.php 第 216 行.
ERR: 无法加载模块:Router

[ 2015-10-02T20:39:40+08:00 ] 192.168.252.10 /thinkphp/router/index
INFO: [ app_init ] --START--
INFO: Run Behavior\BuildLiteBehavior [ RunTime:0.000026s ]
INFO: [ app_init ] --END-- [ RunTime:0.000204s ]
ERR: 无法加载模块:Router

[ 2015-10-02T20:39:45+08:00 ] 192.168.252.10 /thinkphp/router/index/id/1
INFO: [ app_init ] --START--
INFO: Run Behavior\BuildLiteBehavior [ RunTime:0.000026s ]
INFO: [ app_init ] --END-- [ RunTime:0.000160s ]
NOTIC: [8] Undefined offset: -1 /var/www/thinkphp/ThinkPHP/Library/Think/Route.class.php 第 216 行.
ERR: 无法加载模块:Router

[ 2015-10-02T20:39:49+08:00 ] 192.168.252.10 /thinkphp/router/index/1
INFO: [ app_init ] --START--
INFO: Run Behavior\BuildLiteBehavior [ RunTime:0.000105s ]
INFO: [ app_init ] --END-- [ RunTime:0.000301s ]
NOTIC: [8] Undefined offset: -1 /var/www/thinkphp/ThinkPHP/Library/Think/Route.class.php 第 216 行.
ERR: 无法加载模块:Router

[ 2015-10-02T20:39:58+08:00 ] 192.168.252.10 /thinkphp/router/index/id/2
INFO: [ app_init ] --START--
INFO: Run Behavior\BuildLiteBehavior [ RunTime:0.000026s ]
INFO: [ app_init ] --END-- [ RunTime:0.000276s ]
NOTIC: [8] Undefined offset: -1 /var/www/thinkphp/ThinkPHP/Library/Think/Route.class.php 第 216 行.
ERR: 无法加载模块:Router

[ 2015-10-02T20:40:00+08:00 ] 192.168.252.10 /thinkphp/router/index/id
INFO: [ app_init ] --START--
INFO: Run Behavior\BuildLiteBehavior [ RunTime:0.000036s ]
INFO: [ app_init ] --END-- [ RunTime:0.000218s ]
NOTIC: [8] Undefined offset: -1 /var/www/thinkphp/ThinkPHP/Library/Think/Route.class.php 第 216 行.
ERR: 无法加载模块:Router

[ 2015-10-02T20:40:03+08:00 ] 192.168.252.10 /thinkphp/router/index/23
INFO: [ app_init ] --START--
INFO: Run Behavior\BuildLiteBehavior [ RunTime:0.000031s ]
INFO: [ app_init ] --END-- [ RunTime:0.000211s ]
NOTIC: [8] Undefined offset: -1 /var/www/thinkphp/ThinkPHP/Library/Think/Route.class.php 第 216 行.
ERR: 无法加载模块:Router

[ 2015-10-02T20:40:07+08:00 ] 192.168.252.10 /thinkphp/router/index
INFO: [ app_init ] --START--
INFO: Run Behavior\BuildLiteBehavior [ RunTime:0.000026s ]
INFO: [ app_init ] --END-- [ RunTime:0.000147s ]
ERR: 无法加载模块:Router

[ 2015-10-02T20:44:23+08:00 ] 192.168.252.10 /thinkphp/router/index
INFO: [ app_init ] --START--
INFO: Run Behavior\BuildLiteBehavior [ RunTime:0.000028s ]
INFO: [ app_init ] --END-- [ RunTime:0.000162s ]
ERR: 无法加载模块:Router

[ 2015-10-02T20:44:28+08:00 ] 192.168.252.10 /thinkphp/router/index/1
INFO: [ app_init ] --START--
INFO: Run Behavior\BuildLiteBehavior [ RunTime:0.000041s ]
INFO: [ app_init ] --END-- [ RunTime:0.000250s ]

[ 2015-10-02T20:45:50+08:00 ] 192.168.252.10 /thinkphp/router/index
INFO: [ app_init ] --START--
INFO: Run Behavior\BuildLiteBehavior [ RunTime:0.000037s ]
INFO: [ app_init ] --END-- [ RunTime:0.000228s ]
ERR: 无法加载模块:Router

[ 2015-10-02T20:46:05+08:00 ] 192.168.252.10 /thinkphp/router/index/12
INFO: [ app_init ] --START--
INFO: Run Behavior\BuildLiteBehavior [ RunTime:0.000038s ]
INFO: [ app_init ] --END-- [ RunTime:0.000228s ]
NOTIC: [8] Undefined offset: -1 /var/www/thinkphp/ThinkPHP/Library/Think/Route.class.php 第 216 行.
ERR: 无法加载模块:Router

[ 2015-10-02T20:46:23+08:00 ] 192.168.252.10 /thinkphp/router/index/12
INFO: [ app_init ] --START--
INFO: Run Behavior\BuildLiteBehavior [ RunTime:0.000041s ]
INFO: [ app_init ] --END-- [ RunTime:0.000304s ]
ERR: 无法加载模块:Router

[ 2015-10-02T20:46:25+08:00 ] 192.168.252.10 /thinkphp/router/index/12
INFO: [ app_init ] --START--
INFO: Run Behavior\BuildLiteBehavior [ RunTime:0.000039s ]
INFO: [ app_init ] --END-- [ RunTime:0.000219s ]
ERR: 无法加载模块:Router

[ 2015-10-02T20:46:30+08:00 ] 192.168.252.10 /thinkphp/router/index/12
INFO: [ app_init ] --START--
INFO: Run Behavior\BuildLiteBehavior [ RunTime:0.000027s ]
INFO: [ app_init ] --END-- [ RunTime:0.000179s ]
ERR: 无法加载模块:Router

[ 2015-10-02T20:51:25+08:00 ] 192.168.252.10 /thinkphp/router/index/123
INFO: [ app_init ] --START--
INFO: Run Behavior\BuildLiteBehavior [ RunTime:0.000028s ]
INFO: [ app_init ] --END-- [ RunTime:0.000160s ]
ERR: 无法加载模块:Router

[ 2015-10-02T20:51:31+08:00 ] 192.168.252.10 /thinkphp/router/index/id/1
INFO: [ app_init ] --START--
INFO: Run Behavior\BuildLiteBehavior [ RunTime:0.000028s ]
INFO: [ app_init ] --END-- [ RunTime:0.000166s ]
ERR: 无法加载模块:Router

[ 2015-10-02T20:51:40+08:00 ] 192.168.252.10 /thinkphp/router/index/123
INFO: [ app_init ] --START--
INFO: Run Behavior\BuildLiteBehavior [ RunTime:0.000027s ]
INFO: [ app_init ] --END-- [ RunTime:0.000209s ]
ERR: 无法加载模块:Router

[ 2015-10-02T20:51:50+08:00 ] 192.168.252.10 /thinkphp/router/index/123
INFO: [ app_init ] --START--
INFO: Run Behavior\BuildLiteBehavior [ RunTime:0.000177s ]
INFO: [ app_init ] --END-- [ RunTime:0.000437s ]
ERR: 无法加载模块:Router

[ 2015-10-02T20:51:51+08:00 ] 192.168.252.10 /thinkphp/router/index/123
INFO: [ app_init ] --START--
INFO: Run Behavior\BuildLiteBehavior [ RunTime:0.000040s ]
INFO: [ app_init ] --END-- [ RunTime:0.000225s ]
ERR: 无法加载模块:Router

[ 2015-10-02T20:58:41+08:00 ] 192.168.252.10 /thinkphp/router/index
INFO: [ app_init ] --START--
INFO: Run Behavior\BuildLiteBehavior [ RunTime:0.000039s ]
INFO: [ app_init ] --END-- [ RunTime:0.000318s ]
ERR: 无法加载模块:Router

[ 2015-10-02T21:00:20+08:00 ] 192.168.252.10 /thinkphp/router/index/123
INFO: [ app_init ] --START--
INFO: Run Behavior\BuildLiteBehavior [ RunTime:0.000028s ]
INFO: [ app_init ] --END-- [ RunTime:0.000171s ]

[ 2015-10-02T21:01:05+08:00 ] 192.168.252.10 /thinkphp/router/index
INFO: [ app_init ] --START--
INFO: Run Behavior\BuildLiteBehavior [ RunTime:0.000028s ]
INFO: [ app_init ] --END-- [ RunTime:0.000185s ]
ERR: 无法加载模块:Router

[ 2015-10-02T21:01:07+08:00 ] 192.168.252.10 /thinkphp/router/index
INFO: [ app_init ] --START--
INFO: Run Behavior\BuildLiteBehavior [ RunTime:0.000026s ]
INFO: [ app_init ] --END-- [ RunTime:0.000145s ]
ERR: 无法加载模块:Router

[ 2015-10-02T21:01:32+08:00 ] 192.168.252.10 /thinkphp/router/index
INFO: [ app_init ] --START--
INFO: Run Behavior\BuildLiteBehavior [ RunTime:0.000037s ]
INFO: [ app_init ] --END-- [ RunTime:0.000245s ]
ERR: 无法加载模块:Router

[ 2015-10-02T21:05:22+08:00 ] 192.168.252.10 /thinkphp/router/index/434/23
INFO: [ app_init ] --START--
INFO: Run Behavior\BuildLiteBehavior [ RunTime:0.000041s ]
INFO: [ app_init ] --END-- [ RunTime:0.000261s ]
ERR: 无法加载模块:Router

[ 2015-10-02T21:11:51+08:00 ] 192.168.252.10 /thinkphp/router/index/ewrw
INFO: [ app_init ] --START--
INFO: Run Behavior\BuildLiteBehavior [ RunTime:0.000011s ]
INFO: [ app_init ] --END-- [ RunTime:0.001117s ]
ERR: 无法加载模块:Router

[ 2015-10-02T21:12:48+08:00 ] 192.168.252.10 /thinkphp/router/index/ewrw
INFO: [ app_init ] --START--
INFO: Run Behavior\BuildLiteBehavior [ RunTime:0.000069s ]
INFO: [ app_init ] --END-- [ RunTime:0.000200s ]
ERR: 无法加载模块:Router

[ 2015-10-02T21:24:12+08:00 ] 192.168.252.10 /thinkphp/router/index/434/12
INFO: [ app_init ] --START--
INFO: Run Behavior\BuildLiteBehavior [ RunTime:0.000040s ]
INFO: [ app_init ] --END-- [ RunTime:0.000233s ]
ERR: 无法加载模块:Router

[ 2015-10-02T21:26:13+08:00 ] 192.168.252.10 /thinkphp/index/index/434/q23
INFO: [ app_init ] --START--
INFO: Run Behavior\BuildLiteBehavior [ RunTime:0.000265s ]
INFO: [ app_init ] --END-- [ RunTime:0.000415s ]
ERR: 无法加载模块:Index

[ 2015-10-02T21:42:28+08:00 ] 192.168.252.10 /thinkphp/router/index/3232
INFO: [ app_init ] --START--
INFO: Run Behavior\BuildLiteBehavior [ RunTime:0.000027s ]
INFO: [ app_init ] --END-- [ RunTime:0.000157s ]
ERR: 无法加载模块:Router

[ 2015-10-02T21:42:37+08:00 ] 192.168.252.10 /thinkphp/router/index/3232
INFO: [ app_init ] --START--
INFO: Run Behavior\BuildLiteBehavior [ RunTime:0.000028s ]
INFO: [ app_init ] --END-- [ RunTime:0.000212s ]
ERR: 无法加载模块:Router

[ 2015-10-02T21:42:53+08:00 ] 192.168.252.10 /thinkphp/router/inde
INFO: [ app_init ] --START--
INFO: Run Behavior\BuildLiteBehavior [ RunTime:0.000069s ]
INFO: [ app_init ] --END-- [ RunTime:0.000321s ]
ERR: 无法加载模块:Router

[ 2015-10-02T21:43:07+08:00 ] 192.168.252.10 /thinkphp/router/index
INFO: [ app_init ] --START--
INFO: Run Behavior\BuildLiteBehavior [ RunTime:0.000027s ]
INFO: [ app_init ] --END-- [ RunTime:0.000160s ]
ERR: 无法加载模块:Router

