[ 2015-11-22T15:21:26+08:00 ] ::1 /HFS/index.php/Admin/Index
INFO: [ app_init ] --START--
INFO: Run Behavior\BuildLiteBehavior [ RunTime:0.000018s ]
INFO: [ app_init ] --END-- [ RunTime:0.000113s ]

[ 2015-11-22T15:21:29+08:00 ] ::1 /HFS/index.php/Admin/Safemanage/passMod
INFO: [ app_init ] --START--
INFO: Run Behavior\BuildLiteBehavior [ RunTime:0.000015s ]
INFO: [ app_init ] --END-- [ RunTime:0.000105s ]

[ 2015-11-22T15:21:30+08:00 ] ::1 /HFS/index.php/Admin/Safemanage/vcode
INFO: [ app_init ] --START--
INFO: Run Behavior\BuildLiteBehavior [ RunTime:0.000018s ]
INFO: [ app_init ] --END-- [ RunTime:0.000117s ]

[ 2015-11-22T15:22:46+08:00 ] ::1 /HFS/index.php/Admin/Safemanage/powerAdd
INFO: [ app_init ] --START--
INFO: Run Behavior\BuildLiteBehavior [ RunTime:0.000016s ]
INFO: [ app_init ] --END-- [ RunTime:0.000202s ]

[ 2015-11-22T15:22:48+08:00 ] ::1 /HFS/index.php/Admin/Safemanage/powerInfo
INFO: [ app_init ] --START--
INFO: Run Behavior\BuildLiteBehavior [ RunTime:0.000015s ]
INFO: [ app_init ] --END-- [ RunTime:0.000104s ]

[ 2015-11-22T15:22:50+08:00 ] ::1 /HFS/index.php/Admin/Safemanage/powerMod?id=1
INFO: [ app_init ] --START--
INFO: Run Behavior\BuildLiteBehavior [ RunTime:0.000015s ]
INFO: [ app_init ] --END-- [ RunTime:0.000110s ]

[ 2015-11-22T15:22:52+08:00 ] ::1 /HFS/index.php/Admin/Safemanage/checkMod
INFO: [ app_init ] --START--
INFO: Run Behavior\BuildLiteBehavior [ RunTime:0.000011s ]
INFO: [ app_init ] --END-- [ RunTime:0.000074s ]
INFO: [ app_begin ] --START--
INFO: Run Behavior\ReadHtmlCacheBehavior [ RunTime:0.000100s ]
INFO: [ app_begin ] --END-- [ RunTime:0.000135s ]
NOTIC: [8] A session had already been started - ignoring session_start() C:\lamp\Apache24\htdocs\HFS\ThinkPHP\Common\functions.php 第 1190 行.
SQL: SHOW COLUMNS FROM `think_user` [ RunTime:0.005127s ]

[ 2015-11-22T15:22:54+08:00 ] ::1 /HFS/index.php/Admin/Safemanage/powerAdd
INFO: [ app_init ] --START--
INFO: Run Behavior\BuildLiteBehavior [ RunTime:0.000013s ]
INFO: [ app_init ] --END-- [ RunTime:0.000111s ]

[ 2015-11-22T15:22:57+08:00 ] ::1 /HFS/index.php/Admin/Safemanage/passMod
INFO: [ app_init ] --START--
INFO: Run Behavior\BuildLiteBehavior [ RunTime:0.000017s ]
INFO: [ app_init ] --END-- [ RunTime:0.000112s ]

[ 2015-11-22T15:22:57+08:00 ] ::1 /HFS/index.php/Admin/Safemanage/vcode
INFO: [ app_init ] --START--
INFO: Run Behavior\BuildLiteBehavior [ RunTime:0.000013s ]
INFO: [ app_init ] --END-- [ RunTime:0.000080s ]

[ 2015-11-22T15:23:10+08:00 ] ::1 /HFS/index.php/Admin/Safemanage/passMod
INFO: [ app_init ] --START--
INFO: Run Behavior\BuildLiteBehavior [ RunTime:0.000012s ]
INFO: [ app_init ] --END-- [ RunTime:0.000080s ]

[ 2015-11-22T15:23:10+08:00 ] ::1 /HFS/index.php/Admin/Safemanage/vcode
INFO: [ app_init ] --START--
INFO: Run Behavior\BuildLiteBehavior [ RunTime:0.000013s ]
INFO: [ app_init ] --END-- [ RunTime:0.000096s ]

[ 2015-11-22T15:24:50+08:00 ] ::1 /HFS/index.php/Admin/Index
INFO: [ app_init ] --START--
INFO: Run Behavior\BuildLiteBehavior [ RunTime:0.000016s ]
INFO: [ app_init ] --END-- [ RunTime:0.000110s ]

[ 2015-11-22T15:24:52+08:00 ] ::1 /HFS/index.php/Admin/Safemanage/passMod
INFO: [ app_init ] --START--
INFO: Run Behavior\BuildLiteBehavior [ RunTime:0.000019s ]
INFO: [ app_init ] --END-- [ RunTime:0.000160s ]

[ 2015-11-22T15:24:52+08:00 ] ::1 /HFS/index.php/Admin/Safemanage/vcode
INFO: [ app_init ] --START--
INFO: Run Behavior\BuildLiteBehavior [ RunTime:0.000019s ]
INFO: [ app_init ] --END-- [ RunTime:0.000163s ]

[ 2015-11-22T15:24:56+08:00 ] ::1 /HFS/index.php/Admin/Public/Php/index.php?user=admin&pass=123456
INFO: [ app_init ] --START--
INFO: Run Behavior\BuildLiteBehavior [ RunTime:0.000025s ]
INFO: [ app_init ] --END-- [ RunTime:0.000186s ]
INFO: [ app_begin ] --START--
INFO: Run Behavior\ReadHtmlCacheBehavior [ RunTime:0.000143s ]
INFO: [ app_begin ] --END-- [ RunTime:0.000204s ]
NOTIC: [8] A session had already been started - ignoring session_start() C:\lamp\Apache24\htdocs\HFS\ThinkPHP\Common\functions.php 第 1190 行.
ERR: 无法加载控制器:Public

[ 2015-11-22T15:24:58+08:00 ] ::1 /HFS/index.php/Admin/Public/Php/index.php?user=admin&pass=123456
INFO: [ app_init ] --START--
INFO: Run Behavior\BuildLiteBehavior [ RunTime:0.000021s ]
INFO: [ app_init ] --END-- [ RunTime:0.000143s ]
INFO: [ app_begin ] --START--
INFO: Run Behavior\ReadHtmlCacheBehavior [ RunTime:0.000210s ]
INFO: [ app_begin ] --END-- [ RunTime:0.000295s ]
NOTIC: [8] A session had already been started - ignoring session_start() C:\lamp\Apache24\htdocs\HFS\ThinkPHP\Common\functions.php 第 1190 行.
ERR: 无法加载控制器:Public

[ 2015-11-22T15:25:07+08:00 ] ::1 /HFS/index.php/Admin/Public/Php/index.php?user=admin&pass=123456
INFO: [ app_init ] --START--
INFO: Run Behavior\BuildLiteBehavior [ RunTime:0.000021s ]
INFO: [ app_init ] --END-- [ RunTime:0.000244s ]
INFO: [ app_begin ] --START--
INFO: Run Behavior\ReadHtmlCacheBehavior [ RunTime:0.000189s ]
INFO: [ app_begin ] --END-- [ RunTime:0.000261s ]
NOTIC: [8] A session had already been started - ignoring session_start() C:\lamp\Apache24\htdocs\HFS\ThinkPHP\Common\functions.php 第 1190 行.
ERR: 无法加载控制器:Public

[ 2015-11-22T15:25:07+08:00 ] ::1 /HFS/index.php/Admin/Safemanage/powerAdd
INFO: [ app_init ] --START--
INFO: Run Behavior\BuildLiteBehavior [ RunTime:0.000023s ]
INFO: [ app_init ] --END-- [ RunTime:0.000170s ]

[ 2015-11-22T15:25:09+08:00 ] ::1 /HFS/index.php/Admin/Safemanage/passMod
INFO: [ app_init ] --START--
INFO: Run Behavior\BuildLiteBehavior [ RunTime:0.000016s ]
INFO: [ app_init ] --END-- [ RunTime:0.000115s ]

[ 2015-11-22T15:25:09+08:00 ] ::1 /HFS/index.php/Admin/Safemanage/vcode
INFO: [ app_init ] --START--
INFO: Run Behavior\BuildLiteBehavior [ RunTime:0.000019s ]
INFO: [ app_init ] --END-- [ RunTime:0.000129s ]

[ 2015-11-22T15:25:09+08:00 ] ::1 /HFS/index.php/Admin/Safemanage/passMod
INFO: [ app_init ] --START--
INFO: Run Behavior\BuildLiteBehavior [ RunTime:0.000015s ]
INFO: [ app_init ] --END-- [ RunTime:0.000116s ]

[ 2015-11-22T15:25:09+08:00 ] ::1 /HFS/index.php/Admin/Safemanage/vcode
INFO: [ app_init ] --START--
INFO: Run Behavior\BuildLiteBehavior [ RunTime:0.000017s ]
INFO: [ app_init ] --END-- [ RunTime:0.000112s ]

[ 2015-11-22T15:32:29+08:00 ] ::1 /HFS/index.php/Admin/Index
INFO: [ app_init ] --START--
INFO: Run Behavior\BuildLiteBehavior [ RunTime:0.000020s ]
INFO: [ app_init ] --END-- [ RunTime:0.000160s ]

[ 2015-11-22T15:32:31+08:00 ] ::1 /HFS/index.php/Admin/Safemanage/powerInfo
INFO: [ app_init ] --START--
INFO: Run Behavior\BuildLiteBehavior [ RunTime:0.000013s ]
INFO: [ app_init ] --END-- [ RunTime:0.000094s ]

[ 2015-11-22T15:32:34+08:00 ] ::1 /HFS/index.php/Admin/Safemanage/powerInfo
INFO: [ app_init ] --START--
INFO: Run Behavior\BuildLiteBehavior [ RunTime:0.000051s ]
INFO: [ app_init ] --END-- [ RunTime:0.000178s ]

[ 2015-11-22T15:40:16+08:00 ] ::1 /HFS/index.php/Admin/Safemanage/powerMod?id=1
INFO: [ app_init ] --START--
INFO: Run Behavior\BuildLiteBehavior [ RunTime:0.000027s ]
INFO: [ app_init ] --END-- [ RunTime:0.001134s ]

[ 2015-11-22T15:40:40+08:00 ] ::1 /HFS/index.php/Admin/Safemanage/checkMod
INFO: [ app_init ] --START--
INFO: Run Behavior\BuildLiteBehavior [ RunTime:0.000014s ]
INFO: [ app_init ] --END-- [ RunTime:0.000104s ]
INFO: [ app_begin ] --START--
INFO: Run Behavior\ReadHtmlCacheBehavior [ RunTime:0.000573s ]
INFO: [ app_begin ] --END-- [ RunTime:0.000631s ]
NOTIC: [8] A session had already been started - ignoring session_start() C:\lamp\Apache24\htdocs\HFS\ThinkPHP\Common\functions.php 第 1190 行.
SQL: SHOW COLUMNS FROM `think_user` [ RunTime:0.006147s ]

[ 2015-11-22T15:54:37+08:00 ] ::1 /HFS/index.php/Admin/Safemanage/powerInfo
INFO: [ app_init ] --START--
INFO: Run Behavior\BuildLiteBehavior [ RunTime:0.000022s ]
INFO: [ app_init ] --END-- [ RunTime:0.000198s ]

[ 2015-11-22T15:54:39+08:00 ] ::1 /HFS/index.php/Admin/Safemanage/powerMod?id=29
INFO: [ app_init ] --START--
INFO: Run Behavior\BuildLiteBehavior [ RunTime:0.000021s ]
INFO: [ app_init ] --END-- [ RunTime:0.000144s ]

[ 2015-11-22T15:54:40+08:00 ] ::1 /HFS/index.php/Admin/Safemanage/checkMod
INFO: [ app_init ] --START--
INFO: Run Behavior\BuildLiteBehavior [ RunTime:0.000012s ]
INFO: [ app_init ] --END-- [ RunTime:0.000079s ]
INFO: [ app_begin ] --START--
INFO: Run Behavior\ReadHtmlCacheBehavior [ RunTime:0.000253s ]
INFO: [ app_begin ] --END-- [ RunTime:0.000290s ]
NOTIC: [8] A session had already been started - ignoring session_start() C:\lamp\Apache24\htdocs\HFS\ThinkPHP\Common\functions.php 第 1190 行.
SQL: SHOW COLUMNS FROM `think_user` [ RunTime:0.047620s ]

[ 2015-11-22T15:56:10+08:00 ] ::1 /HFS/index.php/Admin/Safemanage/powerAdd
INFO: [ app_init ] --START--
INFO: Run Behavior\BuildLiteBehavior [ RunTime:0.000055s ]
INFO: [ app_init ] --END-- [ RunTime:0.000276s ]

[ 2015-11-22T15:56:12+08:00 ] ::1 /HFS/index.php/Admin/Safemanage/checkAdd
INFO: [ app_init ] --START--
INFO: Run Behavior\BuildLiteBehavior [ RunTime:0.000014s ]
INFO: [ app_init ] --END-- [ RunTime:0.000101s ]
INFO: [ app_begin ] --START--
INFO: Run Behavior\ReadHtmlCacheBehavior [ RunTime:0.000276s ]
INFO: [ app_begin ] --END-- [ RunTime:0.000319s ]
NOTIC: [8] A session had already been started - ignoring session_start() C:\lamp\Apache24\htdocs\HFS\ThinkPHP\Common\functions.php 第 1190 行.
SQL: SHOW COLUMNS FROM `think_user` [ RunTime:0.015404s ]

[ 2015-11-22T15:57:46+08:00 ] ::1 /HFS/index.php/Admin/Safemanage/powerAdd
INFO: [ app_init ] --START--
INFO: Run Behavior\BuildLiteBehavior [ RunTime:0.000014s ]
INFO: [ app_init ] --END-- [ RunTime:0.000184s ]

[ 2015-11-22T15:57:47+08:00 ] ::1 /HFS/index.php/Admin/Safemanage/checkAdd
INFO: [ app_init ] --START--
INFO: Run Behavior\BuildLiteBehavior [ RunTime:0.000019s ]
INFO: [ app_init ] --END-- [ RunTime:0.000124s ]
INFO: [ app_begin ] --START--
INFO: Run Behavior\ReadHtmlCacheBehavior [ RunTime:0.000392s ]
INFO: [ app_begin ] --END-- [ RunTime:0.000453s ]
NOTIC: [8] A session had already been started - ignoring session_start() C:\lamp\Apache24\htdocs\HFS\ThinkPHP\Common\functions.php 第 1190 行.
SQL: SHOW COLUMNS FROM `think_user` [ RunTime:0.025919s ]

[ 2015-11-22T15:58:03+08:00 ] ::1 /HFS/index.php/Admin/Safemanage/checkAdd
INFO: [ app_init ] --START--
INFO: Run Behavior\BuildLiteBehavior [ RunTime:0.000013s ]
INFO: [ app_init ] --END-- [ RunTime:0.000092s ]
INFO: [ app_begin ] --START--
INFO: Run Behavior\ReadHtmlCacheBehavior [ RunTime:0.000333s ]
INFO: [ app_begin ] --END-- [ RunTime:0.000380s ]
NOTIC: [8] A session had already been started - ignoring session_start() C:\lamp\Apache24\htdocs\HFS\ThinkPHP\Common\functions.php 第 1190 行.
SQL: SHOW COLUMNS FROM `think_user` [ RunTime:0.019223s ]

[ 2015-11-22T15:58:03+08:00 ] ::1 /HFS/index.php/Admin/Safemanage/checkAdd
INFO: [ app_init ] --START--
INFO: Run Behavior\BuildLiteBehavior [ RunTime:0.000012s ]
INFO: [ app_init ] --END-- [ RunTime:0.000083s ]
INFO: [ app_begin ] --START--
INFO: Run Behavior\ReadHtmlCacheBehavior [ RunTime:0.000259s ]
INFO: [ app_begin ] --END-- [ RunTime:0.000296s ]
NOTIC: [8] A session had already been started - ignoring session_start() C:\lamp\Apache24\htdocs\HFS\ThinkPHP\Common\functions.php 第 1190 行.
SQL: SHOW COLUMNS FROM `think_user` [ RunTime:0.003561s ]

[ 2015-11-22T15:58:04+08:00 ] ::1 /HFS/index.php/Admin/Safemanage/checkAdd
INFO: [ app_init ] --START--
INFO: Run Behavior\BuildLiteBehavior [ RunTime:0.000011s ]
INFO: [ app_init ] --END-- [ RunTime:0.000076s ]
INFO: [ app_begin ] --START--
INFO: Run Behavior\ReadHtmlCacheBehavior [ RunTime:0.000252s ]
INFO: [ app_begin ] --END-- [ RunTime:0.000288s ]
NOTIC: [8] A session had already been started - ignoring session_start() C:\lamp\Apache24\htdocs\HFS\ThinkPHP\Common\functions.php 第 1190 行.
SQL: SHOW COLUMNS FROM `think_user` [ RunTime:0.004063s ]

[ 2015-11-22T15:58:05+08:00 ] ::1 /HFS/index.php/Admin/Safemanage/powerAdd
INFO: [ app_init ] --START--
INFO: Run Behavior\BuildLiteBehavior [ RunTime:0.000016s ]
INFO: [ app_init ] --END-- [ RunTime:0.000110s ]

[ 2015-11-22T15:58:06+08:00 ] ::1 /HFS/index.php/Admin/Safemanage/checkAdd
INFO: [ app_init ] --START--
INFO: Run Behavior\BuildLiteBehavior [ RunTime:0.000011s ]
INFO: [ app_init ] --END-- [ RunTime:0.000079s ]
INFO: [ app_begin ] --START--
INFO: Run Behavior\ReadHtmlCacheBehavior [ RunTime:0.000281s ]
INFO: [ app_begin ] --END-- [ RunTime:0.000319s ]
NOTIC: [8] A session had already been started - ignoring session_start() C:\lamp\Apache24\htdocs\HFS\ThinkPHP\Common\functions.php 第 1190 行.
SQL: SHOW COLUMNS FROM `think_user` [ RunTime:0.012772s ]

[ 2015-11-22T15:58:07+08:00 ] ::1 /HFS/index.php/Admin/Safemanage/checkAdd
INFO: [ app_init ] --START--
INFO: Run Behavior\BuildLiteBehavior [ RunTime:0.000011s ]
INFO: [ app_init ] --END-- [ RunTime:0.000081s ]
INFO: [ app_begin ] --START--
INFO: Run Behavior\ReadHtmlCacheBehavior [ RunTime:0.000282s ]
INFO: [ app_begin ] --END-- [ RunTime:0.000321s ]
NOTIC: [8] A session had already been started - ignoring session_start() C:\lamp\Apache24\htdocs\HFS\ThinkPHP\Common\functions.php 第 1190 行.
SQL: SHOW COLUMNS FROM `think_user` [ RunTime:0.005679s ]

[ 2015-11-22T16:02:00+08:00 ] ::1 /HFS/index.php/Admin/Safemanage/powerInfo
INFO: [ app_init ] --START--
INFO: Run Behavior\BuildLiteBehavior [ RunTime:0.000021s ]
INFO: [ app_init ] --END-- [ RunTime:0.000251s ]

[ 2015-11-22T16:02:01+08:00 ] ::1 /HFS/index.php/Admin/Safemanage/powerMod?id=29
INFO: [ app_init ] --START--
INFO: Run Behavior\BuildLiteBehavior [ RunTime:0.000019s ]
INFO: [ app_init ] --END-- [ RunTime:0.000139s ]

[ 2015-11-22T16:02:03+08:00 ] ::1 /HFS/index.php/Admin/Safemanage/checkMod
INFO: [ app_init ] --START--
INFO: Run Behavior\BuildLiteBehavior [ RunTime:0.000016s ]
INFO: [ app_init ] --END-- [ RunTime:0.000111s ]
INFO: [ app_begin ] --START--
INFO: Run Behavior\ReadHtmlCacheBehavior [ RunTime:0.000379s ]
INFO: [ app_begin ] --END-- [ RunTime:0.000433s ]
NOTIC: [8] A session had already been started - ignoring session_start() C:\lamp\Apache24\htdocs\HFS\ThinkPHP\Common\functions.php 第 1190 行.
SQL: SHOW COLUMNS FROM `think_user` [ RunTime:0.054854s ]

[ 2015-11-22T16:02:44+08:00 ] ::1 /HFS/index.php/Admin/Safemanage/powerMod?id=29
INFO: [ app_init ] --START--
INFO: Run Behavior\BuildLiteBehavior [ RunTime:0.000015s ]
INFO: [ app_init ] --END-- [ RunTime:0.000100s ]

