[ 2015-10-22T14:43:55+08:00 ] ::1 /HFS/index.php/Admin/Index
INFO: [ app_init ] --START--
INFO: Run Behavior\BuildLiteBehavior [ RunTime:0.000031s ]
INFO: [ app_init ] --END-- [ RunTime:0.000434s ]

[ 2015-10-22T14:43:56+08:00 ] ::1 /HFS/index.php/Admin/Upload
INFO: [ app_init ] --START--
INFO: Run Behavior\BuildLiteBehavior [ RunTime:0.000030s ]
INFO: [ app_init ] --END-- [ RunTime:0.000468s ]

[ 2015-10-22T14:45:57+08:00 ] ::1 /HFS/index.php/Admin/Upload
INFO: [ app_init ] --START--
INFO: Run Behavior\BuildLiteBehavior [ RunTime:0.000045s ]
INFO: [ app_init ] --END-- [ RunTime:0.000720s ]

[ 2015-10-22T14:45:58+08:00 ] ::1 /HFS/index.php/Admin/Upload
INFO: [ app_init ] --START--
INFO: Run Behavior\BuildLiteBehavior [ RunTime:0.000033s ]
INFO: [ app_init ] --END-- [ RunTime:0.000480s ]

[ 2015-10-22T14:45:59+08:00 ] ::1 /HFS/index.php/Admin/Upload
INFO: [ app_init ] --START--
INFO: Run Behavior\BuildLiteBehavior [ RunTime:0.000031s ]
INFO: [ app_init ] --END-- [ RunTime:0.000430s ]

[ 2015-10-22T14:46:38+08:00 ] ::1 /HFS/index.php/Admin/Upload
INFO: [ app_init ] --START--
INFO: Run Behavior\BuildLiteBehavior [ RunTime:0.000045s ]
INFO: [ app_init ] --END-- [ RunTime:0.000663s ]

[ 2015-10-22T14:46:50+08:00 ] ::1 /HFS/index.php/Admin/Upload
INFO: [ app_init ] --START--
INFO: Run Behavior\BuildLiteBehavior [ RunTime:0.000051s ]
INFO: [ app_init ] --END-- [ RunTime:0.000652s ]

[ 2015-10-22T14:48:00+08:00 ] ::1 /HFS/index.php/Admin/Upload
INFO: [ app_init ] --START--
INFO: Run Behavior\BuildLiteBehavior [ RunTime:0.000032s ]
INFO: [ app_init ] --END-- [ RunTime:0.000449s ]

[ 2015-10-22T14:48:01+08:00 ] ::1 /HFS/index.php/Admin/Upload
INFO: [ app_init ] --START--
INFO: Run Behavior\BuildLiteBehavior [ RunTime:0.000050s ]
INFO: [ app_init ] --END-- [ RunTime:0.000712s ]

[ 2015-10-22T14:48:01+08:00 ] ::1 /HFS/index.php/Admin/Upload
INFO: [ app_init ] --START--
INFO: Run Behavior\BuildLiteBehavior [ RunTime:0.000045s ]
INFO: [ app_init ] --END-- [ RunTime:0.000541s ]

[ 2015-10-22T14:48:02+08:00 ] ::1 /HFS/index.php/Admin/Upload
INFO: [ app_init ] --START--
INFO: Run Behavior\BuildLiteBehavior [ RunTime:0.000046s ]
INFO: [ app_init ] --END-- [ RunTime:0.000588s ]

[ 2015-10-22T14:48:02+08:00 ] ::1 /HFS/index.php/Admin/Upload
INFO: [ app_init ] --START--
INFO: Run Behavior\BuildLiteBehavior [ RunTime:0.000044s ]
INFO: [ app_init ] --END-- [ RunTime:0.000569s ]

[ 2015-10-22T14:48:02+08:00 ] ::1 /HFS/index.php/Admin/Upload
INFO: [ app_init ] --START--
INFO: Run Behavior\BuildLiteBehavior [ RunTime:0.000061s ]
INFO: [ app_init ] --END-- [ RunTime:0.000862s ]

[ 2015-10-22T14:48:28+08:00 ] ::1 /HFS/index.php/Admin/Upload
INFO: [ app_init ] --START--
INFO: Run Behavior\BuildLiteBehavior [ RunTime:0.000046s ]
INFO: [ app_init ] --END-- [ RunTime:0.000841s ]

[ 2015-10-22T14:48:29+08:00 ] ::1 /HFS/index.php/Admin/Upload
INFO: [ app_init ] --START--
INFO: Run Behavior\BuildLiteBehavior [ RunTime:0.000032s ]
INFO: [ app_init ] --END-- [ RunTime:0.000505s ]

[ 2015-10-22T14:48:29+08:00 ] ::1 /HFS/index.php/Admin/Upload
INFO: [ app_init ] --START--
INFO: Run Behavior\BuildLiteBehavior [ RunTime:0.000031s ]
INFO: [ app_init ] --END-- [ RunTime:0.000456s ]

[ 2015-10-22T14:48:30+08:00 ] ::1 /HFS/index.php/Admin/Upload
INFO: [ app_init ] --START--
INFO: Run Behavior\BuildLiteBehavior [ RunTime:0.000046s ]
INFO: [ app_init ] --END-- [ RunTime:0.000601s ]

[ 2015-10-22T14:48:30+08:00 ] ::1 /HFS/index.php/Admin/Upload
INFO: [ app_init ] --START--
INFO: Run Behavior\BuildLiteBehavior [ RunTime:0.000051s ]
INFO: [ app_init ] --END-- [ RunTime:0.000686s ]

[ 2015-10-22T14:48:38+08:00 ] ::1 /HFS/index.php/Admin/Upload
INFO: [ app_init ] --START--
INFO: Run Behavior\BuildLiteBehavior [ RunTime:0.000035s ]
INFO: [ app_init ] --END-- [ RunTime:0.000570s ]

[ 2015-10-22T14:48:39+08:00 ] ::1 /HFS/index.php/Admin/Upload
INFO: [ app_init ] --START--
INFO: Run Behavior\BuildLiteBehavior [ RunTime:0.000055s ]
INFO: [ app_init ] --END-- [ RunTime:0.000715s ]

[ 2015-10-22T14:48:39+08:00 ] ::1 /HFS/index.php/Admin/Upload
INFO: [ app_init ] --START--
INFO: Run Behavior\BuildLiteBehavior [ RunTime:0.000062s ]
INFO: [ app_init ] --END-- [ RunTime:0.000860s ]

[ 2015-10-22T14:48:39+08:00 ] ::1 /HFS/index.php/Admin/Upload
INFO: [ app_init ] --START--
INFO: Run Behavior\BuildLiteBehavior [ RunTime:0.000031s ]
INFO: [ app_init ] --END-- [ RunTime:0.000464s ]

[ 2015-10-22T14:48:39+08:00 ] ::1 /HFS/index.php/Admin/Upload
INFO: [ app_init ] --START--
INFO: Run Behavior\BuildLiteBehavior [ RunTime:0.000035s ]
INFO: [ app_init ] --END-- [ RunTime:0.000649s ]

[ 2015-10-22T14:49:03+08:00 ] ::1 /HFS/index.php/Admin/Upload
INFO: [ app_init ] --START--
INFO: Run Behavior\BuildLiteBehavior [ RunTime:0.000051s ]
INFO: [ app_init ] --END-- [ RunTime:0.000755s ]

[ 2015-10-22T14:49:04+08:00 ] ::1 /HFS/index.php/Admin/Upload
INFO: [ app_init ] --START--
INFO: Run Behavior\BuildLiteBehavior [ RunTime:0.000033s ]
INFO: [ app_init ] --END-- [ RunTime:0.000501s ]

[ 2015-10-22T14:49:04+08:00 ] ::1 /HFS/index.php/Admin/Upload
INFO: [ app_init ] --START--
INFO: Run Behavior\BuildLiteBehavior [ RunTime:0.000031s ]
INFO: [ app_init ] --END-- [ RunTime:0.000434s ]

[ 2015-10-22T14:49:05+08:00 ] ::1 /HFS/index.php/Admin/Upload
INFO: [ app_init ] --START--
INFO: Run Behavior\BuildLiteBehavior [ RunTime:0.000031s ]
INFO: [ app_init ] --END-- [ RunTime:0.000468s ]

[ 2015-10-22T14:49:05+08:00 ] ::1 /HFS/index.php/Admin/Upload
INFO: [ app_init ] --START--
INFO: Run Behavior\BuildLiteBehavior [ RunTime:0.000045s ]
INFO: [ app_init ] --END-- [ RunTime:0.000571s ]

[ 2015-10-22T14:49:05+08:00 ] ::1 /HFS/index.php/Admin/Upload
INFO: [ app_init ] --START--
INFO: Run Behavior\BuildLiteBehavior [ RunTime:0.000032s ]
INFO: [ app_init ] --END-- [ RunTime:0.000438s ]

[ 2015-10-22T14:49:05+08:00 ] ::1 /HFS/index.php/Admin/Upload
INFO: [ app_init ] --START--
INFO: Run Behavior\BuildLiteBehavior [ RunTime:0.000062s ]
INFO: [ app_init ] --END-- [ RunTime:0.001045s ]

[ 2015-10-22T14:49:05+08:00 ] ::1 /HFS/index.php/Admin/Upload
INFO: [ app_init ] --START--
INFO: Run Behavior\BuildLiteBehavior [ RunTime:0.000032s ]
INFO: [ app_init ] --END-- [ RunTime:0.000432s ]

[ 2015-10-22T14:49:29+08:00 ] ::1 /HFS/index.php/Admin/Upload
INFO: [ app_init ] --START--
INFO: Run Behavior\BuildLiteBehavior [ RunTime:0.000032s ]
INFO: [ app_init ] --END-- [ RunTime:0.000444s ]

[ 2015-10-22T14:49:39+08:00 ] ::1 /HFS/index.php/Admin/Upload
INFO: [ app_init ] --START--
INFO: Run Behavior\BuildLiteBehavior [ RunTime:0.000066s ]
INFO: [ app_init ] --END-- [ RunTime:0.000658s ]

[ 2015-10-22T14:49:40+08:00 ] ::1 /HFS/index.php/Admin/Upload
INFO: [ app_init ] --START--
INFO: Run Behavior\BuildLiteBehavior [ RunTime:0.000045s ]
INFO: [ app_init ] --END-- [ RunTime:0.000570s ]

[ 2015-10-22T14:49:40+08:00 ] ::1 /HFS/index.php/Admin/Upload
INFO: [ app_init ] --START--
INFO: Run Behavior\BuildLiteBehavior [ RunTime:0.000032s ]
INFO: [ app_init ] --END-- [ RunTime:0.000493s ]

[ 2015-10-22T14:49:40+08:00 ] ::1 /HFS/index.php/Admin/Upload
INFO: [ app_init ] --START--
INFO: Run Behavior\BuildLiteBehavior [ RunTime:0.000047s ]
INFO: [ app_init ] --END-- [ RunTime:0.000616s ]

[ 2015-10-22T14:49:58+08:00 ] ::1 /HFS/index.php/Admin/Upload
INFO: [ app_init ] --START--
INFO: Run Behavior\BuildLiteBehavior [ RunTime:0.000046s ]
INFO: [ app_init ] --END-- [ RunTime:0.000581s ]

[ 2015-10-22T14:49:58+08:00 ] ::1 /HFS/index.php/Admin/Upload
INFO: [ app_init ] --START--
INFO: Run Behavior\BuildLiteBehavior [ RunTime:0.000049s ]
INFO: [ app_init ] --END-- [ RunTime:0.000741s ]

[ 2015-10-22T14:49:59+08:00 ] ::1 /HFS/index.php/Admin/Upload
INFO: [ app_init ] --START--
INFO: Run Behavior\BuildLiteBehavior [ RunTime:0.000055s ]
INFO: [ app_init ] --END-- [ RunTime:0.000722s ]

[ 2015-10-22T14:49:59+08:00 ] ::1 /HFS/index.php/Admin/Upload
INFO: [ app_init ] --START--
INFO: Run Behavior\BuildLiteBehavior [ RunTime:0.000043s ]
INFO: [ app_init ] --END-- [ RunTime:0.000623s ]

[ 2015-10-22T14:50:28+08:00 ] ::1 /HFS/index.php/Admin/Upload
INFO: [ app_init ] --START--
INFO: Run Behavior\BuildLiteBehavior [ RunTime:0.000048s ]
INFO: [ app_init ] --END-- [ RunTime:0.000614s ]

[ 2015-10-22T14:50:29+08:00 ] ::1 /HFS/index.php/Admin/Upload
INFO: [ app_init ] --START--
INFO: Run Behavior\BuildLiteBehavior [ RunTime:0.000032s ]
INFO: [ app_init ] --END-- [ RunTime:0.000449s ]

[ 2015-10-22T14:50:29+08:00 ] ::1 /HFS/index.php/Admin/Upload
INFO: [ app_init ] --START--
INFO: Run Behavior\BuildLiteBehavior [ RunTime:0.000034s ]
INFO: [ app_init ] --END-- [ RunTime:0.000518s ]

[ 2015-10-22T14:50:29+08:00 ] ::1 /HFS/index.php/Admin/Upload
INFO: [ app_init ] --START--
INFO: Run Behavior\BuildLiteBehavior [ RunTime:0.000032s ]
INFO: [ app_init ] --END-- [ RunTime:0.000432s ]

[ 2015-10-22T14:50:46+08:00 ] ::1 /HFS/index.php/Admin/Upload
INFO: [ app_init ] --START--
INFO: Run Behavior\BuildLiteBehavior [ RunTime:0.000032s ]
INFO: [ app_init ] --END-- [ RunTime:0.000470s ]

[ 2015-10-22T14:51:10+08:00 ] ::1 /HFS/index.php/Admin/Upload
INFO: [ app_init ] --START--
INFO: Run Behavior\BuildLiteBehavior [ RunTime:0.000034s ]
INFO: [ app_init ] --END-- [ RunTime:0.000512s ]

[ 2015-10-22T14:51:20+08:00 ] ::1 /HFS/index.php/Admin/Upload
INFO: [ app_init ] --START--
INFO: Run Behavior\BuildLiteBehavior [ RunTime:0.000047s ]
INFO: [ app_init ] --END-- [ RunTime:0.000667s ]

[ 2015-10-22T14:51:21+08:00 ] ::1 /HFS/index.php/Admin/Upload
INFO: [ app_init ] --START--
INFO: Run Behavior\BuildLiteBehavior [ RunTime:0.000033s ]
INFO: [ app_init ] --END-- [ RunTime:0.000461s ]

[ 2015-10-22T14:51:21+08:00 ] ::1 /HFS/index.php/Admin/Upload
INFO: [ app_init ] --START--
INFO: Run Behavior\BuildLiteBehavior [ RunTime:0.000032s ]
INFO: [ app_init ] --END-- [ RunTime:0.000445s ]

[ 2015-10-22T14:51:22+08:00 ] ::1 /HFS/index.php/Admin/Upload
INFO: [ app_init ] --START--
INFO: Run Behavior\BuildLiteBehavior [ RunTime:0.000055s ]
INFO: [ app_init ] --END-- [ RunTime:0.000656s ]

[ 2015-10-22T14:51:22+08:00 ] ::1 /HFS/index.php/Admin/Upload
INFO: [ app_init ] --START--
INFO: Run Behavior\BuildLiteBehavior [ RunTime:0.000089s ]
INFO: [ app_init ] --END-- [ RunTime:0.000731s ]

[ 2015-10-22T14:51:22+08:00 ] ::1 /HFS/index.php/Admin/Upload
INFO: [ app_init ] --START--
INFO: Run Behavior\BuildLiteBehavior [ RunTime:0.000046s ]
INFO: [ app_init ] --END-- [ RunTime:0.000577s ]

[ 2015-10-22T14:51:23+08:00 ] ::1 /HFS/index.php/Admin/Upload
INFO: [ app_init ] --START--
INFO: Run Behavior\BuildLiteBehavior [ RunTime:0.000050s ]
INFO: [ app_init ] --END-- [ RunTime:0.000625s ]

[ 2015-10-22T14:51:23+08:00 ] ::1 /HFS/index.php/Admin/Upload
INFO: [ app_init ] --START--
INFO: Run Behavior\BuildLiteBehavior [ RunTime:0.000050s ]
INFO: [ app_init ] --END-- [ RunTime:0.000670s ]

[ 2015-10-22T14:51:23+08:00 ] ::1 /HFS/index.php/Admin/Upload
INFO: [ app_init ] --START--
INFO: Run Behavior\BuildLiteBehavior [ RunTime:0.000034s ]
INFO: [ app_init ] --END-- [ RunTime:0.000763s ]

[ 2015-10-22T14:51:23+08:00 ] ::1 /HFS/index.php/Admin/Upload
INFO: [ app_init ] --START--
INFO: Run Behavior\BuildLiteBehavior [ RunTime:0.000060s ]
INFO: [ app_init ] --END-- [ RunTime:0.000636s ]

[ 2015-10-22T14:51:24+08:00 ] ::1 /HFS/index.php/Admin/Upload
INFO: [ app_init ] --START--
INFO: Run Behavior\BuildLiteBehavior [ RunTime:0.000033s ]
INFO: [ app_init ] --END-- [ RunTime:0.000447s ]

[ 2015-10-22T14:51:24+08:00 ] ::1 /HFS/index.php/Admin/Upload
INFO: [ app_init ] --START--
INFO: Run Behavior\BuildLiteBehavior [ RunTime:0.000047s ]
INFO: [ app_init ] --END-- [ RunTime:0.000608s ]

[ 2015-10-22T14:51:24+08:00 ] ::1 /HFS/index.php/Admin/Upload
INFO: [ app_init ] --START--
INFO: Run Behavior\BuildLiteBehavior [ RunTime:0.000050s ]
INFO: [ app_init ] --END-- [ RunTime:0.000665s ]

[ 2015-10-22T14:51:37+08:00 ] ::1 /HFS/index.php/Admin/Upload
INFO: [ app_init ] --START--
INFO: Run Behavior\BuildLiteBehavior [ RunTime:0.000030s ]
INFO: [ app_init ] --END-- [ RunTime:0.000470s ]

[ 2015-10-22T14:51:56+08:00 ] ::1 /HFS/index.php/Admin/Upload
INFO: [ app_init ] --START--
INFO: Run Behavior\BuildLiteBehavior [ RunTime:0.000033s ]
INFO: [ app_init ] --END-- [ RunTime:0.000437s ]

[ 2015-10-22T14:51:57+08:00 ] ::1 /HFS/index.php/Admin/Upload
INFO: [ app_init ] --START--
INFO: Run Behavior\BuildLiteBehavior [ RunTime:0.000046s ]
INFO: [ app_init ] --END-- [ RunTime:0.000639s ]

[ 2015-10-22T14:51:57+08:00 ] ::1 /HFS/index.php/Admin/Upload
INFO: [ app_init ] --START--
INFO: Run Behavior\BuildLiteBehavior [ RunTime:0.000061s ]
INFO: [ app_init ] --END-- [ RunTime:0.000797s ]

[ 2015-10-22T14:51:57+08:00 ] ::1 /HFS/index.php/Admin/Upload
INFO: [ app_init ] --START--
INFO: Run Behavior\BuildLiteBehavior [ RunTime:0.000032s ]
INFO: [ app_init ] --END-- [ RunTime:0.000446s ]

[ 2015-10-22T14:52:48+08:00 ] ::1 /HFS/index.php/Admin/Upload
INFO: [ app_init ] --START--
INFO: Run Behavior\BuildLiteBehavior [ RunTime:0.000058s ]
INFO: [ app_init ] --END-- [ RunTime:0.000754s ]

[ 2015-10-22T14:52:49+08:00 ] ::1 /HFS/index.php/Admin/Upload
INFO: [ app_init ] --START--
INFO: Run Behavior\BuildLiteBehavior [ RunTime:0.000107s ]
INFO: [ app_init ] --END-- [ RunTime:0.000935s ]

[ 2015-10-22T14:52:51+08:00 ] ::1 /HFS/index.php/Admin/Upload
INFO: [ app_init ] --START--
INFO: Run Behavior\BuildLiteBehavior [ RunTime:0.000052s ]
INFO: [ app_init ] --END-- [ RunTime:0.000699s ]

[ 2015-10-22T14:52:51+08:00 ] ::1 /HFS/index.php/Admin/Upload
INFO: [ app_init ] --START--
INFO: Run Behavior\BuildLiteBehavior [ RunTime:0.000060s ]
INFO: [ app_init ] --END-- [ RunTime:0.000885s ]

[ 2015-10-22T14:52:51+08:00 ] ::1 /HFS/index.php/Admin/Upload
INFO: [ app_init ] --START--
INFO: Run Behavior\BuildLiteBehavior [ RunTime:0.000177s ]
INFO: [ app_init ] --END-- [ RunTime:0.002322s ]

[ 2015-10-22T14:53:38+08:00 ] ::1 /HFS/index.php/Admin/Upload
INFO: [ app_init ] --START--
INFO: Run Behavior\BuildLiteBehavior [ RunTime:0.000047s ]
INFO: [ app_init ] --END-- [ RunTime:0.000724s ]

[ 2015-10-22T14:53:39+08:00 ] ::1 /HFS/index.php/Admin/Upload
INFO: [ app_init ] --START--
INFO: Run Behavior\BuildLiteBehavior [ RunTime:0.000032s ]
INFO: [ app_init ] --END-- [ RunTime:0.000447s ]

[ 2015-10-22T14:53:39+08:00 ] ::1 /HFS/index.php/Admin/Upload
INFO: [ app_init ] --START--
INFO: Run Behavior\BuildLiteBehavior [ RunTime:0.000063s ]
INFO: [ app_init ] --END-- [ RunTime:0.001106s ]

[ 2015-10-22T14:53:39+08:00 ] ::1 /HFS/index.php/Admin/Upload
INFO: [ app_init ] --START--
INFO: Run Behavior\BuildLiteBehavior [ RunTime:0.000051s ]
INFO: [ app_init ] --END-- [ RunTime:0.000670s ]

[ 2015-10-22T14:53:39+08:00 ] ::1 /HFS/index.php/Admin/Upload
INFO: [ app_init ] --START--
INFO: Run Behavior\BuildLiteBehavior [ RunTime:0.000050s ]
INFO: [ app_init ] --END-- [ RunTime:0.000648s ]

[ 2015-10-22T14:54:17+08:00 ] ::1 /HFS/index.php/Admin/Upload
INFO: [ app_init ] --START--
INFO: Run Behavior\BuildLiteBehavior [ RunTime:0.000032s ]
INFO: [ app_init ] --END-- [ RunTime:0.000595s ]

[ 2015-10-22T14:54:18+08:00 ] ::1 /HFS/index.php/Admin/Upload
INFO: [ app_init ] --START--
INFO: Run Behavior\BuildLiteBehavior [ RunTime:0.000034s ]
INFO: [ app_init ] --END-- [ RunTime:0.000719s ]

[ 2015-10-22T14:54:18+08:00 ] ::1 /HFS/index.php/Admin/Upload
INFO: [ app_init ] --START--
INFO: Run Behavior\BuildLiteBehavior [ RunTime:0.000039s ]
INFO: [ app_init ] --END-- [ RunTime:0.000439s ]

[ 2015-10-22T14:54:18+08:00 ] ::1 /HFS/index.php/Admin/Upload
INFO: [ app_init ] --START--
INFO: Run Behavior\BuildLiteBehavior [ RunTime:0.000058s ]
INFO: [ app_init ] --END-- [ RunTime:0.000790s ]

[ 2015-10-22T14:54:27+08:00 ] ::1 /HFS/index.php/Admin/Upload
INFO: [ app_init ] --START--
INFO: Run Behavior\BuildLiteBehavior [ RunTime:0.000032s ]
INFO: [ app_init ] --END-- [ RunTime:0.000439s ]

[ 2015-10-22T14:54:27+08:00 ] ::1 /HFS/index.php/Admin/Upload
INFO: [ app_init ] --START--
INFO: Run Behavior\BuildLiteBehavior [ RunTime:0.000033s ]
INFO: [ app_init ] --END-- [ RunTime:0.000460s ]

[ 2015-10-22T14:54:28+08:00 ] ::1 /HFS/index.php/Admin/Upload
INFO: [ app_init ] --START--
INFO: Run Behavior\BuildLiteBehavior [ RunTime:0.000032s ]
INFO: [ app_init ] --END-- [ RunTime:0.000455s ]

[ 2015-10-22T14:54:56+08:00 ] ::1 /HFS/index.php/Admin/Upload
INFO: [ app_init ] --START--
INFO: Run Behavior\BuildLiteBehavior [ RunTime:0.000031s ]
INFO: [ app_init ] --END-- [ RunTime:0.000446s ]

[ 2015-10-22T14:55:12+08:00 ] ::1 /HFS/index.php/Admin/Upload
INFO: [ app_init ] --START--
INFO: Run Behavior\BuildLiteBehavior [ RunTime:0.000046s ]
INFO: [ app_init ] --END-- [ RunTime:0.000709s ]

[ 2015-10-22T14:55:37+08:00 ] ::1 /HFS/index.php/Admin/Upload
INFO: [ app_init ] --START--
INFO: Run Behavior\BuildLiteBehavior [ RunTime:0.000045s ]
INFO: [ app_init ] --END-- [ RunTime:0.000572s ]

[ 2015-10-22T14:55:49+08:00 ] ::1 /HFS/index.php/Admin/Upload
INFO: [ app_init ] --START--
INFO: Run Behavior\BuildLiteBehavior [ RunTime:0.000031s ]
INFO: [ app_init ] --END-- [ RunTime:0.000445s ]

[ 2015-10-22T14:56:02+08:00 ] ::1 /HFS/index.php/Admin/Upload
INFO: [ app_init ] --START--
INFO: Run Behavior\BuildLiteBehavior [ RunTime:0.000032s ]
INFO: [ app_init ] --END-- [ RunTime:0.000445s ]

[ 2015-10-22T14:56:08+08:00 ] ::1 /HFS/index.php/Admin/Upload
INFO: [ app_init ] --START--
INFO: Run Behavior\BuildLiteBehavior [ RunTime:0.000066s ]
INFO: [ app_init ] --END-- [ RunTime:0.000753s ]

[ 2015-10-22T14:56:16+08:00 ] ::1 /HFS/index.php/Admin/Upload
INFO: [ app_init ] --START--
INFO: Run Behavior\BuildLiteBehavior [ RunTime:0.000034s ]
INFO: [ app_init ] --END-- [ RunTime:0.000589s ]

[ 2015-10-22T14:56:32+08:00 ] ::1 /HFS/index.php/Admin/Upload
INFO: [ app_init ] --START--
INFO: Run Behavior\BuildLiteBehavior [ RunTime:0.000054s ]
INFO: [ app_init ] --END-- [ RunTime:0.001076s ]

[ 2015-10-22T14:56:34+08:00 ] ::1 /HFS/index.php/Admin/Index
INFO: [ app_init ] --START--
INFO: Run Behavior\BuildLiteBehavior [ RunTime:0.000031s ]
INFO: [ app_init ] --END-- [ RunTime:0.000472s ]

[ 2015-10-22T14:56:36+08:00 ] ::1 /HFS/index.php/Admin/Upload
INFO: [ app_init ] --START--
INFO: Run Behavior\BuildLiteBehavior [ RunTime:0.000045s ]
INFO: [ app_init ] --END-- [ RunTime:0.000597s ]

[ 2015-10-22T14:56:37+08:00 ] ::1 /HFS/index.php/Admin/Index
INFO: [ app_init ] --START--
INFO: Run Behavior\BuildLiteBehavior [ RunTime:0.000033s ]
INFO: [ app_init ] --END-- [ RunTime:0.000469s ]

[ 2015-10-22T14:56:41+08:00 ] ::1 /HFS/index.php/Admin/Upload
INFO: [ app_init ] --START--
INFO: Run Behavior\BuildLiteBehavior [ RunTime:0.000045s ]
INFO: [ app_init ] --END-- [ RunTime:0.000454s ]

[ 2015-10-22T14:57:02+08:00 ] ::1 /HFS/index.php/Admin/Upload
INFO: [ app_init ] --START--
INFO: Run Behavior\BuildLiteBehavior [ RunTime:0.000101s ]
INFO: [ app_init ] --END-- [ RunTime:0.001560s ]

[ 2015-10-22T14:57:03+08:00 ] ::1 /HFS/index.php/Admin/Index
INFO: [ app_init ] --START--
INFO: Run Behavior\BuildLiteBehavior [ RunTime:0.000046s ]
INFO: [ app_init ] --END-- [ RunTime:0.000641s ]

[ 2015-10-22T14:57:23+08:00 ] ::1 /HFS/index.php/Admin/Index
INFO: [ app_init ] --START--
INFO: Run Behavior\BuildLiteBehavior [ RunTime:0.000056s ]
INFO: [ app_init ] --END-- [ RunTime:0.000784s ]

[ 2015-10-22T14:57:24+08:00 ] ::1 /HFS/index.php/Admin/Upload
INFO: [ app_init ] --START--
INFO: Run Behavior\BuildLiteBehavior [ RunTime:0.000046s ]
INFO: [ app_init ] --END-- [ RunTime:0.000575s ]

[ 2015-10-22T14:57:25+08:00 ] ::1 /HFS/index.php/Admin/Upload
INFO: [ app_init ] --START--
INFO: Run Behavior\BuildLiteBehavior [ RunTime:0.000060s ]
INFO: [ app_init ] --END-- [ RunTime:0.000736s ]

[ 2015-10-22T14:57:26+08:00 ] ::1 /HFS/index.php/Admin/Upload
INFO: [ app_init ] --START--
INFO: Run Behavior\BuildLiteBehavior [ RunTime:0.000051s ]
INFO: [ app_init ] --END-- [ RunTime:0.000580s ]

[ 2015-10-22T14:57:39+08:00 ] ::1 /HFS/index.php/Admin/Upload
INFO: [ app_init ] --START--
INFO: Run Behavior\BuildLiteBehavior [ RunTime:0.000053s ]
INFO: [ app_init ] --END-- [ RunTime:0.000736s ]

[ 2015-10-22T14:57:58+08:00 ] ::1 /HFS/index.php/Admin/Upload
INFO: [ app_init ] --START--
INFO: Run Behavior\BuildLiteBehavior [ RunTime:0.000050s ]
INFO: [ app_init ] --END-- [ RunTime:0.000649s ]

[ 2015-10-22T14:59:19+08:00 ] ::1 /HFS/index.php/Admin/
INFO: [ app_init ] --START--
INFO: Run Behavior\BuildLiteBehavior [ RunTime:0.000046s ]
INFO: [ app_init ] --END-- [ RunTime:0.000631s ]

[ 2015-10-22T14:59:24+08:00 ] ::1 /HFS/index.php/Admin/Upload
INFO: [ app_init ] --START--
INFO: Run Behavior\BuildLiteBehavior [ RunTime:0.000033s ]
INFO: [ app_init ] --END-- [ RunTime:0.000524s ]

[ 2015-10-22T15:00:14+08:00 ] ::1 /HFS/index.php/Admin/Upload
INFO: [ app_init ] --START--
INFO: Run Behavior\BuildLiteBehavior [ RunTime:0.000032s ]
INFO: [ app_init ] --END-- [ RunTime:0.000440s ]
ERR: 模板不存在:./Appliaction/Admin/View/Upload/index.html

[ 2015-10-22T15:00:15+08:00 ] ::1 /HFS/index.php/Admin/Upload
INFO: [ app_init ] --START--
INFO: Run Behavior\BuildLiteBehavior [ RunTime:0.000070s ]
INFO: [ app_init ] --END-- [ RunTime:0.000728s ]
ERR: 模板不存在:./Appliaction/Admin/View/Upload/index.html

[ 2015-10-22T15:00:23+08:00 ] ::1 /HFS/index.php/Admin/
INFO: [ app_init ] --START--
INFO: Run Behavior\BuildLiteBehavior [ RunTime:0.000045s ]
INFO: [ app_init ] --END-- [ RunTime:0.000609s ]
ERR: 模板不存在:./Appliaction/Admin/View/Index/index.html

[ 2015-10-22T15:01:06+08:00 ] ::1 /HFS/index.php/Admin/
INFO: [ app_init ] --START--
INFO: Run Behavior\BuildLiteBehavior [ RunTime:0.000031s ]
INFO: [ app_init ] --END-- [ RunTime:0.000445s ]

[ 2015-10-22T15:01:08+08:00 ] ::1 /HFS/index.php/Admin/
INFO: [ app_init ] --START--
INFO: Run Behavior\BuildLiteBehavior [ RunTime:0.000049s ]
INFO: [ app_init ] --END-- [ RunTime:0.000626s ]

[ 2015-10-22T15:01:11+08:00 ] ::1 /HFS/index.php/Admin
INFO: [ app_init ] --START--
INFO: Run Behavior\BuildLiteBehavior [ RunTime:0.000031s ]
INFO: [ app_init ] --END-- [ RunTime:0.000431s ]

[ 2015-10-22T15:05:08+08:00 ] ::1 /HFS/index.php/Admin
INFO: [ app_init ] --START--
INFO: Run Behavior\BuildLiteBehavior [ RunTime:0.000049s ]
INFO: [ app_init ] --END-- [ RunTime:0.000785s ]

[ 2015-10-22T15:05:27+08:00 ] ::1 /HFS/index.php/Admin
INFO: [ app_init ] --START--
INFO: Run Behavior\BuildLiteBehavior [ RunTime:0.000048s ]
INFO: [ app_init ] --END-- [ RunTime:0.000647s ]

[ 2015-10-22T15:06:54+08:00 ] ::1 /HFS/index.php/Admin
INFO: [ app_init ] --START--
INFO: Run Behavior\BuildLiteBehavior [ RunTime:0.000032s ]
INFO: [ app_init ] --END-- [ RunTime:0.000492s ]

[ 2015-10-22T15:08:44+08:00 ] ::1 /HFS/index.php/Admin
INFO: [ app_init ] --START--
INFO: Run Behavior\BuildLiteBehavior [ RunTime:0.000033s ]
INFO: [ app_init ] --END-- [ RunTime:0.000559s ]

[ 2015-10-22T15:08:51+08:00 ] ::1 /HFS/index.php/Admin
INFO: [ app_init ] --START--
INFO: Run Behavior\BuildLiteBehavior [ RunTime:0.000034s ]
INFO: [ app_init ] --END-- [ RunTime:0.000556s ]

[ 2015-10-22T15:09:16+08:00 ] ::1 /HFS/index.php/Admin
INFO: [ app_init ] --START--
INFO: Run Behavior\BuildLiteBehavior [ RunTime:0.000033s ]
INFO: [ app_init ] --END-- [ RunTime:0.000512s ]

[ 2015-10-22T15:10:01+08:00 ] ::1 /HFS/index.php/Admin
INFO: [ app_init ] --START--
INFO: Run Behavior\BuildLiteBehavior [ RunTime:0.000033s ]
INFO: [ app_init ] --END-- [ RunTime:0.000582s ]

[ 2015-10-22T15:10:02+08:00 ] ::1 /HFS/index.php/Admin
INFO: [ app_init ] --START--
INFO: Run Behavior\BuildLiteBehavior [ RunTime:0.000051s ]
INFO: [ app_init ] --END-- [ RunTime:0.000643s ]

[ 2015-10-22T15:10:14+08:00 ] ::1 /HFS/index.php/Admin
INFO: [ app_init ] --START--
INFO: Run Behavior\BuildLiteBehavior [ RunTime:0.000051s ]
INFO: [ app_init ] --END-- [ RunTime:0.000737s ]

[ 2015-10-22T15:10:51+08:00 ] ::1 /HFS/index.php/Admin
INFO: [ app_init ] --START--
INFO: Run Behavior\BuildLiteBehavior [ RunTime:0.000046s ]
INFO: [ app_init ] --END-- [ RunTime:0.000582s ]

[ 2015-10-22T15:11:05+08:00 ] ::1 /HFS/index.php/Admin
INFO: [ app_init ] --START--
INFO: Run Behavior\BuildLiteBehavior [ RunTime:0.000049s ]
INFO: [ app_init ] --END-- [ RunTime:0.000637s ]

[ 2015-10-22T15:11:11+08:00 ] ::1 /HFS/index.php/Admin
INFO: [ app_init ] --START--
INFO: Run Behavior\BuildLiteBehavior [ RunTime:0.000054s ]
INFO: [ app_init ] --END-- [ RunTime:0.000714s ]

[ 2015-10-22T15:11:41+08:00 ] ::1 /HFS/index.php/Admin
INFO: [ app_init ] --START--
INFO: Run Behavior\BuildLiteBehavior [ RunTime:0.000049s ]
INFO: [ app_init ] --END-- [ RunTime:0.000670s ]

[ 2015-10-22T15:11:56+08:00 ] ::1 /HFS/index.php/Admin
INFO: [ app_init ] --START--
INFO: Run Behavior\BuildLiteBehavior [ RunTime:0.000032s ]
INFO: [ app_init ] --END-- [ RunTime:0.000473s ]

[ 2015-10-22T15:12:06+08:00 ] ::1 /HFS/index.php/Admin
INFO: [ app_init ] --START--
INFO: Run Behavior\BuildLiteBehavior [ RunTime:0.000032s ]
INFO: [ app_init ] --END-- [ RunTime:0.000484s ]

[ 2015-10-22T15:12:23+08:00 ] ::1 /HFS/index.php/Admin
INFO: [ app_init ] --START--
INFO: Run Behavior\BuildLiteBehavior [ RunTime:0.000053s ]
INFO: [ app_init ] --END-- [ RunTime:0.000762s ]

[ 2015-10-22T15:12:32+08:00 ] ::1 /HFS/index.php/Admin
INFO: [ app_init ] --START--
INFO: Run Behavior\BuildLiteBehavior [ RunTime:0.000035s ]
INFO: [ app_init ] --END-- [ RunTime:0.000644s ]

[ 2015-10-22T15:12:51+08:00 ] ::1 /HFS/index.php/Admin
INFO: [ app_init ] --START--
INFO: Run Behavior\BuildLiteBehavior [ RunTime:0.000053s ]
INFO: [ app_init ] --END-- [ RunTime:0.000590s ]

[ 2015-10-22T15:13:54+08:00 ] ::1 /HFS/index.php/Admin
INFO: [ app_init ] --START--
INFO: Run Behavior\BuildLiteBehavior [ RunTime:0.000033s ]
INFO: [ app_init ] --END-- [ RunTime:0.000479s ]

[ 2015-10-22T15:14:25+08:00 ] ::1 /HFS/index.php/Admin
INFO: [ app_init ] --START--
INFO: Run Behavior\BuildLiteBehavior [ RunTime:0.000049s ]
INFO: [ app_init ] --END-- [ RunTime:0.000672s ]

[ 2015-10-22T15:14:38+08:00 ] ::1 /HFS/index.php/Admin
INFO: [ app_init ] --START--
INFO: Run Behavior\BuildLiteBehavior [ RunTime:0.000030s ]
INFO: [ app_init ] --END-- [ RunTime:0.000439s ]

[ 2015-10-22T15:16:01+08:00 ] ::1 /HFS/index.php/Admin
INFO: [ app_init ] --START--
INFO: Run Behavior\BuildLiteBehavior [ RunTime:0.000034s ]
INFO: [ app_init ] --END-- [ RunTime:0.000567s ]

[ 2015-10-22T15:16:52+08:00 ] ::1 /HFS/index.php/Admin
INFO: [ app_init ] --START--
INFO: Run Behavior\BuildLiteBehavior [ RunTime:0.000032s ]
INFO: [ app_init ] --END-- [ RunTime:0.000494s ]

[ 2015-10-22T15:18:07+08:00 ] ::1 /HFS/index.php/Admin
INFO: [ app_init ] --START--
INFO: Run Behavior\BuildLiteBehavior [ RunTime:0.000045s ]
INFO: [ app_init ] --END-- [ RunTime:0.000627s ]

[ 2015-10-22T15:18:58+08:00 ] ::1 /HFS/index.php/Admin
INFO: [ app_init ] --START--
INFO: Run Behavior\BuildLiteBehavior [ RunTime:0.000053s ]
INFO: [ app_init ] --END-- [ RunTime:0.000796s ]

[ 2015-10-22T15:19:33+08:00 ] ::1 /HFS/index.php/Admin
INFO: [ app_init ] --START--
INFO: Run Behavior\BuildLiteBehavior [ RunTime:0.000032s ]
INFO: [ app_init ] --END-- [ RunTime:0.000488s ]

[ 2015-10-22T15:23:18+08:00 ] ::1 /HFS/index.php/Admin
INFO: [ app_init ] --START--
INFO: Run Behavior\BuildLiteBehavior [ RunTime:0.000033s ]
INFO: [ app_init ] --END-- [ RunTime:0.000507s ]

[ 2015-10-22T15:24:03+08:00 ] ::1 /HFS/index.php/Admin/Index
INFO: [ app_init ] --START--
INFO: Run Behavior\BuildLiteBehavior [ RunTime:0.000057s ]
INFO: [ app_init ] --END-- [ RunTime:0.000596s ]

[ 2015-10-22T15:24:04+08:00 ] ::1 /HFS/index.php/Admin/newsUpload
INFO: [ app_init ] --START--
INFO: Run Behavior\BuildLiteBehavior [ RunTime:0.000031s ]
INFO: [ app_init ] --END-- [ RunTime:0.000434s ]
ERR: 无法加载控制器:NewsUpload

[ 2015-10-22T15:25:35+08:00 ] ::1 /HFS/index.php/Admin/newsUpload
INFO: [ app_init ] --START--
INFO: Run Behavior\BuildLiteBehavior [ RunTime:0.000032s ]
INFO: [ app_init ] --END-- [ RunTime:0.000522s ]
ERR: 无法加载控制器:NewsUpload

[ 2015-10-22T15:25:38+08:00 ] ::1 /HFS/index.php/Admin/
INFO: [ app_init ] --START--
INFO: Run Behavior\BuildLiteBehavior [ RunTime:0.000051s ]
INFO: [ app_init ] --END-- [ RunTime:0.000541s ]

[ 2015-10-22T15:25:40+08:00 ] ::1 /HFS/index.php/Admin/Upload/newsUpload
INFO: [ app_init ] --START--
INFO: Run Behavior\BuildLiteBehavior [ RunTime:0.000034s ]
INFO: [ app_init ] --END-- [ RunTime:0.000533s ]

[ 2015-10-22T15:26:16+08:00 ] ::1 /HFS/index.php/Admin/Upload/newsUpload
INFO: [ app_init ] --START--
INFO: Run Behavior\BuildLiteBehavior [ RunTime:0.000032s ]
INFO: [ app_init ] --END-- [ RunTime:0.000441s ]

[ 2015-10-22T15:26:18+08:00 ] ::1 /HFS/index.php/Admin/Upload/newsUpload
INFO: [ app_init ] --START--
INFO: Run Behavior\BuildLiteBehavior [ RunTime:0.000034s ]
INFO: [ app_init ] --END-- [ RunTime:0.000629s ]

[ 2015-10-22T15:26:20+08:00 ] ::1 /HFS/index.php/Admin/Upload/newsUpload
INFO: [ app_init ] --START--
INFO: Run Behavior\BuildLiteBehavior [ RunTime:0.000108s ]
INFO: [ app_init ] --END-- [ RunTime:0.000764s ]

[ 2015-10-22T15:26:55+08:00 ] ::1 /HFS/index.php/Admin/Upload/
INFO: [ app_init ] --START--
INFO: Run Behavior\BuildLiteBehavior [ RunTime:0.000032s ]
INFO: [ app_init ] --END-- [ RunTime:0.000442s ]

[ 2015-10-22T15:26:56+08:00 ] ::1 /HFS/index.php/Admin/Upload/
INFO: [ app_init ] --START--
INFO: Run Behavior\BuildLiteBehavior [ RunTime:0.000033s ]
INFO: [ app_init ] --END-- [ RunTime:0.000484s ]

[ 2015-10-22T15:26:57+08:00 ] ::1 /HFS/index.php/Admin/Upload/
INFO: [ app_init ] --START--
INFO: Run Behavior\BuildLiteBehavior [ RunTime:0.000052s ]
INFO: [ app_init ] --END-- [ RunTime:0.000539s ]

[ 2015-10-22T15:26:58+08:00 ] ::1 /HFS/index.php/Admin/Upload/
INFO: [ app_init ] --START--
INFO: Run Behavior\BuildLiteBehavior [ RunTime:0.000031s ]
INFO: [ app_init ] --END-- [ RunTime:0.000429s ]

[ 2015-10-22T15:29:05+08:00 ] ::1 /HFS/index.php/Admin/Upload/
INFO: [ app_init ] --START--
INFO: Run Behavior\BuildLiteBehavior [ RunTime:0.000046s ]
INFO: [ app_init ] --END-- [ RunTime:0.000615s ]

[ 2015-10-22T15:29:09+08:00 ] ::1 /HFS/index.php/Admin/
INFO: [ app_init ] --START--
INFO: Run Behavior\BuildLiteBehavior [ RunTime:0.000047s ]
INFO: [ app_init ] --END-- [ RunTime:0.000503s ]

[ 2015-10-22T15:29:13+08:00 ] ::1 /HFS/index.php/Admin/Upload/newsUpload
INFO: [ app_init ] --START--
INFO: Run Behavior\BuildLiteBehavior [ RunTime:0.000037s ]
INFO: [ app_init ] --END-- [ RunTime:0.000604s ]

[ 2015-10-22T15:30:31+08:00 ] ::1 /HFS/index.php/Admin/Upload/newsUpload
INFO: [ app_init ] --START--
INFO: Run Behavior\BuildLiteBehavior [ RunTime:0.000033s ]
INFO: [ app_init ] --END-- [ RunTime:0.000443s ]

[ 2015-10-22T15:30:32+08:00 ] ::1 /HFS/index.php/Admin/Upload/newsUpload
INFO: [ app_init ] --START--
INFO: Run Behavior\BuildLiteBehavior [ RunTime:0.000032s ]
INFO: [ app_init ] --END-- [ RunTime:0.000438s ]

[ 2015-10-22T15:30:32+08:00 ] ::1 /HFS/index.php/Admin/Upload/newsUpload
INFO: [ app_init ] --START--
INFO: Run Behavior\BuildLiteBehavior [ RunTime:0.000033s ]
INFO: [ app_init ] --END-- [ RunTime:0.000454s ]

[ 2015-10-22T15:30:32+08:00 ] ::1 /HFS/index.php/Admin/Upload/newsUpload
INFO: [ app_init ] --START--
INFO: Run Behavior\BuildLiteBehavior [ RunTime:0.000032s ]
INFO: [ app_init ] --END-- [ RunTime:0.000460s ]

[ 2015-10-22T15:30:40+08:00 ] ::1 /HFS/index.php/Admin/Upload/newsUpload
INFO: [ app_init ] --START--
INFO: Run Behavior\BuildLiteBehavior [ RunTime:0.000056s ]
INFO: [ app_init ] --END-- [ RunTime:0.000658s ]

[ 2015-10-22T15:30:41+08:00 ] ::1 /HFS/index.php/Admin/Upload/newsUpload
INFO: [ app_init ] --START--
INFO: Run Behavior\BuildLiteBehavior [ RunTime:0.000051s ]
INFO: [ app_init ] --END-- [ RunTime:0.000664s ]

[ 2015-10-22T15:30:41+08:00 ] ::1 /HFS/index.php/Admin/Upload/newsUpload
INFO: [ app_init ] --START--
INFO: Run Behavior\BuildLiteBehavior [ RunTime:0.000055s ]
INFO: [ app_init ] --END-- [ RunTime:0.000706s ]

[ 2015-10-22T15:31:00+08:00 ] ::1 /HFS/index.php/Admin/Upload/newsUpload
INFO: [ app_init ] --START--
INFO: Run Behavior\BuildLiteBehavior [ RunTime:0.000051s ]
INFO: [ app_init ] --END-- [ RunTime:0.000646s ]

[ 2015-10-22T15:31:31+08:00 ] ::1 /HFS/index.php/Admin/Upload/newsUpload
INFO: [ app_init ] --START--
INFO: Run Behavior\BuildLiteBehavior [ RunTime:0.000045s ]
INFO: [ app_init ] --END-- [ RunTime:0.000645s ]

[ 2015-10-22T15:31:32+08:00 ] ::1 /HFS/index.php/Admin/Upload/newsUpload
INFO: [ app_init ] --START--
INFO: Run Behavior\BuildLiteBehavior [ RunTime:0.000049s ]
INFO: [ app_init ] --END-- [ RunTime:0.000684s ]

[ 2015-10-22T15:32:26+08:00 ] ::1 /HFS/index.php/Admin/Upload/newsUpload
INFO: [ app_init ] --START--
INFO: Run Behavior\BuildLiteBehavior [ RunTime:0.000031s ]
INFO: [ app_init ] --END-- [ RunTime:0.000447s ]

[ 2015-10-22T15:32:27+08:00 ] ::1 /HFS/index.php/Admin/Upload/newsUpload
INFO: [ app_init ] --START--
INFO: Run Behavior\BuildLiteBehavior [ RunTime:0.000030s ]
INFO: [ app_init ] --END-- [ RunTime:0.000459s ]

[ 2015-10-22T15:32:27+08:00 ] ::1 /HFS/index.php/Admin/Upload/newsUpload
INFO: [ app_init ] --START--
INFO: Run Behavior\BuildLiteBehavior [ RunTime:0.000044s ]
INFO: [ app_init ] --END-- [ RunTime:0.000591s ]

[ 2015-10-22T15:32:27+08:00 ] ::1 /HFS/index.php/Admin/Upload/newsUpload
INFO: [ app_init ] --START--
INFO: Run Behavior\BuildLiteBehavior [ RunTime:0.000030s ]
INFO: [ app_init ] --END-- [ RunTime:0.000440s ]

[ 2015-10-22T15:32:46+08:00 ] ::1 /HFS/index.php/Admin/Upload/newsUpload
INFO: [ app_init ] --START--
INFO: Run Behavior\BuildLiteBehavior [ RunTime:0.000044s ]
INFO: [ app_init ] --END-- [ RunTime:0.000618s ]

[ 2015-10-22T15:33:06+08:00 ] ::1 /HFS/index.php/Admin/Upload/newsUpload
INFO: [ app_init ] --START--
INFO: Run Behavior\BuildLiteBehavior [ RunTime:0.000050s ]
INFO: [ app_init ] --END-- [ RunTime:0.000471s ]

[ 2015-10-22T15:33:06+08:00 ] ::1 /HFS/index.php/Admin/Upload/newsUpload
INFO: [ app_init ] --START--
INFO: Run Behavior\BuildLiteBehavior [ RunTime:0.000056s ]
INFO: [ app_init ] --END-- [ RunTime:0.000599s ]

[ 2015-10-22T15:33:06+08:00 ] ::1 /HFS/index.php/Admin/Upload/newsUpload
INFO: [ app_init ] --START--
INFO: Run Behavior\BuildLiteBehavior [ RunTime:0.000032s ]
INFO: [ app_init ] --END-- [ RunTime:0.000507s ]

[ 2015-10-22T15:33:07+08:00 ] ::1 /HFS/index.php/Admin/Upload/newsUpload
INFO: [ app_init ] --START--
INFO: Run Behavior\BuildLiteBehavior [ RunTime:0.000034s ]
INFO: [ app_init ] --END-- [ RunTime:0.000587s ]

[ 2015-10-22T15:33:07+08:00 ] ::1 /HFS/index.php/Admin/Upload/newsUpload
INFO: [ app_init ] --START--
INFO: Run Behavior\BuildLiteBehavior [ RunTime:0.000048s ]
INFO: [ app_init ] --END-- [ RunTime:0.000698s ]

[ 2015-10-22T15:33:07+08:00 ] ::1 /HFS/index.php/Admin/Upload/newsUpload
INFO: [ app_init ] --START--
INFO: Run Behavior\BuildLiteBehavior [ RunTime:0.000030s ]
INFO: [ app_init ] --END-- [ RunTime:0.000444s ]

[ 2015-10-22T15:33:09+08:00 ] ::1 /HFS/index.php/Admin/Upload/
INFO: [ app_init ] --START--
INFO: Run Behavior\BuildLiteBehavior [ RunTime:0.000044s ]
INFO: [ app_init ] --END-- [ RunTime:0.000574s ]

[ 2015-10-22T15:33:12+08:00 ] ::1 /HFS/index.php/Admin/
INFO: [ app_init ] --START--
INFO: Run Behavior\BuildLiteBehavior [ RunTime:0.000036s ]
INFO: [ app_init ] --END-- [ RunTime:0.001211s ]

[ 2015-10-22T15:33:14+08:00 ] ::1 /HFS/index.php/Admin/Upload/newsUpload
INFO: [ app_init ] --START--
INFO: Run Behavior\BuildLiteBehavior [ RunTime:0.000032s ]
INFO: [ app_init ] --END-- [ RunTime:0.000436s ]

[ 2015-10-22T15:34:35+08:00 ] ::1 /HFS/index.php/Admin/Upload/newsUpload
INFO: [ app_init ] --START--
INFO: Run Behavior\BuildLiteBehavior [ RunTime:0.000032s ]
INFO: [ app_init ] --END-- [ RunTime:0.000518s ]

[ 2015-10-22T15:34:38+08:00 ] ::1 /HFS/index.php/Admin/Upload/newsUpload
INFO: [ app_init ] --START--
INFO: Run Behavior\BuildLiteBehavior [ RunTime:0.000050s ]
INFO: [ app_init ] --END-- [ RunTime:0.000703s ]

[ 2015-10-22T15:39:13+08:00 ] ::1 /HFS/index.php/Admin/Upload/newsUpload
INFO: [ app_init ] --START--
INFO: Run Behavior\BuildLiteBehavior [ RunTime:0.000051s ]
INFO: [ app_init ] --END-- [ RunTime:0.000771s ]

[ 2015-10-22T15:39:22+08:00 ] ::1 /HFS/index.php/Admin/
INFO: [ app_init ] --START--
INFO: Run Behavior\BuildLiteBehavior [ RunTime:0.000055s ]
INFO: [ app_init ] --END-- [ RunTime:0.000875s ]

[ 2015-10-22T15:40:23+08:00 ] ::1 /HFS/index.php/Admin/
INFO: [ app_init ] --START--
INFO: Run Behavior\BuildLiteBehavior [ RunTime:0.000120s ]
INFO: [ app_init ] --END-- [ RunTime:0.001149s ]

[ 2015-10-22T15:40:25+08:00 ] ::1 /HFS/index.php/Admin/Upload/newsUpload
INFO: [ app_init ] --START--
INFO: Run Behavior\BuildLiteBehavior [ RunTime:0.000064s ]
INFO: [ app_init ] --END-- [ RunTime:0.000755s ]

[ 2015-10-22T15:41:16+08:00 ] ::1 /HFS/index.php/Admin/Index
INFO: [ app_init ] --START--
INFO: Run Behavior\BuildLiteBehavior [ RunTime:0.000053s ]
INFO: [ app_init ] --END-- [ RunTime:0.000699s ]

[ 2015-10-22T15:41:18+08:00 ] ::1 /HFS/index.php/Admin/Upload/newsUpload
INFO: [ app_init ] --START--
INFO: Run Behavior\BuildLiteBehavior [ RunTime:0.000032s ]
INFO: [ app_init ] --END-- [ RunTime:0.000522s ]

[ 2015-10-22T15:41:53+08:00 ] ::1 /HFS/index.php/Admin/Upload/newsUpload
INFO: [ app_init ] --START--
INFO: Run Behavior\BuildLiteBehavior [ RunTime:0.000033s ]
INFO: [ app_init ] --END-- [ RunTime:0.000581s ]

[ 2015-10-22T15:41:56+08:00 ] ::1 /HFS/index.php/Admin/Upload/newsUpload
INFO: [ app_init ] --START--
INFO: Run Behavior\BuildLiteBehavior [ RunTime:0.000034s ]
INFO: [ app_init ] --END-- [ RunTime:0.000569s ]

[ 2015-10-22T15:41:57+08:00 ] ::1 /HFS/index.php/Admin/Upload/newsUpload
INFO: [ app_init ] --START--
INFO: Run Behavior\BuildLiteBehavior [ RunTime:0.000034s ]
INFO: [ app_init ] --END-- [ RunTime:0.000452s ]

[ 2015-10-22T15:43:35+08:00 ] ::1 /HFS/index.php/Admin/Upload/newsUpload
INFO: [ app_init ] --START--
INFO: Run Behavior\BuildLiteBehavior [ RunTime:0.000045s ]
INFO: [ app_init ] --END-- [ RunTime:0.000633s ]

[ 2015-10-22T15:43:55+08:00 ] ::1 /HFS/index.php/Admin/Upload/newsUpload
INFO: [ app_init ] --START--
INFO: Run Behavior\BuildLiteBehavior [ RunTime:0.000059s ]
INFO: [ app_init ] --END-- [ RunTime:0.000847s ]

[ 2015-10-22T15:44:19+08:00 ] ::1 /HFS/index.php/Admin/Upload/newsUpload
INFO: [ app_init ] --START--
INFO: Run Behavior\BuildLiteBehavior [ RunTime:0.000032s ]
INFO: [ app_init ] --END-- [ RunTime:0.000442s ]

[ 2015-10-22T15:44:20+08:00 ] ::1 /HFS/index.php/Admin/Upload/newsUpload
INFO: [ app_init ] --START--
INFO: Run Behavior\BuildLiteBehavior [ RunTime:0.000032s ]
INFO: [ app_init ] --END-- [ RunTime:0.000499s ]

[ 2015-10-22T15:44:20+08:00 ] ::1 /HFS/index.php/Admin/Upload/newsUpload
INFO: [ app_init ] --START--
INFO: Run Behavior\BuildLiteBehavior [ RunTime:0.000031s ]
INFO: [ app_init ] --END-- [ RunTime:0.000447s ]

[ 2015-10-22T15:44:20+08:00 ] ::1 /HFS/index.php/Admin/Upload/newsUpload
INFO: [ app_init ] --START--
INFO: Run Behavior\BuildLiteBehavior [ RunTime:0.000032s ]
INFO: [ app_init ] --END-- [ RunTime:0.000433s ]

[ 2015-10-22T15:44:21+08:00 ] ::1 /HFS/index.php/Admin/Upload/newsUpload
INFO: [ app_init ] --START--
INFO: Run Behavior\BuildLiteBehavior [ RunTime:0.000039s ]
INFO: [ app_init ] --END-- [ RunTime:0.000448s ]

[ 2015-10-22T15:44:21+08:00 ] ::1 /HFS/index.php/Admin/Upload/newsUpload
INFO: [ app_init ] --START--
INFO: Run Behavior\BuildLiteBehavior [ RunTime:0.000034s ]
INFO: [ app_init ] --END-- [ RunTime:0.000555s ]

[ 2015-10-22T15:44:22+08:00 ] ::1 /HFS/index.php/Admin/Upload/newsUpload
INFO: [ app_init ] --START--
INFO: Run Behavior\BuildLiteBehavior [ RunTime:0.000044s ]
INFO: [ app_init ] --END-- [ RunTime:0.000580s ]

[ 2015-10-22T15:44:23+08:00 ] ::1 /HFS/index.php/Admin/Upload/newsUpload
INFO: [ app_init ] --START--
INFO: Run Behavior\BuildLiteBehavior [ RunTime:0.000051s ]
INFO: [ app_init ] --END-- [ RunTime:0.000721s ]

[ 2015-10-22T15:45:14+08:00 ] ::1 /HFS/index.php/Admin/Upload/newsUpload
INFO: [ app_init ] --START--
INFO: Run Behavior\BuildLiteBehavior [ RunTime:0.000032s ]
INFO: [ app_init ] --END-- [ RunTime:0.000463s ]

[ 2015-10-22T15:45:17+08:00 ] ::1 /HFS/index.php/Admin/Upload/newsUpload
INFO: [ app_init ] --START--
INFO: Run Behavior\BuildLiteBehavior [ RunTime:0.000048s ]
INFO: [ app_init ] --END-- [ RunTime:0.000614s ]

[ 2015-10-22T15:45:17+08:00 ] ::1 /HFS/index.php/Admin/Upload/reportUpload
INFO: [ app_init ] --START--
INFO: Run Behavior\BuildLiteBehavior [ RunTime:0.000057s ]
INFO: [ app_init ] --END-- [ RunTime:0.000596s ]
ERR: 模板不存在:./Appliaction/Admin/View/Upload/reportUpload.html

[ 2015-10-22T15:45:32+08:00 ] ::1 /HFS/index.php/Admin/
INFO: [ app_init ] --START--
INFO: Run Behavior\BuildLiteBehavior [ RunTime:0.000049s ]
INFO: [ app_init ] --END-- [ RunTime:0.000609s ]

[ 2015-10-22T15:45:35+08:00 ] ::1 /HFS/index.php/Admin/Upload/newsUpload
INFO: [ app_init ] --START--
INFO: Run Behavior\BuildLiteBehavior [ RunTime:0.000031s ]
INFO: [ app_init ] --END-- [ RunTime:0.000472s ]

[ 2015-10-22T15:45:53+08:00 ] ::1 /HFS/index.php/Admin/Upload/newsUpload
INFO: [ app_init ] --START--
INFO: Run Behavior\BuildLiteBehavior [ RunTime:0.000049s ]
INFO: [ app_init ] --END-- [ RunTime:0.000596s ]

[ 2015-10-22T15:45:55+08:00 ] ::1 /HFS/index.php/Admin/Upload/newsUpload
INFO: [ app_init ] --START--
INFO: Run Behavior\BuildLiteBehavior [ RunTime:0.000033s ]
INFO: [ app_init ] --END-- [ RunTime:0.000565s ]

[ 2015-10-22T15:51:24+08:00 ] ::1 /HFS/index.php/Admin/Upload/newsUpload
INFO: [ app_init ] --START--
INFO: Run Behavior\BuildLiteBehavior [ RunTime:0.000036s ]
INFO: [ app_init ] --END-- [ RunTime:0.000863s ]

[ 2015-10-22T15:53:06+08:00 ] ::1 /HFS/index.php/Admin/Upload/newsUpload
INFO: [ app_init ] --START--
INFO: Run Behavior\BuildLiteBehavior [ RunTime:0.000049s ]
INFO: [ app_init ] --END-- [ RunTime:0.000740s ]

[ 2015-10-22T15:55:14+08:00 ] ::1 /HFS/index.php/Admin/Upload/newsUpload
INFO: [ app_init ] --START--
INFO: Run Behavior\BuildLiteBehavior [ RunTime:0.000047s ]
INFO: [ app_init ] --END-- [ RunTime:0.000655s ]

[ 2015-10-22T15:56:16+08:00 ] ::1 /HFS/index.php/Admin/Upload/newsUpload
INFO: [ app_init ] --START--
INFO: Run Behavior\BuildLiteBehavior [ RunTime:0.000047s ]
INFO: [ app_init ] --END-- [ RunTime:0.000684s ]

[ 2015-10-22T15:56:49+08:00 ] ::1 /HFS/index.php/Admin/Upload/newsUpload
INFO: [ app_init ] --START--
INFO: Run Behavior\BuildLiteBehavior [ RunTime:0.000050s ]
INFO: [ app_init ] --END-- [ RunTime:0.000596s ]

[ 2015-10-22T15:57:13+08:00 ] ::1 /HFS/index.php/Admin/Upload/newsUpload
INFO: [ app_init ] --START--
INFO: Run Behavior\BuildLiteBehavior [ RunTime:0.000052s ]
INFO: [ app_init ] --END-- [ RunTime:0.001201s ]

[ 2015-10-22T15:57:26+08:00 ] ::1 /HFS/index.php/Admin/Upload/newsUpload
INFO: [ app_init ] --START--
INFO: Run Behavior\BuildLiteBehavior [ RunTime:0.000055s ]
INFO: [ app_init ] --END-- [ RunTime:0.000713s ]

[ 2015-10-22T15:57:27+08:00 ] ::1 /HFS/index.php/Admin/Upload/newsUpload
INFO: [ app_init ] --START--
INFO: Run Behavior\BuildLiteBehavior [ RunTime:0.000052s ]
INFO: [ app_init ] --END-- [ RunTime:0.000949s ]

[ 2015-10-22T15:57:37+08:00 ] ::1 /HFS/index.php/Admin/Upload/newsUpload
INFO: [ app_init ] --START--
INFO: Run Behavior\BuildLiteBehavior [ RunTime:0.000048s ]
INFO: [ app_init ] --END-- [ RunTime:0.000731s ]

[ 2015-10-22T15:58:03+08:00 ] ::1 /HFS/index.php/Admin/Upload/newsUpload
INFO: [ app_init ] --START--
INFO: Run Behavior\BuildLiteBehavior [ RunTime:0.000036s ]
INFO: [ app_init ] --END-- [ RunTime:0.000546s ]

[ 2015-10-22T15:58:16+08:00 ] ::1 /HFS/index.php/Admin/Upload/newsUpload
INFO: [ app_init ] --START--
INFO: Run Behavior\BuildLiteBehavior [ RunTime:0.000034s ]
INFO: [ app_init ] --END-- [ RunTime:0.000635s ]

[ 2015-10-22T15:58:34+08:00 ] ::1 /HFS/index.php/Admin/Upload/newsUpload
INFO: [ app_init ] --START--
INFO: Run Behavior\BuildLiteBehavior [ RunTime:0.000051s ]
INFO: [ app_init ] --END-- [ RunTime:0.000780s ]

[ 2015-10-22T15:58:48+08:00 ] ::1 /HFS/index.php/Admin/Upload/newsUpload
INFO: [ app_init ] --START--
INFO: Run Behavior\BuildLiteBehavior [ RunTime:0.000034s ]
INFO: [ app_init ] --END-- [ RunTime:0.000553s ]

[ 2015-10-22T15:58:58+08:00 ] ::1 /HFS/index.php/Admin/Upload/newsUpload
INFO: [ app_init ] --START--
INFO: Run Behavior\BuildLiteBehavior [ RunTime:0.000050s ]
INFO: [ app_init ] --END-- [ RunTime:0.000737s ]

[ 2015-10-22T15:58:59+08:00 ] ::1 /HFS/index.php/Admin/Upload/newsUpload
INFO: [ app_init ] --START--
INFO: Run Behavior\BuildLiteBehavior [ RunTime:0.000035s ]
INFO: [ app_init ] --END-- [ RunTime:0.000659s ]

[ 2015-10-22T15:59:30+08:00 ] ::1 /HFS/index.php/Admin/Upload/newsUpload
INFO: [ app_init ] --START--
INFO: Run Behavior\BuildLiteBehavior [ RunTime:0.000130s ]
INFO: [ app_init ] --END-- [ RunTime:0.001050s ]

[ 2015-10-22T15:59:50+08:00 ] ::1 /HFS/index.php/Admin/Upload/newsUpload
INFO: [ app_init ] --START--
INFO: Run Behavior\BuildLiteBehavior [ RunTime:0.000050s ]
INFO: [ app_init ] --END-- [ RunTime:0.000725s ]

[ 2015-10-22T16:00:02+08:00 ] ::1 /HFS/index.php/Admin/Upload/newsUpload
INFO: [ app_init ] --START--
INFO: Run Behavior\BuildLiteBehavior [ RunTime:0.000035s ]
INFO: [ app_init ] --END-- [ RunTime:0.000523s ]

[ 2015-10-22T16:00:04+08:00 ] ::1 /HFS/index.php/Admin/Upload/newsUpload
INFO: [ app_init ] --START--
INFO: Run Behavior\BuildLiteBehavior [ RunTime:0.000036s ]
INFO: [ app_init ] --END-- [ RunTime:0.000527s ]

[ 2015-10-22T16:00:04+08:00 ] ::1 /HFS/index.php/Admin/Upload/newsUpload
INFO: [ app_init ] --START--
INFO: Run Behavior\BuildLiteBehavior [ RunTime:0.000056s ]
INFO: [ app_init ] --END-- [ RunTime:0.000718s ]

[ 2015-10-22T16:00:04+08:00 ] ::1 /HFS/index.php/Admin/Upload/newsUpload
INFO: [ app_init ] --START--
INFO: Run Behavior\BuildLiteBehavior [ RunTime:0.000054s ]
INFO: [ app_init ] --END-- [ RunTime:0.000767s ]

[ 2015-10-22T16:00:04+08:00 ] ::1 /HFS/index.php/Admin/Upload/newsUpload
INFO: [ app_init ] --START--
INFO: Run Behavior\BuildLiteBehavior [ RunTime:0.000051s ]
INFO: [ app_init ] --END-- [ RunTime:0.000744s ]

[ 2015-10-22T16:00:05+08:00 ] ::1 /HFS/index.php/Admin/Upload/newsUpload
INFO: [ app_init ] --START--
INFO: Run Behavior\BuildLiteBehavior [ RunTime:0.000032s ]
INFO: [ app_init ] --END-- [ RunTime:0.000454s ]

[ 2015-10-22T16:00:15+08:00 ] ::1 /HFS/index.php/Admin/Upload/newsUpload
INFO: [ app_init ] --START--
INFO: Run Behavior\BuildLiteBehavior [ RunTime:0.000032s ]
INFO: [ app_init ] --END-- [ RunTime:0.000512s ]

[ 2015-10-22T16:00:16+08:00 ] ::1 /HFS/index.php/Admin/Upload/newsUpload
INFO: [ app_init ] --START--
INFO: Run Behavior\BuildLiteBehavior [ RunTime:0.000041s ]
INFO: [ app_init ] --END-- [ RunTime:0.000746s ]

[ 2015-10-22T16:00:16+08:00 ] ::1 /HFS/index.php/Admin/Upload/newsUpload
INFO: [ app_init ] --START--
INFO: Run Behavior\BuildLiteBehavior [ RunTime:0.000035s ]
INFO: [ app_init ] --END-- [ RunTime:0.000525s ]

[ 2015-10-22T16:00:16+08:00 ] ::1 /HFS/index.php/Admin/Upload/newsUpload
INFO: [ app_init ] --START--
INFO: Run Behavior\BuildLiteBehavior [ RunTime:0.000056s ]
INFO: [ app_init ] --END-- [ RunTime:0.000847s ]

[ 2015-10-22T16:00:44+08:00 ] ::1 /HFS/index.php/Admin/Upload/newsUpload
INFO: [ app_init ] --START--
INFO: Run Behavior\BuildLiteBehavior [ RunTime:0.000035s ]
INFO: [ app_init ] --END-- [ RunTime:0.000543s ]

[ 2015-10-22T16:02:34+08:00 ] ::1 /HFS/index.php/Admin/Upload/newsUpload
INFO: [ app_init ] --START--
INFO: Run Behavior\BuildLiteBehavior [ RunTime:0.000045s ]
INFO: [ app_init ] --END-- [ RunTime:0.000670s ]

[ 2015-10-22T16:02:36+08:00 ] ::1 /HFS/index.php/Admin/Upload/newsUpload
INFO: [ app_init ] --START--
INFO: Run Behavior\BuildLiteBehavior [ RunTime:0.000050s ]
INFO: [ app_init ] --END-- [ RunTime:0.000634s ]

[ 2015-10-22T16:02:37+08:00 ] ::1 /HFS/index.php/Admin/Upload/newsUpload
INFO: [ app_init ] --START--
INFO: Run Behavior\BuildLiteBehavior [ RunTime:0.000048s ]
INFO: [ app_init ] --END-- [ RunTime:0.000595s ]

[ 2015-10-22T16:03:32+08:00 ] ::1 /HFS/index.php/Admin/Upload/newsUpload
INFO: [ app_init ] --START--
INFO: Run Behavior\BuildLiteBehavior [ RunTime:0.000033s ]
INFO: [ app_init ] --END-- [ RunTime:0.000608s ]

[ 2015-10-22T16:03:58+08:00 ] ::1 /HFS/index.php/Admin/Upload/newsUpload
INFO: [ app_init ] --START--
INFO: Run Behavior\BuildLiteBehavior [ RunTime:0.000056s ]
INFO: [ app_init ] --END-- [ RunTime:0.000658s ]

[ 2015-10-22T16:04:18+08:00 ] ::1 /HFS/index.php/Admin/Upload/newsUpload
INFO: [ app_init ] --START--
INFO: Run Behavior\BuildLiteBehavior [ RunTime:0.000050s ]
INFO: [ app_init ] --END-- [ RunTime:0.000743s ]

[ 2015-10-22T16:04:31+08:00 ] ::1 /HFS/index.php/Admin/Upload/newsUpload
INFO: [ app_init ] --START--
INFO: Run Behavior\BuildLiteBehavior [ RunTime:0.000046s ]
INFO: [ app_init ] --END-- [ RunTime:0.000676s ]

[ 2015-10-22T16:04:32+08:00 ] ::1 /HFS/index.php/Admin/Upload/newsUpload
INFO: [ app_init ] --START--
INFO: Run Behavior\BuildLiteBehavior [ RunTime:0.000058s ]
INFO: [ app_init ] --END-- [ RunTime:0.000825s ]

[ 2015-10-22T16:04:40+08:00 ] ::1 /HFS/index.php/Admin/Upload/newsUpload
INFO: [ app_init ] --START--
INFO: Run Behavior\BuildLiteBehavior [ RunTime:0.000046s ]
INFO: [ app_init ] --END-- [ RunTime:0.000658s ]

[ 2015-10-22T16:04:59+08:00 ] ::1 /HFS/index.php/Admin/Upload/newsUpload
INFO: [ app_init ] --START--
INFO: Run Behavior\BuildLiteBehavior [ RunTime:0.000049s ]
INFO: [ app_init ] --END-- [ RunTime:0.000678s ]

[ 2015-10-22T16:05:19+08:00 ] ::1 /HFS/index.php/Admin/Upload/newsUpload
INFO: [ app_init ] --START--
INFO: Run Behavior\BuildLiteBehavior [ RunTime:0.000034s ]
INFO: [ app_init ] --END-- [ RunTime:0.000599s ]

[ 2015-10-22T16:05:27+08:00 ] ::1 /HFS/index.php/Admin/Upload/newsUpload
INFO: [ app_init ] --START--
INFO: Run Behavior\BuildLiteBehavior [ RunTime:0.000034s ]
INFO: [ app_init ] --END-- [ RunTime:0.000506s ]

[ 2015-10-22T16:05:34+08:00 ] ::1 /HFS/index.php/Admin/Upload/newsUpload
INFO: [ app_init ] --START--
INFO: Run Behavior\BuildLiteBehavior [ RunTime:0.000055s ]
INFO: [ app_init ] --END-- [ RunTime:0.000834s ]

[ 2015-10-22T16:05:46+08:00 ] ::1 /HFS/index.php/Admin/Upload/newsUpload
INFO: [ app_init ] --START--
INFO: Run Behavior\BuildLiteBehavior [ RunTime:0.000059s ]
INFO: [ app_init ] --END-- [ RunTime:0.000780s ]

[ 2015-10-22T16:05:54+08:00 ] ::1 /HFS/index.php/Admin/Upload/newsUpload
INFO: [ app_init ] --START--
INFO: Run Behavior\BuildLiteBehavior [ RunTime:0.000136s ]
INFO: [ app_init ] --END-- [ RunTime:0.001789s ]

[ 2015-10-22T16:06:03+08:00 ] ::1 /HFS/index.php/Admin/Upload/newsUpload
INFO: [ app_init ] --START--
INFO: Run Behavior\BuildLiteBehavior [ RunTime:0.000035s ]
INFO: [ app_init ] --END-- [ RunTime:0.000544s ]

[ 2015-10-22T16:06:30+08:00 ] ::1 /HFS/index.php/Admin/Upload/newsUpload
INFO: [ app_init ] --START--
INFO: Run Behavior\BuildLiteBehavior [ RunTime:0.000032s ]
INFO: [ app_init ] --END-- [ RunTime:0.000499s ]

[ 2015-10-22T16:06:52+08:00 ] ::1 /HFS/index.php/Admin/Upload/newsUpload
INFO: [ app_init ] --START--
INFO: Run Behavior\BuildLiteBehavior [ RunTime:0.000036s ]
INFO: [ app_init ] --END-- [ RunTime:0.000509s ]

[ 2015-10-22T16:07:00+08:00 ] ::1 /HFS/index.php/Admin/Upload/newsUpload
INFO: [ app_init ] --START--
INFO: Run Behavior\BuildLiteBehavior [ RunTime:0.000036s ]
INFO: [ app_init ] --END-- [ RunTime:0.000752s ]

[ 2015-10-22T16:07:05+08:00 ] ::1 /HFS/index.php/Admin/Upload/newsUpload
INFO: [ app_init ] --START--
INFO: Run Behavior\BuildLiteBehavior [ RunTime:0.000056s ]
INFO: [ app_init ] --END-- [ RunTime:0.001023s ]

[ 2015-10-22T16:07:15+08:00 ] ::1 /HFS/index.php/Admin/Upload/newsUpload
INFO: [ app_init ] --START--
INFO: Run Behavior\BuildLiteBehavior [ RunTime:0.000048s ]
INFO: [ app_init ] --END-- [ RunTime:0.000690s ]

[ 2015-10-22T16:07:37+08:00 ] ::1 /HFS/index.php/Admin/Upload/newsUpload
INFO: [ app_init ] --START--
INFO: Run Behavior\BuildLiteBehavior [ RunTime:0.000047s ]
INFO: [ app_init ] --END-- [ RunTime:0.000645s ]

[ 2015-10-22T16:07:44+08:00 ] ::1 /HFS/index.php/Admin/Upload/reportUpload
INFO: [ app_init ] --START--
INFO: Run Behavior\BuildLiteBehavior [ RunTime:0.000051s ]
INFO: [ app_init ] --END-- [ RunTime:0.000755s ]
ERR: 模板不存在:./Appliaction/Admin/View/Upload/reportUpload.html

[ 2015-10-22T16:09:58+08:00 ] ::1 /HFS/index.php/Admin/Upload/newsUpload
INFO: [ app_init ] --START--
INFO: Run Behavior\BuildLiteBehavior [ RunTime:0.000037s ]
INFO: [ app_init ] --END-- [ RunTime:0.000891s ]

[ 2015-10-22T16:09:58+08:00 ] ::1 /HFS/index.php/Admin/Upload/reportUpload
INFO: [ app_init ] --START--
INFO: Run Behavior\BuildLiteBehavior [ RunTime:0.000060s ]
INFO: [ app_init ] --END-- [ RunTime:0.000794s ]

[ 2015-10-22T16:09:59+08:00 ] ::1 /HFS/index.php/Admin/Upload/noticeUpload
INFO: [ app_init ] --START--
INFO: Run Behavior\BuildLiteBehavior [ RunTime:0.000033s ]
INFO: [ app_init ] --END-- [ RunTime:0.000521s ]

[ 2015-10-22T16:11:15+08:00 ] ::1 /HFS/index.php/Admin/Upload/noticeUpload
INFO: [ app_init ] --START--
INFO: Run Behavior\BuildLiteBehavior [ RunTime:0.000056s ]
INFO: [ app_init ] --END-- [ RunTime:0.001063s ]

[ 2015-10-22T16:11:19+08:00 ] ::1 /HFS/index.php/Admin/Upload/reportUpload
INFO: [ app_init ] --START--
INFO: Run Behavior\BuildLiteBehavior [ RunTime:0.000044s ]
INFO: [ app_init ] --END-- [ RunTime:0.000645s ]

[ 2015-10-22T16:11:22+08:00 ] ::1 /HFS/index.php/Admin/Upload/newsUpload
INFO: [ app_init ] --START--
INFO: Run Behavior\BuildLiteBehavior [ RunTime:0.000054s ]
INFO: [ app_init ] --END-- [ RunTime:0.000755s ]

[ 2015-10-22T16:11:56+08:00 ] ::1 /HFS/index.php/Admin/Upload/newsUpload
INFO: [ app_init ] --START--
INFO: Run Behavior\BuildLiteBehavior [ RunTime:0.000034s ]
INFO: [ app_init ] --END-- [ RunTime:0.000536s ]

[ 2015-10-22T16:11:57+08:00 ] ::1 /HFS/index.php/Admin/Upload/newsUpload
INFO: [ app_init ] --START--
INFO: Run Behavior\BuildLiteBehavior [ RunTime:0.000053s ]
INFO: [ app_init ] --END-- [ RunTime:0.000734s ]

[ 2015-10-22T16:11:58+08:00 ] ::1 /HFS/index.php/Admin/Upload/newsUpload
INFO: [ app_init ] --START--
INFO: Run Behavior\BuildLiteBehavior [ RunTime:0.000054s ]
INFO: [ app_init ] --END-- [ RunTime:0.000732s ]

[ 2015-10-22T16:11:59+08:00 ] ::1 /HFS/index.php/Admin/Upload/newsUpload
INFO: [ app_init ] --START--
INFO: Run Behavior\BuildLiteBehavior [ RunTime:0.000038s ]
INFO: [ app_init ] --END-- [ RunTime:0.000780s ]

[ 2015-10-22T16:11:59+08:00 ] ::1 /HFS/index.php/Admin/Upload/newsUpload
INFO: [ app_init ] --START--
INFO: Run Behavior\BuildLiteBehavior [ RunTime:0.000031s ]
INFO: [ app_init ] --END-- [ RunTime:0.000544s ]

[ 2015-10-22T16:11:59+08:00 ] ::1 /HFS/index.php/Admin/Upload/newsUpload
INFO: [ app_init ] --START--
INFO: Run Behavior\BuildLiteBehavior [ RunTime:0.000030s ]
INFO: [ app_init ] --END-- [ RunTime:0.000503s ]

[ 2015-10-22T16:11:59+08:00 ] ::1 /HFS/index.php/Admin/Upload/newsUpload
INFO: [ app_init ] --START--
INFO: Run Behavior\BuildLiteBehavior [ RunTime:0.000053s ]
INFO: [ app_init ] --END-- [ RunTime:0.000707s ]

[ 2015-10-22T16:11:59+08:00 ] ::1 /HFS/index.php/Admin/Upload/newsUpload
INFO: [ app_init ] --START--
INFO: Run Behavior\BuildLiteBehavior [ RunTime:0.000055s ]
INFO: [ app_init ] --END-- [ RunTime:0.000725s ]

[ 2015-10-22T16:12:00+08:00 ] ::1 /HFS/index.php/Admin/Upload/newsUpload
INFO: [ app_init ] --START--
INFO: Run Behavior\BuildLiteBehavior [ RunTime:0.000034s ]
INFO: [ app_init ] --END-- [ RunTime:0.000524s ]

[ 2015-10-22T16:12:02+08:00 ] ::1 /HFS/index.php/Admin/Upload/newsUpload
INFO: [ app_init ] --START--
INFO: Run Behavior\BuildLiteBehavior [ RunTime:0.000053s ]
INFO: [ app_init ] --END-- [ RunTime:0.000939s ]

[ 2015-10-22T16:12:02+08:00 ] ::1 /HFS/index.php/Admin/Upload/newsUpload
INFO: [ app_init ] --START--
INFO: Run Behavior\BuildLiteBehavior [ RunTime:0.000057s ]
INFO: [ app_init ] --END-- [ RunTime:0.000847s ]

[ 2015-10-22T16:12:03+08:00 ] ::1 /HFS/index.php/Admin/Upload/newsUpload
INFO: [ app_init ] --START--
INFO: Run Behavior\BuildLiteBehavior [ RunTime:0.000056s ]
INFO: [ app_init ] --END-- [ RunTime:0.001044s ]

[ 2015-10-22T16:12:04+08:00 ] ::1 /HFS/index.php/Admin/Upload/newsUpload
INFO: [ app_init ] --START--
INFO: Run Behavior\BuildLiteBehavior [ RunTime:0.000049s ]
INFO: [ app_init ] --END-- [ RunTime:0.000771s ]

[ 2015-10-22T16:12:04+08:00 ] ::1 /HFS/index.php/Admin/Upload/newsUpload
INFO: [ app_init ] --START--
INFO: Run Behavior\BuildLiteBehavior [ RunTime:0.000033s ]
INFO: [ app_init ] --END-- [ RunTime:0.000546s ]

[ 2015-10-22T16:12:04+08:00 ] ::1 /HFS/index.php/Admin/Upload/newsUpload
INFO: [ app_init ] --START--
INFO: Run Behavior\BuildLiteBehavior [ RunTime:0.000051s ]
INFO: [ app_init ] --END-- [ RunTime:0.000671s ]

[ 2015-10-22T16:12:18+08:00 ] ::1 /HFS/index.php/Admin/Upload/
INFO: [ app_init ] --START--
INFO: Run Behavior\BuildLiteBehavior [ RunTime:0.000034s ]
INFO: [ app_init ] --END-- [ RunTime:0.000574s ]

[ 2015-10-22T16:12:22+08:00 ] ::1 /HFS/index.php/Admin/Upload/
INFO: [ app_init ] --START--
INFO: Run Behavior\BuildLiteBehavior [ RunTime:0.000055s ]
INFO: [ app_init ] --END-- [ RunTime:0.000751s ]

[ 2015-10-22T16:12:23+08:00 ] ::1 /HFS/index.php/Admin/Upload/
INFO: [ app_init ] --START--
INFO: Run Behavior\BuildLiteBehavior [ RunTime:0.000032s ]
INFO: [ app_init ] --END-- [ RunTime:0.000484s ]

[ 2015-10-22T16:12:24+08:00 ] ::1 /HFS/index.php/Admin/Upload/
INFO: [ app_init ] --START--
INFO: Run Behavior\BuildLiteBehavior [ RunTime:0.000045s ]
INFO: [ app_init ] --END-- [ RunTime:0.000563s ]

[ 2015-10-22T16:12:30+08:00 ] ::1 /HFS/index.php/Admin/
INFO: [ app_init ] --START--
INFO: Run Behavior\BuildLiteBehavior [ RunTime:0.000047s ]
INFO: [ app_init ] --END-- [ RunTime:0.000630s ]

[ 2015-10-22T16:12:32+08:00 ] ::1 /HFS/index.php/Admin/Upload/newsUpload
INFO: [ app_init ] --START--
INFO: Run Behavior\BuildLiteBehavior [ RunTime:0.000033s ]
INFO: [ app_init ] --END-- [ RunTime:0.000485s ]

[ 2015-10-22T16:12:52+08:00 ] ::1 /HFS/index.php/Admin/Upload/newsUpload
INFO: [ app_init ] --START--
INFO: Run Behavior\BuildLiteBehavior [ RunTime:0.000050s ]
INFO: [ app_init ] --END-- [ RunTime:0.000782s ]

[ 2015-10-22T16:12:52+08:00 ] ::1 /HFS/index.php/Admin/Upload/newsUpload
INFO: [ app_init ] --START--
INFO: Run Behavior\BuildLiteBehavior [ RunTime:0.000050s ]
INFO: [ app_init ] --END-- [ RunTime:0.000799s ]

[ 2015-10-22T16:12:53+08:00 ] ::1 /HFS/index.php/Admin/Upload/newsUpload
INFO: [ app_init ] --START--
INFO: Run Behavior\BuildLiteBehavior [ RunTime:0.000122s ]
INFO: [ app_init ] --END-- [ RunTime:0.001103s ]

[ 2015-10-22T16:12:53+08:00 ] ::1 /HFS/index.php/Admin/Upload/newsUpload
INFO: [ app_init ] --START--
INFO: Run Behavior\BuildLiteBehavior [ RunTime:0.000053s ]
INFO: [ app_init ] --END-- [ RunTime:0.000791s ]

[ 2015-10-22T16:12:53+08:00 ] ::1 /HFS/index.php/Admin/Upload/newsUpload
INFO: [ app_init ] --START--
INFO: Run Behavior\BuildLiteBehavior [ RunTime:0.000049s ]
INFO: [ app_init ] --END-- [ RunTime:0.000635s ]

[ 2015-10-22T16:12:53+08:00 ] ::1 /HFS/index.php/Admin/Upload/newsUpload
INFO: [ app_init ] --START--
INFO: Run Behavior\BuildLiteBehavior [ RunTime:0.000033s ]
INFO: [ app_init ] --END-- [ RunTime:0.000651s ]

[ 2015-10-22T16:12:54+08:00 ] ::1 /HFS/index.php/Admin/Upload/newsUpload
INFO: [ app_init ] --START--
INFO: Run Behavior\BuildLiteBehavior [ RunTime:0.000035s ]
INFO: [ app_init ] --END-- [ RunTime:0.000835s ]

[ 2015-10-22T16:12:54+08:00 ] ::1 /HFS/index.php/Admin/Upload/newsUpload
INFO: [ app_init ] --START--
INFO: Run Behavior\BuildLiteBehavior [ RunTime:0.000047s ]
INFO: [ app_init ] --END-- [ RunTime:0.000696s ]

[ 2015-10-22T16:12:54+08:00 ] ::1 /HFS/index.php/Admin/Upload/newsUpload
INFO: [ app_init ] --START--
INFO: Run Behavior\BuildLiteBehavior [ RunTime:0.000063s ]
INFO: [ app_init ] --END-- [ RunTime:0.000818s ]

[ 2015-10-22T16:13:02+08:00 ] ::1 /HFS/index.php/Admin/Upload/newsUpload
INFO: [ app_init ] --START--
INFO: Run Behavior\BuildLiteBehavior [ RunTime:0.000035s ]
INFO: [ app_init ] --END-- [ RunTime:0.000583s ]

[ 2015-10-22T16:13:03+08:00 ] ::1 /HFS/index.php/Admin/Upload/newsUpload
INFO: [ app_init ] --START--
INFO: Run Behavior\BuildLiteBehavior [ RunTime:0.000034s ]
INFO: [ app_init ] --END-- [ RunTime:0.000563s ]

[ 2015-10-22T16:13:06+08:00 ] ::1 /HFS/index.php/Admin/Upload/newsUpload
INFO: [ app_init ] --START--
INFO: Run Behavior\BuildLiteBehavior [ RunTime:0.000052s ]
INFO: [ app_init ] --END-- [ RunTime:0.000811s ]

[ 2015-10-22T16:13:25+08:00 ] ::1 /HFS/index.php/Admin/Upload/newsUpload
INFO: [ app_init ] --START--
INFO: Run Behavior\BuildLiteBehavior [ RunTime:0.000053s ]
INFO: [ app_init ] --END-- [ RunTime:0.000773s ]

[ 2015-10-22T16:13:58+08:00 ] ::1 /HFS/index.php/Admin/Upload/newsUpload
INFO: [ app_init ] --START--
INFO: Run Behavior\BuildLiteBehavior [ RunTime:0.000048s ]
INFO: [ app_init ] --END-- [ RunTime:0.000731s ]

[ 2015-10-22T16:14:00+08:00 ] ::1 /HFS/index.php/Admin/Upload/newsUpload
INFO: [ app_init ] --START--
INFO: Run Behavior\BuildLiteBehavior [ RunTime:0.000057s ]
INFO: [ app_init ] --END-- [ RunTime:0.000730s ]

[ 2015-10-22T16:14:10+08:00 ] ::1 /HFS/index.php/Admin/Upload/newsUpload
INFO: [ app_init ] --START--
INFO: Run Behavior\BuildLiteBehavior [ RunTime:0.000034s ]
INFO: [ app_init ] --END-- [ RunTime:0.000503s ]

[ 2015-10-22T16:14:13+08:00 ] ::1 /HFS/index.php/Admin/Upload/reportUpload
INFO: [ app_init ] --START--
INFO: Run Behavior\BuildLiteBehavior [ RunTime:0.000050s ]
INFO: [ app_init ] --END-- [ RunTime:0.000671s ]

[ 2015-10-22T16:14:40+08:00 ] ::1 /HFS/index.php/Admin/Upload/reportUpload
INFO: [ app_init ] --START--
INFO: Run Behavior\BuildLiteBehavior [ RunTime:0.000055s ]
INFO: [ app_init ] --END-- [ RunTime:0.000733s ]

[ 2015-10-22T16:14:43+08:00 ] ::1 /HFS/index.php/Admin/Upload/reportUpload
INFO: [ app_init ] --START--
INFO: Run Behavior\BuildLiteBehavior [ RunTime:0.000046s ]
INFO: [ app_init ] --END-- [ RunTime:0.000670s ]

[ 2015-10-22T16:14:44+08:00 ] ::1 /HFS/index.php/Admin/Upload/noticeUpload
INFO: [ app_init ] --START--
INFO: Run Behavior\BuildLiteBehavior [ RunTime:0.000036s ]
INFO: [ app_init ] --END-- [ RunTime:0.000619s ]

[ 2015-10-22T16:15:11+08:00 ] ::1 /HFS/index.php/Admin/Upload/noticeUpload
INFO: [ app_init ] --START--
INFO: Run Behavior\BuildLiteBehavior [ RunTime:0.000067s ]
INFO: [ app_init ] --END-- [ RunTime:0.000985s ]

[ 2015-10-22T16:15:15+08:00 ] ::1 /HFS/index.php/Admin/Upload/noticeUpload
INFO: [ app_init ] --START--
INFO: Run Behavior\BuildLiteBehavior [ RunTime:0.000051s ]
INFO: [ app_init ] --END-- [ RunTime:0.000723s ]

[ 2015-10-22T16:15:15+08:00 ] ::1 /HFS/index.php/Admin/Upload/reportUpload
INFO: [ app_init ] --START--
INFO: Run Behavior\BuildLiteBehavior [ RunTime:0.000035s ]
INFO: [ app_init ] --END-- [ RunTime:0.000453s ]

[ 2015-10-22T16:15:17+08:00 ] ::1 /HFS/index.php/Admin/Upload/newsUpload
INFO: [ app_init ] --START--
INFO: Run Behavior\BuildLiteBehavior [ RunTime:0.000051s ]
INFO: [ app_init ] --END-- [ RunTime:0.000599s ]

[ 2015-10-22T16:15:19+08:00 ] ::1 /HFS/index.php/Admin/Upload/reportUpload
INFO: [ app_init ] --START--
INFO: Run Behavior\BuildLiteBehavior [ RunTime:0.000035s ]
INFO: [ app_init ] --END-- [ RunTime:0.000508s ]

[ 2015-10-22T16:32:24+08:00 ] ::1 /HFS/index.php/Admin/Upload/noticeUpload
INFO: [ app_init ] --START--
INFO: Run Behavior\BuildLiteBehavior [ RunTime:0.000033s ]
INFO: [ app_init ] --END-- [ RunTime:0.000595s ]

[ 2015-10-22T16:32:27+08:00 ] ::1 /HFS/index.php/Admin/Upload/newsUpload
INFO: [ app_init ] --START--
INFO: Run Behavior\BuildLiteBehavior [ RunTime:0.000051s ]
INFO: [ app_init ] --END-- [ RunTime:0.000681s ]

[ 2015-10-22T16:32:54+08:00 ] ::1 /HFS/index.php/Admin/Upload/newsUpload
INFO: [ app_init ] --START--
INFO: Run Behavior\BuildLiteBehavior [ RunTime:0.000043s ]
INFO: [ app_init ] --END-- [ RunTime:0.024869s ]

[ 2015-10-22T16:39:53+08:00 ] ::1 /HFS/index.php/Admin/Upload/reportUpload
INFO: [ app_init ] --START--
INFO: Run Behavior\BuildLiteBehavior [ RunTime:0.000035s ]
INFO: [ app_init ] --END-- [ RunTime:0.000817s ]

[ 2015-10-22T16:40:33+08:00 ] ::1 /HFS/index.php/Admin/Upload/reportUpload
INFO: [ app_init ] --START--
INFO: Run Behavior\BuildLiteBehavior [ RunTime:0.000033s ]
INFO: [ app_init ] --END-- [ RunTime:0.000605s ]

[ 2015-10-22T16:42:07+08:00 ] ::1 /HFS/index.php/Admin/Upload/newsUpload
INFO: [ app_init ] --START--
INFO: Run Behavior\BuildLiteBehavior [ RunTime:0.000033s ]
INFO: [ app_init ] --END-- [ RunTime:0.000527s ]

[ 2015-10-22T16:42:35+08:00 ] ::1 /HFS/index.php/Admin/Upload/newsUpload
INFO: [ app_init ] --START--
INFO: Run Behavior\BuildLiteBehavior [ RunTime:0.000033s ]
INFO: [ app_init ] --END-- [ RunTime:0.000514s ]

[ 2015-10-22T16:42:38+08:00 ] ::1 /HFS/index.php/Admin/Upload/reportUpload
INFO: [ app_init ] --START--
INFO: Run Behavior\BuildLiteBehavior [ RunTime:0.000056s ]
INFO: [ app_init ] --END-- [ RunTime:0.000670s ]

[ 2015-10-22T16:42:56+08:00 ] ::1 /HFS/index.php/Admin/Upload/reportUpload
INFO: [ app_init ] --START--
INFO: Run Behavior\BuildLiteBehavior [ RunTime:0.000046s ]
INFO: [ app_init ] --END-- [ RunTime:0.000649s ]

[ 2015-10-22T16:43:23+08:00 ] ::1 /HFS/index.php/Admin/Upload/reportUpload
INFO: [ app_init ] --START--
INFO: Run Behavior\BuildLiteBehavior [ RunTime:0.000046s ]
INFO: [ app_init ] --END-- [ RunTime:0.000711s ]

[ 2015-10-22T16:44:31+08:00 ] ::1 /HFS/index.php/Admin/Upload/reportUpload
INFO: [ app_init ] --START--
INFO: Run Behavior\BuildLiteBehavior [ RunTime:0.000057s ]
INFO: [ app_init ] --END-- [ RunTime:0.000755s ]

[ 2015-10-22T16:46:18+08:00 ] ::1 /HFS/index.php/Admin/Upload/noticeUpload
INFO: [ app_init ] --START--
INFO: Run Behavior\BuildLiteBehavior [ RunTime:0.000050s ]
INFO: [ app_init ] --END-- [ RunTime:0.000745s ]

[ 2015-10-22T16:46:43+08:00 ] ::1 /HFS/index.php/Admin/Upload/noticeUpload
INFO: [ app_init ] --START--
INFO: Run Behavior\BuildLiteBehavior [ RunTime:0.000033s ]
INFO: [ app_init ] --END-- [ RunTime:0.000576s ]

[ 2015-10-22T16:46:57+08:00 ] ::1 /HFS/index.php/Admin/Upload/noticeUpload
INFO: [ app_init ] --START--
INFO: Run Behavior\BuildLiteBehavior [ RunTime:0.000034s ]
INFO: [ app_init ] --END-- [ RunTime:0.000525s ]

[ 2015-10-22T16:47:00+08:00 ] ::1 /HFS/index.php/Admin/Upload/reportUpload
INFO: [ app_init ] --START--
INFO: Run Behavior\BuildLiteBehavior [ RunTime:0.000043s ]
INFO: [ app_init ] --END-- [ RunTime:0.000698s ]

[ 2015-10-22T16:49:36+08:00 ] ::1 /HFS/index.php/Admin/Upload/noticeUpload
INFO: [ app_init ] --START--
INFO: Run Behavior\BuildLiteBehavior [ RunTime:0.000033s ]
INFO: [ app_init ] --END-- [ RunTime:0.000536s ]

[ 2015-10-22T16:49:45+08:00 ] ::1 /HFS/index.php/Admin/Upload/noticeUpload
INFO: [ app_init ] --START--
INFO: Run Behavior\BuildLiteBehavior [ RunTime:0.000033s ]
INFO: [ app_init ] --END-- [ RunTime:0.000539s ]

[ 2015-10-22T16:51:02+08:00 ] ::1 /HFS/index.php/Admin/Upload/noticeUpload
INFO: [ app_init ] --START--
INFO: Run Behavior\BuildLiteBehavior [ RunTime:0.000033s ]
INFO: [ app_init ] --END-- [ RunTime:0.000530s ]

[ 2015-10-22T16:51:49+08:00 ] ::1 /HFS/index.php/Admin/Upload/noticeUpload
INFO: [ app_init ] --START--
INFO: Run Behavior\BuildLiteBehavior [ RunTime:0.000034s ]
INFO: [ app_init ] --END-- [ RunTime:0.000551s ]

[ 2015-10-22T16:53:14+08:00 ] ::1 /HFS/index.php/Admin/Upload/noticeUpload
INFO: [ app_init ] --START--
INFO: Run Behavior\BuildLiteBehavior [ RunTime:0.000035s ]
INFO: [ app_init ] --END-- [ RunTime:0.000716s ]

[ 2015-10-22T16:54:31+08:00 ] ::1 /HFS/index.php/Admin/Upload/noticeUpload
INFO: [ app_init ] --START--
INFO: Run Behavior\BuildLiteBehavior [ RunTime:0.000045s ]
INFO: [ app_init ] --END-- [ RunTime:0.000625s ]

[ 2015-10-22T16:54:47+08:00 ] ::1 /HFS/index.php/Admin/Upload/noticeUpload
INFO: [ app_init ] --START--
INFO: Run Behavior\BuildLiteBehavior [ RunTime:0.000033s ]
INFO: [ app_init ] --END-- [ RunTime:0.000514s ]

[ 2015-10-22T16:55:48+08:00 ] ::1 /HFS/index.php/Admin/Upload/noticeUpload
INFO: [ app_init ] --START--
INFO: Run Behavior\BuildLiteBehavior [ RunTime:0.000035s ]
INFO: [ app_init ] --END-- [ RunTime:0.000622s ]

[ 2015-10-22T16:56:08+08:00 ] ::1 /HFS/index.php/Admin/Upload/noticeUpload
INFO: [ app_init ] --START--
INFO: Run Behavior\BuildLiteBehavior [ RunTime:0.000034s ]
INFO: [ app_init ] --END-- [ RunTime:0.000612s ]

[ 2015-10-22T16:57:10+08:00 ] ::1 /HFS/index.php/Admin/Upload/noticeUpload
INFO: [ app_init ] --START--
INFO: Run Behavior\BuildLiteBehavior [ RunTime:0.000045s ]
INFO: [ app_init ] --END-- [ RunTime:0.000683s ]

[ 2015-10-22T16:57:52+08:00 ] ::1 /HFS/index.php/Admin/Upload/noticeUpload
INFO: [ app_init ] --START--
INFO: Run Behavior\BuildLiteBehavior [ RunTime:0.000064s ]
INFO: [ app_init ] --END-- [ RunTime:0.001476s ]

[ 2015-10-22T16:57:59+08:00 ] ::1 /HFS/index.php/Admin/Upload/noticeUpload
INFO: [ app_init ] --START--
INFO: Run Behavior\BuildLiteBehavior [ RunTime:0.000048s ]
INFO: [ app_init ] --END-- [ RunTime:0.000818s ]

[ 2015-10-22T17:00:34+08:00 ] ::1 /HFS/index.php/Admin/Upload/noticeUpload
INFO: [ app_init ] --START--
INFO: Run Behavior\BuildLiteBehavior [ RunTime:0.000072s ]
INFO: [ app_init ] --END-- [ RunTime:0.000690s ]

[ 2015-10-22T17:00:37+08:00 ] ::1 /HFS/index.php/Admin/Upload/reportUpload
INFO: [ app_init ] --START--
INFO: Run Behavior\BuildLiteBehavior [ RunTime:0.000046s ]
INFO: [ app_init ] --END-- [ RunTime:0.000648s ]

[ 2015-10-22T17:02:26+08:00 ] ::1 /HFS/index.php/Admin/Upload/newsUpload
INFO: [ app_init ] --START--
INFO: Run Behavior\BuildLiteBehavior [ RunTime:0.000031s ]
INFO: [ app_init ] --END-- [ RunTime:0.000499s ]

[ 2015-10-22T17:02:54+08:00 ] ::1 /HFS/index.php/Admin/Upload/newsUpload
INFO: [ app_init ] --START--
INFO: Run Behavior\BuildLiteBehavior [ RunTime:0.000041s ]
INFO: [ app_init ] --END-- [ RunTime:0.000734s ]

[ 2015-10-22T17:02:56+08:00 ] ::1 /HFS/index.php/Admin/Upload/reportUpload
INFO: [ app_init ] --START--
INFO: Run Behavior\BuildLiteBehavior [ RunTime:0.000057s ]
INFO: [ app_init ] --END-- [ RunTime:0.000530s ]

[ 2015-10-22T17:03:33+08:00 ] ::1 /HFS/index.php/Admin/Upload/reportUpload
INFO: [ app_init ] --START--
INFO: Run Behavior\BuildLiteBehavior [ RunTime:0.000031s ]
INFO: [ app_init ] --END-- [ RunTime:0.000534s ]

[ 2015-10-22T17:03:34+08:00 ] ::1 /HFS/index.php/Admin/Upload/noticeUpload
INFO: [ app_init ] --START--
INFO: Run Behavior\BuildLiteBehavior [ RunTime:0.000058s ]
INFO: [ app_init ] --END-- [ RunTime:0.000798s ]

[ 2015-10-22T17:04:14+08:00 ] ::1 /HFS/index.php/Admin/Upload/noticeUpload
INFO: [ app_init ] --START--
INFO: Run Behavior\BuildLiteBehavior [ RunTime:0.000054s ]
INFO: [ app_init ] --END-- [ RunTime:0.000747s ]

[ 2015-10-22T17:05:11+08:00 ] ::1 /HFS/index.php/Admin/Upload/noticeUpload
INFO: [ app_init ] --START--
INFO: Run Behavior\BuildLiteBehavior [ RunTime:0.000058s ]
INFO: [ app_init ] --END-- [ RunTime:0.000840s ]

[ 2015-10-22T17:05:14+08:00 ] ::1 /HFS/index.php/Admin/Upload/reportUpload
INFO: [ app_init ] --START--
INFO: Run Behavior\BuildLiteBehavior [ RunTime:0.000054s ]
INFO: [ app_init ] --END-- [ RunTime:0.000642s ]

[ 2015-10-22T17:06:09+08:00 ] ::1 /HFS/index.php/Admin/Upload/noticeUpload
INFO: [ app_init ] --START--
INFO: Run Behavior\BuildLiteBehavior [ RunTime:0.000072s ]
INFO: [ app_init ] --END-- [ RunTime:0.000922s ]

[ 2015-10-22T17:06:21+08:00 ] ::1 /HFS/index.php/Admin/Upload/noticeUpload
INFO: [ app_init ] --START--
INFO: Run Behavior\BuildLiteBehavior [ RunTime:0.000032s ]
INFO: [ app_init ] --END-- [ RunTime:0.000552s ]

[ 2015-10-22T17:06:24+08:00 ] ::1 /HFS/index.php/Admin/Upload/reportUpload
INFO: [ app_init ] --START--
INFO: Run Behavior\BuildLiteBehavior [ RunTime:0.000032s ]
INFO: [ app_init ] --END-- [ RunTime:0.000478s ]

[ 2015-10-22T17:08:44+08:00 ] ::1 /HFS/index.php/Admin/Upload/noticeUpload
INFO: [ app_init ] --START--
INFO: Run Behavior\BuildLiteBehavior [ RunTime:0.000050s ]
INFO: [ app_init ] --END-- [ RunTime:0.000777s ]

[ 2015-10-22T17:09:17+08:00 ] ::1 /HFS/index.php/Admin/Upload/noticeUpload
INFO: [ app_init ] --START--
INFO: Run Behavior\BuildLiteBehavior [ RunTime:0.000048s ]
INFO: [ app_init ] --END-- [ RunTime:0.000695s ]

[ 2015-10-22T17:09:21+08:00 ] ::1 /HFS/index.php/Admin/Upload/noticeUpload
INFO: [ app_init ] --START--
INFO: Run Behavior\BuildLiteBehavior [ RunTime:0.000045s ]
INFO: [ app_init ] --END-- [ RunTime:0.000623s ]

[ 2015-10-22T17:09:43+08:00 ] ::1 /HFS/index.php/Admin/Upload/noticeUpload
INFO: [ app_init ] --START--
INFO: Run Behavior\BuildLiteBehavior [ RunTime:0.000048s ]
INFO: [ app_init ] --END-- [ RunTime:0.000525s ]

[ 2015-10-22T17:10:43+08:00 ] ::1 /HFS/index.php/Admin/Upload/noticeUpload
INFO: [ app_init ] --START--
INFO: Run Behavior\BuildLiteBehavior [ RunTime:0.000056s ]
INFO: [ app_init ] --END-- [ RunTime:0.000680s ]

[ 2015-10-22T17:13:04+08:00 ] ::1 /HFS/index.php/Admin/Upload/noticeUpload
INFO: [ app_init ] --START--
INFO: Run Behavior\BuildLiteBehavior [ RunTime:0.000039s ]
INFO: [ app_init ] --END-- [ RunTime:0.000543s ]

[ 2015-10-22T18:04:28+08:00 ] ::1 /HFS/index.php/Admin/Upload/newsUpload
INFO: [ app_init ] --START--
INFO: Run Behavior\BuildLiteBehavior [ RunTime:0.000032s ]
INFO: [ app_init ] --END-- [ RunTime:0.000511s ]

[ 2015-10-22T18:06:30+08:00 ] ::1 /HFS/index.php/Admin/Upload/newsUpload
INFO: [ app_init ] --START--
INFO: Run Behavior\BuildLiteBehavior [ RunTime:0.000033s ]
INFO: [ app_init ] --END-- [ RunTime:0.000590s ]

[ 2015-10-22T18:06:46+08:00 ] ::1 /HFS/index.php/Admin/Upload/reportUpload
INFO: [ app_init ] --START--
INFO: Run Behavior\BuildLiteBehavior [ RunTime:0.000032s ]
INFO: [ app_init ] --END-- [ RunTime:0.000521s ]

[ 2015-10-22T18:06:47+08:00 ] ::1 /HFS/index.php/Admin/Upload/noticeUpload
INFO: [ app_init ] --START--
INFO: Run Behavior\BuildLiteBehavior [ RunTime:0.000032s ]
INFO: [ app_init ] --END-- [ RunTime:0.000547s ]

[ 2015-10-22T18:07:12+08:00 ] ::1 /HFS/index.php/Admin/Upload/noticeUpload
INFO: [ app_init ] --START--
INFO: Run Behavior\BuildLiteBehavior [ RunTime:0.000033s ]
INFO: [ app_init ] --END-- [ RunTime:0.000549s ]

[ 2015-10-22T18:10:02+08:00 ] ::1 /HFS/index.php/Admin/Upload/newsUpload
INFO: [ app_init ] --START--
INFO: Run Behavior\BuildLiteBehavior [ RunTime:0.000048s ]
INFO: [ app_init ] --END-- [ RunTime:0.000635s ]

[ 2015-10-22T18:10:26+08:00 ] ::1 /HFS/index.php/Admin/Upload/newsUpload
INFO: [ app_init ] --START--
INFO: Run Behavior\BuildLiteBehavior [ RunTime:0.000051s ]
INFO: [ app_init ] --END-- [ RunTime:0.000763s ]

[ 2015-10-22T18:10:37+08:00 ] ::1 /HFS/index.php/Admin/Upload/reportUpload
INFO: [ app_init ] --START--
INFO: Run Behavior\BuildLiteBehavior [ RunTime:0.000050s ]
INFO: [ app_init ] --END-- [ RunTime:0.000737s ]

[ 2015-10-22T18:10:59+08:00 ] ::1 /HFS/index.php/Admin/Upload/reportUpload
INFO: [ app_init ] --START--
INFO: Run Behavior\BuildLiteBehavior [ RunTime:0.000034s ]
INFO: [ app_init ] --END-- [ RunTime:0.000734s ]

[ 2015-10-22T18:11:01+08:00 ] ::1 /HFS/index.php/Admin/Upload/noticeUpload
INFO: [ app_init ] --START--
INFO: Run Behavior\BuildLiteBehavior [ RunTime:0.000033s ]
INFO: [ app_init ] --END-- [ RunTime:0.000542s ]

[ 2015-10-22T18:11:28+08:00 ] ::1 /HFS/index.php/Admin/Upload/noticeUpload
INFO: [ app_init ] --START--
INFO: Run Behavior\BuildLiteBehavior [ RunTime:0.000032s ]
INFO: [ app_init ] --END-- [ RunTime:0.000502s ]

[ 2015-10-22T18:41:28+08:00 ] ::1 /HFS/index.php/Admin/Upload/reportUpload
INFO: [ app_init ] --START--
INFO: Run Behavior\BuildLiteBehavior [ RunTime:0.000051s ]
INFO: [ app_init ] --END-- [ RunTime:0.000968s ]

[ 2015-10-22T18:42:06+08:00 ] ::1 /HFS/index.php/Admin/Upload/reportUpload
INFO: [ app_init ] --START--
INFO: Run Behavior\BuildLiteBehavior [ RunTime:0.000035s ]
INFO: [ app_init ] --END-- [ RunTime:0.000507s ]

[ 2015-10-22T18:45:45+08:00 ] ::1 /HFS/index.php/Admin/Upload/newsUpload
INFO: [ app_init ] --START--
INFO: Run Behavior\BuildLiteBehavior [ RunTime:0.000032s ]
INFO: [ app_init ] --END-- [ RunTime:0.000510s ]

[ 2015-10-22T18:46:06+08:00 ] ::1 /HFS/index.php/Admin/Upload/newsUpload
INFO: [ app_init ] --START--
INFO: Run Behavior\BuildLiteBehavior [ RunTime:0.000056s ]
INFO: [ app_init ] --END-- [ RunTime:0.000943s ]

[ 2015-10-22T18:46:27+08:00 ] ::1 /HFS/index.php/Admin/Upload/reportUpload
INFO: [ app_init ] --START--
INFO: Run Behavior\BuildLiteBehavior [ RunTime:0.000044s ]
INFO: [ app_init ] --END-- [ RunTime:0.000638s ]

[ 2015-10-22T18:46:58+08:00 ] ::1 /HFS/index.php/Admin/Upload/reportUpload
INFO: [ app_init ] --START--
INFO: Run Behavior\BuildLiteBehavior [ RunTime:0.000031s ]
INFO: [ app_init ] --END-- [ RunTime:0.000491s ]

[ 2015-10-22T21:46:40+08:00 ] ::1 /HFS/index.php/Admin/Index
INFO: [ app_init ] --START--
INFO: Run Behavior\BuildLiteBehavior [ RunTime:0.000053s ]
INFO: [ app_init ] --END-- [ RunTime:0.000725s ]

[ 2015-10-22T21:46:43+08:00 ] ::1 /HFS/index.php/Admin/Upload/noticeUpload
INFO: [ app_init ] --START--
INFO: Run Behavior\BuildLiteBehavior [ RunTime:0.000032s ]
INFO: [ app_init ] --END-- [ RunTime:0.000786s ]

[ 2015-10-22T21:47:53+08:00 ] ::1 /HFS/index.php/Admin/Upload/noticeUpload
INFO: [ app_init ] --START--
INFO: Run Behavior\BuildLiteBehavior [ RunTime:0.000033s ]
INFO: [ app_init ] --END-- [ RunTime:0.000661s ]

