[ 2015-10-23T10:52:11+08:00 ] ::1 /HFS/index.php/Admin/Index
INFO: [ app_init ] --START--
INFO: Run Behavior\BuildLiteBehavior [ RunTime:0.000060s ]
INFO: [ app_init ] --END-- [ RunTime:0.000679s ]

[ 2015-10-23T10:52:17+08:00 ] ::1 /HFS/index.php/Admin/Upload/reportUpload
INFO: [ app_init ] --START--
INFO: Run Behavior\BuildLiteBehavior [ RunTime:0.000031s ]
INFO: [ app_init ] --END-- [ RunTime:0.000503s ]

[ 2015-10-23T10:52:46+08:00 ] ::1 /HFS/index.php/Admin/Upload/reportUpload
INFO: [ app_init ] --START--
INFO: Run Behavior\BuildLiteBehavior [ RunTime:0.000045s ]
INFO: [ app_init ] --END-- [ RunTime:0.000637s ]

[ 2015-10-23T11:18:08+08:00 ] ::1 /HFS/index.php/Admin/Upload/reportUpload
INFO: [ app_init ] --START--
INFO: Run Behavior\BuildLiteBehavior [ RunTime:0.000058s ]
INFO: [ app_init ] --END-- [ RunTime:0.000734s ]

[ 2015-10-23T11:36:50+08:00 ] ::1 /HFS/index.php/Admin/Index
INFO: [ app_init ] --START--
INFO: Run Behavior\BuildLiteBehavior [ RunTime:0.000048s ]
INFO: [ app_init ] --END-- [ RunTime:0.000679s ]

[ 2015-10-23T11:36:54+08:00 ] ::1 /HFS/index.php/Admin/Upload/newsUpload
INFO: [ app_init ] --START--
INFO: Run Behavior\BuildLiteBehavior [ RunTime:0.000033s ]
INFO: [ app_init ] --END-- [ RunTime:0.000630s ]

[ 2015-10-23T11:37:26+08:00 ] ::1 /HFS/index.php/Admin/Upload/newsUpload
INFO: [ app_init ] --START--
INFO: Run Behavior\BuildLiteBehavior [ RunTime:0.000046s ]
INFO: [ app_init ] --END-- [ RunTime:0.000636s ]

[ 2015-10-23T17:29:24+08:00 ] ::1 /HFS/index.php/Admin/Index
INFO: [ app_init ] --START--
INFO: Run Behavior\BuildLiteBehavior [ RunTime:0.000047s ]
INFO: [ app_init ] --END-- [ RunTime:0.000670s ]

[ 2015-10-23T17:29:26+08:00 ] ::1 /HFS/index.php/Admin/Upload/newsUpload
INFO: [ app_init ] --START--
INFO: Run Behavior\BuildLiteBehavior [ RunTime:0.000032s ]
INFO: [ app_init ] --END-- [ RunTime:0.000531s ]

[ 2015-10-23T17:30:04+08:00 ] ::1 /HFS/index.php/Admin/Upload/newsUpload
INFO: [ app_init ] --START--
INFO: Run Behavior\BuildLiteBehavior [ RunTime:0.000033s ]
INFO: [ app_init ] --END-- [ RunTime:0.000560s ]

[ 2015-10-23T21:22:41+08:00 ] ::1 /HFS/index.php/Admin/Upload/noticeUpload
INFO: [ app_init ] --START--
INFO: Run Behavior\BuildLiteBehavior [ RunTime:0.000038s ]
INFO: [ app_init ] --END-- [ RunTime:0.000618s ]

[ 2015-10-23T21:23:52+08:00 ] ::1 /HFS/index.php/Admin/Upload/noticeUpload
INFO: [ app_init ] --START--
INFO: Run Behavior\BuildLiteBehavior [ RunTime:0.000045s ]
INFO: [ app_init ] --END-- [ RunTime:0.000699s ]

[ 2015-10-23T21:23:54+08:00 ] ::1 /HFS/index.php/Admin/Upload/newsUpload
INFO: [ app_init ] --START--
INFO: Run Behavior\BuildLiteBehavior [ RunTime:0.000050s ]
INFO: [ app_init ] --END-- [ RunTime:0.000704s ]

[ 2015-10-23T21:23:58+08:00 ] ::1 /HFS/index.php/Admin/Upload/reportUpload
INFO: [ app_init ] --START--
INFO: Run Behavior\BuildLiteBehavior [ RunTime:0.000051s ]
INFO: [ app_init ] --END-- [ RunTime:0.000732s ]

[ 2015-10-23T21:25:29+08:00 ] ::1 /HFS/index.php/Admin/Upload/noticeUpload
INFO: [ app_init ] --START--
INFO: Run Behavior\BuildLiteBehavior [ RunTime:0.000055s ]
INFO: [ app_init ] --END-- [ RunTime:0.001510s ]

[ 2015-10-23T21:28:52+08:00 ] ::1 /HFS/index.php/Admin/Upload/noticeUpload
INFO: [ app_init ] --START--
INFO: Run Behavior\BuildLiteBehavior [ RunTime:0.000173s ]
INFO: [ app_init ] --END-- [ RunTime:0.000857s ]

[ 2015-10-23T21:30:00+08:00 ] ::1 /HFS/index.php/Admin/Upload/reportUpload
INFO: [ app_init ] --START--
INFO: Run Behavior\BuildLiteBehavior [ RunTime:0.000052s ]
INFO: [ app_init ] --END-- [ RunTime:0.000787s ]

[ 2015-10-23T21:30:19+08:00 ] ::1 /HFS/index.php/Admin/Upload/noticeUpload
INFO: [ app_init ] --START--
INFO: Run Behavior\BuildLiteBehavior [ RunTime:0.000051s ]
INFO: [ app_init ] --END-- [ RunTime:0.000699s ]

[ 2015-10-23T21:39:25+08:00 ] ::1 /HFS/index.php/Admin/Upload/noticeUpload
INFO: [ app_init ] --START--
INFO: Run Behavior\BuildLiteBehavior [ RunTime:0.000056s ]
INFO: [ app_init ] --END-- [ RunTime:0.000702s ]

[ 2015-10-23T21:40:11+08:00 ] ::1 /HFS/index.php/Admin/Upload/noticeUpload
INFO: [ app_init ] --START--
INFO: Run Behavior\BuildLiteBehavior [ RunTime:0.000033s ]
INFO: [ app_init ] --END-- [ RunTime:0.000498s ]

[ 2015-10-23T21:40:21+08:00 ] ::1 /HFS/index.php/Admin/Upload/noticeUpload
INFO: [ app_init ] --START--
INFO: Run Behavior\BuildLiteBehavior [ RunTime:0.000052s ]
INFO: [ app_init ] --END-- [ RunTime:0.000764s ]

[ 2015-10-23T21:41:30+08:00 ] ::1 /HFS/index.php/Admin/Upload/noticeUpload
INFO: [ app_init ] --START--
INFO: Run Behavior\BuildLiteBehavior [ RunTime:0.000056s ]
INFO: [ app_init ] --END-- [ RunTime:0.000723s ]

[ 2015-10-23T21:41:38+08:00 ] ::1 /HFS/index.php/Admin/Upload/noticeUpload
INFO: [ app_init ] --START--
INFO: Run Behavior\BuildLiteBehavior [ RunTime:0.000088s ]
INFO: [ app_init ] --END-- [ RunTime:0.000706s ]

[ 2015-10-23T21:41:55+08:00 ] ::1 /HFS/index.php/Admin/Upload/noticeUpload
INFO: [ app_init ] --START--
INFO: Run Behavior\BuildLiteBehavior [ RunTime:0.000050s ]
INFO: [ app_init ] --END-- [ RunTime:0.000615s ]

[ 2015-10-23T21:42:26+08:00 ] ::1 /HFS/index.php/Admin/Upload/noticeUpload
INFO: [ app_init ] --START--
INFO: Run Behavior\BuildLiteBehavior [ RunTime:0.000032s ]
INFO: [ app_init ] --END-- [ RunTime:0.000495s ]

[ 2015-10-23T21:42:27+08:00 ] ::1 /HFS/index.php/Admin/Upload/noticeUpload
INFO: [ app_init ] --START--
INFO: Run Behavior\BuildLiteBehavior [ RunTime:0.000053s ]
INFO: [ app_init ] --END-- [ RunTime:0.000670s ]

[ 2015-10-23T21:42:34+08:00 ] ::1 /HFS/index.php/Admin/Upload/noticeUpload
INFO: [ app_init ] --START--
INFO: Run Behavior\BuildLiteBehavior [ RunTime:0.000033s ]
INFO: [ app_init ] --END-- [ RunTime:0.000581s ]

[ 2015-10-23T21:44:00+08:00 ] ::1 /HFS/index.php/Admin/Upload/noticeUpload
INFO: [ app_init ] --START--
INFO: Run Behavior\BuildLiteBehavior [ RunTime:0.000047s ]
INFO: [ app_init ] --END-- [ RunTime:0.000657s ]

[ 2015-10-23T21:44:21+08:00 ] ::1 /HFS/index.php/Admin/Upload/noticeUpload
INFO: [ app_init ] --START--
INFO: Run Behavior\BuildLiteBehavior [ RunTime:0.000045s ]
INFO: [ app_init ] --END-- [ RunTime:0.000572s ]

[ 2015-10-23T21:44:43+08:00 ] ::1 /HFS/index.php/Admin/Upload/noticeUpload
INFO: [ app_init ] --START--
INFO: Run Behavior\BuildLiteBehavior [ RunTime:0.000047s ]
INFO: [ app_init ] --END-- [ RunTime:0.000660s ]

[ 2015-10-23T21:44:55+08:00 ] ::1 /HFS/index.php/Admin/Upload/noticeUpload
INFO: [ app_init ] --START--
INFO: Run Behavior\BuildLiteBehavior [ RunTime:0.000037s ]
INFO: [ app_init ] --END-- [ RunTime:0.000631s ]

[ 2015-10-23T21:45:04+08:00 ] ::1 /HFS/index.php/Admin/Upload/noticeUpload
INFO: [ app_init ] --START--
INFO: Run Behavior\BuildLiteBehavior [ RunTime:0.000054s ]
INFO: [ app_init ] --END-- [ RunTime:0.000669s ]

[ 2015-10-23T21:45:19+08:00 ] ::1 /HFS/index.php/Admin/Upload/noticeUpload
INFO: [ app_init ] --START--
INFO: Run Behavior\BuildLiteBehavior [ RunTime:0.000049s ]
INFO: [ app_init ] --END-- [ RunTime:0.000666s ]

[ 2015-10-23T21:45:21+08:00 ] ::1 /HFS/index.php/Admin/Upload/noticeUpload
INFO: [ app_init ] --START--
INFO: Run Behavior\BuildLiteBehavior [ RunTime:0.000031s ]
INFO: [ app_init ] --END-- [ RunTime:0.000526s ]

[ 2015-10-23T21:45:22+08:00 ] ::1 /HFS/index.php/Admin/Upload/noticeUpload
INFO: [ app_init ] --START--
INFO: Run Behavior\BuildLiteBehavior [ RunTime:0.000032s ]
INFO: [ app_init ] --END-- [ RunTime:0.000477s ]

[ 2015-10-23T21:45:58+08:00 ] ::1 /HFS/index.php/Admin/Upload/noticeUpload
INFO: [ app_init ] --START--
INFO: Run Behavior\BuildLiteBehavior [ RunTime:0.000058s ]
INFO: [ app_init ] --END-- [ RunTime:0.001059s ]

[ 2015-10-23T21:46:23+08:00 ] ::1 /HFS/index.php/Admin/Upload/noticeUpload
INFO: [ app_init ] --START--
INFO: Run Behavior\BuildLiteBehavior [ RunTime:0.000081s ]
INFO: [ app_init ] --END-- [ RunTime:0.000716s ]

[ 2015-10-23T21:46:30+08:00 ] ::1 /HFS/index.php/Admin/Upload/noticeUpload
INFO: [ app_init ] --START--
INFO: Run Behavior\BuildLiteBehavior [ RunTime:0.000054s ]
INFO: [ app_init ] --END-- [ RunTime:0.000809s ]

[ 2015-10-23T21:46:37+08:00 ] ::1 /HFS/index.php/Admin/Upload/noticeUpload
INFO: [ app_init ] --START--
INFO: Run Behavior\BuildLiteBehavior [ RunTime:0.000048s ]
INFO: [ app_init ] --END-- [ RunTime:0.000883s ]

[ 2015-10-23T21:46:57+08:00 ] ::1 /HFS/index.php/Admin/Upload/noticeUpload
INFO: [ app_init ] --START--
INFO: Run Behavior\BuildLiteBehavior [ RunTime:0.000053s ]
INFO: [ app_init ] --END-- [ RunTime:0.000841s ]

[ 2015-10-23T21:47:10+08:00 ] ::1 /HFS/index.php/Admin/Upload/noticeUpload
INFO: [ app_init ] --START--
INFO: Run Behavior\BuildLiteBehavior [ RunTime:0.000032s ]
INFO: [ app_init ] --END-- [ RunTime:0.000497s ]

[ 2015-10-23T21:47:12+08:00 ] ::1 /HFS/index.php/Admin/Upload/noticeUpload
INFO: [ app_init ] --START--
INFO: Run Behavior\BuildLiteBehavior [ RunTime:0.000032s ]
INFO: [ app_init ] --END-- [ RunTime:0.000506s ]

[ 2015-10-23T21:47:24+08:00 ] ::1 /HFS/index.php/Admin/Upload/noticeUpload
INFO: [ app_init ] --START--
INFO: Run Behavior\BuildLiteBehavior [ RunTime:0.000033s ]
INFO: [ app_init ] --END-- [ RunTime:0.000493s ]

[ 2015-10-23T21:47:34+08:00 ] ::1 /HFS/index.php/Admin/Upload/noticeUpload
INFO: [ app_init ] --START--
INFO: Run Behavior\BuildLiteBehavior [ RunTime:0.000053s ]
INFO: [ app_init ] --END-- [ RunTime:0.000777s ]

[ 2015-10-23T21:47:53+08:00 ] ::1 /HFS/index.php/Admin/Upload/noticeUpload
INFO: [ app_init ] --START--
INFO: Run Behavior\BuildLiteBehavior [ RunTime:0.000051s ]
INFO: [ app_init ] --END-- [ RunTime:0.000724s ]

[ 2015-10-23T21:48:14+08:00 ] ::1 /HFS/index.php/Admin/Upload/noticeUpload
INFO: [ app_init ] --START--
INFO: Run Behavior\BuildLiteBehavior [ RunTime:0.000033s ]
INFO: [ app_init ] --END-- [ RunTime:0.000531s ]

[ 2015-10-23T21:48:14+08:00 ] ::1 /HFS/index.php/Admin/Upload/noticeUpload
INFO: [ app_init ] --START--
INFO: Run Behavior\BuildLiteBehavior [ RunTime:0.000056s ]
INFO: [ app_init ] --END-- [ RunTime:0.000755s ]

[ 2015-10-23T21:48:15+08:00 ] ::1 /HFS/index.php/Admin/Upload/noticeUpload
INFO: [ app_init ] --START--
INFO: Run Behavior\BuildLiteBehavior [ RunTime:0.000031s ]
INFO: [ app_init ] --END-- [ RunTime:0.000500s ]

[ 2015-10-23T21:48:15+08:00 ] ::1 /HFS/index.php/Admin/Upload/noticeUpload
INFO: [ app_init ] --START--
INFO: Run Behavior\BuildLiteBehavior [ RunTime:0.000045s ]
INFO: [ app_init ] --END-- [ RunTime:0.000693s ]

[ 2015-10-23T21:48:15+08:00 ] ::1 /HFS/index.php/Admin/Upload/noticeUpload
INFO: [ app_init ] --START--
INFO: Run Behavior\BuildLiteBehavior [ RunTime:0.000032s ]
INFO: [ app_init ] --END-- [ RunTime:0.000520s ]

[ 2015-10-23T21:48:49+08:00 ] ::1 /HFS/index.php/Admin/Upload/noticeUpload
INFO: [ app_init ] --START--
INFO: Run Behavior\BuildLiteBehavior [ RunTime:0.000031s ]
INFO: [ app_init ] --END-- [ RunTime:0.000544s ]

[ 2015-10-23T21:48:50+08:00 ] ::1 /HFS/index.php/Admin/Upload/noticeUpload
INFO: [ app_init ] --START--
INFO: Run Behavior\BuildLiteBehavior [ RunTime:0.000049s ]
INFO: [ app_init ] --END-- [ RunTime:0.000706s ]

[ 2015-10-23T21:49:07+08:00 ] ::1 /HFS/index.php/Admin/Upload/noticeUpload
INFO: [ app_init ] --START--
INFO: Run Behavior\BuildLiteBehavior [ RunTime:0.000051s ]
INFO: [ app_init ] --END-- [ RunTime:0.000710s ]

[ 2015-10-23T21:49:32+08:00 ] ::1 /HFS/index.php/Admin/Upload/noticeUpload
INFO: [ app_init ] --START--
INFO: Run Behavior\BuildLiteBehavior [ RunTime:0.000052s ]
INFO: [ app_init ] --END-- [ RunTime:0.000985s ]

[ 2015-10-23T21:49:55+08:00 ] ::1 /HFS/index.php/Admin/Upload/noticeUpload
INFO: [ app_init ] --START--
INFO: Run Behavior\BuildLiteBehavior [ RunTime:0.000039s ]
INFO: [ app_init ] --END-- [ RunTime:0.000532s ]

[ 2015-10-23T21:50:16+08:00 ] ::1 /HFS/index.php/Admin/Upload/noticeUpload
INFO: [ app_init ] --START--
INFO: Run Behavior\BuildLiteBehavior [ RunTime:0.000060s ]
INFO: [ app_init ] --END-- [ RunTime:0.000785s ]

[ 2015-10-23T21:51:19+08:00 ] ::1 /HFS/index.php/Admin/Upload/noticeUpload
INFO: [ app_init ] --START--
INFO: Run Behavior\BuildLiteBehavior [ RunTime:0.000051s ]
INFO: [ app_init ] --END-- [ RunTime:0.000808s ]

[ 2015-10-23T21:51:35+08:00 ] ::1 /HFS/index.php/Admin/Upload/noticeUpload
INFO: [ app_init ] --START--
INFO: Run Behavior\BuildLiteBehavior [ RunTime:0.000033s ]
INFO: [ app_init ] --END-- [ RunTime:0.000491s ]

[ 2015-10-23T21:52:01+08:00 ] ::1 /HFS/index.php/Admin/Upload/noticeUpload
INFO: [ app_init ] --START--
INFO: Run Behavior\BuildLiteBehavior [ RunTime:0.000068s ]
INFO: [ app_init ] --END-- [ RunTime:0.001325s ]

[ 2015-10-23T21:52:12+08:00 ] ::1 /HFS/index.php/Admin/Upload/noticeUpload
INFO: [ app_init ] --START--
INFO: Run Behavior\BuildLiteBehavior [ RunTime:0.000047s ]
INFO: [ app_init ] --END-- [ RunTime:0.000637s ]

[ 2015-10-23T21:53:10+08:00 ] ::1 /HFS/index.php/Admin/Upload/noticeUpload
INFO: [ app_init ] --START--
INFO: Run Behavior\BuildLiteBehavior [ RunTime:0.000050s ]
INFO: [ app_init ] --END-- [ RunTime:0.000740s ]

[ 2015-10-23T21:53:12+08:00 ] ::1 /HFS/index.php/Admin/Upload/noticeUpload
INFO: [ app_init ] --START--
INFO: Run Behavior\BuildLiteBehavior [ RunTime:0.000034s ]
INFO: [ app_init ] --END-- [ RunTime:0.000502s ]

[ 2015-10-23T21:53:38+08:00 ] ::1 /HFS/index.php/Admin/Upload/noticeUpload
INFO: [ app_init ] --START--
INFO: Run Behavior\BuildLiteBehavior [ RunTime:0.000031s ]
INFO: [ app_init ] --END-- [ RunTime:0.000444s ]

[ 2015-10-23T21:53:40+08:00 ] ::1 /HFS/index.php/Admin/Upload/noticeUpload
INFO: [ app_init ] --START--
INFO: Run Behavior\BuildLiteBehavior [ RunTime:0.000051s ]
INFO: [ app_init ] --END-- [ RunTime:0.000734s ]

[ 2015-10-23T21:53:56+08:00 ] ::1 /HFS/index.php/Admin/Upload/noticeUpload
INFO: [ app_init ] --START--
INFO: Run Behavior\BuildLiteBehavior [ RunTime:0.000046s ]
INFO: [ app_init ] --END-- [ RunTime:0.000626s ]

[ 2015-10-23T21:56:49+08:00 ] ::1 /HFS/index.php/Admin/Upload/noticeUpload
INFO: [ app_init ] --START--
INFO: Run Behavior\BuildLiteBehavior [ RunTime:0.000050s ]
INFO: [ app_init ] --END-- [ RunTime:0.000920s ]

[ 2015-10-23T21:57:14+08:00 ] ::1 /HFS/index.php/Admin/Upload/noticeUpload
INFO: [ app_init ] --START--
INFO: Run Behavior\BuildLiteBehavior [ RunTime:0.000049s ]
INFO: [ app_init ] --END-- [ RunTime:0.000738s ]

[ 2015-10-23T21:57:53+08:00 ] ::1 /HFS/index.php/Admin/Upload/noticeUpload
INFO: [ app_init ] --START--
INFO: Run Behavior\BuildLiteBehavior [ RunTime:0.000050s ]
INFO: [ app_init ] --END-- [ RunTime:0.000643s ]

[ 2015-10-23T21:58:13+08:00 ] ::1 /HFS/index.php/Admin/Upload/noticeUpload
INFO: [ app_init ] --START--
INFO: Run Behavior\BuildLiteBehavior [ RunTime:0.000054s ]
INFO: [ app_init ] --END-- [ RunTime:0.000817s ]

[ 2015-10-23T21:58:46+08:00 ] ::1 /HFS/index.php/Admin/Upload/noticeUpload
INFO: [ app_init ] --START--
INFO: Run Behavior\BuildLiteBehavior [ RunTime:0.000032s ]
INFO: [ app_init ] --END-- [ RunTime:0.000496s ]

[ 2015-10-23T21:59:27+08:00 ] ::1 /HFS/index.php/Admin/Upload/noticeUpload
INFO: [ app_init ] --START--
INFO: Run Behavior\BuildLiteBehavior [ RunTime:0.000050s ]
INFO: [ app_init ] --END-- [ RunTime:0.000810s ]

[ 2015-10-23T21:59:29+08:00 ] ::1 /HFS/index.php/Admin/Upload/noticeUpload
INFO: [ app_init ] --START--
INFO: Run Behavior\BuildLiteBehavior [ RunTime:0.000033s ]
INFO: [ app_init ] --END-- [ RunTime:0.000512s ]

[ 2015-10-23T21:59:52+08:00 ] ::1 /HFS/index.php/Admin/Upload/noticeUpload
INFO: [ app_init ] --START--
INFO: Run Behavior\BuildLiteBehavior [ RunTime:0.000032s ]
INFO: [ app_init ] --END-- [ RunTime:0.000512s ]

[ 2015-10-23T21:59:56+08:00 ] ::1 /HFS/index.php/Admin/Upload/noticeUpload
INFO: [ app_init ] --START--
INFO: Run Behavior\BuildLiteBehavior [ RunTime:0.000049s ]
INFO: [ app_init ] --END-- [ RunTime:0.000659s ]

[ 2015-10-23T22:04:16+08:00 ] ::1 /HFS/index.php/Admin/Upload/noticeUpload
INFO: [ app_init ] --START--
INFO: Run Behavior\BuildLiteBehavior [ RunTime:0.000033s ]
INFO: [ app_init ] --END-- [ RunTime:0.000498s ]

[ 2015-10-23T22:04:20+08:00 ] ::1 /HFS/index.php/Admin/Upload/noticeUpload
INFO: [ app_init ] --START--
INFO: Run Behavior\BuildLiteBehavior [ RunTime:0.000032s ]
INFO: [ app_init ] --END-- [ RunTime:0.000577s ]

[ 2015-10-23T22:31:20+08:00 ] ::1 /HFS/index.php/Admin/Upload/reportUpload
INFO: [ app_init ] --START--
INFO: Run Behavior\BuildLiteBehavior [ RunTime:0.000033s ]
INFO: [ app_init ] --END-- [ RunTime:0.000503s ]

[ 2015-10-23T22:31:23+08:00 ] ::1 /HFS/index.php/Admin/Upload/reportUpload
INFO: [ app_init ] --START--
INFO: Run Behavior\BuildLiteBehavior [ RunTime:0.000032s ]
INFO: [ app_init ] --END-- [ RunTime:0.000488s ]

[ 2015-10-23T22:32:28+08:00 ] ::1 /HFS/index.php/Admin/Upload/reportUpload
INFO: [ app_init ] --START--
INFO: Run Behavior\BuildLiteBehavior [ RunTime:0.000045s ]
INFO: [ app_init ] --END-- [ RunTime:0.000664s ]

[ 2015-10-23T22:32:31+08:00 ] ::1 /HFS/index.php/Admin/Upload/reportUpload
INFO: [ app_init ] --START--
INFO: Run Behavior\BuildLiteBehavior [ RunTime:0.000056s ]
INFO: [ app_init ] --END-- [ RunTime:0.000785s ]

[ 2015-10-23T22:33:10+08:00 ] ::1 /HFS/index.php/Admin/Upload/reportUpload
INFO: [ app_init ] --START--
INFO: Run Behavior\BuildLiteBehavior [ RunTime:0.000036s ]
INFO: [ app_init ] --END-- [ RunTime:0.000877s ]

[ 2015-10-23T22:33:14+08:00 ] ::1 /HFS/index.php/Admin/Upload/reportUpload
INFO: [ app_init ] --START--
INFO: Run Behavior\BuildLiteBehavior [ RunTime:0.000033s ]
INFO: [ app_init ] --END-- [ RunTime:0.000503s ]

[ 2015-10-23T22:33:48+08:00 ] ::1 /HFS/index.php/Admin/Upload/reportUpload
INFO: [ app_init ] --START--
INFO: Run Behavior\BuildLiteBehavior [ RunTime:0.000033s ]
INFO: [ app_init ] --END-- [ RunTime:0.000523s ]

[ 2015-10-23T22:33:49+08:00 ] ::1 /HFS/index.php/Admin/Upload/reportUpload
INFO: [ app_init ] --START--
INFO: Run Behavior\BuildLiteBehavior [ RunTime:0.000052s ]
INFO: [ app_init ] --END-- [ RunTime:0.000812s ]

[ 2015-10-23T22:34:08+08:00 ] ::1 /HFS/index.php/Admin/Upload/reportUpload
INFO: [ app_init ] --START--
INFO: Run Behavior\BuildLiteBehavior [ RunTime:0.000055s ]
INFO: [ app_init ] --END-- [ RunTime:0.000873s ]

[ 2015-10-23T22:34:12+08:00 ] ::1 /HFS/index.php/Admin/Upload/reportUpload
INFO: [ app_init ] --START--
INFO: Run Behavior\BuildLiteBehavior [ RunTime:0.000056s ]
INFO: [ app_init ] --END-- [ RunTime:0.000724s ]

[ 2015-10-23T22:35:09+08:00 ] ::1 /HFS/index.php/Admin/Upload/reportUpload
INFO: [ app_init ] --START--
INFO: Run Behavior\BuildLiteBehavior [ RunTime:0.000050s ]
INFO: [ app_init ] --END-- [ RunTime:0.000624s ]

[ 2015-10-23T22:35:15+08:00 ] ::1 /HFS/index.php/Admin/Upload/reportUpload
INFO: [ app_init ] --START--
INFO: Run Behavior\BuildLiteBehavior [ RunTime:0.000033s ]
INFO: [ app_init ] --END-- [ RunTime:0.000491s ]

[ 2015-10-23T22:35:18+08:00 ] ::1 /HFS/index.php/Admin/Upload/reportUpload
INFO: [ app_init ] --START--
INFO: Run Behavior\BuildLiteBehavior [ RunTime:0.000063s ]
INFO: [ app_init ] --END-- [ RunTime:0.000996s ]

[ 2015-10-23T22:37:08+08:00 ] ::1 /HFS/index.php/Admin/Upload/reportUpload
INFO: [ app_init ] --START--
INFO: Run Behavior\BuildLiteBehavior [ RunTime:0.000051s ]
INFO: [ app_init ] --END-- [ RunTime:0.000725s ]

[ 2015-10-23T22:37:09+08:00 ] ::1 /HFS/index.php/Admin/Upload/reportUpload
INFO: [ app_init ] --START--
INFO: Run Behavior\BuildLiteBehavior [ RunTime:0.000032s ]
INFO: [ app_init ] --END-- [ RunTime:0.000539s ]

[ 2015-10-23T22:37:09+08:00 ] ::1 /HFS/index.php/Admin/Upload/reportUpload
INFO: [ app_init ] --START--
INFO: Run Behavior\BuildLiteBehavior [ RunTime:0.000050s ]
INFO: [ app_init ] --END-- [ RunTime:0.000880s ]

[ 2015-10-23T22:37:31+08:00 ] ::1 /HFS/index.php/Admin/Upload/reportUpload
INFO: [ app_init ] --START--
INFO: Run Behavior\BuildLiteBehavior [ RunTime:0.000054s ]
INFO: [ app_init ] --END-- [ RunTime:0.000969s ]

[ 2015-10-23T22:37:32+08:00 ] ::1 /HFS/index.php/Admin/Upload/reportUpload
INFO: [ app_init ] --START--
INFO: Run Behavior\BuildLiteBehavior [ RunTime:0.000033s ]
INFO: [ app_init ] --END-- [ RunTime:0.000522s ]

[ 2015-10-23T22:37:32+08:00 ] ::1 /HFS/index.php/Admin/Upload/reportUpload
INFO: [ app_init ] --START--
INFO: Run Behavior\BuildLiteBehavior [ RunTime:0.000031s ]
INFO: [ app_init ] --END-- [ RunTime:0.000518s ]

[ 2015-10-23T22:37:32+08:00 ] ::1 /HFS/index.php/Admin/Upload/reportUpload
INFO: [ app_init ] --START--
INFO: Run Behavior\BuildLiteBehavior [ RunTime:0.000053s ]
INFO: [ app_init ] --END-- [ RunTime:0.000699s ]

[ 2015-10-23T22:37:42+08:00 ] ::1 /HFS/index.php/Admin/Upload/reportUpload
INFO: [ app_init ] --START--
INFO: Run Behavior\BuildLiteBehavior [ RunTime:0.000033s ]
INFO: [ app_init ] --END-- [ RunTime:0.000511s ]

[ 2015-10-23T22:39:20+08:00 ] ::1 /HFS/index.php/Admin/Upload/reportUpload
INFO: [ app_init ] --START--
INFO: Run Behavior\BuildLiteBehavior [ RunTime:0.000032s ]
INFO: [ app_init ] --END-- [ RunTime:0.000523s ]

[ 2015-10-23T22:41:49+08:00 ] ::1 /HFS/index.php/Admin/Upload/reportUpload
INFO: [ app_init ] --START--
INFO: Run Behavior\BuildLiteBehavior [ RunTime:0.000033s ]
INFO: [ app_init ] --END-- [ RunTime:0.000702s ]

[ 2015-10-23T22:42:44+08:00 ] ::1 /HFS/index.php/Admin/Upload/reportUpload
INFO: [ app_init ] --START--
INFO: Run Behavior\BuildLiteBehavior [ RunTime:0.000049s ]
INFO: [ app_init ] --END-- [ RunTime:0.000678s ]

[ 2015-10-23T22:43:15+08:00 ] ::1 /HFS/index.php/Admin/Upload/reportUpload
INFO: [ app_init ] --START--
INFO: Run Behavior\BuildLiteBehavior [ RunTime:0.000047s ]
INFO: [ app_init ] --END-- [ RunTime:0.000654s ]

[ 2015-10-23T22:43:16+08:00 ] ::1 /HFS/index.php/Admin/Upload/reportUpload
INFO: [ app_init ] --START--
INFO: Run Behavior\BuildLiteBehavior [ RunTime:0.000053s ]
INFO: [ app_init ] --END-- [ RunTime:0.000821s ]

[ 2015-10-23T22:43:31+08:00 ] ::1 /HFS/index.php/Admin/Upload/reportUpload
INFO: [ app_init ] --START--
INFO: Run Behavior\BuildLiteBehavior [ RunTime:0.000046s ]
INFO: [ app_init ] --END-- [ RunTime:0.000710s ]

[ 2015-10-23T22:43:40+08:00 ] ::1 /HFS/index.php/Admin/Upload/reportUpload
INFO: [ app_init ] --START--
INFO: Run Behavior\BuildLiteBehavior [ RunTime:0.000054s ]
INFO: [ app_init ] --END-- [ RunTime:0.001483s ]

[ 2015-10-23T22:44:07+08:00 ] ::1 /HFS/index.php/Admin/Upload/reportUpload
INFO: [ app_init ] --START--
INFO: Run Behavior\BuildLiteBehavior [ RunTime:0.000050s ]
INFO: [ app_init ] --END-- [ RunTime:0.000702s ]

[ 2015-10-23T22:44:13+08:00 ] ::1 /HFS/index.php/Admin/Upload/reportUpload
INFO: [ app_init ] --START--
INFO: Run Behavior\BuildLiteBehavior [ RunTime:0.000055s ]
INFO: [ app_init ] --END-- [ RunTime:0.000917s ]

[ 2015-10-23T22:44:43+08:00 ] ::1 /HFS/index.php/Admin/Upload/reportUpload
INFO: [ app_init ] --START--
INFO: Run Behavior\BuildLiteBehavior [ RunTime:0.000046s ]
INFO: [ app_init ] --END-- [ RunTime:0.000662s ]

[ 2015-10-23T22:45:10+08:00 ] ::1 /HFS/index.php/Admin/Upload/reportUpload
INFO: [ app_init ] --START--
INFO: Run Behavior\BuildLiteBehavior [ RunTime:0.000195s ]
INFO: [ app_init ] --END-- [ RunTime:0.001374s ]

[ 2015-10-23T22:45:21+08:00 ] ::1 /HFS/index.php/Admin/Upload/reportUpload
INFO: [ app_init ] --START--
INFO: Run Behavior\BuildLiteBehavior [ RunTime:0.000061s ]
INFO: [ app_init ] --END-- [ RunTime:0.000930s ]

[ 2015-10-23T22:46:35+08:00 ] ::1 /HFS/index.php/Admin/Upload/reportUpload
INFO: [ app_init ] --START--
INFO: Run Behavior\BuildLiteBehavior [ RunTime:0.000114s ]
INFO: [ app_init ] --END-- [ RunTime:0.001243s ]

[ 2015-10-23T22:47:30+08:00 ] ::1 /HFS/index.php/Admin/Upload/reportUpload
INFO: [ app_init ] --START--
INFO: Run Behavior\BuildLiteBehavior [ RunTime:0.000059s ]
INFO: [ app_init ] --END-- [ RunTime:0.000911s ]

[ 2015-10-23T22:50:30+08:00 ] ::1 /HFS/index.php/Admin/Upload/reportUpload
INFO: [ app_init ] --START--
INFO: Run Behavior\BuildLiteBehavior [ RunTime:0.000033s ]
INFO: [ app_init ] --END-- [ RunTime:0.000533s ]

[ 2015-10-23T22:50:31+08:00 ] ::1 /HFS/index.php/Admin/Upload/reportUpload
INFO: [ app_init ] --START--
INFO: Run Behavior\BuildLiteBehavior [ RunTime:0.000033s ]
INFO: [ app_init ] --END-- [ RunTime:0.000605s ]

[ 2015-10-23T22:55:43+08:00 ] ::1 /HFS/index.php/Admin/Upload/reportUpload
INFO: [ app_init ] --START--
INFO: Run Behavior\BuildLiteBehavior [ RunTime:0.000054s ]
INFO: [ app_init ] --END-- [ RunTime:0.000758s ]

[ 2015-10-23T22:55:53+08:00 ] ::1 /HFS/index.php/Admin/Upload/reportUpload
INFO: [ app_init ] --START--
INFO: Run Behavior\BuildLiteBehavior [ RunTime:0.000045s ]
INFO: [ app_init ] --END-- [ RunTime:0.000585s ]

[ 2015-10-23T22:55:54+08:00 ] ::1 /HFS/index.php/Admin/Upload/reportUpload
INFO: [ app_init ] --START--
INFO: Run Behavior\BuildLiteBehavior [ RunTime:0.000095s ]
INFO: [ app_init ] --END-- [ RunTime:0.000930s ]

[ 2015-10-23T22:56:14+08:00 ] ::1 /HFS/index.php/Admin/Info/newsInfo
INFO: [ app_init ] --START--
INFO: Run Behavior\BuildLiteBehavior [ RunTime:0.000031s ]
INFO: [ app_init ] --END-- [ RunTime:0.000442s ]
ERR: 模板不存在:./Appliaction/Admin/View/Info/newsInfo.html

[ 2015-10-23T22:57:03+08:00 ] ::1 /HFS/index.php/Admin/Upload/reportUpload
INFO: [ app_init ] --START--
INFO: Run Behavior\BuildLiteBehavior [ RunTime:0.000053s ]
INFO: [ app_init ] --END-- [ RunTime:0.000748s ]

[ 2015-10-23T22:57:04+08:00 ] ::1 /HFS/index.php/Admin/Upload/reportUpload
INFO: [ app_init ] --START--
INFO: Run Behavior\BuildLiteBehavior [ RunTime:0.000031s ]
INFO: [ app_init ] --END-- [ RunTime:0.000504s ]

[ 2015-10-23T22:57:04+08:00 ] ::1 /HFS/index.php/Admin/Upload/reportUpload
INFO: [ app_init ] --START--
INFO: Run Behavior\BuildLiteBehavior [ RunTime:0.000046s ]
INFO: [ app_init ] --END-- [ RunTime:0.000729s ]

[ 2015-10-23T22:57:04+08:00 ] ::1 /HFS/index.php/Admin/Upload/reportUpload
INFO: [ app_init ] --START--
INFO: Run Behavior\BuildLiteBehavior [ RunTime:0.000052s ]
INFO: [ app_init ] --END-- [ RunTime:0.000770s ]

[ 2015-10-23T22:57:04+08:00 ] ::1 /HFS/index.php/Admin/Upload/reportUpload
INFO: [ app_init ] --START--
INFO: Run Behavior\BuildLiteBehavior [ RunTime:0.000032s ]
INFO: [ app_init ] --END-- [ RunTime:0.000491s ]

[ 2015-10-23T22:57:04+08:00 ] ::1 /HFS/index.php/Admin/Upload/reportUpload
INFO: [ app_init ] --START--
INFO: Run Behavior\BuildLiteBehavior [ RunTime:0.000052s ]
INFO: [ app_init ] --END-- [ RunTime:0.000866s ]

[ 2015-10-23T22:57:57+08:00 ] ::1 /HFS/index.php/Admin/Upload/noticeUpload
INFO: [ app_init ] --START--
INFO: Run Behavior\BuildLiteBehavior [ RunTime:0.000048s ]
INFO: [ app_init ] --END-- [ RunTime:0.000498s ]

[ 2015-10-23T22:58:00+08:00 ] ::1 /HFS/index.php/Admin/Upload/noticeUpload
INFO: [ app_init ] --START--
INFO: Run Behavior\BuildLiteBehavior [ RunTime:0.000031s ]
INFO: [ app_init ] --END-- [ RunTime:0.000562s ]

[ 2015-10-23T22:58:16+08:00 ] ::1 /HFS/index.php/Admin/Upload/noticeUpload
INFO: [ app_init ] --START--
INFO: Run Behavior\BuildLiteBehavior [ RunTime:0.000033s ]
INFO: [ app_init ] --END-- [ RunTime:0.000549s ]

[ 2015-10-23T22:58:17+08:00 ] ::1 /HFS/index.php/Admin/Info/newsInfo
INFO: [ app_init ] --START--
INFO: Run Behavior\BuildLiteBehavior [ RunTime:0.000032s ]
INFO: [ app_init ] --END-- [ RunTime:0.000546s ]
ERR: 模板不存在:./Appliaction/Admin/View/Info/newsInfo.html

[ 2015-10-23T22:58:32+08:00 ] ::1 /HFS/index.php/Admin/Upload/noticeUpload
INFO: [ app_init ] --START--
INFO: Run Behavior\BuildLiteBehavior [ RunTime:0.000049s ]
INFO: [ app_init ] --END-- [ RunTime:0.000710s ]

[ 2015-10-23T22:58:34+08:00 ] ::1 /HFS/index.php/Admin/Upload/reportUpload
INFO: [ app_init ] --START--
INFO: Run Behavior\BuildLiteBehavior [ RunTime:0.000033s ]
INFO: [ app_init ] --END-- [ RunTime:0.000500s ]

[ 2015-10-23T22:58:41+08:00 ] ::1 /HFS/index.php/Admin/Upload/noticeUpload
INFO: [ app_init ] --START--
INFO: Run Behavior\BuildLiteBehavior [ RunTime:0.000032s ]
INFO: [ app_init ] --END-- [ RunTime:0.000611s ]

[ 2015-10-23T22:58:43+08:00 ] ::1 /HFS/index.php/Admin/Upload/noticeUpload
INFO: [ app_init ] --START--
INFO: Run Behavior\BuildLiteBehavior [ RunTime:0.000053s ]
INFO: [ app_init ] --END-- [ RunTime:0.000905s ]

[ 2015-10-23T23:00:47+08:00 ] ::1 /HFS/index.php/Admin/Upload/reportUpload
INFO: [ app_init ] --START--
INFO: Run Behavior\BuildLiteBehavior [ RunTime:0.000047s ]
INFO: [ app_init ] --END-- [ RunTime:0.000655s ]

[ 2015-10-23T23:02:21+08:00 ] ::1 /HFS/index.php/Admin/Upload/newsUpload
INFO: [ app_init ] --START--
INFO: Run Behavior\BuildLiteBehavior [ RunTime:0.000033s ]
INFO: [ app_init ] --END-- [ RunTime:0.000899s ]

[ 2015-10-23T23:02:24+08:00 ] ::1 /HFS/index.php/Admin/Upload/noticeUpload
INFO: [ app_init ] --START--
INFO: Run Behavior\BuildLiteBehavior [ RunTime:0.000032s ]
INFO: [ app_init ] --END-- [ RunTime:0.000480s ]

[ 2015-10-23T23:02:58+08:00 ] ::1 /HFS/index.php/Admin/
INFO: [ app_init ] --START--
INFO: Run Behavior\BuildLiteBehavior [ RunTime:0.000057s ]
INFO: [ app_init ] --END-- [ RunTime:0.000836s ]

[ 2015-10-23T23:02:59+08:00 ] ::1 /HFS/index.php/Admin/
INFO: [ app_init ] --START--
INFO: Run Behavior\BuildLiteBehavior [ RunTime:0.000032s ]
INFO: [ app_init ] --END-- [ RunTime:0.000519s ]

[ 2015-10-23T23:02:59+08:00 ] ::1 /HFS/index.php/Admin/
INFO: [ app_init ] --START--
INFO: Run Behavior\BuildLiteBehavior [ RunTime:0.000047s ]
INFO: [ app_init ] --END-- [ RunTime:0.000699s ]

[ 2015-10-23T23:02:59+08:00 ] ::1 /HFS/index.php/Admin/
INFO: [ app_init ] --START--
INFO: Run Behavior\BuildLiteBehavior [ RunTime:0.000046s ]
INFO: [ app_init ] --END-- [ RunTime:0.000659s ]

[ 2015-10-23T23:02:59+08:00 ] ::1 /HFS/index.php/Admin/
INFO: [ app_init ] --START--
INFO: Run Behavior\BuildLiteBehavior [ RunTime:0.000032s ]
INFO: [ app_init ] --END-- [ RunTime:0.000530s ]

[ 2015-10-23T23:03:00+08:00 ] ::1 /HFS/index.php/Admin/
INFO: [ app_init ] --START--
INFO: Run Behavior\BuildLiteBehavior [ RunTime:0.000059s ]
INFO: [ app_init ] --END-- [ RunTime:0.001051s ]

[ 2015-10-23T23:03:00+08:00 ] ::1 /HFS/index.php/Admin/
INFO: [ app_init ] --START--
INFO: Run Behavior\BuildLiteBehavior [ RunTime:0.000031s ]
INFO: [ app_init ] --END-- [ RunTime:0.000569s ]

[ 2015-10-23T23:03:05+08:00 ] ::1 /HFS/index.php/Admin/
INFO: [ app_init ] --START--
INFO: Run Behavior\BuildLiteBehavior [ RunTime:0.000051s ]
INFO: [ app_init ] --END-- [ RunTime:0.000737s ]

[ 2015-10-23T23:03:07+08:00 ] ::1 /HFS/index.php/Admin/
INFO: [ app_init ] --START--
INFO: Run Behavior\BuildLiteBehavior [ RunTime:0.000033s ]
INFO: [ app_init ] --END-- [ RunTime:0.000518s ]

[ 2015-10-23T23:03:09+08:00 ] ::1 /HFS/index.php/Admin/Upload/newsUpload
INFO: [ app_init ] --START--
INFO: Run Behavior\BuildLiteBehavior [ RunTime:0.000046s ]
INFO: [ app_init ] --END-- [ RunTime:0.000658s ]

[ 2015-10-23T23:03:35+08:00 ] ::1 /HFS/index.php/Admin/Info/newsInfo
INFO: [ app_init ] --START--
INFO: Run Behavior\BuildLiteBehavior [ RunTime:0.000112s ]
INFO: [ app_init ] --END-- [ RunTime:0.000780s ]
ERR: 模板不存在:./Appliaction/Admin/View/Info/newsInfo.html

[ 2015-10-23T23:04:22+08:00 ] ::1 /HFS/index.php/Admin/Upload/reportUpload
INFO: [ app_init ] --START--
INFO: Run Behavior\BuildLiteBehavior [ RunTime:0.000053s ]
INFO: [ app_init ] --END-- [ RunTime:0.000640s ]

[ 2015-10-23T23:04:22+08:00 ] ::1 /HFS/index.php/Admin/Upload/reportUpload
INFO: [ app_init ] --START--
INFO: Run Behavior\BuildLiteBehavior [ RunTime:0.000031s ]
INFO: [ app_init ] --END-- [ RunTime:0.000514s ]

[ 2015-10-23T23:04:23+08:00 ] ::1 /HFS/index.php/Admin/Upload/reportUpload
INFO: [ app_init ] --START--
INFO: Run Behavior\BuildLiteBehavior [ RunTime:0.000051s ]
INFO: [ app_init ] --END-- [ RunTime:0.000906s ]

[ 2015-10-23T23:04:35+08:00 ] ::1 /HFS/index.php/Admin/Index
INFO: [ app_init ] --START--
INFO: Run Behavior\BuildLiteBehavior [ RunTime:0.000059s ]
INFO: [ app_init ] --END-- [ RunTime:0.000772s ]

[ 2015-10-23T23:05:13+08:00 ] ::1 /HFS/index.php/Admin/Upload/newsUpload
INFO: [ app_init ] --START--
INFO: Run Behavior\BuildLiteBehavior [ RunTime:0.000048s ]
INFO: [ app_init ] --END-- [ RunTime:0.000676s ]

[ 2015-10-23T23:05:58+08:00 ] ::1 /HFS/index.php/Admin/Info/newsInfo
INFO: [ app_init ] --START--
INFO: Run Behavior\BuildLiteBehavior [ RunTime:0.000032s ]
INFO: [ app_init ] --END-- [ RunTime:0.000481s ]
ERR: 模板不存在:./Appliaction/Admin/View/Info/newsInfo.html

[ 2015-10-23T23:09:13+08:00 ] ::1 /HFS/index.php/Admin/Upload/reportUpload
INFO: [ app_init ] --START--
INFO: Run Behavior\BuildLiteBehavior [ RunTime:0.000053s ]
INFO: [ app_init ] --END-- [ RunTime:0.001031s ]

[ 2015-10-23T23:10:32+08:00 ] ::1 /HFS/index.php/Admin/
INFO: [ app_init ] --START--
INFO: Run Behavior\BuildLiteBehavior [ RunTime:0.000031s ]
INFO: [ app_init ] --END-- [ RunTime:0.000504s ]

[ 2015-10-23T23:10:50+08:00 ] ::1 /HFS/index.php/Admin/Upload/newsUpload
INFO: [ app_init ] --START--
INFO: Run Behavior\BuildLiteBehavior [ RunTime:0.000053s ]
INFO: [ app_init ] --END-- [ RunTime:0.000959s ]

[ 2015-10-23T23:11:30+08:00 ] ::1 /HFS/index.php/Admin/Upload/reportUpload
INFO: [ app_init ] --START--
INFO: Run Behavior\BuildLiteBehavior [ RunTime:0.000034s ]
INFO: [ app_init ] --END-- [ RunTime:0.000521s ]

[ 2015-10-23T23:11:51+08:00 ] ::1 /HFS/index.php/Admin/Upload/newsUpload
INFO: [ app_init ] --START--
INFO: Run Behavior\BuildLiteBehavior [ RunTime:0.000032s ]
INFO: [ app_init ] --END-- [ RunTime:0.000439s ]

[ 2015-10-23T23:11:56+08:00 ] ::1 /HFS/index.php/Admin
INFO: [ app_init ] --START--
INFO: Run Behavior\BuildLiteBehavior [ RunTime:0.000032s ]
INFO: [ app_init ] --END-- [ RunTime:0.000478s ]

[ 2015-10-23T23:11:59+08:00 ] ::1 /HFS/index.php/Admin/Info/newsInfo
INFO: [ app_init ] --START--
INFO: Run Behavior\BuildLiteBehavior [ RunTime:0.000031s ]
INFO: [ app_init ] --END-- [ RunTime:0.000467s ]
ERR: 模板不存在:./Appliaction/Admin/View/Info/newsInfo.html

[ 2015-10-23T23:12:47+08:00 ] ::1 /HFS/index.php/Admin/Upload/newsUpload
INFO: [ app_init ] --START--
INFO: Run Behavior\BuildLiteBehavior [ RunTime:0.000051s ]
INFO: [ app_init ] --END-- [ RunTime:0.000694s ]

[ 2015-10-23T23:12:48+08:00 ] ::1 /HFS/index.php/Admin/Upload/newsUpload
INFO: [ app_init ] --START--
INFO: Run Behavior\BuildLiteBehavior [ RunTime:0.000047s ]
INFO: [ app_init ] --END-- [ RunTime:0.000638s ]

[ 2015-10-23T23:12:48+08:00 ] ::1 /HFS/index.php/Admin/Upload/newsUpload
INFO: [ app_init ] --START--
INFO: Run Behavior\BuildLiteBehavior [ RunTime:0.000034s ]
INFO: [ app_init ] --END-- [ RunTime:0.000605s ]

[ 2015-10-23T23:13:04+08:00 ] ::1 /HFS/index.php/Admin/Upload/reportUpload
INFO: [ app_init ] --START--
INFO: Run Behavior\BuildLiteBehavior [ RunTime:0.000047s ]
INFO: [ app_init ] --END-- [ RunTime:0.000636s ]

[ 2015-10-23T23:13:19+08:00 ] ::1 /HFS/index.php/Admin/Upload/noticeUpload
INFO: [ app_init ] --START--
INFO: Run Behavior\BuildLiteBehavior [ RunTime:0.000033s ]
INFO: [ app_init ] --END-- [ RunTime:0.000539s ]

[ 2015-10-23T23:14:29+08:00 ] ::1 /HFS/index.php/Admin/Upload/newsUpload
INFO: [ app_init ] --START--
INFO: Run Behavior\BuildLiteBehavior [ RunTime:0.000061s ]
INFO: [ app_init ] --END-- [ RunTime:0.000931s ]

[ 2015-10-23T23:14:51+08:00 ] ::1 /HFS/index.php/Admin/Upload/noticeUpload
INFO: [ app_init ] --START--
INFO: Run Behavior\BuildLiteBehavior [ RunTime:0.000034s ]
INFO: [ app_init ] --END-- [ RunTime:0.000564s ]

[ 2015-10-23T23:14:52+08:00 ] ::1 /HFS/index.php/Admin/Upload/noticeUpload
INFO: [ app_init ] --START--
INFO: Run Behavior\BuildLiteBehavior [ RunTime:0.000052s ]
INFO: [ app_init ] --END-- [ RunTime:0.000649s ]

[ 2015-10-23T23:14:52+08:00 ] ::1 /HFS/index.php/Admin/Upload/noticeUpload
INFO: [ app_init ] --START--
INFO: Run Behavior\BuildLiteBehavior [ RunTime:0.000056s ]
INFO: [ app_init ] --END-- [ RunTime:0.000675s ]

[ 2015-10-23T23:14:52+08:00 ] ::1 /HFS/index.php/Admin/Upload/noticeUpload
INFO: [ app_init ] --START--
INFO: Run Behavior\BuildLiteBehavior [ RunTime:0.000046s ]
INFO: [ app_init ] --END-- [ RunTime:0.000638s ]

[ 2015-10-23T23:14:52+08:00 ] ::1 /HFS/index.php/Admin/Upload/noticeUpload
INFO: [ app_init ] --START--
INFO: Run Behavior\BuildLiteBehavior [ RunTime:0.000050s ]
INFO: [ app_init ] --END-- [ RunTime:0.000719s ]

[ 2015-10-23T23:14:53+08:00 ] ::1 /HFS/index.php/Admin/Upload/noticeUpload
INFO: [ app_init ] --START--
INFO: Run Behavior\BuildLiteBehavior [ RunTime:0.000047s ]
INFO: [ app_init ] --END-- [ RunTime:0.000649s ]

[ 2015-10-23T23:14:53+08:00 ] ::1 /HFS/index.php/Admin/Upload/noticeUpload
INFO: [ app_init ] --START--
INFO: Run Behavior\BuildLiteBehavior [ RunTime:0.000047s ]
INFO: [ app_init ] --END-- [ RunTime:0.000685s ]

[ 2015-10-23T23:14:53+08:00 ] ::1 /HFS/index.php/Admin/Upload/noticeUpload
INFO: [ app_init ] --START--
INFO: Run Behavior\BuildLiteBehavior [ RunTime:0.000056s ]
INFO: [ app_init ] --END-- [ RunTime:0.000806s ]

[ 2015-10-23T23:16:31+08:00 ] ::1 /HFS/index.php/Admin/Upload/reportUpload
INFO: [ app_init ] --START--
INFO: Run Behavior\BuildLiteBehavior [ RunTime:0.000032s ]
INFO: [ app_init ] --END-- [ RunTime:0.000499s ]

[ 2015-10-23T23:16:33+08:00 ] ::1 /HFS/index.php/Admin/Upload/newsUpload
INFO: [ app_init ] --START--
INFO: Run Behavior\BuildLiteBehavior [ RunTime:0.000045s ]
INFO: [ app_init ] --END-- [ RunTime:0.000515s ]

[ 2015-10-23T23:16:34+08:00 ] ::1 /HFS/index.php/Admin/Upload/newsUpload
INFO: [ app_init ] --START--
INFO: Run Behavior\BuildLiteBehavior [ RunTime:0.000044s ]
INFO: [ app_init ] --END-- [ RunTime:0.000673s ]

[ 2015-10-23T23:16:34+08:00 ] ::1 /HFS/index.php/Admin/Upload/newsUpload
INFO: [ app_init ] --START--
INFO: Run Behavior\BuildLiteBehavior [ RunTime:0.000062s ]
INFO: [ app_init ] --END-- [ RunTime:0.000839s ]

[ 2015-10-23T23:16:38+08:00 ] ::1 /HFS/index.php/Admin/Info/newsInfo
INFO: [ app_init ] --START--
INFO: Run Behavior\BuildLiteBehavior [ RunTime:0.000051s ]
INFO: [ app_init ] --END-- [ RunTime:0.000726s ]
ERR: 模板不存在:./Appliaction/Admin/View/Info/newsInfo.html

[ 2015-10-23T23:18:32+08:00 ] ::1 /HFS/index.php/Admin/Upload/reportUpload
INFO: [ app_init ] --START--
INFO: Run Behavior\BuildLiteBehavior [ RunTime:0.000031s ]
INFO: [ app_init ] --END-- [ RunTime:0.000508s ]

[ 2015-10-23T23:18:32+08:00 ] ::1 /HFS/index.php/Admin/Upload/reportUpload
INFO: [ app_init ] --START--
INFO: Run Behavior\BuildLiteBehavior [ RunTime:0.000110s ]
INFO: [ app_init ] --END-- [ RunTime:0.001531s ]

[ 2015-10-23T23:18:33+08:00 ] ::1 /HFS/index.php/Admin/Upload/reportUpload
INFO: [ app_init ] --START--
INFO: Run Behavior\BuildLiteBehavior [ RunTime:0.000057s ]
INFO: [ app_init ] --END-- [ RunTime:0.000685s ]

[ 2015-10-23T23:18:49+08:00 ] ::1 /HFS/index.php/Admin/Upload/newsUpload
INFO: [ app_init ] --START--
INFO: Run Behavior\BuildLiteBehavior [ RunTime:0.000063s ]
INFO: [ app_init ] --END-- [ RunTime:0.002243s ]

[ 2015-10-23T23:19:00+08:00 ] ::1 /HFS/index.php/Admin/Upload/newsUpload
INFO: [ app_init ] --START--
INFO: Run Behavior\BuildLiteBehavior [ RunTime:0.000035s ]
INFO: [ app_init ] --END-- [ RunTime:0.000694s ]

[ 2015-10-23T23:20:12+08:00 ] ::1 /HFS/index.php/Admin/Upload/reportUpload
INFO: [ app_init ] --START--
INFO: Run Behavior\BuildLiteBehavior [ RunTime:0.000032s ]
INFO: [ app_init ] --END-- [ RunTime:0.000539s ]

[ 2015-10-23T23:20:14+08:00 ] ::1 /HFS/index.php/Admin/Upload/newsUpload
INFO: [ app_init ] --START--
INFO: Run Behavior\BuildLiteBehavior [ RunTime:0.000050s ]
INFO: [ app_init ] --END-- [ RunTime:0.000654s ]

[ 2015-10-23T23:20:15+08:00 ] ::1 /HFS/index.php/Admin/Upload/newsUpload
INFO: [ app_init ] --START--
INFO: Run Behavior\BuildLiteBehavior [ RunTime:0.000046s ]
INFO: [ app_init ] --END-- [ RunTime:0.000693s ]

[ 2015-10-23T23:20:15+08:00 ] ::1 /HFS/index.php/Admin/Upload/newsUpload
INFO: [ app_init ] --START--
INFO: Run Behavior\BuildLiteBehavior [ RunTime:0.000064s ]
INFO: [ app_init ] --END-- [ RunTime:0.000577s ]

[ 2015-10-23T23:20:15+08:00 ] ::1 /HFS/index.php/Admin/Upload/newsUpload
INFO: [ app_init ] --START--
INFO: Run Behavior\BuildLiteBehavior [ RunTime:0.000033s ]
INFO: [ app_init ] --END-- [ RunTime:0.000466s ]

[ 2015-10-23T23:20:15+08:00 ] ::1 /HFS/index.php/Admin/Upload/newsUpload
INFO: [ app_init ] --START--
INFO: Run Behavior\BuildLiteBehavior [ RunTime:0.000032s ]
INFO: [ app_init ] --END-- [ RunTime:0.000567s ]

[ 2015-10-23T23:21:02+08:00 ] ::1 /HFS/index.php/Admin/Upload/noticeUpload
INFO: [ app_init ] --START--
INFO: Run Behavior\BuildLiteBehavior [ RunTime:0.000034s ]
INFO: [ app_init ] --END-- [ RunTime:0.000599s ]

[ 2015-10-23T23:21:14+08:00 ] ::1 /HFS/index.php/Admin/Info/newsInfo
INFO: [ app_init ] --START--
INFO: Run Behavior\BuildLiteBehavior [ RunTime:0.000035s ]
INFO: [ app_init ] --END-- [ RunTime:0.000928s ]
ERR: 模板不存在:./Appliaction/Admin/View/Info/newsInfo.html

[ 2015-10-23T23:21:18+08:00 ] ::1 /HFS/index.php/Admin/Info/reportInfo
INFO: [ app_init ] --START--
INFO: Run Behavior\BuildLiteBehavior [ RunTime:0.000068s ]
INFO: [ app_init ] --END-- [ RunTime:0.000911s ]
ERR: 模板不存在:./Appliaction/Admin/View/Info/reportInfo.html

[ 2015-10-23T23:21:51+08:00 ] ::1 /HFS/index.php/Admin/Upload/noticeUpload
INFO: [ app_init ] --START--
INFO: Run Behavior\BuildLiteBehavior [ RunTime:0.000054s ]
INFO: [ app_init ] --END-- [ RunTime:0.000557s ]

[ 2015-10-23T23:22:24+08:00 ] ::1 /HFS/index.php/Admin/Upload/reportUpload
INFO: [ app_init ] --START--
INFO: Run Behavior\BuildLiteBehavior [ RunTime:0.000033s ]
INFO: [ app_init ] --END-- [ RunTime:0.000501s ]

[ 2015-10-23T23:22:25+08:00 ] ::1 /HFS/index.php/Admin/Upload/reportUpload
INFO: [ app_init ] --START--
INFO: Run Behavior\BuildLiteBehavior [ RunTime:0.000055s ]
INFO: [ app_init ] --END-- [ RunTime:0.001062s ]

[ 2015-10-23T23:22:25+08:00 ] ::1 /HFS/index.php/Admin/Upload/reportUpload
INFO: [ app_init ] --START--
INFO: Run Behavior\BuildLiteBehavior [ RunTime:0.000060s ]
INFO: [ app_init ] --END-- [ RunTime:0.000867s ]

[ 2015-10-23T23:22:35+08:00 ] ::1 /HFS/index.php/Admin/Upload/noticeUpload
INFO: [ app_init ] --START--
INFO: Run Behavior\BuildLiteBehavior [ RunTime:0.000031s ]
INFO: [ app_init ] --END-- [ RunTime:0.000483s ]

[ 2015-10-23T23:22:35+08:00 ] ::1 /HFS/index.php/Admin/Upload/noticeUpload
INFO: [ app_init ] --START--
INFO: Run Behavior\BuildLiteBehavior [ RunTime:0.000032s ]
INFO: [ app_init ] --END-- [ RunTime:0.000510s ]

[ 2015-10-23T23:22:35+08:00 ] ::1 /HFS/index.php/Admin/Upload/noticeUpload
INFO: [ app_init ] --START--
INFO: Run Behavior\BuildLiteBehavior [ RunTime:0.000031s ]
INFO: [ app_init ] --END-- [ RunTime:0.000473s ]

[ 2015-10-23T23:22:35+08:00 ] ::1 /HFS/index.php/Admin/Upload/noticeUpload
INFO: [ app_init ] --START--
INFO: Run Behavior\BuildLiteBehavior [ RunTime:0.000033s ]
INFO: [ app_init ] --END-- [ RunTime:0.000465s ]

[ 2015-10-23T23:22:36+08:00 ] ::1 /HFS/index.php/Admin/Upload/newsUpload
INFO: [ app_init ] --START--
INFO: Run Behavior\BuildLiteBehavior [ RunTime:0.000057s ]
INFO: [ app_init ] --END-- [ RunTime:0.000978s ]

[ 2015-10-23T23:22:37+08:00 ] ::1 /HFS/index.php/Admin/Upload/newsUpload
INFO: [ app_init ] --START--
INFO: Run Behavior\BuildLiteBehavior [ RunTime:0.000031s ]
INFO: [ app_init ] --END-- [ RunTime:0.000476s ]

[ 2015-10-23T23:22:41+08:00 ] ::1 /HFS/index.php/Admin/Upload/newsUpload
INFO: [ app_init ] --START--
INFO: Run Behavior\BuildLiteBehavior [ RunTime:0.000050s ]
INFO: [ app_init ] --END-- [ RunTime:0.000720s ]

[ 2015-10-23T23:22:42+08:00 ] ::1 /HFS/index.php/Admin/Upload/newsUpload
INFO: [ app_init ] --START--
INFO: Run Behavior\BuildLiteBehavior [ RunTime:0.000045s ]
INFO: [ app_init ] --END-- [ RunTime:0.000589s ]

[ 2015-10-23T23:22:42+08:00 ] ::1 /HFS/index.php/Admin/Upload/newsUpload
INFO: [ app_init ] --START--
INFO: Run Behavior\BuildLiteBehavior [ RunTime:0.000052s ]
INFO: [ app_init ] --END-- [ RunTime:0.000596s ]

[ 2015-10-23T23:22:42+08:00 ] ::1 /HFS/index.php/Admin/Upload/newsUpload
INFO: [ app_init ] --START--
INFO: Run Behavior\BuildLiteBehavior [ RunTime:0.000049s ]
INFO: [ app_init ] --END-- [ RunTime:0.000711s ]

[ 2015-10-23T23:22:42+08:00 ] ::1 /HFS/index.php/Admin/Upload/newsUpload
INFO: [ app_init ] --START--
INFO: Run Behavior\BuildLiteBehavior [ RunTime:0.000034s ]
INFO: [ app_init ] --END-- [ RunTime:0.000642s ]

[ 2015-10-23T23:23:15+08:00 ] ::1 /HFS/index.php/Admin/Upload/noticeUpload
INFO: [ app_init ] --START--
INFO: Run Behavior\BuildLiteBehavior [ RunTime:0.000033s ]
INFO: [ app_init ] --END-- [ RunTime:0.000541s ]

[ 2015-10-23T23:24:11+08:00 ] ::1 /HFS/index.php/Admin/Upload/newsUpload
INFO: [ app_init ] --START--
INFO: Run Behavior\BuildLiteBehavior [ RunTime:0.000032s ]
INFO: [ app_init ] --END-- [ RunTime:0.000520s ]

[ 2015-10-23T23:24:12+08:00 ] ::1 /HFS/index.php/Admin/Upload/newsUpload
INFO: [ app_init ] --START--
INFO: Run Behavior\BuildLiteBehavior [ RunTime:0.000031s ]
INFO: [ app_init ] --END-- [ RunTime:0.000481s ]

[ 2015-10-23T23:24:13+08:00 ] ::1 /HFS/index.php/Admin/Upload/newsUpload
INFO: [ app_init ] --START--
INFO: Run Behavior\BuildLiteBehavior [ RunTime:0.000032s ]
INFO: [ app_init ] --END-- [ RunTime:0.000481s ]

[ 2015-10-23T23:24:13+08:00 ] ::1 /HFS/index.php/Admin/Upload/newsUpload
INFO: [ app_init ] --START--
INFO: Run Behavior\BuildLiteBehavior [ RunTime:0.000058s ]
INFO: [ app_init ] --END-- [ RunTime:0.000672s ]

[ 2015-10-23T23:24:13+08:00 ] ::1 /HFS/index.php/Admin/Upload/newsUpload
INFO: [ app_init ] --START--
INFO: Run Behavior\BuildLiteBehavior [ RunTime:0.000031s ]
INFO: [ app_init ] --END-- [ RunTime:0.000504s ]

[ 2015-10-23T23:24:13+08:00 ] ::1 /HFS/index.php/Admin/Upload/newsUpload
INFO: [ app_init ] --START--
INFO: Run Behavior\BuildLiteBehavior [ RunTime:0.000055s ]
INFO: [ app_init ] --END-- [ RunTime:0.000801s ]

[ 2015-10-23T23:24:14+08:00 ] ::1 /HFS/index.php/Admin/Upload/newsUpload
INFO: [ app_init ] --START--
INFO: Run Behavior\BuildLiteBehavior [ RunTime:0.000032s ]
INFO: [ app_init ] --END-- [ RunTime:0.000568s ]

[ 2015-10-23T23:24:14+08:00 ] ::1 /HFS/index.php/Admin/Upload/newsUpload
INFO: [ app_init ] --START--
INFO: Run Behavior\BuildLiteBehavior [ RunTime:0.000045s ]
INFO: [ app_init ] --END-- [ RunTime:0.000632s ]

[ 2015-10-23T23:24:14+08:00 ] ::1 /HFS/index.php/Admin/Upload/newsUpload
INFO: [ app_init ] --START--
INFO: Run Behavior\BuildLiteBehavior [ RunTime:0.000046s ]
INFO: [ app_init ] --END-- [ RunTime:0.000687s ]

[ 2015-10-23T23:24:14+08:00 ] ::1 /HFS/index.php/Admin/Upload/newsUpload
INFO: [ app_init ] --START--
INFO: Run Behavior\BuildLiteBehavior [ RunTime:0.000032s ]
INFO: [ app_init ] --END-- [ RunTime:0.000512s ]

[ 2015-10-23T23:24:15+08:00 ] ::1 /HFS/index.php/Admin/Upload/newsUpload
INFO: [ app_init ] --START--
INFO: Run Behavior\BuildLiteBehavior [ RunTime:0.000032s ]
INFO: [ app_init ] --END-- [ RunTime:0.000532s ]

[ 2015-10-23T23:24:15+08:00 ] ::1 /HFS/index.php/Admin/Upload/newsUpload
INFO: [ app_init ] --START--
INFO: Run Behavior\BuildLiteBehavior [ RunTime:0.000046s ]
INFO: [ app_init ] --END-- [ RunTime:0.000763s ]

[ 2015-10-23T23:24:49+08:00 ] ::1 /HFS/index.php/Admin/Upload/newsUpload
INFO: [ app_init ] --START--
INFO: Run Behavior\BuildLiteBehavior [ RunTime:0.000060s ]
INFO: [ app_init ] --END-- [ RunTime:0.001103s ]

[ 2015-10-23T23:28:38+08:00 ] ::1 /HFS/index.php/Admin/Upload/newsUpload
INFO: [ app_init ] --START--
INFO: Run Behavior\BuildLiteBehavior [ RunTime:0.000055s ]
INFO: [ app_init ] --END-- [ RunTime:0.000743s ]

[ 2015-10-23T23:28:38+08:00 ] ::1 /HFS/index.php/Admin/Upload/newsUpload
INFO: [ app_init ] --START--
INFO: Run Behavior\BuildLiteBehavior [ RunTime:0.000068s ]
INFO: [ app_init ] --END-- [ RunTime:0.001431s ]

[ 2015-10-23T23:28:41+08:00 ] ::1 /HFS/index.php/Admin/Info/newsInfo
INFO: [ app_init ] --START--
INFO: Run Behavior\BuildLiteBehavior [ RunTime:0.000051s ]
INFO: [ app_init ] --END-- [ RunTime:0.000733s ]
ERR: 模板不存在:./Appliaction/Admin/View/Info/newsInfo.html

[ 2015-10-23T23:30:38+08:00 ] ::1 /HFS/index.php/Admin/Upload/newsUpload
INFO: [ app_init ] --START--
INFO: Run Behavior\BuildLiteBehavior [ RunTime:0.000044s ]
INFO: [ app_init ] --END-- [ RunTime:0.000771s ]

[ 2015-10-23T23:30:42+08:00 ] ::1 /HFS/index.php/Admin/Upload/newsUpload
INFO: [ app_init ] --START--
INFO: Run Behavior\BuildLiteBehavior [ RunTime:0.000032s ]
INFO: [ app_init ] --END-- [ RunTime:0.000503s ]

[ 2015-10-23T23:31:15+08:00 ] ::1 /HFS/index.php/Admin/Upload/newsUpload
INFO: [ app_init ] --START--
INFO: Run Behavior\BuildLiteBehavior [ RunTime:0.000032s ]
INFO: [ app_init ] --END-- [ RunTime:0.000527s ]

[ 2015-10-23T23:31:16+08:00 ] ::1 /HFS/index.php/Admin/Upload/newsUpload
INFO: [ app_init ] --START--
INFO: Run Behavior\BuildLiteBehavior [ RunTime:0.000050s ]
INFO: [ app_init ] --END-- [ RunTime:0.000712s ]

[ 2015-10-23T23:31:16+08:00 ] ::1 /HFS/index.php/Admin/Upload/newsUpload
INFO: [ app_init ] --START--
INFO: Run Behavior\BuildLiteBehavior [ RunTime:0.000058s ]
INFO: [ app_init ] --END-- [ RunTime:0.000835s ]

[ 2015-10-23T23:31:16+08:00 ] ::1 /HFS/index.php/Admin/Upload/newsUpload
INFO: [ app_init ] --START--
INFO: Run Behavior\BuildLiteBehavior [ RunTime:0.000051s ]
INFO: [ app_init ] --END-- [ RunTime:0.000738s ]

[ 2015-10-23T23:32:01+08:00 ] ::1 /HFS/index.php/Admin/Upload/noticeUpload
INFO: [ app_init ] --START--
INFO: Run Behavior\BuildLiteBehavior [ RunTime:0.000093s ]
INFO: [ app_init ] --END-- [ RunTime:0.001347s ]

[ 2015-10-23T23:32:37+08:00 ] ::1 /HFS/index.php/Admin/Upload/newsUpload
INFO: [ app_init ] --START--
INFO: Run Behavior\BuildLiteBehavior [ RunTime:0.000032s ]
INFO: [ app_init ] --END-- [ RunTime:0.000469s ]

[ 2015-10-23T23:33:03+08:00 ] ::1 /HFS/index.php/Admin/Upload/newsUpload
INFO: [ app_init ] --START--
INFO: Run Behavior\BuildLiteBehavior [ RunTime:0.000061s ]
INFO: [ app_init ] --END-- [ RunTime:0.003582s ]

[ 2015-10-23T23:33:53+08:00 ] ::1 /HFS/index.php/Admin/Upload/reportUpload
INFO: [ app_init ] --START--
INFO: Run Behavior\BuildLiteBehavior [ RunTime:0.000034s ]
INFO: [ app_init ] --END-- [ RunTime:0.000812s ]

[ 2015-10-23T23:34:07+08:00 ] ::1 /HFS/index.php/Admin/Upload/newsUpload
INFO: [ app_init ] --START--
INFO: Run Behavior\BuildLiteBehavior [ RunTime:0.000049s ]
INFO: [ app_init ] --END-- [ RunTime:0.000909s ]

[ 2015-10-23T23:34:08+08:00 ] ::1 /HFS/index.php/Admin/Upload/newsUpload
INFO: [ app_init ] --START--
INFO: Run Behavior\BuildLiteBehavior [ RunTime:0.000055s ]
INFO: [ app_init ] --END-- [ RunTime:0.000683s ]

[ 2015-10-23T23:35:06+08:00 ] ::1 /HFS/index.php/Admin/Upload/newsUpload
INFO: [ app_init ] --START--
INFO: Run Behavior\BuildLiteBehavior [ RunTime:0.000031s ]
INFO: [ app_init ] --END-- [ RunTime:0.000511s ]

[ 2015-10-23T23:35:09+08:00 ] ::1 /HFS/index.php/Admin/Info/newsInfo
INFO: [ app_init ] --START--
INFO: Run Behavior\BuildLiteBehavior [ RunTime:0.000049s ]
INFO: [ app_init ] --END-- [ RunTime:0.000727s ]
ERR: 模板不存在:./Appliaction/Admin/View/Info/newsInfo.html

[ 2015-10-23T23:36:06+08:00 ] ::1 /HFS/index.php/Admin/Upload/reportUpload
INFO: [ app_init ] --START--
INFO: Run Behavior\BuildLiteBehavior [ RunTime:0.000049s ]
INFO: [ app_init ] --END-- [ RunTime:0.001007s ]

[ 2015-10-23T23:36:07+08:00 ] ::1 /HFS/index.php/Admin/Upload/reportUpload
INFO: [ app_init ] --START--
INFO: Run Behavior\BuildLiteBehavior [ RunTime:0.000064s ]
INFO: [ app_init ] --END-- [ RunTime:0.001000s ]

[ 2015-10-23T23:36:07+08:00 ] ::1 /HFS/index.php/Admin/Upload/reportUpload
INFO: [ app_init ] --START--
INFO: Run Behavior\BuildLiteBehavior [ RunTime:0.000032s ]
INFO: [ app_init ] --END-- [ RunTime:0.000626s ]

[ 2015-10-23T23:36:27+08:00 ] ::1 /HFS/index.php/Admin/Upload/newsUpload
INFO: [ app_init ] --START--
INFO: Run Behavior\BuildLiteBehavior [ RunTime:0.000049s ]
INFO: [ app_init ] --END-- [ RunTime:0.000718s ]

[ 2015-10-23T23:36:27+08:00 ] ::1 /HFS/index.php/Admin/Upload/newsUpload
INFO: [ app_init ] --START--
INFO: Run Behavior\BuildLiteBehavior [ RunTime:0.000033s ]
INFO: [ app_init ] --END-- [ RunTime:0.000531s ]

[ 2015-10-23T23:36:27+08:00 ] ::1 /HFS/index.php/Admin/Upload/newsUpload
INFO: [ app_init ] --START--
INFO: Run Behavior\BuildLiteBehavior [ RunTime:0.000076s ]
INFO: [ app_init ] --END-- [ RunTime:0.000825s ]

[ 2015-10-23T23:36:27+08:00 ] ::1 /HFS/index.php/Admin/Upload/newsUpload
INFO: [ app_init ] --START--
INFO: Run Behavior\BuildLiteBehavior [ RunTime:0.000032s ]
INFO: [ app_init ] --END-- [ RunTime:0.000455s ]

[ 2015-10-23T23:36:27+08:00 ] ::1 /HFS/index.php/Admin/Upload/newsUpload
INFO: [ app_init ] --START--
INFO: Run Behavior\BuildLiteBehavior [ RunTime:0.000055s ]
INFO: [ app_init ] --END-- [ RunTime:0.000864s ]

[ 2015-10-23T23:36:27+08:00 ] ::1 /HFS/index.php/Admin/Upload/newsUpload
INFO: [ app_init ] --START--
INFO: Run Behavior\BuildLiteBehavior [ RunTime:0.000054s ]
INFO: [ app_init ] --END-- [ RunTime:0.001187s ]

[ 2015-10-23T23:36:27+08:00 ] ::1 /HFS/index.php/Admin/Upload/newsUpload
INFO: [ app_init ] --START--
INFO: Run Behavior\BuildLiteBehavior [ RunTime:0.000031s ]
INFO: [ app_init ] --END-- [ RunTime:0.000521s ]

[ 2015-10-23T23:36:28+08:00 ] ::1 /HFS/index.php/Admin/Upload/newsUpload
INFO: [ app_init ] --START--
INFO: Run Behavior\BuildLiteBehavior [ RunTime:0.000032s ]
INFO: [ app_init ] --END-- [ RunTime:0.000451s ]

[ 2015-10-23T23:38:24+08:00 ] ::1 /HFS/index.php/Admin/Upload/noticeUpload
INFO: [ app_init ] --START--
INFO: Run Behavior\BuildLiteBehavior [ RunTime:0.000049s ]
INFO: [ app_init ] --END-- [ RunTime:0.000671s ]

[ 2015-10-23T23:38:52+08:00 ] ::1 /HFS/index.php/Admin/Upload/newsUpload
INFO: [ app_init ] --START--
INFO: Run Behavior\BuildLiteBehavior [ RunTime:0.000051s ]
INFO: [ app_init ] --END-- [ RunTime:0.000768s ]

[ 2015-10-23T23:40:03+08:00 ] ::1 /HFS/index.php/Admin/Upload/newsUpload
INFO: [ app_init ] --START--
INFO: Run Behavior\BuildLiteBehavior [ RunTime:0.000049s ]
INFO: [ app_init ] --END-- [ RunTime:0.000749s ]

[ 2015-10-23T23:40:03+08:00 ] ::1 /HFS/index.php/Admin/Upload/newsUpload
INFO: [ app_init ] --START--
INFO: Run Behavior\BuildLiteBehavior [ RunTime:0.000034s ]
INFO: [ app_init ] --END-- [ RunTime:0.000608s ]

[ 2015-10-23T23:40:04+08:00 ] ::1 /HFS/index.php/Admin/Upload/newsUpload
INFO: [ app_init ] --START--
INFO: Run Behavior\BuildLiteBehavior [ RunTime:0.000051s ]
INFO: [ app_init ] --END-- [ RunTime:0.000695s ]

[ 2015-10-23T23:40:04+08:00 ] ::1 /HFS/index.php/Admin/Upload/newsUpload
INFO: [ app_init ] --START--
INFO: Run Behavior\BuildLiteBehavior [ RunTime:0.000048s ]
INFO: [ app_init ] --END-- [ RunTime:0.000651s ]

[ 2015-10-23T23:40:04+08:00 ] ::1 /HFS/index.php/Admin/Upload/newsUpload
INFO: [ app_init ] --START--
INFO: Run Behavior\BuildLiteBehavior [ RunTime:0.000047s ]
INFO: [ app_init ] --END-- [ RunTime:0.000595s ]

[ 2015-10-23T23:40:35+08:00 ] ::1 /HFS/index.php/Admin/Upload/newsUpload
INFO: [ app_init ] --START--
INFO: Run Behavior\BuildLiteBehavior [ RunTime:0.000051s ]
INFO: [ app_init ] --END-- [ RunTime:0.000971s ]

[ 2015-10-23T23:41:01+08:00 ] ::1 /HFS/index.php/Admin/Upload/newsUpload
INFO: [ app_init ] --START--
INFO: Run Behavior\BuildLiteBehavior [ RunTime:0.000035s ]
INFO: [ app_init ] --END-- [ RunTime:0.000706s ]

[ 2015-10-23T23:41:02+08:00 ] ::1 /HFS/index.php/Admin/Upload/newsUpload
INFO: [ app_init ] --START--
INFO: Run Behavior\BuildLiteBehavior [ RunTime:0.000053s ]
INFO: [ app_init ] --END-- [ RunTime:0.000602s ]

[ 2015-10-23T23:41:02+08:00 ] ::1 /HFS/index.php/Admin/Upload/newsUpload
INFO: [ app_init ] --START--
INFO: Run Behavior\BuildLiteBehavior [ RunTime:0.000049s ]
INFO: [ app_init ] --END-- [ RunTime:0.000714s ]

[ 2015-10-23T23:41:02+08:00 ] ::1 /HFS/index.php/Admin/Upload/newsUpload
INFO: [ app_init ] --START--
INFO: Run Behavior\BuildLiteBehavior [ RunTime:0.000034s ]
INFO: [ app_init ] --END-- [ RunTime:0.000560s ]

[ 2015-10-23T23:41:11+08:00 ] ::1 /HFS/index.php/Admin/Upload/newsUpload
INFO: [ app_init ] --START--
INFO: Run Behavior\BuildLiteBehavior [ RunTime:0.000049s ]
INFO: [ app_init ] --END-- [ RunTime:0.000760s ]

[ 2015-10-23T23:41:15+08:00 ] ::1 /HFS/index.php/Admin/
INFO: [ app_init ] --START--
INFO: Run Behavior\BuildLiteBehavior [ RunTime:0.000031s ]
INFO: [ app_init ] --END-- [ RunTime:0.000489s ]

[ 2015-10-23T23:41:15+08:00 ] ::1 /HFS/index.php/Admin/
INFO: [ app_init ] --START--
INFO: Run Behavior\BuildLiteBehavior [ RunTime:0.000033s ]
INFO: [ app_init ] --END-- [ RunTime:0.000625s ]

[ 2015-10-23T23:42:28+08:00 ] ::1 /HFS/index.php/Admin/Upload/newsUpload
INFO: [ app_init ] --START--
INFO: Run Behavior\BuildLiteBehavior [ RunTime:0.000034s ]
INFO: [ app_init ] --END-- [ RunTime:0.000561s ]

[ 2015-10-23T23:42:49+08:00 ] ::1 /HFS/index.php/Admin/Upload/newsUpload
INFO: [ app_init ] --START--
INFO: Run Behavior\BuildLiteBehavior [ RunTime:0.000058s ]
INFO: [ app_init ] --END-- [ RunTime:0.000855s ]

[ 2015-10-23T23:43:44+08:00 ] ::1 /HFS/index.php/Admin/Upload/newsUpload
INFO: [ app_init ] --START--
INFO: Run Behavior\BuildLiteBehavior [ RunTime:0.000034s ]
INFO: [ app_init ] --END-- [ RunTime:0.000560s ]

[ 2015-10-23T23:43:45+08:00 ] ::1 /HFS/index.php/Admin/Upload/newsUpload
INFO: [ app_init ] --START--
INFO: Run Behavior\BuildLiteBehavior [ RunTime:0.000033s ]
INFO: [ app_init ] --END-- [ RunTime:0.000532s ]

[ 2015-10-23T23:43:46+08:00 ] ::1 /HFS/index.php/Admin/Upload/newsUpload
INFO: [ app_init ] --START--
INFO: Run Behavior\BuildLiteBehavior [ RunTime:0.000051s ]
INFO: [ app_init ] --END-- [ RunTime:0.000598s ]

[ 2015-10-23T23:44:23+08:00 ] ::1 /HFS/index.php/Admin/Upload/newsUpload
INFO: [ app_init ] --START--
INFO: Run Behavior\BuildLiteBehavior [ RunTime:0.000045s ]
INFO: [ app_init ] --END-- [ RunTime:0.000893s ]

[ 2015-10-23T23:44:28+08:00 ] ::1 /HFS/index.php/Admin/Upload/noticeUpload
INFO: [ app_init ] --START--
INFO: Run Behavior\BuildLiteBehavior [ RunTime:0.000032s ]
INFO: [ app_init ] --END-- [ RunTime:0.000530s ]

[ 2015-10-23T23:45:11+08:00 ] ::1 /HFS/index.php/Admin/Upload/noticeUpload
INFO: [ app_init ] --START--
INFO: Run Behavior\BuildLiteBehavior [ RunTime:0.000048s ]
INFO: [ app_init ] --END-- [ RunTime:0.000757s ]

[ 2015-10-23T23:45:12+08:00 ] ::1 /HFS/index.php/Admin/Upload/noticeUpload
INFO: [ app_init ] --START--
INFO: Run Behavior\BuildLiteBehavior [ RunTime:0.000051s ]
INFO: [ app_init ] --END-- [ RunTime:0.000787s ]

[ 2015-10-23T23:46:43+08:00 ] ::1 /HFS/index.php/Admin/Upload/noticeUpload
INFO: [ app_init ] --START--
INFO: Run Behavior\BuildLiteBehavior [ RunTime:0.000048s ]
INFO: [ app_init ] --END-- [ RunTime:0.000683s ]

[ 2015-10-23T23:47:02+08:00 ] ::1 /HFS/index.php/Admin/Upload/noticeUpload
INFO: [ app_init ] --START--
INFO: Run Behavior\BuildLiteBehavior [ RunTime:0.000035s ]
INFO: [ app_init ] --END-- [ RunTime:0.000766s ]

[ 2015-10-23T23:47:42+08:00 ] ::1 /HFS/index.php/Admin/Upload/noticeUpload
INFO: [ app_init ] --START--
INFO: Run Behavior\BuildLiteBehavior [ RunTime:0.000052s ]
INFO: [ app_init ] --END-- [ RunTime:0.000936s ]

[ 2015-10-23T23:47:55+08:00 ] ::1 /HFS/index.php/Admin/Upload/noticeUpload
INFO: [ app_init ] --START--
INFO: Run Behavior\BuildLiteBehavior [ RunTime:0.000035s ]
INFO: [ app_init ] --END-- [ RunTime:0.000822s ]

[ 2015-10-23T23:47:55+08:00 ] ::1 /HFS/index.php/Admin/Upload/noticeUpload
INFO: [ app_init ] --START--
INFO: Run Behavior\BuildLiteBehavior [ RunTime:0.000058s ]
INFO: [ app_init ] --END-- [ RunTime:0.000876s ]

[ 2015-10-23T23:47:55+08:00 ] ::1 /HFS/index.php/Admin/Upload/noticeUpload
INFO: [ app_init ] --START--
INFO: Run Behavior\BuildLiteBehavior [ RunTime:0.000056s ]
INFO: [ app_init ] --END-- [ RunTime:0.000789s ]

[ 2015-10-23T23:47:56+08:00 ] ::1 /HFS/index.php/Admin/Upload/noticeUpload
INFO: [ app_init ] --START--
INFO: Run Behavior\BuildLiteBehavior [ RunTime:0.000031s ]
INFO: [ app_init ] --END-- [ RunTime:0.000536s ]

[ 2015-10-23T23:47:56+08:00 ] ::1 /HFS/index.php/Admin/Upload/noticeUpload
INFO: [ app_init ] --START--
INFO: Run Behavior\BuildLiteBehavior [ RunTime:0.000055s ]
INFO: [ app_init ] --END-- [ RunTime:0.000846s ]

[ 2015-10-23T23:47:56+08:00 ] ::1 /HFS/index.php/Admin/Upload/noticeUpload
INFO: [ app_init ] --START--
INFO: Run Behavior\BuildLiteBehavior [ RunTime:0.000053s ]
INFO: [ app_init ] --END-- [ RunTime:0.001017s ]

[ 2015-10-23T23:48:47+08:00 ] ::1 /HFS/index.php/Admin/Upload/noticeUpload
INFO: [ app_init ] --START--
INFO: Run Behavior\BuildLiteBehavior [ RunTime:0.000033s ]
INFO: [ app_init ] --END-- [ RunTime:0.000512s ]

[ 2015-10-23T23:48:53+08:00 ] ::1 /HFS/index.php/Admin/Upload/noticeUpload
INFO: [ app_init ] --START--
INFO: Run Behavior\BuildLiteBehavior [ RunTime:0.000051s ]
INFO: [ app_init ] --END-- [ RunTime:0.000708s ]

[ 2015-10-23T23:48:54+08:00 ] ::1 /HFS/index.php/Admin/Upload/reportUpload
INFO: [ app_init ] --START--
INFO: Run Behavior\BuildLiteBehavior [ RunTime:0.000069s ]
INFO: [ app_init ] --END-- [ RunTime:0.000973s ]

[ 2015-10-23T23:49:51+08:00 ] ::1 /HFS/index.php/Admin/Upload/noticeUpload
INFO: [ app_init ] --START--
INFO: Run Behavior\BuildLiteBehavior [ RunTime:0.000034s ]
INFO: [ app_init ] --END-- [ RunTime:0.000518s ]

[ 2015-10-23T23:49:54+08:00 ] ::1 /HFS/index.php/Admin/Info/newsInfo
INFO: [ app_init ] --START--
INFO: Run Behavior\BuildLiteBehavior [ RunTime:0.000084s ]
INFO: [ app_init ] --END-- [ RunTime:0.000980s ]
ERR: 模板不存在:./Appliaction/Admin/View/Info/newsInfo.html

[ 2015-10-23T23:50:22+08:00 ] ::1 /HFS/index.php/Admin/Upload/noticeUpload
INFO: [ app_init ] --START--
INFO: Run Behavior\BuildLiteBehavior [ RunTime:0.000065s ]
INFO: [ app_init ] --END-- [ RunTime:0.001277s ]

[ 2015-10-23T23:50:25+08:00 ] ::1 /HFS/index.php/Admin/Info/newsInfo
INFO: [ app_init ] --START--
INFO: Run Behavior\BuildLiteBehavior [ RunTime:0.000051s ]
INFO: [ app_init ] --END-- [ RunTime:0.000715s ]
ERR: 模板不存在:./Appliaction/Admin/View/Info/newsInfo.html

[ 2015-10-23T23:55:12+08:00 ] ::1 /HFS/index.php/Admin/Info/newsInfo
INFO: [ app_init ] --START--
INFO: Run Behavior\BuildLiteBehavior [ RunTime:0.000052s ]
INFO: [ app_init ] --END-- [ RunTime:0.000851s ]

[ 2015-10-23T23:55:55+08:00 ] ::1 /HFS/index.php/Admin/Info/newsInfo
INFO: [ app_init ] --START--
INFO: Run Behavior\BuildLiteBehavior [ RunTime:0.000139s ]
INFO: [ app_init ] --END-- [ RunTime:0.001494s ]

[ 2015-10-23T23:55:56+08:00 ] ::1 /HFS/index.php/Admin/Info/reportInfo
INFO: [ app_init ] --START--
INFO: Run Behavior\BuildLiteBehavior [ RunTime:0.000049s ]
INFO: [ app_init ] --END-- [ RunTime:0.000738s ]

[ 2015-10-23T23:55:57+08:00 ] ::1 /HFS/index.php/Admin/Info/noticeInfo
INFO: [ app_init ] --START--
INFO: Run Behavior\BuildLiteBehavior [ RunTime:0.000032s ]
INFO: [ app_init ] --END-- [ RunTime:0.000505s ]

[ 2015-10-23T23:56:59+08:00 ] ::1 /HFS/index.php/Admin/Info/noticeInfo
INFO: [ app_init ] --START--
INFO: Run Behavior\BuildLiteBehavior [ RunTime:0.000051s ]
INFO: [ app_init ] --END-- [ RunTime:0.000673s ]

[ 2015-10-23T23:57:02+08:00 ] ::1 /HFS/index.php/Admin/Info/newsInfo
INFO: [ app_init ] --START--
INFO: Run Behavior\BuildLiteBehavior [ RunTime:0.000050s ]
INFO: [ app_init ] --END-- [ RunTime:0.000681s ]

[ 2015-10-23T23:57:02+08:00 ] ::1 /HFS/index.php/Admin/Info/newsInfo
INFO: [ app_init ] --START--
INFO: Run Behavior\BuildLiteBehavior [ RunTime:0.000054s ]
INFO: [ app_init ] --END-- [ RunTime:0.000784s ]

[ 2015-10-23T23:57:02+08:00 ] ::1 /HFS/index.php/Admin/Info/newsInfo
INFO: [ app_init ] --START--
INFO: Run Behavior\BuildLiteBehavior [ RunTime:0.000031s ]
INFO: [ app_init ] --END-- [ RunTime:0.000435s ]

[ 2015-10-23T23:58:00+08:00 ] ::1 /HFS/index.php/Admin/Info/newsInfo
INFO: [ app_init ] --START--
INFO: Run Behavior\BuildLiteBehavior [ RunTime:0.000032s ]
INFO: [ app_init ] --END-- [ RunTime:0.000521s ]

[ 2015-10-23T23:58:31+08:00 ] ::1 /HFS/index.php/Admin/Info/newsInfo
INFO: [ app_init ] --START--
INFO: Run Behavior\BuildLiteBehavior [ RunTime:0.000049s ]
INFO: [ app_init ] --END-- [ RunTime:0.000620s ]

[ 2015-10-23T23:58:32+08:00 ] ::1 /HFS/index.php/Admin/Info/newsInfo
INFO: [ app_init ] --START--
INFO: Run Behavior\BuildLiteBehavior [ RunTime:0.000051s ]
INFO: [ app_init ] --END-- [ RunTime:0.000731s ]

[ 2015-10-23T23:58:33+08:00 ] ::1 /HFS/index.php/Admin/Info/newsInfo
INFO: [ app_init ] --START--
INFO: Run Behavior\BuildLiteBehavior [ RunTime:0.000063s ]
INFO: [ app_init ] --END-- [ RunTime:0.000736s ]

[ 2015-10-23T23:58:33+08:00 ] ::1 /HFS/index.php/Admin/Info/newsInfo
INFO: [ app_init ] --START--
INFO: Run Behavior\BuildLiteBehavior [ RunTime:0.000052s ]
INFO: [ app_init ] --END-- [ RunTime:0.000818s ]

[ 2015-10-23T23:58:33+08:00 ] ::1 /HFS/index.php/Admin/Info/newsInfo
INFO: [ app_init ] --START--
INFO: Run Behavior\BuildLiteBehavior [ RunTime:0.000033s ]
INFO: [ app_init ] --END-- [ RunTime:0.000527s ]

[ 2015-10-23T23:58:33+08:00 ] ::1 /HFS/index.php/Admin/Info/newsInfo
INFO: [ app_init ] --START--
INFO: Run Behavior\BuildLiteBehavior [ RunTime:0.000064s ]
INFO: [ app_init ] --END-- [ RunTime:0.000882s ]

[ 2015-10-23T23:58:50+08:00 ] ::1 /HFS/index.php/Admin/Info/newsInfo
INFO: [ app_init ] --START--
INFO: Run Behavior\BuildLiteBehavior [ RunTime:0.000032s ]
INFO: [ app_init ] --END-- [ RunTime:0.000641s ]

[ 2015-10-23T23:58:51+08:00 ] ::1 /HFS/index.php/Admin/Info/newsInfo
INFO: [ app_init ] --START--
INFO: Run Behavior\BuildLiteBehavior [ RunTime:0.000056s ]
INFO: [ app_init ] --END-- [ RunTime:0.000886s ]

[ 2015-10-23T23:58:51+08:00 ] ::1 /HFS/index.php/Admin/Info/newsInfo
INFO: [ app_init ] --START--
INFO: Run Behavior\BuildLiteBehavior [ RunTime:0.000031s ]
INFO: [ app_init ] --END-- [ RunTime:0.000549s ]

[ 2015-10-23T23:58:51+08:00 ] ::1 /HFS/index.php/Admin/Info/newsInfo
INFO: [ app_init ] --START--
INFO: Run Behavior\BuildLiteBehavior [ RunTime:0.000050s ]
INFO: [ app_init ] --END-- [ RunTime:0.000695s ]

[ 2015-10-23T23:58:52+08:00 ] ::1 /HFS/index.php/Admin/Info/newsInfo
INFO: [ app_init ] --START--
INFO: Run Behavior\BuildLiteBehavior [ RunTime:0.000045s ]
INFO: [ app_init ] --END-- [ RunTime:0.000570s ]

[ 2015-10-23T23:58:52+08:00 ] ::1 /HFS/index.php/Admin/Info/newsInfo
INFO: [ app_init ] --START--
INFO: Run Behavior\BuildLiteBehavior [ RunTime:0.000049s ]
INFO: [ app_init ] --END-- [ RunTime:0.000713s ]

[ 2015-10-23T23:59:03+08:00 ] ::1 /HFS/index.php/Admin/Info/newsInfo
INFO: [ app_init ] --START--
INFO: Run Behavior\BuildLiteBehavior [ RunTime:0.000049s ]
INFO: [ app_init ] --END-- [ RunTime:0.000702s ]

[ 2015-10-23T23:59:30+08:00 ] ::1 /HFS/index.php/Admin/Info/newsInfo
INFO: [ app_init ] --START--
INFO: Run Behavior\BuildLiteBehavior [ RunTime:0.000032s ]
INFO: [ app_init ] --END-- [ RunTime:0.000534s ]

