[ 2015-10-27T19:51:43+08:00 ] ::1 /HFS/index.php/Admin/Index
INFO: [ app_init ] --START--
INFO: Run Behavior\BuildLiteBehavior [ RunTime:0.000036s ]
INFO: [ app_init ] --END-- [ RunTime:0.000616s ]

[ 2015-10-27T19:51:46+08:00 ] ::1 /HFS/index.php/Admin/Info/newsInfo
INFO: [ app_init ] --START--
INFO: Run Behavior\BuildLiteBehavior [ RunTime:0.000037s ]
INFO: [ app_init ] --END-- [ RunTime:0.000604s ]

[ 2015-10-27T19:52:04+08:00 ] ::1 /HFS/index.php/Admin/Action/newsDel?id=23
INFO: [ app_init ] --START--
INFO: Run Behavior\BuildLiteBehavior [ RunTime:0.000033s ]
INFO: [ app_init ] --END-- [ RunTime:0.000583s ]

[ 2015-10-27T19:52:05+08:00 ] ::1 /HFS/index.php/Admin/Info/newsInfo.html
INFO: [ app_init ] --START--
INFO: Run Behavior\BuildLiteBehavior [ RunTime:0.000035s ]
INFO: [ app_init ] --END-- [ RunTime:0.000794s ]

[ 2015-10-27T19:52:06+08:00 ] ::1 /HFS/index.php/Admin/Action/newsDel?id=22
INFO: [ app_init ] --START--
INFO: Run Behavior\BuildLiteBehavior [ RunTime:0.000096s ]
INFO: [ app_init ] --END-- [ RunTime:0.000712s ]

[ 2015-10-27T19:52:06+08:00 ] ::1 /HFS/index.php/Admin/Info/newsInfo.html
INFO: [ app_init ] --START--
INFO: Run Behavior\BuildLiteBehavior [ RunTime:0.000051s ]
INFO: [ app_init ] --END-- [ RunTime:0.000745s ]

[ 2015-10-27T19:52:08+08:00 ] ::1 /HFS/index.php/Admin/Action/newsDel?id=18
INFO: [ app_init ] --START--
INFO: Run Behavior\BuildLiteBehavior [ RunTime:0.000063s ]
INFO: [ app_init ] --END-- [ RunTime:0.000987s ]

[ 2015-10-27T19:52:08+08:00 ] ::1 /HFS/index.php/Admin/Info/newsInfo.html
INFO: [ app_init ] --START--
INFO: Run Behavior\BuildLiteBehavior [ RunTime:0.000031s ]
INFO: [ app_init ] --END-- [ RunTime:0.000471s ]

[ 2015-10-27T19:52:13+08:00 ] ::1 /HFS/index.php/Admin/Info/newsInfo.html
INFO: [ app_init ] --START--
INFO: Run Behavior\BuildLiteBehavior [ RunTime:0.000034s ]
INFO: [ app_init ] --END-- [ RunTime:0.000507s ]

[ 2015-10-27T19:52:15+08:00 ] ::1 /HFS/index.php/Admin/Info/newsInfo.html
INFO: [ app_init ] --START--
INFO: Run Behavior\BuildLiteBehavior [ RunTime:0.000037s ]
INFO: [ app_init ] --END-- [ RunTime:0.000537s ]

[ 2015-10-27T19:55:34+08:00 ] ::1 /HFS/index.php/Admin/Index
INFO: [ app_init ] --START--
INFO: Run Behavior\BuildLiteBehavior [ RunTime:0.000036s ]
INFO: [ app_init ] --END-- [ RunTime:0.000505s ]

[ 2015-10-27T19:55:36+08:00 ] ::1 /HFS/index.php/Admin/Info/reportInfo
INFO: [ app_init ] --START--
INFO: Run Behavior\BuildLiteBehavior [ RunTime:0.000040s ]
INFO: [ app_init ] --END-- [ RunTime:0.000437s ]

[ 2015-10-27T19:55:38+08:00 ] ::1 /HFS/index.php/Admin/Action/reportDel?id=11
INFO: [ app_init ] --START--
INFO: Run Behavior\BuildLiteBehavior [ RunTime:0.000039s ]
INFO: [ app_init ] --END-- [ RunTime:0.000585s ]

[ 2015-10-27T19:55:38+08:00 ] ::1 /HFS/index.php/Admin/Info/reportInfo.html
INFO: [ app_init ] --START--
INFO: Run Behavior\BuildLiteBehavior [ RunTime:0.000054s ]
INFO: [ app_init ] --END-- [ RunTime:0.000565s ]

[ 2015-10-27T19:55:40+08:00 ] ::1 /HFS/index.php/Admin/Action/reportDel?id=10
INFO: [ app_init ] --START--
INFO: Run Behavior\BuildLiteBehavior [ RunTime:0.000138s ]
INFO: [ app_init ] --END-- [ RunTime:0.001482s ]

[ 2015-10-27T19:55:40+08:00 ] ::1 /HFS/index.php/Admin/Info/reportInfo.html
INFO: [ app_init ] --START--
INFO: Run Behavior\BuildLiteBehavior [ RunTime:0.000031s ]
INFO: [ app_init ] --END-- [ RunTime:0.000464s ]

[ 2015-10-27T19:55:41+08:00 ] ::1 /HFS/index.php/Admin/Info/noticeInfo
INFO: [ app_init ] --START--
INFO: Run Behavior\BuildLiteBehavior [ RunTime:0.000058s ]
INFO: [ app_init ] --END-- [ RunTime:0.000531s ]

[ 2015-10-27T19:55:43+08:00 ] ::1 /HFS/index.php/Admin/Info/reportInfo
INFO: [ app_init ] --START--
INFO: Run Behavior\BuildLiteBehavior [ RunTime:0.000062s ]
INFO: [ app_init ] --END-- [ RunTime:0.000553s ]

[ 2015-10-27T19:55:43+08:00 ] ::1 /HFS/index.php/Admin/Info/newsInfo
INFO: [ app_init ] --START--
INFO: Run Behavior\BuildLiteBehavior [ RunTime:0.000034s ]
INFO: [ app_init ] --END-- [ RunTime:0.000492s ]

[ 2015-10-27T19:58:12+08:00 ] ::1 /HFS/index.php/Admin/Index
INFO: [ app_init ] --START--
INFO: Run Behavior\BuildLiteBehavior [ RunTime:0.000034s ]
INFO: [ app_init ] --END-- [ RunTime:0.000507s ]

[ 2015-10-27T19:58:13+08:00 ] ::1 /HFS/index.php/Admin/Upload/newsUpload
INFO: [ app_init ] --START--
INFO: Run Behavior\BuildLiteBehavior [ RunTime:0.000035s ]
INFO: [ app_init ] --END-- [ RunTime:0.000495s ]

[ 2015-10-27T19:58:15+08:00 ] ::1 /HFS/index.php/Admin/Upload/newsUpload
INFO: [ app_init ] --START--
INFO: Run Behavior\BuildLiteBehavior [ RunTime:0.000032s ]
INFO: [ app_init ] --END-- [ RunTime:0.000461s ]

[ 2015-10-27T19:58:55+08:00 ] ::1 /HFS/index.php/Admin/Upload/newsUpload
INFO: [ app_init ] --START--
INFO: Run Behavior\BuildLiteBehavior [ RunTime:0.000054s ]
INFO: [ app_init ] --END-- [ RunTime:0.000741s ]

[ 2015-10-27T19:59:17+08:00 ] ::1 /HFS/index.php/Admin/Upload/newsUpload
INFO: [ app_init ] --START--
INFO: Run Behavior\BuildLiteBehavior [ RunTime:0.000051s ]
INFO: [ app_init ] --END-- [ RunTime:0.000673s ]

[ 2015-10-27T19:59:35+08:00 ] ::1 /HFS/index.php/Admin/Upload/newsUpload
INFO: [ app_init ] --START--
INFO: Run Behavior\BuildLiteBehavior [ RunTime:0.000085s ]
INFO: [ app_init ] --END-- [ RunTime:0.000889s ]

[ 2015-10-27T19:59:36+08:00 ] ::1 /HFS/index.php/Admin/Upload/newsUpload
INFO: [ app_init ] --START--
INFO: Run Behavior\BuildLiteBehavior [ RunTime:0.000054s ]
INFO: [ app_init ] --END-- [ RunTime:0.000699s ]

[ 2015-10-27T19:59:43+08:00 ] ::1 /HFS/index.php/Admin/Upload/newsUpload
INFO: [ app_init ] --START--
INFO: Run Behavior\BuildLiteBehavior [ RunTime:0.000048s ]
INFO: [ app_init ] --END-- [ RunTime:0.000771s ]

[ 2015-10-27T19:59:53+08:00 ] ::1 /HFS/index.php/Admin/Upload/newsUpload
INFO: [ app_init ] --START--
INFO: Run Behavior\BuildLiteBehavior [ RunTime:0.000070s ]
INFO: [ app_init ] --END-- [ RunTime:0.001126s ]

[ 2015-10-27T20:00:05+08:00 ] ::1 /HFS/index.php/Admin/Upload/newsUpload
INFO: [ app_init ] --START--
INFO: Run Behavior\BuildLiteBehavior [ RunTime:0.000037s ]
INFO: [ app_init ] --END-- [ RunTime:0.000635s ]

[ 2015-10-27T20:00:06+08:00 ] ::1 /HFS/index.php/Admin/Upload/newsUpload
INFO: [ app_init ] --START--
INFO: Run Behavior\BuildLiteBehavior [ RunTime:0.000036s ]
INFO: [ app_init ] --END-- [ RunTime:0.000534s ]

[ 2015-10-27T20:00:06+08:00 ] ::1 /HFS/index.php/Admin/Upload/newsUpload
INFO: [ app_init ] --START--
INFO: Run Behavior\BuildLiteBehavior [ RunTime:0.000031s ]
INFO: [ app_init ] --END-- [ RunTime:0.000646s ]

[ 2015-10-27T20:00:06+08:00 ] ::1 /HFS/index.php/Admin/Upload/newsUpload
INFO: [ app_init ] --START--
INFO: Run Behavior\BuildLiteBehavior [ RunTime:0.000035s ]
INFO: [ app_init ] --END-- [ RunTime:0.000676s ]

[ 2015-10-27T20:00:18+08:00 ] ::1 /HFS/index.php/Admin/Upload/newsUpload
INFO: [ app_init ] --START--
INFO: Run Behavior\BuildLiteBehavior [ RunTime:0.000037s ]
INFO: [ app_init ] --END-- [ RunTime:0.000625s ]

[ 2015-10-27T20:00:27+08:00 ] ::1 /HFS/index.php/Admin/Upload/newsUpload
INFO: [ app_init ] --START--
INFO: Run Behavior\BuildLiteBehavior [ RunTime:0.000040s ]
INFO: [ app_init ] --END-- [ RunTime:0.000675s ]

[ 2015-10-27T20:01:07+08:00 ] ::1 /HFS/index.php/Admin/Upload/newsUpload
INFO: [ app_init ] --START--
INFO: Run Behavior\BuildLiteBehavior [ RunTime:0.000146s ]
INFO: [ app_init ] --END-- [ RunTime:0.001503s ]

[ 2015-10-27T20:01:13+08:00 ] ::1 /HFS/index.php/Admin/Upload/newsUpload
INFO: [ app_init ] --START--
INFO: Run Behavior\BuildLiteBehavior [ RunTime:0.000037s ]
INFO: [ app_init ] --END-- [ RunTime:0.000554s ]

[ 2015-10-27T20:01:37+08:00 ] ::1 /HFS/index.php/Admin/Upload/newsUpload
INFO: [ app_init ] --START--
INFO: Run Behavior\BuildLiteBehavior [ RunTime:0.000067s ]
INFO: [ app_init ] --END-- [ RunTime:0.001018s ]

[ 2015-10-27T20:01:49+08:00 ] ::1 /HFS/index.php/Admin/Upload/newsUpload
INFO: [ app_init ] --START--
INFO: Run Behavior\BuildLiteBehavior [ RunTime:0.000037s ]
INFO: [ app_init ] --END-- [ RunTime:0.000609s ]

[ 2015-10-27T20:01:55+08:00 ] ::1 /HFS/index.php/Admin/Upload/newsUpload
INFO: [ app_init ] --START--
INFO: Run Behavior\BuildLiteBehavior [ RunTime:0.000037s ]
INFO: [ app_init ] --END-- [ RunTime:0.000581s ]

[ 2015-10-27T20:02:02+08:00 ] ::1 /HFS/index.php/Admin/Upload/newsUpload
INFO: [ app_init ] --START--
INFO: Run Behavior\BuildLiteBehavior [ RunTime:0.000036s ]
INFO: [ app_init ] --END-- [ RunTime:0.000502s ]

[ 2015-10-27T20:02:10+08:00 ] ::1 /HFS/index.php/Admin/Upload/reportUpload
INFO: [ app_init ] --START--
INFO: Run Behavior\BuildLiteBehavior [ RunTime:0.000031s ]
INFO: [ app_init ] --END-- [ RunTime:0.000527s ]

[ 2015-10-27T20:02:14+08:00 ] ::1 /HFS/index.php/Admin/Upload/noticeUpload
INFO: [ app_init ] --START--
INFO: Run Behavior\BuildLiteBehavior [ RunTime:0.000040s ]
INFO: [ app_init ] --END-- [ RunTime:0.000492s ]

[ 2015-10-27T20:02:16+08:00 ] ::1 /HFS/index.php/Admin/Upload/reportUpload
INFO: [ app_init ] --START--
INFO: Run Behavior\BuildLiteBehavior [ RunTime:0.000031s ]
INFO: [ app_init ] --END-- [ RunTime:0.000451s ]

[ 2015-10-27T20:02:17+08:00 ] ::1 /HFS/index.php/Admin/Upload/newsUpload
INFO: [ app_init ] --START--
INFO: Run Behavior\BuildLiteBehavior [ RunTime:0.000035s ]
INFO: [ app_init ] --END-- [ RunTime:0.000550s ]

[ 2015-10-27T20:02:33+08:00 ] ::1 /HFS/index.php/Admin/Upload/newsUpload
INFO: [ app_init ] --START--
INFO: Run Behavior\BuildLiteBehavior [ RunTime:0.000032s ]
INFO: [ app_init ] --END-- [ RunTime:0.000520s ]

[ 2015-10-27T20:07:38+08:00 ] ::1 /HFS/index.php/Admin/Upload/newsUpload
INFO: [ app_init ] --START--
INFO: Run Behavior\BuildLiteBehavior [ RunTime:0.000030s ]
INFO: [ app_init ] --END-- [ RunTime:0.000531s ]

[ 2015-10-27T20:07:40+08:00 ] ::1 /HFS/index.php/Admin/Upload/reportUpload
INFO: [ app_init ] --START--
INFO: Run Behavior\BuildLiteBehavior [ RunTime:0.000034s ]
INFO: [ app_init ] --END-- [ RunTime:0.000488s ]

[ 2015-10-27T20:07:41+08:00 ] ::1 /HFS/index.php/Admin/Upload/reportUpload
INFO: [ app_init ] --START--
INFO: Run Behavior\BuildLiteBehavior [ RunTime:0.000031s ]
INFO: [ app_init ] --END-- [ RunTime:0.000528s ]

[ 2015-10-27T20:07:41+08:00 ] ::1 /HFS/index.php/Admin/Upload/reportUpload
INFO: [ app_init ] --START--
INFO: Run Behavior\BuildLiteBehavior [ RunTime:0.000031s ]
INFO: [ app_init ] --END-- [ RunTime:0.000546s ]

[ 2015-10-27T20:07:43+08:00 ] ::1 /HFS/index.php/Admin/Upload/reportUpload
INFO: [ app_init ] --START--
INFO: Run Behavior\BuildLiteBehavior [ RunTime:0.000036s ]
INFO: [ app_init ] --END-- [ RunTime:0.000538s ]

[ 2015-10-27T20:07:43+08:00 ] ::1 /HFS/index.php/Admin/Upload/reportUpload
INFO: [ app_init ] --START--
INFO: Run Behavior\BuildLiteBehavior [ RunTime:0.000035s ]
INFO: [ app_init ] --END-- [ RunTime:0.000516s ]

[ 2015-10-27T20:07:43+08:00 ] ::1 /HFS/index.php/Admin/Upload/noticeUpload
INFO: [ app_init ] --START--
INFO: Run Behavior\BuildLiteBehavior [ RunTime:0.000035s ]
INFO: [ app_init ] --END-- [ RunTime:0.000590s ]

[ 2015-10-27T20:07:44+08:00 ] ::1 /HFS/index.php/Admin/Upload/noticeUpload
INFO: [ app_init ] --START--
INFO: Run Behavior\BuildLiteBehavior [ RunTime:0.000064s ]
INFO: [ app_init ] --END-- [ RunTime:0.000591s ]

[ 2015-10-27T20:07:51+08:00 ] ::1 /HFS/index.php/Admin/Upload/noticeUpload
INFO: [ app_init ] --START--
INFO: Run Behavior\BuildLiteBehavior [ RunTime:0.000032s ]
INFO: [ app_init ] --END-- [ RunTime:0.000476s ]

[ 2015-10-27T20:08:41+08:00 ] ::1 /HFS/index.php/Admin/Upload/noticeUpload
INFO: [ app_init ] --START--
INFO: Run Behavior\BuildLiteBehavior [ RunTime:0.000069s ]
INFO: [ app_init ] --END-- [ RunTime:0.001692s ]

[ 2015-10-27T20:08:43+08:00 ] ::1 /HFS/index.php/Admin/Upload/newsUpload
INFO: [ app_init ] --START--
INFO: Run Behavior\BuildLiteBehavior [ RunTime:0.000033s ]
INFO: [ app_init ] --END-- [ RunTime:0.000536s ]

[ 2015-10-27T20:08:43+08:00 ] ::1 /HFS/index.php/Admin/Upload/newsUpload
INFO: [ app_init ] --START--
INFO: Run Behavior\BuildLiteBehavior [ RunTime:0.000032s ]
INFO: [ app_init ] --END-- [ RunTime:0.000491s ]

[ 2015-10-27T20:08:44+08:00 ] ::1 /HFS/index.php/Admin/Upload/newsUpload
INFO: [ app_init ] --START--
INFO: Run Behavior\BuildLiteBehavior [ RunTime:0.000037s ]
INFO: [ app_init ] --END-- [ RunTime:0.000590s ]

[ 2015-10-27T20:08:44+08:00 ] ::1 /HFS/index.php/Admin/Upload/newsUpload
INFO: [ app_init ] --START--
INFO: Run Behavior\BuildLiteBehavior [ RunTime:0.000030s ]
INFO: [ app_init ] --END-- [ RunTime:0.000482s ]

[ 2015-10-27T20:08:58+08:00 ] ::1 /HFS/index.php/Admin/Upload/newsUpload
INFO: [ app_init ] --START--
INFO: Run Behavior\BuildLiteBehavior [ RunTime:0.000032s ]
INFO: [ app_init ] --END-- [ RunTime:0.000526s ]

[ 2015-10-27T20:09:10+08:00 ] ::1 /HFS/index.php/Admin/Upload/newsUpload
INFO: [ app_init ] --START--
INFO: Run Behavior\BuildLiteBehavior [ RunTime:0.000030s ]
INFO: [ app_init ] --END-- [ RunTime:0.000485s ]

[ 2015-10-27T20:09:23+08:00 ] ::1 /HFS/index.php/Admin/Upload/newsUpload
INFO: [ app_init ] --START--
INFO: Run Behavior\BuildLiteBehavior [ RunTime:0.000036s ]
INFO: [ app_init ] --END-- [ RunTime:0.000653s ]

[ 2015-10-27T20:09:24+08:00 ] ::1 /HFS/index.php/Admin/Upload/reportUpload
INFO: [ app_init ] --START--
INFO: Run Behavior\BuildLiteBehavior [ RunTime:0.000035s ]
INFO: [ app_init ] --END-- [ RunTime:0.000497s ]

[ 2015-10-27T20:09:24+08:00 ] ::1 /HFS/index.php/Admin/Upload/noticeUpload
INFO: [ app_init ] --START--
INFO: Run Behavior\BuildLiteBehavior [ RunTime:0.000036s ]
INFO: [ app_init ] --END-- [ RunTime:0.000560s ]

[ 2015-10-27T20:09:26+08:00 ] ::1 /HFS/index.php/Admin/Upload/newsUpload
INFO: [ app_init ] --START--
INFO: Run Behavior\BuildLiteBehavior [ RunTime:0.000029s ]
INFO: [ app_init ] --END-- [ RunTime:0.000448s ]

[ 2015-10-27T20:09:27+08:00 ] ::1 /HFS/index.php/Admin/Upload/reportUpload
INFO: [ app_init ] --START--
INFO: Run Behavior\BuildLiteBehavior [ RunTime:0.000056s ]
INFO: [ app_init ] --END-- [ RunTime:0.000640s ]

[ 2015-10-27T20:09:29+08:00 ] ::1 /HFS/index.php/Admin/Upload/newsUpload
INFO: [ app_init ] --START--
INFO: Run Behavior\BuildLiteBehavior [ RunTime:0.000037s ]
INFO: [ app_init ] --END-- [ RunTime:0.000633s ]

[ 2015-10-27T20:09:44+08:00 ] ::1 /HFS/index.php/Admin/Upload/newsUpload
INFO: [ app_init ] --START--
INFO: Run Behavior\BuildLiteBehavior [ RunTime:0.000030s ]
INFO: [ app_init ] --END-- [ RunTime:0.000421s ]

[ 2015-10-27T20:10:13+08:00 ] ::1 /HFS/index.php/Admin/Upload/newsUpload
INFO: [ app_init ] --START--
INFO: Run Behavior\BuildLiteBehavior [ RunTime:0.000043s ]
INFO: [ app_init ] --END-- [ RunTime:0.000683s ]

[ 2015-10-27T20:10:20+08:00 ] ::1 /HFS/index.php/Admin/Upload/newsUpload
INFO: [ app_init ] --START--
INFO: Run Behavior\BuildLiteBehavior [ RunTime:0.000033s ]
INFO: [ app_init ] --END-- [ RunTime:0.000547s ]

[ 2015-10-27T20:10:26+08:00 ] ::1 /HFS/index.php/Admin/Upload/newsUpload
INFO: [ app_init ] --START--
INFO: Run Behavior\BuildLiteBehavior [ RunTime:0.000029s ]
INFO: [ app_init ] --END-- [ RunTime:0.000436s ]

[ 2015-10-27T20:10:36+08:00 ] ::1 /HFS/index.php/Admin/Upload/newsUpload
INFO: [ app_init ] --START--
INFO: Run Behavior\BuildLiteBehavior [ RunTime:0.000036s ]
INFO: [ app_init ] --END-- [ RunTime:0.000587s ]

[ 2015-10-27T20:10:51+08:00 ] ::1 /HFS/index.php/Admin/Upload/newsUpload
INFO: [ app_init ] --START--
INFO: Run Behavior\BuildLiteBehavior [ RunTime:0.000037s ]
INFO: [ app_init ] --END-- [ RunTime:0.000530s ]

[ 2015-10-27T20:10:52+08:00 ] ::1 /HFS/index.php/Admin/Upload/noticeUpload
INFO: [ app_init ] --START--
INFO: Run Behavior\BuildLiteBehavior [ RunTime:0.000053s ]
INFO: [ app_init ] --END-- [ RunTime:0.000795s ]

[ 2015-10-27T20:10:53+08:00 ] ::1 /HFS/index.php/Admin/Upload/noticeUpload
INFO: [ app_init ] --START--
INFO: Run Behavior\BuildLiteBehavior [ RunTime:0.000036s ]
INFO: [ app_init ] --END-- [ RunTime:0.000573s ]

[ 2015-10-27T20:10:54+08:00 ] ::1 /HFS/index.php/Admin/Upload/noticeUpload
INFO: [ app_init ] --START--
INFO: Run Behavior\BuildLiteBehavior [ RunTime:0.000032s ]
INFO: [ app_init ] --END-- [ RunTime:0.000560s ]

[ 2015-10-27T20:10:59+08:00 ] ::1 /HFS/index.php/Admin/Upload/reportUpload
INFO: [ app_init ] --START--
INFO: Run Behavior\BuildLiteBehavior [ RunTime:0.000036s ]
INFO: [ app_init ] --END-- [ RunTime:0.000600s ]

[ 2015-10-27T20:11:01+08:00 ] ::1 /HFS/index.php/Admin/Upload/newsUpload
INFO: [ app_init ] --START--
INFO: Run Behavior\BuildLiteBehavior [ RunTime:0.000036s ]
INFO: [ app_init ] --END-- [ RunTime:0.000569s ]

[ 2015-10-27T20:11:03+08:00 ] ::1 /HFS/index.php/Admin/Upload/reportUpload
INFO: [ app_init ] --START--
INFO: Run Behavior\BuildLiteBehavior [ RunTime:0.000051s ]
INFO: [ app_init ] --END-- [ RunTime:0.000771s ]

[ 2015-10-27T20:11:04+08:00 ] ::1 /HFS/index.php/Admin/Upload/newsUpload
INFO: [ app_init ] --START--
INFO: Run Behavior\BuildLiteBehavior [ RunTime:0.000033s ]
INFO: [ app_init ] --END-- [ RunTime:0.000529s ]

[ 2015-10-27T20:11:05+08:00 ] ::1 /HFS/index.php/Admin/Upload/reportUpload
INFO: [ app_init ] --START--
INFO: Run Behavior\BuildLiteBehavior [ RunTime:0.000042s ]
INFO: [ app_init ] --END-- [ RunTime:0.000649s ]

[ 2015-10-27T20:11:31+08:00 ] ::1 /HFS/index.php/Admin/Upload/reportUpload
INFO: [ app_init ] --START--
INFO: Run Behavior\BuildLiteBehavior [ RunTime:0.000041s ]
INFO: [ app_init ] --END-- [ RunTime:0.000824s ]

[ 2015-10-27T20:11:33+08:00 ] ::1 /HFS/index.php/Admin/Upload/reportUpload
INFO: [ app_init ] --START--
INFO: Run Behavior\BuildLiteBehavior [ RunTime:0.000060s ]
INFO: [ app_init ] --END-- [ RunTime:0.000758s ]

[ 2015-10-27T20:11:41+08:00 ] ::1 /HFS/index.php/Admin/Upload/reportUpload
INFO: [ app_init ] --START--
INFO: Run Behavior\BuildLiteBehavior [ RunTime:0.000035s ]
INFO: [ app_init ] --END-- [ RunTime:0.000527s ]

[ 2015-10-27T20:11:53+08:00 ] ::1 /HFS/index.php/Admin/Upload/reportUpload
INFO: [ app_init ] --START--
INFO: Run Behavior\BuildLiteBehavior [ RunTime:0.000069s ]
INFO: [ app_init ] --END-- [ RunTime:0.002072s ]

[ 2015-10-27T20:12:00+08:00 ] ::1 /HFS/index.php/Admin/Upload/reportUpload
INFO: [ app_init ] --START--
INFO: Run Behavior\BuildLiteBehavior [ RunTime:0.000069s ]
INFO: [ app_init ] --END-- [ RunTime:0.000883s ]

[ 2015-10-27T20:12:08+08:00 ] ::1 /HFS/index.php/Admin/Upload/reportUpload
INFO: [ app_init ] --START--
INFO: Run Behavior\BuildLiteBehavior [ RunTime:0.000035s ]
INFO: [ app_init ] --END-- [ RunTime:0.000636s ]

[ 2015-10-27T20:12:25+08:00 ] ::1 /HFS/index.php/Admin/Upload/reportUpload
INFO: [ app_init ] --START--
INFO: Run Behavior\BuildLiteBehavior [ RunTime:0.000032s ]
INFO: [ app_init ] --END-- [ RunTime:0.000491s ]

[ 2015-10-27T20:12:34+08:00 ] ::1 /HFS/index.php/Admin/Upload/reportUpload
INFO: [ app_init ] --START--
INFO: Run Behavior\BuildLiteBehavior [ RunTime:0.000039s ]
INFO: [ app_init ] --END-- [ RunTime:0.000636s ]

[ 2015-10-27T20:12:40+08:00 ] ::1 /HFS/index.php/Admin/Upload/reportUpload
INFO: [ app_init ] --START--
INFO: Run Behavior\BuildLiteBehavior [ RunTime:0.000030s ]
INFO: [ app_init ] --END-- [ RunTime:0.000480s ]

[ 2015-10-27T20:15:23+08:00 ] ::1 /HFS/index.php/Admin/Upload/reportUpload
INFO: [ app_init ] --START--
INFO: Run Behavior\BuildLiteBehavior [ RunTime:0.000032s ]
INFO: [ app_init ] --END-- [ RunTime:0.000559s ]

[ 2015-10-27T20:15:24+08:00 ] ::1 /HFS/index.php/Admin/Upload/newsUpload
INFO: [ app_init ] --START--
INFO: Run Behavior\BuildLiteBehavior [ RunTime:0.000037s ]
INFO: [ app_init ] --END-- [ RunTime:0.000761s ]

[ 2015-10-27T20:15:25+08:00 ] ::1 /HFS/index.php/Admin/Upload/reportUpload
INFO: [ app_init ] --START--
INFO: Run Behavior\BuildLiteBehavior [ RunTime:0.000038s ]
INFO: [ app_init ] --END-- [ RunTime:0.000649s ]

[ 2015-10-27T20:15:26+08:00 ] ::1 /HFS/index.php/Admin/Upload/noticeUpload
INFO: [ app_init ] --START--
INFO: Run Behavior\BuildLiteBehavior [ RunTime:0.000036s ]
INFO: [ app_init ] --END-- [ RunTime:0.000563s ]

[ 2015-10-27T20:15:30+08:00 ] ::1 /HFS/index.php/Admin/Upload/reportUpload
INFO: [ app_init ] --START--
INFO: Run Behavior\BuildLiteBehavior [ RunTime:0.000035s ]
INFO: [ app_init ] --END-- [ RunTime:0.000661s ]

[ 2015-10-27T20:15:31+08:00 ] ::1 /HFS/index.php/Admin/Upload/newsUpload
INFO: [ app_init ] --START--
INFO: Run Behavior\BuildLiteBehavior [ RunTime:0.000035s ]
INFO: [ app_init ] --END-- [ RunTime:0.000596s ]

[ 2015-10-27T20:18:36+08:00 ] ::1 /HFS/index.php/Admin/Upload/newsUpload
INFO: [ app_init ] --START--
INFO: Run Behavior\BuildLiteBehavior [ RunTime:0.000044s ]
INFO: [ app_init ] --END-- [ RunTime:0.000827s ]

[ 2015-10-27T20:19:42+08:00 ] ::1 /HFS/index.php/Admin/Index
INFO: [ app_init ] --START--
INFO: Run Behavior\BuildLiteBehavior [ RunTime:0.000078s ]
INFO: [ app_init ] --END-- [ RunTime:0.000806s ]

[ 2015-10-27T20:19:43+08:00 ] ::1 /HFS/index.php/Admin/Upload/newsUpload
INFO: [ app_init ] --START--
INFO: Run Behavior\BuildLiteBehavior [ RunTime:0.000030s ]
INFO: [ app_init ] --END-- [ RunTime:0.000479s ]

[ 2015-10-27T20:20:34+08:00 ] ::1 /HFS/index.php/Admin/Upload/newsUpload
INFO: [ app_init ] --START--
INFO: Run Behavior\BuildLiteBehavior [ RunTime:0.000044s ]
INFO: [ app_init ] --END-- [ RunTime:0.000564s ]

[ 2015-10-27T20:20:36+08:00 ] ::1 /HFS/index.php/Admin/Upload/reportUpload
INFO: [ app_init ] --START--
INFO: Run Behavior\BuildLiteBehavior [ RunTime:0.000035s ]
INFO: [ app_init ] --END-- [ RunTime:0.000540s ]

[ 2015-10-27T20:21:30+08:00 ] ::1 /HFS/index.php/Admin/Upload/reportUpload
INFO: [ app_init ] --START--
INFO: Run Behavior\BuildLiteBehavior [ RunTime:0.000049s ]
INFO: [ app_init ] --END-- [ RunTime:0.000697s ]

[ 2015-10-27T20:21:33+08:00 ] ::1 /HFS/index.php/Admin/Upload/reportUpload
INFO: [ app_init ] --START--
INFO: Run Behavior\BuildLiteBehavior [ RunTime:0.000084s ]
INFO: [ app_init ] --END-- [ RunTime:0.001185s ]

[ 2015-10-27T20:23:18+08:00 ] ::1 /HFS/index.php/Admin/Upload/reportUpload
INFO: [ app_init ] --START--
INFO: Run Behavior\BuildLiteBehavior [ RunTime:0.000034s ]
INFO: [ app_init ] --END-- [ RunTime:0.000564s ]

[ 2015-10-27T20:23:32+08:00 ] ::1 /HFS/index.php/Admin/Info/newsInfo
INFO: [ app_init ] --START--
INFO: Run Behavior\BuildLiteBehavior [ RunTime:0.000040s ]
INFO: [ app_init ] --END-- [ RunTime:0.000998s ]

[ 2015-10-27T20:23:33+08:00 ] ::1 /HFS/index.php/Admin/Info/reportInfo
INFO: [ app_init ] --START--
INFO: Run Behavior\BuildLiteBehavior [ RunTime:0.000036s ]
INFO: [ app_init ] --END-- [ RunTime:0.000571s ]

[ 2015-10-27T20:23:33+08:00 ] ::1 /HFS/index.php/Admin/Info/noticeInfo
INFO: [ app_init ] --START--
INFO: Run Behavior\BuildLiteBehavior [ RunTime:0.000036s ]
INFO: [ app_init ] --END-- [ RunTime:0.000579s ]

[ 2015-10-27T20:56:52+08:00 ] ::1 /HFS/index.php/Admin/Upload/reportUpload
INFO: [ app_init ] --START--
INFO: Run Behavior\BuildLiteBehavior [ RunTime:0.000086s ]
INFO: [ app_init ] --END-- [ RunTime:0.003267s ]

[ 2015-10-27T20:57:52+08:00 ] ::1 /HFS/index.php/Admin/Upload/reportUpload
INFO: [ app_init ] --START--
INFO: Run Behavior\BuildLiteBehavior [ RunTime:0.000071s ]
INFO: [ app_init ] --END-- [ RunTime:0.001268s ]

[ 2015-10-27T21:05:41+08:00 ] ::1 /HFS/index.php/Admin/Upload/newsUpload
INFO: [ app_init ] --START--
INFO: Run Behavior\BuildLiteBehavior [ RunTime:0.000036s ]
INFO: [ app_init ] --END-- [ RunTime:0.000540s ]

[ 2015-10-27T21:07:40+08:00 ] ::1 /HFS/index.php/Admin/Upload/newsUpload
INFO: [ app_init ] --START--
INFO: Run Behavior\BuildLiteBehavior [ RunTime:0.000052s ]
INFO: [ app_init ] --END-- [ RunTime:0.000940s ]

[ 2015-10-27T21:11:36+08:00 ] ::1 /HFS/index.php/Admin/Info/newsInfo
INFO: [ app_init ] --START--
INFO: Run Behavior\BuildLiteBehavior [ RunTime:0.000036s ]
INFO: [ app_init ] --END-- [ RunTime:0.000557s ]

[ 2015-10-27T21:11:38+08:00 ] ::1 /HFS/index.php/Admin/Info/reportInfo
INFO: [ app_init ] --START--
INFO: Run Behavior\BuildLiteBehavior [ RunTime:0.000032s ]
INFO: [ app_init ] --END-- [ RunTime:0.000490s ]

[ 2015-10-27T21:11:39+08:00 ] ::1 /HFS/index.php/Admin/Info/noticeInfo
INFO: [ app_init ] --START--
INFO: Run Behavior\BuildLiteBehavior [ RunTime:0.000040s ]
INFO: [ app_init ] --END-- [ RunTime:0.001291s ]

[ 2015-10-27T21:21:22+08:00 ] ::1 /HFS/index.php/Admin/Index
INFO: [ app_init ] --START--
INFO: Run Behavior\BuildLiteBehavior [ RunTime:0.000033s ]
INFO: [ app_init ] --END-- [ RunTime:0.000508s ]

[ 2015-10-27T21:22:27+08:00 ] ::1 /HFS/index.php/Admin/Index
INFO: [ app_init ] --START--
INFO: Run Behavior\BuildLiteBehavior [ RunTime:0.000060s ]
INFO: [ app_init ] --END-- [ RunTime:0.001021s ]

[ 2015-10-27T21:22:31+08:00 ] ::1 /HFS/index.php/Admin/Index
INFO: [ app_init ] --START--
INFO: Run Behavior\BuildLiteBehavior [ RunTime:0.000098s ]
INFO: [ app_init ] --END-- [ RunTime:0.001838s ]

[ 2015-10-27T21:22:39+08:00 ] ::1 /HFS/index.php/Admin/Index
INFO: [ app_init ] --START--
INFO: Run Behavior\BuildLiteBehavior [ RunTime:0.000028s ]
INFO: [ app_init ] --END-- [ RunTime:0.000435s ]

[ 2015-10-27T21:24:10+08:00 ] ::1 /HFS/index.php/Admin/Index
INFO: [ app_init ] --START--
INFO: Run Behavior\BuildLiteBehavior [ RunTime:0.000045s ]
INFO: [ app_init ] --END-- [ RunTime:0.000699s ]

[ 2015-10-27T21:24:44+08:00 ] ::1 /HFS/index.php/Admin/Index
INFO: [ app_init ] --START--
INFO: Run Behavior\BuildLiteBehavior [ RunTime:0.000057s ]
INFO: [ app_init ] --END-- [ RunTime:0.000728s ]

[ 2015-10-27T21:26:24+08:00 ] ::1 /HFS/index.php/Admin/Index
INFO: [ app_init ] --START--
INFO: Run Behavior\BuildLiteBehavior [ RunTime:0.000033s ]
INFO: [ app_init ] --END-- [ RunTime:0.000520s ]

[ 2015-10-27T21:27:11+08:00 ] ::1 /HFS/index.php/Admin/Index
INFO: [ app_init ] --START--
INFO: Run Behavior\BuildLiteBehavior [ RunTime:0.000035s ]
INFO: [ app_init ] --END-- [ RunTime:0.000563s ]

[ 2015-10-27T21:27:19+08:00 ] ::1 /HFS/index.php/Admin/Index
INFO: [ app_init ] --START--
INFO: Run Behavior\BuildLiteBehavior [ RunTime:0.000046s ]
INFO: [ app_init ] --END-- [ RunTime:0.000955s ]

[ 2015-10-27T21:28:02+08:00 ] ::1 /HFS/index.php/Admin/Index
INFO: [ app_init ] --START--
INFO: Run Behavior\BuildLiteBehavior [ RunTime:0.000073s ]
INFO: [ app_init ] --END-- [ RunTime:0.001004s ]

[ 2015-10-27T21:28:10+08:00 ] ::1 /HFS/index.php/Admin/Index
INFO: [ app_init ] --START--
INFO: Run Behavior\BuildLiteBehavior [ RunTime:0.000038s ]
INFO: [ app_init ] --END-- [ RunTime:0.001086s ]

[ 2015-10-27T21:28:50+08:00 ] ::1 /HFS/index.php/Admin/Index
INFO: [ app_init ] --START--
INFO: Run Behavior\BuildLiteBehavior [ RunTime:0.000053s ]
INFO: [ app_init ] --END-- [ RunTime:0.000641s ]

[ 2015-10-27T21:29:24+08:00 ] ::1 /HFS/index.php/Admin/Index
INFO: [ app_init ] --START--
INFO: Run Behavior\BuildLiteBehavior [ RunTime:0.000032s ]
INFO: [ app_init ] --END-- [ RunTime:0.000515s ]

[ 2015-10-27T21:29:31+08:00 ] ::1 /HFS/index.php/Admin/Index
INFO: [ app_init ] --START--
INFO: Run Behavior\BuildLiteBehavior [ RunTime:0.000063s ]
INFO: [ app_init ] --END-- [ RunTime:0.001252s ]

[ 2015-10-27T21:30:23+08:00 ] ::1 /HFS/index.php/Admin/Index
INFO: [ app_init ] --START--
INFO: Run Behavior\BuildLiteBehavior [ RunTime:0.000032s ]
INFO: [ app_init ] --END-- [ RunTime:0.000489s ]

[ 2015-10-27T21:30:41+08:00 ] ::1 /HFS/index.php/Admin/Index
INFO: [ app_init ] --START--
INFO: Run Behavior\BuildLiteBehavior [ RunTime:0.000053s ]
INFO: [ app_init ] --END-- [ RunTime:0.000643s ]

[ 2015-10-27T21:31:39+08:00 ] ::1 /HFS/index.php/Admin/Index
INFO: [ app_init ] --START--
INFO: Run Behavior\BuildLiteBehavior [ RunTime:0.000064s ]
INFO: [ app_init ] --END-- [ RunTime:0.000774s ]

[ 2015-10-27T21:31:39+08:00 ] ::1 /HFS/index.php/Admin/Upload/newsUpload
INFO: [ app_init ] --START--
INFO: Run Behavior\BuildLiteBehavior [ RunTime:0.000032s ]
INFO: [ app_init ] --END-- [ RunTime:0.000476s ]

[ 2015-10-27T21:31:42+08:00 ] ::1 /HFS/index.php/Admin/Upload/noticeUpload
INFO: [ app_init ] --START--
INFO: Run Behavior\BuildLiteBehavior [ RunTime:0.000036s ]
INFO: [ app_init ] --END-- [ RunTime:0.000533s ]

[ 2015-10-27T21:32:34+08:00 ] ::1 /HFS/index.php/Admin/Upload/noticeUpload
INFO: [ app_init ] --START--
INFO: Run Behavior\BuildLiteBehavior [ RunTime:0.000053s ]
INFO: [ app_init ] --END-- [ RunTime:0.000848s ]

[ 2015-10-27T21:32:37+08:00 ] ::1 /HFS/index.php/Admin/Upload/noticeUpload
INFO: [ app_init ] --START--
INFO: Run Behavior\BuildLiteBehavior [ RunTime:0.000038s ]
INFO: [ app_init ] --END-- [ RunTime:0.000604s ]

[ 2015-10-27T21:34:14+08:00 ] ::1 /HFS/index.php/Admin/Upload/newsUpload
INFO: [ app_init ] --START--
INFO: Run Behavior\BuildLiteBehavior [ RunTime:0.000045s ]
INFO: [ app_init ] --END-- [ RunTime:0.000706s ]

[ 2015-10-27T21:34:16+08:00 ] ::1 /HFS/index.php/Admin/Info/newsInfo
INFO: [ app_init ] --START--
INFO: Run Behavior\BuildLiteBehavior [ RunTime:0.000033s ]
INFO: [ app_init ] --END-- [ RunTime:0.000576s ]

[ 2015-10-27T21:34:17+08:00 ] ::1 /HFS/index.php/Admin/Info/reportInfo
INFO: [ app_init ] --START--
INFO: Run Behavior\BuildLiteBehavior [ RunTime:0.000029s ]
INFO: [ app_init ] --END-- [ RunTime:0.000429s ]

[ 2015-10-27T21:34:18+08:00 ] ::1 /HFS/index.php/Admin/Info/noticeInfo
INFO: [ app_init ] --START--
INFO: Run Behavior\BuildLiteBehavior [ RunTime:0.000035s ]
INFO: [ app_init ] --END-- [ RunTime:0.000525s ]

[ 2015-10-27T22:05:13+08:00 ] ::1 /HFS/index.php/Admin/Index
INFO: [ app_init ] --START--
INFO: Run Behavior\BuildLiteBehavior [ RunTime:0.000074s ]
INFO: [ app_init ] --END-- [ RunTime:0.001178s ]

[ 2015-10-27T22:21:38+08:00 ] ::1 /HFS/index.php/Admin/Index
INFO: [ app_init ] --START--
INFO: Run Behavior\BuildLiteBehavior [ RunTime:0.000030s ]
INFO: [ app_init ] --END-- [ RunTime:0.000490s ]

[ 2015-10-27T22:22:46+08:00 ] ::1 /HFS/index.php/Admin/Upload/reportUpload
INFO: [ app_init ] --START--
INFO: Run Behavior\BuildLiteBehavior [ RunTime:0.000054s ]
INFO: [ app_init ] --END-- [ RunTime:0.000902s ]

[ 2015-10-27T22:22:50+08:00 ] ::1 /HFS/index.php/Admin/Upload/newsUpload
INFO: [ app_init ] --START--
INFO: Run Behavior\BuildLiteBehavior [ RunTime:0.000035s ]
INFO: [ app_init ] --END-- [ RunTime:0.000534s ]

[ 2015-10-27T22:23:14+08:00 ] ::1 /HFS/index.php/Admin/Upload/reportUpload
INFO: [ app_init ] --START--
INFO: Run Behavior\BuildLiteBehavior [ RunTime:0.000044s ]
INFO: [ app_init ] --END-- [ RunTime:0.000714s ]

[ 2015-10-27T22:23:55+08:00 ] ::1 /HFS/index.php/Admin/Upload/reportUpload
INFO: [ app_init ] --START--
INFO: Run Behavior\BuildLiteBehavior [ RunTime:0.000077s ]
INFO: [ app_init ] --END-- [ RunTime:0.001173s ]

[ 2015-10-27T22:23:59+08:00 ] ::1 /HFS/index.php/Admin/Upload/reportUpload
INFO: [ app_init ] --START--
INFO: Run Behavior\BuildLiteBehavior [ RunTime:0.000038s ]
INFO: [ app_init ] --END-- [ RunTime:0.000572s ]

[ 2015-10-27T22:24:01+08:00 ] ::1 /HFS/index.php/Admin/Info/reportInfo
INFO: [ app_init ] --START--
INFO: Run Behavior\BuildLiteBehavior [ RunTime:0.000060s ]
INFO: [ app_init ] --END-- [ RunTime:0.000805s ]

[ 2015-10-27T22:26:23+08:00 ] ::1 /HFS/index.php/Admin/Upload/reportUpload
INFO: [ app_init ] --START--
INFO: Run Behavior\BuildLiteBehavior [ RunTime:0.000036s ]
INFO: [ app_init ] --END-- [ RunTime:0.000569s ]

[ 2015-10-27T22:26:30+08:00 ] ::1 /HFS/index.php/Admin/Upload/reportUpload
INFO: [ app_init ] --START--
INFO: Run Behavior\BuildLiteBehavior [ RunTime:0.000035s ]
INFO: [ app_init ] --END-- [ RunTime:0.000547s ]

[ 2015-10-27T22:26:33+08:00 ] ::1 /HFS/index.php/Admin/Upload/reportUpload
INFO: [ app_init ] --START--
INFO: Run Behavior\BuildLiteBehavior [ RunTime:0.000058s ]
INFO: [ app_init ] --END-- [ RunTime:0.000710s ]

[ 2015-10-27T22:27:10+08:00 ] ::1 /HFS/index.php/Admin/Upload/reportUpload
INFO: [ app_init ] --START--
INFO: Run Behavior\BuildLiteBehavior [ RunTime:0.000087s ]
INFO: [ app_init ] --END-- [ RunTime:0.001025s ]

[ 2015-10-27T22:27:26+08:00 ] ::1 /HFS/index.php/Admin/Upload/reportUpload
INFO: [ app_init ] --START--
INFO: Run Behavior\BuildLiteBehavior [ RunTime:0.000048s ]
INFO: [ app_init ] --END-- [ RunTime:0.009040s ]

[ 2015-10-27T22:27:30+08:00 ] ::1 /HFS/index.php/Admin/Upload/reportUpload
INFO: [ app_init ] --START--
INFO: Run Behavior\BuildLiteBehavior [ RunTime:0.000047s ]
INFO: [ app_init ] --END-- [ RunTime:0.000570s ]

[ 2015-10-27T22:27:33+08:00 ] ::1 /HFS/index.php/Admin/Upload/reportUpload
INFO: [ app_init ] --START--
INFO: Run Behavior\BuildLiteBehavior [ RunTime:0.000036s ]
INFO: [ app_init ] --END-- [ RunTime:0.000539s ]

[ 2015-10-27T22:27:34+08:00 ] ::1 /HFS/index.php/Admin/Info/reportInfo
INFO: [ app_init ] --START--
INFO: Run Behavior\BuildLiteBehavior [ RunTime:0.000031s ]
INFO: [ app_init ] --END-- [ RunTime:0.000466s ]

[ 2015-10-27T22:32:46+08:00 ] ::1 /HFS/index.php/Admin/Info/reportInfo
INFO: [ app_init ] --START--
INFO: Run Behavior\BuildLiteBehavior [ RunTime:0.000043s ]
INFO: [ app_init ] --END-- [ RunTime:0.000663s ]

[ 2015-10-27T22:32:49+08:00 ] ::1 /HFS/index.php/Admin/Action/reportMod?id=13
INFO: [ app_init ] --START--
INFO: Run Behavior\BuildLiteBehavior [ RunTime:0.000032s ]
INFO: [ app_init ] --END-- [ RunTime:0.000662s ]

[ 2015-10-27T22:32:53+08:00 ] ::1 /HFS/index.php/Admin/Info/newsInfo
INFO: [ app_init ] --START--
INFO: Run Behavior\BuildLiteBehavior [ RunTime:0.000054s ]
INFO: [ app_init ] --END-- [ RunTime:0.000578s ]

[ 2015-10-27T22:32:55+08:00 ] ::1 /HFS/index.php/Admin/Action/newsMod?id=25
INFO: [ app_init ] --START--
INFO: Run Behavior\BuildLiteBehavior [ RunTime:0.000064s ]
INFO: [ app_init ] --END-- [ RunTime:0.001364s ]

[ 2015-10-27T22:33:24+08:00 ] ::1 /HFS/index.php/Admin/Action/newsMod?id=25
INFO: [ app_init ] --START--
INFO: Run Behavior\BuildLiteBehavior [ RunTime:0.000056s ]
INFO: [ app_init ] --END-- [ RunTime:0.000864s ]

[ 2015-10-27T22:33:34+08:00 ] ::1 /HFS/index.php/Admin/Action/newsMod?id=25
INFO: [ app_init ] --START--
INFO: Run Behavior\BuildLiteBehavior [ RunTime:0.000039s ]
INFO: [ app_init ] --END-- [ RunTime:0.000938s ]

[ 2015-10-27T22:33:36+08:00 ] ::1 /HFS/index.php/Admin/Info/reportInfo
INFO: [ app_init ] --START--
INFO: Run Behavior\BuildLiteBehavior [ RunTime:0.000033s ]
INFO: [ app_init ] --END-- [ RunTime:0.000607s ]

[ 2015-10-27T22:33:38+08:00 ] ::1 /HFS/index.php/Admin/Action/reportMod?id=12
INFO: [ app_init ] --START--
INFO: Run Behavior\BuildLiteBehavior [ RunTime:0.000030s ]
INFO: [ app_init ] --END-- [ RunTime:0.000429s ]

[ 2015-10-27T22:33:41+08:00 ] ::1 /HFS/index.php/Admin/Info/noticeInfo
INFO: [ app_init ] --START--
INFO: Run Behavior\BuildLiteBehavior [ RunTime:0.000036s ]
INFO: [ app_init ] --END-- [ RunTime:0.000545s ]

[ 2015-10-27T22:33:42+08:00 ] ::1 /HFS/index.php/Admin/Action/noticeMod?id=8
INFO: [ app_init ] --START--
INFO: Run Behavior\BuildLiteBehavior [ RunTime:0.000034s ]
INFO: [ app_init ] --END-- [ RunTime:0.000640s ]

[ 2015-10-27T22:34:35+08:00 ] ::1 /HFS/index.php/Admin/Upload/newsUpload
INFO: [ app_init ] --START--
INFO: Run Behavior\BuildLiteBehavior [ RunTime:0.000038s ]
INFO: [ app_init ] --END-- [ RunTime:0.000629s ]

[ 2015-10-27T22:36:49+08:00 ] ::1 /HFS/index.php/Admin/Upload/newsUpload
INFO: [ app_init ] --START--
INFO: Run Behavior\BuildLiteBehavior [ RunTime:0.000061s ]
INFO: [ app_init ] --END-- [ RunTime:0.000659s ]

[ 2015-10-27T22:36:53+08:00 ] ::1 /HFS/index.php/Admin/Upload/newsUpload
INFO: [ app_init ] --START--
INFO: Run Behavior\BuildLiteBehavior [ RunTime:0.000032s ]
INFO: [ app_init ] --END-- [ RunTime:0.000480s ]

[ 2015-10-27T22:37:28+08:00 ] ::1 /HFS/index.php/Admin/Upload/reportUpload
INFO: [ app_init ] --START--
INFO: Run Behavior\BuildLiteBehavior [ RunTime:0.000035s ]
INFO: [ app_init ] --END-- [ RunTime:0.000624s ]

[ 2015-10-27T22:37:29+08:00 ] ::1 /HFS/index.php/Admin/Info/reportInfo
INFO: [ app_init ] --START--
INFO: Run Behavior\BuildLiteBehavior [ RunTime:0.000031s ]
INFO: [ app_init ] --END-- [ RunTime:0.000736s ]

[ 2015-10-27T22:37:31+08:00 ] ::1 /HFS/index.php/Admin/Action/reportMod?id=13
INFO: [ app_init ] --START--
INFO: Run Behavior\BuildLiteBehavior [ RunTime:0.000035s ]
INFO: [ app_init ] --END-- [ RunTime:0.000710s ]

[ 2015-10-27T22:38:16+08:00 ] ::1 /HFS/index.php/Admin/Action/reportMod?id=13
INFO: [ app_init ] --START--
INFO: Run Behavior\BuildLiteBehavior [ RunTime:0.000032s ]
INFO: [ app_init ] --END-- [ RunTime:0.000666s ]

[ 2015-10-27T22:38:20+08:00 ] ::1 /HFS/index.php/Admin/Action/reportMod?id=13
INFO: [ app_init ] --START--
INFO: Run Behavior\BuildLiteBehavior [ RunTime:0.000037s ]
INFO: [ app_init ] --END-- [ RunTime:0.000565s ]

[ 2015-10-27T22:39:08+08:00 ] ::1 /HFS/index.php/Admin/Upload/newsUpload
INFO: [ app_init ] --START--
INFO: Run Behavior\BuildLiteBehavior [ RunTime:0.000037s ]
INFO: [ app_init ] --END-- [ RunTime:0.000530s ]

[ 2015-10-27T22:39:10+08:00 ] ::1 /HFS/index.php/Admin/Upload/noticeUpload
INFO: [ app_init ] --START--
INFO: Run Behavior\BuildLiteBehavior [ RunTime:0.000037s ]
INFO: [ app_init ] --END-- [ RunTime:0.000569s ]

[ 2015-10-27T22:39:55+08:00 ] ::1 /HFS/index.php/Admin/Upload/noticeUpload
INFO: [ app_init ] --START--
INFO: Run Behavior\BuildLiteBehavior [ RunTime:0.000030s ]
INFO: [ app_init ] --END-- [ RunTime:0.000443s ]

[ 2015-10-27T22:39:57+08:00 ] ::1 /HFS/index.php/Admin/Upload/noticeUpload
INFO: [ app_init ] --START--
INFO: Run Behavior\BuildLiteBehavior [ RunTime:0.000037s ]
INFO: [ app_init ] --END-- [ RunTime:0.000544s ]

[ 2015-10-27T22:40:38+08:00 ] ::1 /HFS/index.php/Admin/Upload/noticeUpload
INFO: [ app_init ] --START--
INFO: Run Behavior\BuildLiteBehavior [ RunTime:0.000030s ]
INFO: [ app_init ] --END-- [ RunTime:0.000480s ]

[ 2015-10-27T22:40:39+08:00 ] ::1 /HFS/index.php/Admin/Upload/noticeUpload
INFO: [ app_init ] --START--
INFO: Run Behavior\BuildLiteBehavior [ RunTime:0.000036s ]
INFO: [ app_init ] --END-- [ RunTime:0.000555s ]

[ 2015-10-27T22:41:21+08:00 ] ::1 /HFS/index.php/Admin/Upload/noticeUpload
INFO: [ app_init ] --START--
INFO: Run Behavior\BuildLiteBehavior [ RunTime:0.000036s ]
INFO: [ app_init ] --END-- [ RunTime:0.000767s ]

[ 2015-10-27T22:41:24+08:00 ] ::1 /HFS/index.php/Admin/Upload/noticeUpload
INFO: [ app_init ] --START--
INFO: Run Behavior\BuildLiteBehavior [ RunTime:0.000040s ]
INFO: [ app_init ] --END-- [ RunTime:0.000584s ]

[ 2015-10-27T22:42:20+08:00 ] ::1 /HFS/index.php/Admin/Upload/noticeUpload
INFO: [ app_init ] --START--
INFO: Run Behavior\BuildLiteBehavior [ RunTime:0.000036s ]
INFO: [ app_init ] --END-- [ RunTime:0.000549s ]

[ 2015-10-27T22:42:21+08:00 ] ::1 /HFS/index.php/Admin/Upload/noticeUpload
INFO: [ app_init ] --START--
INFO: Run Behavior\BuildLiteBehavior [ RunTime:0.000035s ]
INFO: [ app_init ] --END-- [ RunTime:0.000485s ]

