[ 2015-11-28T23:40:05+08:00 ] ::1 /HFS/index.php/Home/Dataquery/dataQuery
INFO: [ app_init ] --START--
INFO: Run Behavior\BuildLiteBehavior [ RunTime:0.000054s ]
INFO: [ app_init ] --END-- [ RunTime:0.000743s ]
NOTIC: [8] Use of undefined constant TMPL_DENY_PHP - assumed 'TMPL_DENY_PHP' G:\wamp\www\HFS\Appliaction\Home\Conf\config.php 第 32 行.
INFO: [ app_begin ] --START--
INFO: Run Behavior\ReadHtmlCacheBehavior [ RunTime:0.000814s ]
INFO: [ app_begin ] --END-- [ RunTime:0.001029s ]
SQL: SHOW COLUMNS FROM `think_doserate` [ RunTime:0.016108s ]
NOTIC: [8] Undefined variable: condition G:\wamp\www\HFS\Appliaction\Home\Controller\DataqueryController.class.php 第 135 行.
SQL: SELECT `id`,legendName as name,collectTime as date FROM `think_doserate` ORDER BY collectTime desc  [ RunTime:0.000450s ]
INFO: [ app_end ] --START--
INFO: Run Behavior\ShowPageTraceBehavior [ RunTime:0.000951s ]
INFO: [ app_end ] --END-- [ RunTime:0.001172s ]

[ 2015-11-28T23:41:41+08:00 ] ::1 /HFS/index.php/Home/Dataquery
INFO: [ app_init ] --START--
INFO: Run Behavior\BuildLiteBehavior [ RunTime:0.000034s ]
INFO: [ app_init ] --END-- [ RunTime:0.000519s ]
NOTIC: [8] Use of undefined constant TMPL_DENY_PHP - assumed 'TMPL_DENY_PHP' G:\wamp\www\HFS\Appliaction\Home\Conf\config.php 第 32 行.

[ 2015-11-28T23:41:44+08:00 ] ::1 /HFS/index.php/Home/Dataquery/dataQuery
INFO: [ app_init ] --START--
INFO: Run Behavior\BuildLiteBehavior [ RunTime:0.000031s ]
INFO: [ app_init ] --END-- [ RunTime:0.000458s ]
NOTIC: [8] Use of undefined constant TMPL_DENY_PHP - assumed 'TMPL_DENY_PHP' G:\wamp\www\HFS\Appliaction\Home\Conf\config.php 第 32 行.
INFO: [ app_begin ] --START--
INFO: Run Behavior\ReadHtmlCacheBehavior [ RunTime:0.000524s ]
INFO: [ app_begin ] --END-- [ RunTime:0.000642s ]
SQL: SHOW COLUMNS FROM `think_gammapic` [ RunTime:0.010917s ]
NOTIC: [8] Undefined variable: condition G:\wamp\www\HFS\Appliaction\Home\Controller\DataqueryController.class.php 第 159 行.
SQL: SELECT `id`,legendName as name,collectTime as date FROM `think_gammapic` ORDER BY collectTime desc LIMIT 100   [ RunTime:0.040730s ]
INFO: [ app_end ] --START--
INFO: Run Behavior\ShowPageTraceBehavior [ RunTime:0.000893s ]
INFO: [ app_end ] --END-- [ RunTime:0.001175s ]

[ 2015-11-28T23:42:21+08:00 ] ::1 /HFS/index.php/Home/Dataquery
INFO: [ app_init ] --START--
INFO: Run Behavior\BuildLiteBehavior [ RunTime:0.000030s ]
INFO: [ app_init ] --END-- [ RunTime:0.000425s ]
NOTIC: [8] Use of undefined constant TMPL_DENY_PHP - assumed 'TMPL_DENY_PHP' G:\wamp\www\HFS\Appliaction\Home\Conf\config.php 第 32 行.

[ 2015-11-28T23:43:03+08:00 ] ::1 /HFS/index.php/Home/Dataquery
INFO: [ app_init ] --START--
INFO: Run Behavior\BuildLiteBehavior [ RunTime:0.000032s ]
INFO: [ app_init ] --END-- [ RunTime:0.000481s ]
NOTIC: [8] Use of undefined constant TMPL_DENY_PHP - assumed 'TMPL_DENY_PHP' G:\wamp\www\HFS\Appliaction\Home\Conf\config.php 第 32 行.

[ 2015-11-28T23:43:04+08:00 ] ::1 /HFS/index.php/Home/Dataquery/dataQuery
INFO: [ app_init ] --START--
INFO: Run Behavior\BuildLiteBehavior [ RunTime:0.000055s ]
INFO: [ app_init ] --END-- [ RunTime:0.000630s ]
NOTIC: [8] Use of undefined constant TMPL_DENY_PHP - assumed 'TMPL_DENY_PHP' G:\wamp\www\HFS\Appliaction\Home\Conf\config.php 第 32 行.
INFO: [ app_begin ] --START--
INFO: Run Behavior\ReadHtmlCacheBehavior [ RunTime:0.000823s ]
INFO: [ app_begin ] --END-- [ RunTime:0.001043s ]
SQL: SHOW COLUMNS FROM `think_doserate` [ RunTime:0.010915s ]
NOTIC: [8] Undefined variable: condition G:\wamp\www\HFS\Appliaction\Home\Controller\DataqueryController.class.php 第 135 行.
SQL: SELECT `id`,legendName as name,collectTime as date FROM `think_doserate` ORDER BY collectTime desc  [ RunTime:0.000366s ]
INFO: [ app_end ] --START--
INFO: Run Behavior\ShowPageTraceBehavior [ RunTime:0.000697s ]
INFO: [ app_end ] --END-- [ RunTime:0.000860s ]

[ 2015-11-28T23:44:02+08:00 ] ::1 /HFS/index.php/Home/Dataquery
INFO: [ app_init ] --START--
INFO: Run Behavior\BuildLiteBehavior [ RunTime:0.000039s ]
INFO: [ app_init ] --END-- [ RunTime:0.000698s ]
NOTIC: [8] Use of undefined constant TMPL_DENY_PHP - assumed 'TMPL_DENY_PHP' G:\wamp\www\HFS\Appliaction\Home\Conf\config.php 第 32 行.

[ 2015-11-28T23:44:47+08:00 ] ::1 /HFS/index.php/Home/Dataquery
INFO: [ app_init ] --START--
INFO: Run Behavior\BuildLiteBehavior [ RunTime:0.000057s ]
INFO: [ app_init ] --END-- [ RunTime:0.000758s ]
NOTIC: [8] Use of undefined constant TMPL_DENY_PHP - assumed 'TMPL_DENY_PHP' G:\wamp\www\HFS\Appliaction\Home\Conf\config.php 第 32 行.

[ 2015-11-28T23:45:00+08:00 ] ::1 /HFS/index.php/Home/Dataquery
INFO: [ app_init ] --START--
INFO: Run Behavior\BuildLiteBehavior [ RunTime:0.000061s ]
INFO: [ app_init ] --END-- [ RunTime:0.001643s ]
NOTIC: [8] Use of undefined constant TMPL_DENY_PHP - assumed 'TMPL_DENY_PHP' G:\wamp\www\HFS\Appliaction\Home\Conf\config.php 第 32 行.

[ 2015-11-28T23:45:02+08:00 ] ::1 /HFS/index.php/Home/Dataquery/dataQuery
INFO: [ app_init ] --START--
INFO: Run Behavior\BuildLiteBehavior [ RunTime:0.000049s ]
INFO: [ app_init ] --END-- [ RunTime:0.000667s ]
NOTIC: [8] Use of undefined constant TMPL_DENY_PHP - assumed 'TMPL_DENY_PHP' G:\wamp\www\HFS\Appliaction\Home\Conf\config.php 第 32 行.
INFO: [ app_begin ] --START--
INFO: Run Behavior\ReadHtmlCacheBehavior [ RunTime:0.000683s ]
INFO: [ app_begin ] --END-- [ RunTime:0.000855s ]
SQL: SHOW COLUMNS FROM `think_gammapic` [ RunTime:0.005389s ]
NOTIC: [8] Undefined variable: condition G:\wamp\www\HFS\Appliaction\Home\Controller\DataqueryController.class.php 第 159 行.
SQL: SELECT `id`,legendName as name,collectTime as date FROM `think_gammapic` ORDER BY collectTime desc LIMIT 100   [ RunTime:0.038166s ]
INFO: [ app_end ] --START--
INFO: Run Behavior\ShowPageTraceBehavior [ RunTime:0.000984s ]
INFO: [ app_end ] --END-- [ RunTime:0.001205s ]

[ 2015-11-28T23:46:26+08:00 ] ::1 /HFS/index.php/Home/Dataquery
INFO: [ app_init ] --START--
INFO: Run Behavior\BuildLiteBehavior [ RunTime:0.000050s ]
INFO: [ app_init ] --END-- [ RunTime:0.000954s ]
NOTIC: [8] Use of undefined constant TMPL_DENY_PHP - assumed 'TMPL_DENY_PHP' G:\wamp\www\HFS\Appliaction\Home\Conf\config.php 第 32 行.

[ 2015-11-28T23:46:28+08:00 ] ::1 /HFS/index.php/Home/Dataquery/dataQuery
INFO: [ app_init ] --START--
INFO: Run Behavior\BuildLiteBehavior [ RunTime:0.000048s ]
INFO: [ app_init ] --END-- [ RunTime:0.000637s ]
NOTIC: [8] Use of undefined constant TMPL_DENY_PHP - assumed 'TMPL_DENY_PHP' G:\wamp\www\HFS\Appliaction\Home\Conf\config.php 第 32 行.
INFO: [ app_begin ] --START--
INFO: Run Behavior\ReadHtmlCacheBehavior [ RunTime:0.000703s ]
INFO: [ app_begin ] --END-- [ RunTime:0.000892s ]
SQL: SHOW COLUMNS FROM `think_gammapic` [ RunTime:0.005374s ]
NOTIC: [8] Undefined variable: condition G:\wamp\www\HFS\Appliaction\Home\Controller\DataqueryController.class.php 第 159 行.
SQL: SELECT `id`,legendName as name,collectTime as date FROM `think_gammapic` ORDER BY collectTime desc LIMIT 100   [ RunTime:0.054419s ]
INFO: [ app_end ] --START--
INFO: Run Behavior\ShowPageTraceBehavior [ RunTime:0.000842s ]
INFO: [ app_end ] --END-- [ RunTime:0.001076s ]

[ 2015-11-28T23:46:38+08:00 ] ::1 /HFS/index.php/Home/Dataquery
INFO: [ app_init ] --START--
INFO: Run Behavior\BuildLiteBehavior [ RunTime:0.000045s ]
INFO: [ app_init ] --END-- [ RunTime:0.000562s ]
NOTIC: [8] Use of undefined constant TMPL_DENY_PHP - assumed 'TMPL_DENY_PHP' G:\wamp\www\HFS\Appliaction\Home\Conf\config.php 第 32 行.

[ 2015-11-28T23:46:40+08:00 ] ::1 /HFS/index.php/Home/Dataquery/dataQuery
INFO: [ app_init ] --START--
INFO: Run Behavior\BuildLiteBehavior [ RunTime:0.000033s ]
INFO: [ app_init ] --END-- [ RunTime:0.000481s ]
NOTIC: [8] Use of undefined constant TMPL_DENY_PHP - assumed 'TMPL_DENY_PHP' G:\wamp\www\HFS\Appliaction\Home\Conf\config.php 第 32 行.
INFO: [ app_begin ] --START--
INFO: Run Behavior\ReadHtmlCacheBehavior [ RunTime:0.000543s ]
INFO: [ app_begin ] --END-- [ RunTime:0.000664s ]
SQL: SHOW COLUMNS FROM `think_gammapic` [ RunTime:0.007127s ]
NOTIC: [8] Undefined variable: condition G:\wamp\www\HFS\Appliaction\Home\Controller\DataqueryController.class.php 第 159 行.
SQL: SELECT `id`,legendName as name,collectTime as date FROM `think_gammapic` ORDER BY collectTime desc LIMIT 300   [ RunTime:0.063761s ]
INFO: [ app_end ] --START--
INFO: Run Behavior\ShowPageTraceBehavior [ RunTime:0.000946s ]
INFO: [ app_end ] --END-- [ RunTime:0.001173s ]

[ 2015-11-28T23:47:17+08:00 ] ::1 /HFS/index.php/Home/Dataquery/dataQuery
INFO: [ app_init ] --START--
INFO: Run Behavior\BuildLiteBehavior [ RunTime:0.000050s ]
INFO: [ app_init ] --END-- [ RunTime:0.000676s ]
NOTIC: [8] Use of undefined constant TMPL_DENY_PHP - assumed 'TMPL_DENY_PHP' G:\wamp\www\HFS\Appliaction\Home\Conf\config.php 第 32 行.
INFO: [ app_begin ] --START--
INFO: Run Behavior\ReadHtmlCacheBehavior [ RunTime:0.000769s ]
INFO: [ app_begin ] --END-- [ RunTime:0.001079s ]
SQL: SHOW COLUMNS FROM `think_gammapic` [ RunTime:0.006484s ]
NOTIC: [8] Undefined variable: condition G:\wamp\www\HFS\Appliaction\Home\Controller\DataqueryController.class.php 第 159 行.
SQL: SELECT `id`,legendName as name,collectTime as date FROM `think_gammapic` ORDER BY collectTime desc LIMIT 500   [ RunTime:0.040527s ]
INFO: [ app_end ] --START--
INFO: Run Behavior\ShowPageTraceBehavior [ RunTime:0.000955s ]
INFO: [ app_end ] --END-- [ RunTime:0.001178s ]

[ 2015-11-28T23:47:34+08:00 ] ::1 /HFS/index.php/Home/Dataquery/dataQuery
INFO: [ app_init ] --START--
INFO: Run Behavior\BuildLiteBehavior [ RunTime:0.000054s ]
INFO: [ app_init ] --END-- [ RunTime:0.000683s ]
NOTIC: [8] Use of undefined constant TMPL_DENY_PHP - assumed 'TMPL_DENY_PHP' G:\wamp\www\HFS\Appliaction\Home\Conf\config.php 第 32 行.
INFO: [ app_begin ] --START--
INFO: Run Behavior\ReadHtmlCacheBehavior [ RunTime:0.000652s ]
INFO: [ app_begin ] --END-- [ RunTime:0.000865s ]
SQL: SHOW COLUMNS FROM `think_gammapic` [ RunTime:0.005554s ]
NOTIC: [8] Undefined variable: condition G:\wamp\www\HFS\Appliaction\Home\Controller\DataqueryController.class.php 第 159 行.
SQL: SELECT `id`,legendName as name,collectTime as date FROM `think_gammapic` ORDER BY collectTime desc LIMIT 800   [ RunTime:0.040989s ]
INFO: [ app_end ] --START--
INFO: Run Behavior\ShowPageTraceBehavior [ RunTime:0.000757s ]
INFO: [ app_end ] --END-- [ RunTime:0.000979s ]

[ 2015-11-28T23:47:42+08:00 ] ::1 /HFS/index.php/Home/Dataquery/down?type=2&id=90458
INFO: [ app_init ] --START--
INFO: Run Behavior\BuildLiteBehavior [ RunTime:0.000032s ]
INFO: [ app_init ] --END-- [ RunTime:0.000446s ]
NOTIC: [8] Use of undefined constant TMPL_DENY_PHP - assumed 'TMPL_DENY_PHP' G:\wamp\www\HFS\Appliaction\Home\Conf\config.php 第 32 行.

[ 2015-11-28T23:48:03+08:00 ] ::1 /HFS/index.php/Home/Dataquery/down?type=2&id=90119
INFO: [ app_init ] --START--
INFO: Run Behavior\BuildLiteBehavior [ RunTime:0.000057s ]
INFO: [ app_init ] --END-- [ RunTime:0.000795s ]
NOTIC: [8] Use of undefined constant TMPL_DENY_PHP - assumed 'TMPL_DENY_PHP' G:\wamp\www\HFS\Appliaction\Home\Conf\config.php 第 32 行.

[ 2015-11-28T23:48:36+08:00 ] ::1 /HFS/index.php/Home/Dataquery/dataQuery
INFO: [ app_init ] --START--
INFO: Run Behavior\BuildLiteBehavior [ RunTime:0.000038s ]
INFO: [ app_init ] --END-- [ RunTime:0.000471s ]
NOTIC: [8] Use of undefined constant TMPL_DENY_PHP - assumed 'TMPL_DENY_PHP' G:\wamp\www\HFS\Appliaction\Home\Conf\config.php 第 32 行.
INFO: [ app_begin ] --START--
INFO: Run Behavior\ReadHtmlCacheBehavior [ RunTime:0.000485s ]
INFO: [ app_begin ] --END-- [ RunTime:0.000604s ]
SQL: SHOW COLUMNS FROM `think_gammapic` [ RunTime:0.006426s ]
NOTIC: [8] Undefined variable: condition G:\wamp\www\HFS\Appliaction\Home\Controller\DataqueryController.class.php 第 159 行.
SQL: SELECT `id`,legendName as name,collectTime as date FROM `think_gammapic` ORDER BY collectTime desc LIMIT 2000   [ RunTime:0.068961s ]
INFO: [ app_end ] --START--
INFO: Run Behavior\ShowPageTraceBehavior [ RunTime:0.000708s ]
INFO: [ app_end ] --END-- [ RunTime:0.000858s ]

[ 2015-11-28T23:49:03+08:00 ] ::1 /HFS/index.php/Home/Dataquery
INFO: [ app_init ] --START--
INFO: Run Behavior\BuildLiteBehavior [ RunTime:0.000032s ]
INFO: [ app_init ] --END-- [ RunTime:0.000448s ]
NOTIC: [8] Use of undefined constant TMPL_DENY_PHP - assumed 'TMPL_DENY_PHP' G:\wamp\www\HFS\Appliaction\Home\Conf\config.php 第 32 行.

[ 2015-11-28T23:49:06+08:00 ] ::1 /HFS/index.php/Home/Dataquery/dataQuery
INFO: [ app_init ] --START--
INFO: Run Behavior\BuildLiteBehavior [ RunTime:0.000035s ]
INFO: [ app_init ] --END-- [ RunTime:0.000536s ]
NOTIC: [8] Use of undefined constant TMPL_DENY_PHP - assumed 'TMPL_DENY_PHP' G:\wamp\www\HFS\Appliaction\Home\Conf\config.php 第 32 行.
INFO: [ app_begin ] --START--
INFO: Run Behavior\ReadHtmlCacheBehavior [ RunTime:0.000610s ]
INFO: [ app_begin ] --END-- [ RunTime:0.000768s ]
SQL: SHOW COLUMNS FROM `think_gammapic` [ RunTime:0.006692s ]
NOTIC: [8] Undefined variable: condition G:\wamp\www\HFS\Appliaction\Home\Controller\DataqueryController.class.php 第 159 行.
SQL: SELECT `id`,legendName as name,collectTime as date FROM `think_gammapic` ORDER BY collectTime desc LIMIT 6000   [ RunTime:0.078028s ]
INFO: [ app_end ] --START--
INFO: Run Behavior\ShowPageTraceBehavior [ RunTime:0.000803s ]
INFO: [ app_end ] --END-- [ RunTime:0.001035s ]

[ 2015-11-28T23:49:23+08:00 ] ::1 /HFS/index.php/Home/Dataquery/dataQuery
INFO: [ app_init ] --START--
INFO: Run Behavior\BuildLiteBehavior [ RunTime:0.000050s ]
INFO: [ app_init ] --END-- [ RunTime:0.000685s ]
NOTIC: [8] Use of undefined constant TMPL_DENY_PHP - assumed 'TMPL_DENY_PHP' G:\wamp\www\HFS\Appliaction\Home\Conf\config.php 第 32 行.
INFO: [ app_begin ] --START--
INFO: Run Behavior\ReadHtmlCacheBehavior [ RunTime:0.000797s ]
INFO: [ app_begin ] --END-- [ RunTime:0.001024s ]
SQL: SHOW COLUMNS FROM `think_gammapic` [ RunTime:0.006187s ]
NOTIC: [8] Undefined variable: condition G:\wamp\www\HFS\Appliaction\Home\Controller\DataqueryController.class.php 第 159 行.
SQL: SELECT `id`,legendName as name,collectTime as date FROM `think_gammapic` ORDER BY collectTime desc LIMIT 6000   [ RunTime:0.093968s ]
INFO: [ app_end ] --START--
INFO: Run Behavior\ShowPageTraceBehavior [ RunTime:0.000833s ]
INFO: [ app_end ] --END-- [ RunTime:0.001000s ]

[ 2015-11-28T23:50:23+08:00 ] ::1 /HFS/index.php/Home/Dataquery/dataQuery
INFO: [ app_init ] --START--
INFO: Run Behavior\BuildLiteBehavior [ RunTime:0.000054s ]
INFO: [ app_init ] --END-- [ RunTime:0.000690s ]
NOTIC: [8] Use of undefined constant TMPL_DENY_PHP - assumed 'TMPL_DENY_PHP' G:\wamp\www\HFS\Appliaction\Home\Conf\config.php 第 32 行.
INFO: [ app_begin ] --START--
INFO: Run Behavior\ReadHtmlCacheBehavior [ RunTime:0.000529s ]
INFO: [ app_begin ] --END-- [ RunTime:0.000665s ]
INFO: [ app_end ] --START--
INFO: Run Behavior\ShowPageTraceBehavior [ RunTime:0.000495s ]
INFO: [ app_end ] --END-- [ RunTime:0.000630s ]

[ 2015-11-28T23:50:33+08:00 ] ::1 /HFS/index.php/Home/Dataquery/dataQuery
INFO: [ app_init ] --START--
INFO: Run Behavior\BuildLiteBehavior [ RunTime:0.000050s ]
INFO: [ app_init ] --END-- [ RunTime:0.000657s ]
NOTIC: [8] Use of undefined constant TMPL_DENY_PHP - assumed 'TMPL_DENY_PHP' G:\wamp\www\HFS\Appliaction\Home\Conf\config.php 第 32 行.
INFO: [ app_begin ] --START--
INFO: Run Behavior\ReadHtmlCacheBehavior [ RunTime:0.000585s ]
INFO: [ app_begin ] --END-- [ RunTime:0.000771s ]
SQL: SHOW COLUMNS FROM `think_gammapic` [ RunTime:0.020342s ]
NOTIC: [8] Undefined variable: condition G:\wamp\www\HFS\Appliaction\Home\Controller\DataqueryController.class.php 第 159 行.
SQL: SELECT `id`,legendName as name,collectTime as date FROM `think_gammapic` ORDER BY collectTime desc LIMIT 6000   [ RunTime:0.079767s ]
INFO: [ app_end ] --START--
INFO: Run Behavior\ShowPageTraceBehavior [ RunTime:0.000908s ]
INFO: [ app_end ] --END-- [ RunTime:0.001152s ]

[ 2015-11-28T23:50:58+08:00 ] ::1 /HFS/index.php/Home/Dataquery/dataQuery
INFO: [ app_init ] --START--
INFO: Run Behavior\BuildLiteBehavior [ RunTime:0.000034s ]
INFO: [ app_init ] --END-- [ RunTime:0.000494s ]
NOTIC: [8] Use of undefined constant TMPL_DENY_PHP - assumed 'TMPL_DENY_PHP' G:\wamp\www\HFS\Appliaction\Home\Conf\config.php 第 32 行.
INFO: [ app_begin ] --START--
INFO: Run Behavior\ReadHtmlCacheBehavior [ RunTime:0.000491s ]
INFO: [ app_begin ] --END-- [ RunTime:0.000626s ]
INFO: [ app_end ] --START--
INFO: Run Behavior\ShowPageTraceBehavior [ RunTime:0.000508s ]
INFO: [ app_end ] --END-- [ RunTime:0.000643s ]

[ 2015-11-28T23:51:12+08:00 ] ::1 /HFS/index.php/Home/Dataquery
INFO: [ app_init ] --START--
INFO: Run Behavior\BuildLiteBehavior [ RunTime:0.000030s ]
INFO: [ app_init ] --END-- [ RunTime:0.000427s ]
NOTIC: [8] Use of undefined constant TMPL_DENY_PHP - assumed 'TMPL_DENY_PHP' G:\wamp\www\HFS\Appliaction\Home\Conf\config.php 第 32 行.

[ 2015-11-28T23:51:16+08:00 ] ::1 /HFS/index.php/Home/Dataquery/dataQuery
INFO: [ app_init ] --START--
INFO: Run Behavior\BuildLiteBehavior [ RunTime:0.000055s ]
INFO: [ app_init ] --END-- [ RunTime:0.000777s ]
NOTIC: [8] Use of undefined constant TMPL_DENY_PHP - assumed 'TMPL_DENY_PHP' G:\wamp\www\HFS\Appliaction\Home\Conf\config.php 第 32 行.
INFO: [ app_begin ] --START--
INFO: Run Behavior\ReadHtmlCacheBehavior [ RunTime:0.000640s ]
INFO: [ app_begin ] --END-- [ RunTime:0.000781s ]
SQL: SHOW COLUMNS FROM `think_gammapic` [ RunTime:0.006518s ]
NOTIC: [8] Undefined variable: condition G:\wamp\www\HFS\Appliaction\Home\Controller\DataqueryController.class.php 第 159 行.
SQL: SELECT `id`,legendName as name,collectTime as date FROM `think_gammapic` ORDER BY collectTime desc LIMIT 20000   [ RunTime:0.120292s ]
INFO: [ app_end ] --START--
INFO: Run Behavior\ShowPageTraceBehavior [ RunTime:0.001012s ]
INFO: [ app_end ] --END-- [ RunTime:0.001229s ]

[ 2015-11-28T23:53:02+08:00 ] ::1 /HFS/
INFO: [ app_init ] --START--
INFO: Run Behavior\BuildLiteBehavior [ RunTime:0.000051s ]
INFO: [ app_init ] --END-- [ RunTime:0.000659s ]
NOTIC: [8] Use of undefined constant TMPL_DENY_PHP - assumed 'TMPL_DENY_PHP' G:\wamp\www\HFS\Appliaction\Home\Conf\config.php 第 32 行.

[ 2015-11-28T23:53:04+08:00 ] ::1 /HFS/index.php/Home/Dataquery
INFO: [ app_init ] --START--
INFO: Run Behavior\BuildLiteBehavior [ RunTime:0.000037s ]
INFO: [ app_init ] --END-- [ RunTime:0.000564s ]
NOTIC: [8] Use of undefined constant TMPL_DENY_PHP - assumed 'TMPL_DENY_PHP' G:\wamp\www\HFS\Appliaction\Home\Conf\config.php 第 32 行.

[ 2015-11-28T23:53:07+08:00 ] ::1 /HFS/index.php/Home/Dataquery/dataQuery
INFO: [ app_init ] --START--
INFO: Run Behavior\BuildLiteBehavior [ RunTime:0.000035s ]
INFO: [ app_init ] --END-- [ RunTime:0.000525s ]
NOTIC: [8] Use of undefined constant TMPL_DENY_PHP - assumed 'TMPL_DENY_PHP' G:\wamp\www\HFS\Appliaction\Home\Conf\config.php 第 32 行.
INFO: [ app_begin ] --START--
INFO: Run Behavior\ReadHtmlCacheBehavior [ RunTime:0.000487s ]
INFO: [ app_begin ] --END-- [ RunTime:0.000626s ]
SQL: SHOW COLUMNS FROM `think_gammapic` [ RunTime:0.006596s ]
NOTIC: [8] Undefined variable: condition G:\wamp\www\HFS\Appliaction\Home\Controller\DataqueryController.class.php 第 159 行.
SQL: SELECT `id`,legendName as name,collectTime as date FROM `think_gammapic` ORDER BY collectTime desc LIMIT 20   [ RunTime:0.042876s ]
INFO: [ app_end ] --START--
INFO: Run Behavior\ShowPageTraceBehavior [ RunTime:0.000707s ]
INFO: [ app_end ] --END-- [ RunTime:0.000902s ]

[ 2015-11-28T23:57:53+08:00 ] ::1 /HFS/index.php/Home/Dataquery
INFO: [ app_init ] --START--
INFO: Run Behavior\BuildLiteBehavior [ RunTime:0.000034s ]
INFO: [ app_init ] --END-- [ RunTime:0.000612s ]
NOTIC: [8] Use of undefined constant TMPL_DENY_PHP - assumed 'TMPL_DENY_PHP' G:\wamp\www\HFS\Appliaction\Home\Conf\config.php 第 32 行.

[ 2015-11-28T23:57:56+08:00 ] ::1 /HFS/index.php/Home/Dataquery/dataQuery
INFO: [ app_init ] --START--
INFO: Run Behavior\BuildLiteBehavior [ RunTime:0.000031s ]
INFO: [ app_init ] --END-- [ RunTime:0.000461s ]
NOTIC: [8] Use of undefined constant TMPL_DENY_PHP - assumed 'TMPL_DENY_PHP' G:\wamp\www\HFS\Appliaction\Home\Conf\config.php 第 32 行.
INFO: [ app_begin ] --START--
INFO: Run Behavior\ReadHtmlCacheBehavior [ RunTime:0.000628s ]
INFO: [ app_begin ] --END-- [ RunTime:0.000787s ]
SQL: SHOW COLUMNS FROM `think_gammapic` [ RunTime:0.024069s ]
NOTIC: [8] Undefined variable: condition G:\wamp\www\HFS\Appliaction\Home\Controller\DataqueryController.class.php 第 159 行.
SQL: SELECT `id`,legendName as name,collectTime as date FROM `think_gammapic` ORDER BY collectTime desc LIMIT 200   [ RunTime:0.045073s ]
INFO: [ app_end ] --START--
INFO: Run Behavior\ShowPageTraceBehavior [ RunTime:0.000805s ]
INFO: [ app_end ] --END-- [ RunTime:0.001008s ]

