[ 2015-10-29T20:42:44+08:00 ] ::1 /HFS/index.php/Home
INFO: [ app_init ] --START--
INFO: Run Behavior\BuildLiteBehavior [ RunTime:0.000068s ]
INFO: [ app_init ] --END-- [ RunTime:0.026826s ]
NOTIC: [8] Use of undefined constant TMPL_DENY_PHP - assumed 'TMPL_DENY_PHP' G:\wamp\www\HFS\Appliaction\Home\Conf\config.php 第 28 行.
INFO: [ app_begin ] --START--
INFO: Run Behavior\ReadHtmlCacheBehavior [ RunTime:0.065085s ]
INFO: [ app_begin ] --END-- [ RunTime:0.065262s ]
SQL: SHOW COLUMNS FROM `think_news` [ RunTime:0.887701s ]
SQL: SHOW COLUMNS FROM `think_report` [ RunTime:0.092616s ]
SQL: SHOW COLUMNS FROM `think_notice` [ RunTime:0.033780s ]
SQL: SELECT * FROM `think_news` ORDER BY pTime desc LIMIT 6   [ RunTime:0.151808s ]
SQL: SELECT * FROM `think_report` ORDER BY pTime desc  LIMIT 6   [ RunTime:0.032404s ]
SQL: SELECT * FROM `think_notice` ORDER BY pTime desc  LIMIT 6   [ RunTime:0.064665s ]
INFO: [ view_parse ] --START--
INFO: [ template_filter ] --START--
INFO: Run Behavior\ContentReplaceBehavior [ RunTime:0.000206s ]
INFO: [ template_filter ] --END-- [ RunTime:0.000416s ]
INFO: Run Behavior\ParseTemplateBehavior [ RunTime:0.377278s ]
INFO: [ view_parse ] --END-- [ RunTime:0.377581s ]
INFO: [ view_filter ] --START--
INFO: Run Behavior\WriteHtmlCacheBehavior [ RunTime:0.030821s ]
INFO: [ view_filter ] --END-- [ RunTime:0.031044s ]
INFO: [ app_end ] --START--
INFO: Run Behavior\ShowPageTraceBehavior [ RunTime:0.013191s ]
INFO: [ app_end ] --END-- [ RunTime:0.013400s ]

[ 2015-10-29T20:42:47+08:00 ] ::1 /HFS/index.php/Home
INFO: [ app_init ] --START--
INFO: Run Behavior\BuildLiteBehavior [ RunTime:0.000055s ]
INFO: [ app_init ] --END-- [ RunTime:0.010192s ]
NOTIC: [8] Use of undefined constant TMPL_DENY_PHP - assumed 'TMPL_DENY_PHP' G:\wamp\www\HFS\Appliaction\Home\Conf\config.php 第 28 行.
INFO: [ app_begin ] --START--
INFO: Run Behavior\ReadHtmlCacheBehavior [ RunTime:0.000867s ]
INFO: [ app_begin ] --END-- [ RunTime:0.001101s ]
SQL: SHOW COLUMNS FROM `think_news` [ RunTime:0.022597s ]
SQL: SHOW COLUMNS FROM `think_report` [ RunTime:0.029687s ]
SQL: SHOW COLUMNS FROM `think_notice` [ RunTime:0.013771s ]
SQL: SELECT * FROM `think_news` ORDER BY pTime desc LIMIT 6   [ RunTime:0.000442s ]
SQL: SELECT * FROM `think_report` ORDER BY pTime desc  LIMIT 6   [ RunTime:0.000348s ]
SQL: SELECT * FROM `think_notice` ORDER BY pTime desc  LIMIT 6   [ RunTime:0.000292s ]
INFO: [ view_parse ] --START--
INFO: [ template_filter ] --START--
INFO: Run Behavior\ContentReplaceBehavior [ RunTime:0.000206s ]
INFO: [ template_filter ] --END-- [ RunTime:0.000367s ]
INFO: Run Behavior\ParseTemplateBehavior [ RunTime:0.081801s ]
INFO: [ view_parse ] --END-- [ RunTime:0.082015s ]
INFO: [ view_filter ] --START--
INFO: Run Behavior\WriteHtmlCacheBehavior [ RunTime:0.000389s ]
INFO: [ view_filter ] --END-- [ RunTime:0.000527s ]
INFO: [ app_end ] --START--
INFO: Run Behavior\ShowPageTraceBehavior [ RunTime:0.000797s ]
INFO: [ app_end ] --END-- [ RunTime:0.001053s ]

[ 2015-10-29T20:42:54+08:00 ] ::1 /HFS/index.php/Home/Index/moreContent?type=1
INFO: [ app_init ] --START--
INFO: Run Behavior\BuildLiteBehavior [ RunTime:0.000036s ]
INFO: [ app_init ] --END-- [ RunTime:0.000556s ]
NOTIC: [8] Use of undefined constant TMPL_DENY_PHP - assumed 'TMPL_DENY_PHP' G:\wamp\www\HFS\Appliaction\Home\Conf\config.php 第 28 行.
INFO: [ app_begin ] --START--
INFO: Run Behavior\ReadHtmlCacheBehavior [ RunTime:0.000659s ]
INFO: [ app_begin ] --END-- [ RunTime:0.000847s ]
SQL: SHOW COLUMNS FROM `think_news` [ RunTime:0.029924s ]
SQL: SHOW COLUMNS FROM `think_report` [ RunTime:0.008445s ]
SQL: SHOW COLUMNS FROM `think_notice` [ RunTime:0.020648s ]
SQL: SELECT * FROM `think_news` ORDER BY pTime desc  [ RunTime:0.000358s ]
SQL: SELECT * FROM `think_report` ORDER BY pTime desc   [ RunTime:0.005935s ]
SQL: SELECT * FROM `think_notice` ORDER BY pTime desc   [ RunTime:0.011460s ]
INFO: [ view_parse ] --START--
INFO: [ template_filter ] --START--
INFO: Run Behavior\ContentReplaceBehavior [ RunTime:0.000210s ]
INFO: [ template_filter ] --END-- [ RunTime:0.000424s ]
NOTIC: [8] Undefined variable: title G:\wamp\www\HFS\Appliaction\Runtime\Cache\Home\43d128c3993fa1ebcedeb774fcdbeb45.php 第 39 行.
INFO: Run Behavior\ParseTemplateBehavior [ RunTime:0.077023s ]
INFO: [ view_parse ] --END-- [ RunTime:0.077305s ]
INFO: [ view_filter ] --START--
INFO: Run Behavior\WriteHtmlCacheBehavior [ RunTime:0.000498s ]
INFO: [ view_filter ] --END-- [ RunTime:0.000641s ]
INFO: [ app_end ] --START--
INFO: Run Behavior\ShowPageTraceBehavior [ RunTime:0.000684s ]
INFO: [ app_end ] --END-- [ RunTime:0.000839s ]

[ 2015-10-29T20:42:54+08:00 ] ::1 /HFS/index.php/Home/Index/static/js/news.js
INFO: [ app_init ] --START--
INFO: Run Behavior\BuildLiteBehavior [ RunTime:0.000058s ]
INFO: [ app_init ] --END-- [ RunTime:0.000718s ]
NOTIC: [8] Use of undefined constant TMPL_DENY_PHP - assumed 'TMPL_DENY_PHP' G:\wamp\www\HFS\Appliaction\Home\Conf\config.php 第 28 行.
INFO: [ app_begin ] --START--
INFO: Run Behavior\ReadHtmlCacheBehavior [ RunTime:0.000778s ]
INFO: [ app_begin ] --END-- [ RunTime:0.001003s ]
ERR: 非法操作:static

[ 2015-10-29T20:42:58+08:00 ] ::1 /HFS/index.php/Home/Datapick
INFO: [ app_init ] --START--
INFO: Run Behavior\BuildLiteBehavior [ RunTime:0.000033s ]
INFO: [ app_init ] --END-- [ RunTime:0.000487s ]
NOTIC: [8] Use of undefined constant TMPL_DENY_PHP - assumed 'TMPL_DENY_PHP' G:\wamp\www\HFS\Appliaction\Home\Conf\config.php 第 28 行.
INFO: [ app_begin ] --START--
INFO: Run Behavior\ReadHtmlCacheBehavior [ RunTime:0.000761s ]
INFO: [ app_begin ] --END-- [ RunTime:0.000984s ]
SQL: SHOW COLUMNS FROM `think_portconfig` [ RunTime:0.056171s ]
SQL: SHOW COLUMNS FROM `think_interconfig` [ RunTime:0.028987s ]
SQL: SELECT * FROM `think_portconfig` ORDER BY id desc LIMIT 1   [ RunTime:0.096915s ]
SQL: SELECT * FROM `think_interconfig` ORDER BY id desc LIMIT 1   [ RunTime:0.055721s ]
INFO: [ view_parse ] --START--
INFO: [ template_filter ] --START--
INFO: Run Behavior\ContentReplaceBehavior [ RunTime:0.011743s ]
INFO: [ template_filter ] --END-- [ RunTime:0.011918s ]
INFO: Run Behavior\ParseTemplateBehavior [ RunTime:0.115488s ]
INFO: [ view_parse ] --END-- [ RunTime:0.115668s ]
INFO: [ view_filter ] --START--
INFO: Run Behavior\WriteHtmlCacheBehavior [ RunTime:0.000651s ]
INFO: [ view_filter ] --END-- [ RunTime:0.000839s ]
INFO: [ app_end ] --START--
INFO: Run Behavior\ShowPageTraceBehavior [ RunTime:0.000786s ]
INFO: [ app_end ] --END-- [ RunTime:0.000931s ]

[ 2015-10-29T20:43:03+08:00 ] ::1 /HFS/index.php/Home/Dataquery
INFO: [ app_init ] --START--
INFO: Run Behavior\BuildLiteBehavior [ RunTime:0.000043s ]
INFO: [ app_init ] --END-- [ RunTime:0.012795s ]
NOTIC: [8] Use of undefined constant TMPL_DENY_PHP - assumed 'TMPL_DENY_PHP' G:\wamp\www\HFS\Appliaction\Home\Conf\config.php 第 28 行.
INFO: [ app_begin ] --START--
INFO: Run Behavior\ReadHtmlCacheBehavior [ RunTime:0.001023s ]
INFO: [ app_begin ] --END-- [ RunTime:0.001242s ]
INFO: [ view_parse ] --START--
INFO: [ template_filter ] --START--
INFO: Run Behavior\ContentReplaceBehavior [ RunTime:0.000283s ]
INFO: [ template_filter ] --END-- [ RunTime:0.000527s ]
INFO: Run Behavior\ParseTemplateBehavior [ RunTime:0.079459s ]
INFO: [ view_parse ] --END-- [ RunTime:0.079726s ]
INFO: [ view_filter ] --START--
INFO: Run Behavior\WriteHtmlCacheBehavior [ RunTime:0.000468s ]
INFO: [ view_filter ] --END-- [ RunTime:0.000680s ]
INFO: [ app_end ] --START--
INFO: Run Behavior\ShowPageTraceBehavior [ RunTime:0.000656s ]
INFO: [ app_end ] --END-- [ RunTime:0.000803s ]

[ 2015-10-29T20:44:30+08:00 ] ::1 /HFS/index.php/Home/Dataquery
INFO: [ app_init ] --START--
INFO: Run Behavior\BuildLiteBehavior [ RunTime:0.000033s ]
INFO: [ app_init ] --END-- [ RunTime:0.000626s ]
NOTIC: [8] Use of undefined constant TMPL_DENY_PHP - assumed 'TMPL_DENY_PHP' G:\wamp\www\HFS\Appliaction\Home\Conf\config.php 第 28 行.
INFO: [ app_begin ] --START--
INFO: Run Behavior\ReadHtmlCacheBehavior [ RunTime:0.000780s ]
INFO: [ app_begin ] --END-- [ RunTime:0.000966s ]
INFO: [ view_parse ] --START--
INFO: [ template_filter ] --START--
INFO: Run Behavior\ContentReplaceBehavior [ RunTime:0.000177s ]
INFO: [ template_filter ] --END-- [ RunTime:0.000337s ]
INFO: Run Behavior\ParseTemplateBehavior [ RunTime:0.021147s ]
INFO: [ view_parse ] --END-- [ RunTime:0.021322s ]
INFO: [ view_filter ] --START--
INFO: Run Behavior\WriteHtmlCacheBehavior [ RunTime:0.000848s ]
INFO: [ view_filter ] --END-- [ RunTime:0.001100s ]
INFO: [ app_end ] --START--
INFO: Run Behavior\ShowPageTraceBehavior [ RunTime:0.001246s ]
INFO: [ app_end ] --END-- [ RunTime:0.001526s ]

[ 2015-10-29T20:44:32+08:00 ] ::1 /HFS/index.php/Home/Dataprocess
INFO: [ app_init ] --START--
INFO: Run Behavior\BuildLiteBehavior [ RunTime:0.000032s ]
INFO: [ app_init ] --END-- [ RunTime:0.000508s ]
NOTIC: [8] Use of undefined constant TMPL_DENY_PHP - assumed 'TMPL_DENY_PHP' G:\wamp\www\HFS\Appliaction\Home\Conf\config.php 第 28 行.
INFO: [ app_begin ] --START--
INFO: Run Behavior\ReadHtmlCacheBehavior [ RunTime:0.000614s ]
INFO: [ app_begin ] --END-- [ RunTime:0.000764s ]
INFO: [ view_parse ] --START--
INFO: [ template_filter ] --START--
INFO: Run Behavior\ContentReplaceBehavior [ RunTime:0.000223s ]
INFO: [ template_filter ] --END-- [ RunTime:0.000494s ]
INFO: Run Behavior\ParseTemplateBehavior [ RunTime:0.028440s ]
INFO: [ view_parse ] --END-- [ RunTime:0.028660s ]
INFO: [ view_filter ] --START--
INFO: Run Behavior\WriteHtmlCacheBehavior [ RunTime:0.000484s ]
INFO: [ view_filter ] --END-- [ RunTime:0.000654s ]
INFO: [ app_end ] --START--
INFO: Run Behavior\ShowPageTraceBehavior [ RunTime:0.000621s ]
INFO: [ app_end ] --END-- [ RunTime:0.000763s ]

[ 2015-10-29T20:44:32+08:00 ] ::1 /HFS/index.php/Home/plugins/datetimepicker/jquery.datetimepicker.css
INFO: [ app_init ] --START--
INFO: Run Behavior\BuildLiteBehavior [ RunTime:0.000061s ]
INFO: [ app_init ] --END-- [ RunTime:0.000776s ]
NOTIC: [8] Use of undefined constant TMPL_DENY_PHP - assumed 'TMPL_DENY_PHP' G:\wamp\www\HFS\Appliaction\Home\Conf\config.php 第 28 行.
INFO: [ app_begin ] --START--
INFO: Run Behavior\ReadHtmlCacheBehavior [ RunTime:0.000736s ]
INFO: [ app_begin ] --END-- [ RunTime:0.001018s ]
ERR: 无法加载控制器:Plugins

[ 2015-10-29T20:44:32+08:00 ] ::1 /HFS/index.php/Home/plugins/datetimepicker/jquery.datetimepicker.js
INFO: [ app_init ] --START--
INFO: Run Behavior\BuildLiteBehavior [ RunTime:0.000061s ]
INFO: [ app_init ] --END-- [ RunTime:0.001230s ]
NOTIC: [8] Use of undefined constant TMPL_DENY_PHP - assumed 'TMPL_DENY_PHP' G:\wamp\www\HFS\Appliaction\Home\Conf\config.php 第 28 行.
INFO: [ app_begin ] --START--
INFO: Run Behavior\ReadHtmlCacheBehavior [ RunTime:0.005439s ]
INFO: [ app_begin ] --END-- [ RunTime:0.006711s ]
ERR: 无法加载控制器:Plugins

[ 2015-10-29T20:44:32+08:00 ] ::1 /HFS/index.php/Home/plugins/echarts/build/dist/echarts.js
INFO: [ app_init ] --START--
INFO: Run Behavior\BuildLiteBehavior [ RunTime:0.000058s ]
INFO: [ app_init ] --END-- [ RunTime:0.000778s ]
NOTIC: [8] Use of undefined constant TMPL_DENY_PHP - assumed 'TMPL_DENY_PHP' G:\wamp\www\HFS\Appliaction\Home\Conf\config.php 第 28 行.
INFO: [ app_begin ] --START--
INFO: Run Behavior\ReadHtmlCacheBehavior [ RunTime:0.001189s ]
INFO: [ app_begin ] --END-- [ RunTime:0.001536s ]
ERR: 无法加载控制器:Plugins

[ 2015-10-29T20:44:32+08:00 ] ::1 /HFS/index.php/Home/static/js/dataprocess.js
INFO: [ app_init ] --START--
INFO: Run Behavior\BuildLiteBehavior [ RunTime:0.000060s ]
INFO: [ app_init ] --END-- [ RunTime:0.001025s ]
NOTIC: [8] Use of undefined constant TMPL_DENY_PHP - assumed 'TMPL_DENY_PHP' G:\wamp\www\HFS\Appliaction\Home\Conf\config.php 第 28 行.
INFO: [ app_begin ] --START--
INFO: Run Behavior\ReadHtmlCacheBehavior [ RunTime:0.000725s ]
INFO: [ app_begin ] --END-- [ RunTime:0.000897s ]
ERR: 无法加载控制器:Static

[ 2015-10-29T20:44:32+08:00 ] ::1 /HFS/index.php/Home/static/css/header.css
INFO: [ app_init ] --START--
INFO: Run Behavior\BuildLiteBehavior [ RunTime:0.000062s ]
INFO: [ app_init ] --END-- [ RunTime:0.000816s ]
NOTIC: [8] Use of undefined constant TMPL_DENY_PHP - assumed 'TMPL_DENY_PHP' G:\wamp\www\HFS\Appliaction\Home\Conf\config.php 第 28 行.
INFO: [ app_begin ] --START--
INFO: Run Behavior\ReadHtmlCacheBehavior [ RunTime:0.000940s ]
INFO: [ app_begin ] --END-- [ RunTime:0.001177s ]
ERR: 无法加载控制器:Static

[ 2015-10-29T20:44:32+08:00 ] ::1 /HFS/index.php/Home/static/css/dataprocess.css
INFO: [ app_init ] --START--
INFO: Run Behavior\BuildLiteBehavior [ RunTime:0.000033s ]
INFO: [ app_init ] --END-- [ RunTime:0.000525s ]
NOTIC: [8] Use of undefined constant TMPL_DENY_PHP - assumed 'TMPL_DENY_PHP' G:\wamp\www\HFS\Appliaction\Home\Conf\config.php 第 28 行.
INFO: [ app_begin ] --START--
INFO: Run Behavior\ReadHtmlCacheBehavior [ RunTime:0.000809s ]
INFO: [ app_begin ] --END-- [ RunTime:0.000969s ]
ERR: 无法加载控制器:Static

[ 2015-10-29T20:49:46+08:00 ] ::1 /HFS/index.php/Home/Dataprocess
INFO: [ app_init ] --START--
INFO: Run Behavior\BuildLiteBehavior [ RunTime:0.000031s ]
INFO: [ app_init ] --END-- [ RunTime:0.000508s ]
NOTIC: [8] Use of undefined constant TMPL_DENY_PHP - assumed 'TMPL_DENY_PHP' G:\wamp\www\HFS\Appliaction\Home\Conf\config.php 第 28 行.
INFO: [ app_begin ] --START--
INFO: Run Behavior\ReadHtmlCacheBehavior [ RunTime:0.000767s ]
INFO: [ app_begin ] --END-- [ RunTime:0.000927s ]
INFO: [ view_parse ] --START--
INFO: [ template_filter ] --START--
INFO: Run Behavior\ContentReplaceBehavior [ RunTime:0.000257s ]
INFO: [ template_filter ] --END-- [ RunTime:0.000535s ]
INFO: Run Behavior\ParseTemplateBehavior [ RunTime:0.016208s ]
INFO: [ view_parse ] --END-- [ RunTime:0.016384s ]
INFO: [ view_filter ] --START--
INFO: Run Behavior\WriteHtmlCacheBehavior [ RunTime:0.000528s ]
INFO: [ view_filter ] --END-- [ RunTime:0.000718s ]
INFO: [ app_end ] --START--
INFO: Run Behavior\ShowPageTraceBehavior [ RunTime:0.000824s ]
INFO: [ app_end ] --END-- [ RunTime:0.000981s ]

[ 2015-10-29T20:49:47+08:00 ] ::1 /HFS/index.php/Home/process.php
INFO: [ app_init ] --START--
INFO: Run Behavior\BuildLiteBehavior [ RunTime:0.000056s ]
INFO: [ app_init ] --END-- [ RunTime:0.000764s ]
NOTIC: [8] Use of undefined constant TMPL_DENY_PHP - assumed 'TMPL_DENY_PHP' G:\wamp\www\HFS\Appliaction\Home\Conf\config.php 第 28 行.
INFO: [ app_begin ] --START--
INFO: Run Behavior\ReadHtmlCacheBehavior [ RunTime:0.001143s ]
INFO: [ app_begin ] --END-- [ RunTime:0.001388s ]
ERR: 无法加载控制器:Process.php

[ 2015-10-29T20:49:53+08:00 ] ::1 /HFS/index.php/Home/dataprocess.html
INFO: [ app_init ] --START--
INFO: Run Behavior\BuildLiteBehavior [ RunTime:0.000033s ]
INFO: [ app_init ] --END-- [ RunTime:0.000512s ]
NOTIC: [8] Use of undefined constant TMPL_DENY_PHP - assumed 'TMPL_DENY_PHP' G:\wamp\www\HFS\Appliaction\Home\Conf\config.php 第 28 行.
INFO: [ app_begin ] --START--
INFO: Run Behavior\ReadHtmlCacheBehavior [ RunTime:0.000647s ]
INFO: [ app_begin ] --END-- [ RunTime:0.000816s ]
INFO: [ view_parse ] --START--
INFO: [ template_filter ] --START--
INFO: Run Behavior\ContentReplaceBehavior [ RunTime:0.000160s ]
INFO: [ template_filter ] --END-- [ RunTime:0.000340s ]
INFO: Run Behavior\ParseTemplateBehavior [ RunTime:0.010333s ]
INFO: [ view_parse ] --END-- [ RunTime:0.010572s ]
INFO: [ view_filter ] --START--
INFO: Run Behavior\WriteHtmlCacheBehavior [ RunTime:0.000604s ]
INFO: [ view_filter ] --END-- [ RunTime:0.000891s ]
INFO: [ app_end ] --START--
INFO: Run Behavior\ShowPageTraceBehavior [ RunTime:0.000905s ]
INFO: [ app_end ] --END-- [ RunTime:0.001150s ]

[ 2015-10-29T20:49:53+08:00 ] ::1 /HFS/index.php/Home/process.php
INFO: [ app_init ] --START--
INFO: Run Behavior\BuildLiteBehavior [ RunTime:0.000034s ]
INFO: [ app_init ] --END-- [ RunTime:0.000522s ]
NOTIC: [8] Use of undefined constant TMPL_DENY_PHP - assumed 'TMPL_DENY_PHP' G:\wamp\www\HFS\Appliaction\Home\Conf\config.php 第 28 行.
INFO: [ app_begin ] --START--
INFO: Run Behavior\ReadHtmlCacheBehavior [ RunTime:0.000613s ]
INFO: [ app_begin ] --END-- [ RunTime:0.000743s ]
ERR: 无法加载控制器:Process.php

[ 2015-10-29T20:49:58+08:00 ] ::1 /HFS/index.php/Home/index.html
INFO: [ app_init ] --START--
INFO: Run Behavior\BuildLiteBehavior [ RunTime:0.000032s ]
INFO: [ app_init ] --END-- [ RunTime:0.000505s ]
NOTIC: [8] Use of undefined constant TMPL_DENY_PHP - assumed 'TMPL_DENY_PHP' G:\wamp\www\HFS\Appliaction\Home\Conf\config.php 第 28 行.
INFO: [ app_begin ] --START--
INFO: Run Behavior\ReadHtmlCacheBehavior [ RunTime:0.000614s ]
INFO: [ app_begin ] --END-- [ RunTime:0.000788s ]
SQL: SHOW COLUMNS FROM `think_news` [ RunTime:0.033950s ]
SQL: SHOW COLUMNS FROM `think_report` [ RunTime:0.011185s ]
SQL: SHOW COLUMNS FROM `think_notice` [ RunTime:0.006354s ]
SQL: SELECT * FROM `think_news` ORDER BY pTime desc LIMIT 6   [ RunTime:0.000568s ]
SQL: SELECT * FROM `think_report` ORDER BY pTime desc  LIMIT 6   [ RunTime:0.000336s ]
SQL: SELECT * FROM `think_notice` ORDER BY pTime desc  LIMIT 6   [ RunTime:0.000386s ]
INFO: [ view_parse ] --START--
INFO: [ template_filter ] --START--
INFO: Run Behavior\ContentReplaceBehavior [ RunTime:0.000214s ]
INFO: [ template_filter ] --END-- [ RunTime:0.000432s ]
INFO: Run Behavior\ParseTemplateBehavior [ RunTime:0.030197s ]
INFO: [ view_parse ] --END-- [ RunTime:0.030485s ]
INFO: [ view_filter ] --START--
INFO: Run Behavior\WriteHtmlCacheBehavior [ RunTime:0.000753s ]
INFO: [ view_filter ] --END-- [ RunTime:0.001014s ]
INFO: [ app_end ] --START--
INFO: Run Behavior\ShowPageTraceBehavior [ RunTime:0.000967s ]
INFO: [ app_end ] --END-- [ RunTime:0.001226s ]

[ 2015-10-29T20:49:58+08:00 ] ::1 /HFS/index.php/Home/Datapick
INFO: [ app_init ] --START--
INFO: Run Behavior\BuildLiteBehavior [ RunTime:0.000032s ]
INFO: [ app_init ] --END-- [ RunTime:0.000492s ]
NOTIC: [8] Use of undefined constant TMPL_DENY_PHP - assumed 'TMPL_DENY_PHP' G:\wamp\www\HFS\Appliaction\Home\Conf\config.php 第 28 行.
INFO: [ app_begin ] --START--
INFO: Run Behavior\ReadHtmlCacheBehavior [ RunTime:0.000634s ]
INFO: [ app_begin ] --END-- [ RunTime:0.000784s ]
SQL: SHOW COLUMNS FROM `think_portconfig` [ RunTime:0.019597s ]
SQL: SHOW COLUMNS FROM `think_interconfig` [ RunTime:0.013651s ]
SQL: SELECT * FROM `think_portconfig` ORDER BY id desc LIMIT 1   [ RunTime:0.000454s ]
SQL: SELECT * FROM `think_interconfig` ORDER BY id desc LIMIT 1   [ RunTime:0.000481s ]
INFO: [ view_parse ] --START--
INFO: [ template_filter ] --START--
INFO: Run Behavior\ContentReplaceBehavior [ RunTime:0.000268s ]
INFO: [ template_filter ] --END-- [ RunTime:0.000548s ]
INFO: Run Behavior\ParseTemplateBehavior [ RunTime:0.011080s ]
INFO: [ view_parse ] --END-- [ RunTime:0.011321s ]
INFO: [ view_filter ] --START--
INFO: Run Behavior\WriteHtmlCacheBehavior [ RunTime:0.000621s ]
INFO: [ view_filter ] --END-- [ RunTime:0.000865s ]
INFO: [ app_end ] --START--
INFO: Run Behavior\ShowPageTraceBehavior [ RunTime:0.000783s ]
INFO: [ app_end ] --END-- [ RunTime:0.001032s ]

[ 2015-10-29T20:49:59+08:00 ] ::1 /HFS/index.php/Home/Dataquery
INFO: [ app_init ] --START--
INFO: Run Behavior\BuildLiteBehavior [ RunTime:0.000032s ]
INFO: [ app_init ] --END-- [ RunTime:0.000476s ]
NOTIC: [8] Use of undefined constant TMPL_DENY_PHP - assumed 'TMPL_DENY_PHP' G:\wamp\www\HFS\Appliaction\Home\Conf\config.php 第 28 行.
INFO: [ app_begin ] --START--
INFO: Run Behavior\ReadHtmlCacheBehavior [ RunTime:0.000652s ]
INFO: [ app_begin ] --END-- [ RunTime:0.000807s ]
INFO: [ view_parse ] --START--
INFO: [ template_filter ] --START--
INFO: Run Behavior\ContentReplaceBehavior [ RunTime:0.000176s ]
INFO: [ template_filter ] --END-- [ RunTime:0.000338s ]
INFO: Run Behavior\ParseTemplateBehavior [ RunTime:0.011251s ]
INFO: [ view_parse ] --END-- [ RunTime:0.011467s ]
INFO: [ view_filter ] --START--
INFO: Run Behavior\WriteHtmlCacheBehavior [ RunTime:0.000409s ]
INFO: [ view_filter ] --END-- [ RunTime:0.000544s ]
INFO: [ app_end ] --START--
INFO: Run Behavior\ShowPageTraceBehavior [ RunTime:0.000653s ]
INFO: [ app_end ] --END-- [ RunTime:0.000871s ]

[ 2015-10-29T20:50:01+08:00 ] ::1 /HFS/index.php/Home/Dataprocess
INFO: [ app_init ] --START--
INFO: Run Behavior\BuildLiteBehavior [ RunTime:0.000054s ]
INFO: [ app_init ] --END-- [ RunTime:0.000599s ]
NOTIC: [8] Use of undefined constant TMPL_DENY_PHP - assumed 'TMPL_DENY_PHP' G:\wamp\www\HFS\Appliaction\Home\Conf\config.php 第 28 行.
INFO: [ app_begin ] --START--
INFO: Run Behavior\ReadHtmlCacheBehavior [ RunTime:0.000665s ]
INFO: [ app_begin ] --END-- [ RunTime:0.000819s ]
INFO: [ view_parse ] --START--
INFO: [ template_filter ] --START--
INFO: Run Behavior\ContentReplaceBehavior [ RunTime:0.000258s ]
INFO: [ template_filter ] --END-- [ RunTime:0.000545s ]
INFO: Run Behavior\ParseTemplateBehavior [ RunTime:0.009399s ]
INFO: [ view_parse ] --END-- [ RunTime:0.009631s ]
INFO: [ view_filter ] --START--
INFO: Run Behavior\WriteHtmlCacheBehavior [ RunTime:0.000620s ]
INFO: [ view_filter ] --END-- [ RunTime:0.000864s ]
INFO: [ app_end ] --START--
INFO: Run Behavior\ShowPageTraceBehavior [ RunTime:0.000625s ]
INFO: [ app_end ] --END-- [ RunTime:0.000786s ]

[ 2015-10-29T20:50:02+08:00 ] ::1 /HFS/index.php/Home/process.php
INFO: [ app_init ] --START--
INFO: Run Behavior\BuildLiteBehavior [ RunTime:0.000055s ]
INFO: [ app_init ] --END-- [ RunTime:0.000620s ]
NOTIC: [8] Use of undefined constant TMPL_DENY_PHP - assumed 'TMPL_DENY_PHP' G:\wamp\www\HFS\Appliaction\Home\Conf\config.php 第 28 行.
INFO: [ app_begin ] --START--
INFO: Run Behavior\ReadHtmlCacheBehavior [ RunTime:0.000856s ]
INFO: [ app_begin ] --END-- [ RunTime:0.001075s ]
ERR: 无法加载控制器:Process.php

[ 2015-10-29T20:51:29+08:00 ] ::1 /HFS/index.php/Home/Dataprocess
INFO: [ app_init ] --START--
INFO: Run Behavior\BuildLiteBehavior [ RunTime:0.000068s ]
INFO: [ app_init ] --END-- [ RunTime:0.000858s ]
NOTIC: [8] Use of undefined constant TMPL_DENY_PHP - assumed 'TMPL_DENY_PHP' G:\wamp\www\HFS\Appliaction\Home\Conf\config.php 第 28 行.
INFO: [ app_begin ] --START--
INFO: Run Behavior\ReadHtmlCacheBehavior [ RunTime:0.000740s ]
INFO: [ app_begin ] --END-- [ RunTime:0.000899s ]
INFO: [ view_parse ] --START--
INFO: [ template_filter ] --START--
INFO: Run Behavior\ContentReplaceBehavior [ RunTime:0.000159s ]
INFO: [ template_filter ] --END-- [ RunTime:0.000319s ]
INFO: Run Behavior\ParseTemplateBehavior [ RunTime:0.009857s ]
INFO: [ view_parse ] --END-- [ RunTime:0.010118s ]
INFO: [ view_filter ] --START--
INFO: Run Behavior\WriteHtmlCacheBehavior [ RunTime:0.000591s ]
INFO: [ view_filter ] --END-- [ RunTime:0.000741s ]
INFO: [ app_end ] --START--
INFO: Run Behavior\ShowPageTraceBehavior [ RunTime:0.000878s ]
INFO: [ app_end ] --END-- [ RunTime:0.001027s ]

[ 2015-10-29T20:51:29+08:00 ] ::1 /HFS/index.php/Home/process.php
INFO: [ app_init ] --START--
INFO: Run Behavior\BuildLiteBehavior [ RunTime:0.000051s ]
INFO: [ app_init ] --END-- [ RunTime:0.000642s ]
NOTIC: [8] Use of undefined constant TMPL_DENY_PHP - assumed 'TMPL_DENY_PHP' G:\wamp\www\HFS\Appliaction\Home\Conf\config.php 第 28 行.
INFO: [ app_begin ] --START--
INFO: Run Behavior\ReadHtmlCacheBehavior [ RunTime:0.000624s ]
INFO: [ app_begin ] --END-- [ RunTime:0.000786s ]
ERR: 无法加载控制器:Process.php

[ 2015-10-29T20:51:34+08:00 ] ::1 /HFS/index.php/Home/process.php
INFO: [ app_init ] --START--
INFO: Run Behavior\BuildLiteBehavior [ RunTime:0.000032s ]
INFO: [ app_init ] --END-- [ RunTime:0.000493s ]
NOTIC: [8] Use of undefined constant TMPL_DENY_PHP - assumed 'TMPL_DENY_PHP' G:\wamp\www\HFS\Appliaction\Home\Conf\config.php 第 28 行.
INFO: [ app_begin ] --START--
INFO: Run Behavior\ReadHtmlCacheBehavior [ RunTime:0.000755s ]
INFO: [ app_begin ] --END-- [ RunTime:0.000938s ]
ERR: 无法加载控制器:Process.php

[ 2015-10-29T20:53:29+08:00 ] ::1 /HFS/index.php/
INFO: [ app_init ] --START--
INFO: Run Behavior\BuildLiteBehavior [ RunTime:0.000050s ]
INFO: [ app_init ] --END-- [ RunTime:0.000786s ]
NOTIC: [8] Use of undefined constant TMPL_DENY_PHP - assumed 'TMPL_DENY_PHP' G:\wamp\www\HFS\Appliaction\Home\Conf\config.php 第 28 行.
INFO: [ app_begin ] --START--
INFO: Run Behavior\ReadHtmlCacheBehavior [ RunTime:0.000724s ]
INFO: [ app_begin ] --END-- [ RunTime:0.000905s ]
SQL: SHOW COLUMNS FROM `think_news` [ RunTime:0.010110s ]
SQL: SHOW COLUMNS FROM `think_report` [ RunTime:0.005994s ]
SQL: SHOW COLUMNS FROM `think_notice` [ RunTime:0.017779s ]
SQL: SELECT * FROM `think_news` ORDER BY pTime desc LIMIT 6   [ RunTime:0.000398s ]
SQL: SELECT * FROM `think_report` ORDER BY pTime desc  LIMIT 6   [ RunTime:0.000279s ]
SQL: SELECT * FROM `think_notice` ORDER BY pTime desc  LIMIT 6   [ RunTime:0.000316s ]
INFO: [ view_parse ] --START--
INFO: [ template_filter ] --START--
INFO: Run Behavior\ContentReplaceBehavior [ RunTime:0.000310s ]
INFO: [ template_filter ] --END-- [ RunTime:0.000577s ]
INFO: Run Behavior\ParseTemplateBehavior [ RunTime:0.026875s ]
INFO: [ view_parse ] --END-- [ RunTime:0.027124s ]
INFO: [ view_filter ] --START--
INFO: Run Behavior\WriteHtmlCacheBehavior [ RunTime:0.000483s ]
INFO: [ view_filter ] --END-- [ RunTime:0.000617s ]
INFO: [ app_end ] --START--
INFO: Run Behavior\ShowPageTraceBehavior [ RunTime:0.001097s ]
INFO: [ app_end ] --END-- [ RunTime:0.001344s ]

[ 2015-10-29T20:53:30+08:00 ] ::1 /HFS/index.php/Home/Dataprocess
INFO: [ app_init ] --START--
INFO: Run Behavior\BuildLiteBehavior [ RunTime:0.000060s ]
INFO: [ app_init ] --END-- [ RunTime:0.000874s ]
NOTIC: [8] Use of undefined constant TMPL_DENY_PHP - assumed 'TMPL_DENY_PHP' G:\wamp\www\HFS\Appliaction\Home\Conf\config.php 第 28 行.
INFO: [ app_begin ] --START--
INFO: Run Behavior\ReadHtmlCacheBehavior [ RunTime:0.000991s ]
INFO: [ app_begin ] --END-- [ RunTime:0.001291s ]
INFO: [ view_parse ] --START--
INFO: [ template_filter ] --START--
INFO: Run Behavior\ContentReplaceBehavior [ RunTime:0.000230s ]
INFO: [ template_filter ] --END-- [ RunTime:0.000507s ]
INFO: Run Behavior\ParseTemplateBehavior [ RunTime:0.010962s ]
INFO: [ view_parse ] --END-- [ RunTime:0.011267s ]
INFO: [ view_filter ] --START--
INFO: Run Behavior\WriteHtmlCacheBehavior [ RunTime:0.000611s ]
INFO: [ view_filter ] --END-- [ RunTime:0.000860s ]
INFO: [ app_end ] --START--
INFO: Run Behavior\ShowPageTraceBehavior [ RunTime:0.000935s ]
INFO: [ app_end ] --END-- [ RunTime:0.001210s ]

[ 2015-10-29T20:53:31+08:00 ] ::1 /HFS/index.php/Home/process.php
INFO: [ app_init ] --START--
INFO: Run Behavior\BuildLiteBehavior [ RunTime:0.000033s ]
INFO: [ app_init ] --END-- [ RunTime:0.000478s ]
NOTIC: [8] Use of undefined constant TMPL_DENY_PHP - assumed 'TMPL_DENY_PHP' G:\wamp\www\HFS\Appliaction\Home\Conf\config.php 第 28 行.
INFO: [ app_begin ] --START--
INFO: Run Behavior\ReadHtmlCacheBehavior [ RunTime:0.000560s ]
INFO: [ app_begin ] --END-- [ RunTime:0.000686s ]
ERR: 无法加载控制器:Process.php

[ 2015-10-29T20:53:51+08:00 ] ::1 /HFS/index.php/Home/process.php
INFO: [ app_init ] --START--
INFO: Run Behavior\BuildLiteBehavior [ RunTime:0.000062s ]
INFO: [ app_init ] --END-- [ RunTime:0.000839s ]
NOTIC: [8] Use of undefined constant TMPL_DENY_PHP - assumed 'TMPL_DENY_PHP' G:\wamp\www\HFS\Appliaction\Home\Conf\config.php 第 28 行.
INFO: [ app_begin ] --START--
INFO: Run Behavior\ReadHtmlCacheBehavior [ RunTime:0.000521s ]
INFO: [ app_begin ] --END-- [ RunTime:0.000673s ]
ERR: 无法加载控制器:Process.php

[ 2015-10-29T20:56:41+08:00 ] ::1 /HFS/index.php/Home/Dataprocess
INFO: [ app_init ] --START--
INFO: Run Behavior\BuildLiteBehavior [ RunTime:0.000033s ]
INFO: [ app_init ] --END-- [ RunTime:0.000521s ]
NOTIC: [8] Use of undefined constant TMPL_DENY_PHP - assumed 'TMPL_DENY_PHP' G:\wamp\www\HFS\Appliaction\Home\Conf\config.php 第 28 行.
INFO: [ app_begin ] --START--
INFO: Run Behavior\ReadHtmlCacheBehavior [ RunTime:0.000828s ]
INFO: [ app_begin ] --END-- [ RunTime:0.001037s ]
INFO: [ view_parse ] --START--
INFO: [ template_filter ] --START--
INFO: Run Behavior\ContentReplaceBehavior [ RunTime:0.000159s ]
INFO: [ template_filter ] --END-- [ RunTime:0.000343s ]
INFO: Run Behavior\ParseTemplateBehavior [ RunTime:0.010966s ]
INFO: [ view_parse ] --END-- [ RunTime:0.011185s ]
INFO: [ view_filter ] --START--
INFO: Run Behavior\WriteHtmlCacheBehavior [ RunTime:0.000655s ]
INFO: [ view_filter ] --END-- [ RunTime:0.000843s ]
INFO: [ app_end ] --START--
INFO: Run Behavior\ShowPageTraceBehavior [ RunTime:0.001093s ]
INFO: [ app_end ] --END-- [ RunTime:0.001317s ]

[ 2015-10-29T20:56:41+08:00 ] ::1 /HFS/index.php/Home/process.php
INFO: [ app_init ] --START--
INFO: Run Behavior\BuildLiteBehavior [ RunTime:0.000051s ]
INFO: [ app_init ] --END-- [ RunTime:0.000796s ]
NOTIC: [8] Use of undefined constant TMPL_DENY_PHP - assumed 'TMPL_DENY_PHP' G:\wamp\www\HFS\Appliaction\Home\Conf\config.php 第 28 行.
INFO: [ app_begin ] --START--
INFO: Run Behavior\ReadHtmlCacheBehavior [ RunTime:0.001666s ]
INFO: [ app_begin ] --END-- [ RunTime:0.001997s ]
ERR: 无法加载控制器:Process.php

[ 2015-10-29T20:56:43+08:00 ] ::1 /HFS/index.php/Home/dataquery.html
INFO: [ app_init ] --START--
INFO: Run Behavior\BuildLiteBehavior [ RunTime:0.000032s ]
INFO: [ app_init ] --END-- [ RunTime:0.000485s ]
NOTIC: [8] Use of undefined constant TMPL_DENY_PHP - assumed 'TMPL_DENY_PHP' G:\wamp\www\HFS\Appliaction\Home\Conf\config.php 第 28 行.
INFO: [ app_begin ] --START--
INFO: Run Behavior\ReadHtmlCacheBehavior [ RunTime:0.000836s ]
INFO: [ app_begin ] --END-- [ RunTime:0.001047s ]
INFO: [ view_parse ] --START--
INFO: [ template_filter ] --START--
INFO: Run Behavior\ContentReplaceBehavior [ RunTime:0.000172s ]
INFO: [ template_filter ] --END-- [ RunTime:0.000333s ]
INFO: Run Behavior\ParseTemplateBehavior [ RunTime:0.015330s ]
INFO: [ view_parse ] --END-- [ RunTime:0.015596s ]
INFO: [ view_filter ] --START--
INFO: Run Behavior\WriteHtmlCacheBehavior [ RunTime:0.000619s ]
INFO: [ view_filter ] --END-- [ RunTime:0.000873s ]
INFO: [ app_end ] --START--
INFO: Run Behavior\ShowPageTraceBehavior [ RunTime:0.001162s ]
INFO: [ app_end ] --END-- [ RunTime:0.001479s ]

[ 2015-10-29T20:56:47+08:00 ] ::1 /HFS/index.php/Home/dataquery.html
INFO: [ app_init ] --START--
INFO: Run Behavior\BuildLiteBehavior [ RunTime:0.000033s ]
INFO: [ app_init ] --END-- [ RunTime:0.000578s ]
NOTIC: [8] Use of undefined constant TMPL_DENY_PHP - assumed 'TMPL_DENY_PHP' G:\wamp\www\HFS\Appliaction\Home\Conf\config.php 第 28 行.
INFO: [ app_begin ] --START--
INFO: Run Behavior\ReadHtmlCacheBehavior [ RunTime:0.001135s ]
INFO: [ app_begin ] --END-- [ RunTime:0.001404s ]
INFO: [ view_parse ] --START--
INFO: [ template_filter ] --START--
INFO: Run Behavior\ContentReplaceBehavior [ RunTime:0.000176s ]
INFO: [ template_filter ] --END-- [ RunTime:0.000340s ]
INFO: Run Behavior\ParseTemplateBehavior [ RunTime:0.069550s ]
INFO: [ view_parse ] --END-- [ RunTime:0.069825s ]
INFO: [ view_filter ] --START--
INFO: Run Behavior\WriteHtmlCacheBehavior [ RunTime:0.000518s ]
INFO: [ view_filter ] --END-- [ RunTime:0.000681s ]
INFO: [ app_end ] --START--
INFO: Run Behavior\ShowPageTraceBehavior [ RunTime:0.000748s ]
INFO: [ app_end ] --END-- [ RunTime:0.000892s ]

[ 2015-10-29T20:56:50+08:00 ] ::1 /HFS/index.php/Home/dataquery.html
INFO: [ app_init ] --START--
INFO: Run Behavior\BuildLiteBehavior [ RunTime:0.000055s ]
INFO: [ app_init ] --END-- [ RunTime:0.000867s ]
NOTIC: [8] Use of undefined constant TMPL_DENY_PHP - assumed 'TMPL_DENY_PHP' G:\wamp\www\HFS\Appliaction\Home\Conf\config.php 第 28 行.
INFO: [ app_begin ] --START--
INFO: Run Behavior\ReadHtmlCacheBehavior [ RunTime:0.000625s ]
INFO: [ app_begin ] --END-- [ RunTime:0.000783s ]
INFO: [ view_parse ] --START--
INFO: [ template_filter ] --START--
INFO: Run Behavior\ContentReplaceBehavior [ RunTime:0.000299s ]
INFO: [ template_filter ] --END-- [ RunTime:0.000582s ]
INFO: Run Behavior\ParseTemplateBehavior [ RunTime:0.231932s ]
INFO: [ view_parse ] --END-- [ RunTime:0.232109s ]
INFO: [ view_filter ] --START--
INFO: Run Behavior\WriteHtmlCacheBehavior [ RunTime:0.000356s ]
INFO: [ view_filter ] --END-- [ RunTime:0.000491s ]
INFO: [ app_end ] --START--
INFO: Run Behavior\ShowPageTraceBehavior [ RunTime:0.000570s ]
INFO: [ app_end ] --END-- [ RunTime:0.000712s ]

[ 2015-10-29T20:56:58+08:00 ] ::1 /HFS/index.php/Home/dataquery.html
INFO: [ app_init ] --START--
INFO: Run Behavior\BuildLiteBehavior [ RunTime:0.000033s ]
INFO: [ app_init ] --END-- [ RunTime:0.000507s ]
NOTIC: [8] Use of undefined constant TMPL_DENY_PHP - assumed 'TMPL_DENY_PHP' G:\wamp\www\HFS\Appliaction\Home\Conf\config.php 第 28 行.
INFO: [ app_begin ] --START--
INFO: Run Behavior\ReadHtmlCacheBehavior [ RunTime:0.000809s ]
INFO: [ app_begin ] --END-- [ RunTime:0.000967s ]
INFO: [ view_parse ] --START--
INFO: [ template_filter ] --START--
INFO: Run Behavior\ContentReplaceBehavior [ RunTime:0.000176s ]
INFO: [ template_filter ] --END-- [ RunTime:0.000336s ]
INFO: Run Behavior\ParseTemplateBehavior [ RunTime:0.009731s ]
INFO: [ view_parse ] --END-- [ RunTime:0.009997s ]
INFO: [ view_filter ] --START--
INFO: Run Behavior\WriteHtmlCacheBehavior [ RunTime:0.000736s ]
INFO: [ view_filter ] --END-- [ RunTime:0.000981s ]
INFO: [ app_end ] --START--
INFO: Run Behavior\ShowPageTraceBehavior [ RunTime:0.001014s ]
INFO: [ app_end ] --END-- [ RunTime:0.001253s ]

[ 2015-10-29T20:57:36+08:00 ] ::1 /HFS/index.php/Home/dataquery.html
INFO: [ app_init ] --START--
INFO: Run Behavior\BuildLiteBehavior [ RunTime:0.000058s ]
INFO: [ app_init ] --END-- [ RunTime:0.007426s ]
NOTIC: [8] Use of undefined constant TMPL_DENY_PHP - assumed 'TMPL_DENY_PHP' G:\wamp\www\HFS\Appliaction\Home\Conf\config.php 第 28 行.
INFO: [ app_begin ] --START--
INFO: Run Behavior\ReadHtmlCacheBehavior [ RunTime:0.000884s ]
INFO: [ app_begin ] --END-- [ RunTime:0.001052s ]
INFO: [ view_parse ] --START--
INFO: [ template_filter ] --START--
INFO: Run Behavior\ContentReplaceBehavior [ RunTime:0.000264s ]
INFO: [ template_filter ] --END-- [ RunTime:0.000603s ]
INFO: Run Behavior\ParseTemplateBehavior [ RunTime:0.028110s ]
INFO: [ view_parse ] --END-- [ RunTime:0.028341s ]
INFO: [ view_filter ] --START--
INFO: Run Behavior\WriteHtmlCacheBehavior [ RunTime:0.000796s ]
INFO: [ view_filter ] --END-- [ RunTime:0.001050s ]
INFO: [ app_end ] --START--
INFO: Run Behavior\ShowPageTraceBehavior [ RunTime:0.000894s ]
INFO: [ app_end ] --END-- [ RunTime:0.001092s ]

[ 2015-10-29T20:58:11+08:00 ] ::1 /HFS/index.php/Home/datapick.html
INFO: [ app_init ] --START--
INFO: Run Behavior\BuildLiteBehavior [ RunTime:0.000031s ]
INFO: [ app_init ] --END-- [ RunTime:0.000514s ]
NOTIC: [8] Use of undefined constant TMPL_DENY_PHP - assumed 'TMPL_DENY_PHP' G:\wamp\www\HFS\Appliaction\Home\Conf\config.php 第 28 行.
INFO: [ app_begin ] --START--
INFO: Run Behavior\ReadHtmlCacheBehavior [ RunTime:0.000643s ]
INFO: [ app_begin ] --END-- [ RunTime:0.000795s ]
SQL: SHOW COLUMNS FROM `think_portconfig` [ RunTime:0.068063s ]
SQL: SHOW COLUMNS FROM `think_interconfig` [ RunTime:0.016045s ]
SQL: SELECT * FROM `think_portconfig` ORDER BY id desc LIMIT 1   [ RunTime:0.000452s ]
SQL: SELECT * FROM `think_interconfig` ORDER BY id desc LIMIT 1   [ RunTime:0.000278s ]
INFO: [ view_parse ] --START--
INFO: [ template_filter ] --START--
INFO: Run Behavior\ContentReplaceBehavior [ RunTime:0.000167s ]
INFO: [ template_filter ] --END-- [ RunTime:0.000344s ]
INFO: Run Behavior\ParseTemplateBehavior [ RunTime:0.010148s ]
INFO: [ view_parse ] --END-- [ RunTime:0.010334s ]
INFO: [ view_filter ] --START--
INFO: Run Behavior\WriteHtmlCacheBehavior [ RunTime:0.000401s ]
INFO: [ view_filter ] --END-- [ RunTime:0.000534s ]
INFO: [ app_end ] --START--
INFO: Run Behavior\ShowPageTraceBehavior [ RunTime:0.000611s ]
INFO: [ app_end ] --END-- [ RunTime:0.000768s ]

[ 2015-10-29T20:58:12+08:00 ] ::1 /HFS/index.php/Home/Dataquery
INFO: [ app_init ] --START--
INFO: Run Behavior\BuildLiteBehavior [ RunTime:0.000031s ]
INFO: [ app_init ] --END-- [ RunTime:0.000482s ]
NOTIC: [8] Use of undefined constant TMPL_DENY_PHP - assumed 'TMPL_DENY_PHP' G:\wamp\www\HFS\Appliaction\Home\Conf\config.php 第 28 行.
INFO: [ app_begin ] --START--
INFO: Run Behavior\ReadHtmlCacheBehavior [ RunTime:0.000655s ]
INFO: [ app_begin ] --END-- [ RunTime:0.000808s ]
INFO: [ view_parse ] --START--
INFO: [ template_filter ] --START--
INFO: Run Behavior\ContentReplaceBehavior [ RunTime:0.000219s ]
INFO: [ template_filter ] --END-- [ RunTime:0.000438s ]
INFO: Run Behavior\ParseTemplateBehavior [ RunTime:0.009602s ]
INFO: [ view_parse ] --END-- [ RunTime:0.009769s ]
INFO: [ view_filter ] --START--
INFO: Run Behavior\WriteHtmlCacheBehavior [ RunTime:0.000408s ]
INFO: [ view_filter ] --END-- [ RunTime:0.000542s ]
INFO: [ app_end ] --START--
INFO: Run Behavior\ShowPageTraceBehavior [ RunTime:0.000778s ]
INFO: [ app_end ] --END-- [ RunTime:0.000957s ]

[ 2015-10-29T20:59:21+08:00 ] ::1 /HFS/index.php/Home
INFO: [ app_init ] --START--
INFO: Run Behavior\BuildLiteBehavior [ RunTime:0.000033s ]
INFO: [ app_init ] --END-- [ RunTime:0.000487s ]
NOTIC: [8] Use of undefined constant TMPL_DENY_PHP - assumed 'TMPL_DENY_PHP' G:\wamp\www\HFS\Appliaction\Home\Conf\config.php 第 28 行.
INFO: [ app_begin ] --START--
INFO: Run Behavior\ReadHtmlCacheBehavior [ RunTime:0.000851s ]
INFO: [ app_begin ] --END-- [ RunTime:0.001013s ]
SQL: SHOW COLUMNS FROM `think_news` [ RunTime:0.055075s ]
SQL: SHOW COLUMNS FROM `think_report` [ RunTime:0.052117s ]
SQL: SHOW COLUMNS FROM `think_notice` [ RunTime:0.006580s ]
SQL: SELECT * FROM `think_news` ORDER BY pTime desc LIMIT 6   [ RunTime:0.000425s ]
SQL: SELECT * FROM `think_report` ORDER BY pTime desc  LIMIT 6   [ RunTime:0.000366s ]
SQL: SELECT * FROM `think_notice` ORDER BY pTime desc  LIMIT 6   [ RunTime:0.000694s ]
INFO: [ view_parse ] --START--
INFO: [ template_filter ] --START--
INFO: Run Behavior\ContentReplaceBehavior [ RunTime:0.000339s ]
INFO: [ template_filter ] --END-- [ RunTime:0.000586s ]
INFO: Run Behavior\ParseTemplateBehavior [ RunTime:0.156756s ]
INFO: [ view_parse ] --END-- [ RunTime:0.157058s ]
INFO: [ view_filter ] --START--
INFO: Run Behavior\WriteHtmlCacheBehavior [ RunTime:0.000734s ]
INFO: [ view_filter ] --END-- [ RunTime:0.000882s ]
INFO: [ app_end ] --START--
INFO: Run Behavior\ShowPageTraceBehavior [ RunTime:0.001108s ]
INFO: [ app_end ] --END-- [ RunTime:0.001292s ]

[ 2015-10-29T20:59:22+08:00 ] ::1 /HFS/index.php/Home/Index
INFO: [ app_init ] --START--
INFO: Run Behavior\BuildLiteBehavior [ RunTime:0.000033s ]
INFO: [ app_init ] --END-- [ RunTime:0.000493s ]
NOTIC: [8] Use of undefined constant TMPL_DENY_PHP - assumed 'TMPL_DENY_PHP' G:\wamp\www\HFS\Appliaction\Home\Conf\config.php 第 28 行.
INFO: [ app_begin ] --START--
INFO: Run Behavior\ReadHtmlCacheBehavior [ RunTime:0.001146s ]
INFO: [ app_begin ] --END-- [ RunTime:0.001432s ]
SQL: SHOW COLUMNS FROM `think_news` [ RunTime:0.006586s ]
SQL: SHOW COLUMNS FROM `think_report` [ RunTime:0.027790s ]
SQL: SHOW COLUMNS FROM `think_notice` [ RunTime:0.006043s ]
SQL: SELECT * FROM `think_news` ORDER BY pTime desc LIMIT 6   [ RunTime:0.000567s ]
SQL: SELECT * FROM `think_report` ORDER BY pTime desc  LIMIT 6   [ RunTime:0.000359s ]
SQL: SELECT * FROM `think_notice` ORDER BY pTime desc  LIMIT 6   [ RunTime:0.000433s ]
INFO: [ view_parse ] --START--
INFO: [ template_filter ] --START--
INFO: Run Behavior\ContentReplaceBehavior [ RunTime:0.000209s ]
INFO: [ template_filter ] --END-- [ RunTime:0.000377s ]
INFO: Run Behavior\ParseTemplateBehavior [ RunTime:0.021699s ]
INFO: [ view_parse ] --END-- [ RunTime:0.021975s ]
INFO: [ view_filter ] --START--
INFO: Run Behavior\WriteHtmlCacheBehavior [ RunTime:0.000671s ]
INFO: [ view_filter ] --END-- [ RunTime:0.000915s ]
INFO: [ app_end ] --START--
INFO: Run Behavior\ShowPageTraceBehavior [ RunTime:0.001182s ]
INFO: [ app_end ] --END-- [ RunTime:0.001452s ]

[ 2015-10-29T20:59:23+08:00 ] ::1 /HFS/index.php/Home/Datapick
INFO: [ app_init ] --START--
INFO: Run Behavior\BuildLiteBehavior [ RunTime:0.000039s ]
INFO: [ app_init ] --END-- [ RunTime:0.000556s ]
NOTIC: [8] Use of undefined constant TMPL_DENY_PHP - assumed 'TMPL_DENY_PHP' G:\wamp\www\HFS\Appliaction\Home\Conf\config.php 第 28 行.
INFO: [ app_begin ] --START--
INFO: Run Behavior\ReadHtmlCacheBehavior [ RunTime:0.000897s ]
INFO: [ app_begin ] --END-- [ RunTime:0.017480s ]
SQL: SHOW COLUMNS FROM `think_portconfig` [ RunTime:0.006188s ]
SQL: SHOW COLUMNS FROM `think_interconfig` [ RunTime:0.006253s ]
SQL: SELECT * FROM `think_portconfig` ORDER BY id desc LIMIT 1   [ RunTime:0.000417s ]
SQL: SELECT * FROM `think_interconfig` ORDER BY id desc LIMIT 1   [ RunTime:0.000351s ]
INFO: [ view_parse ] --START--
INFO: [ template_filter ] --START--
INFO: Run Behavior\ContentReplaceBehavior [ RunTime:0.000256s ]
INFO: [ template_filter ] --END-- [ RunTime:0.000540s ]
INFO: Run Behavior\ParseTemplateBehavior [ RunTime:0.010016s ]
INFO: [ view_parse ] --END-- [ RunTime:0.010206s ]
INFO: [ view_filter ] --START--
INFO: Run Behavior\WriteHtmlCacheBehavior [ RunTime:0.000585s ]
INFO: [ view_filter ] --END-- [ RunTime:0.000724s ]
INFO: [ app_end ] --START--
INFO: Run Behavior\ShowPageTraceBehavior [ RunTime:0.000733s ]
INFO: [ app_end ] --END-- [ RunTime:0.000877s ]

[ 2015-10-29T20:59:26+08:00 ] ::1 /HFS/index.php/Home/Dataquery
INFO: [ app_init ] --START--
INFO: Run Behavior\BuildLiteBehavior [ RunTime:0.000032s ]
INFO: [ app_init ] --END-- [ RunTime:0.000481s ]
NOTIC: [8] Use of undefined constant TMPL_DENY_PHP - assumed 'TMPL_DENY_PHP' G:\wamp\www\HFS\Appliaction\Home\Conf\config.php 第 28 行.
INFO: [ app_begin ] --START--
INFO: Run Behavior\ReadHtmlCacheBehavior [ RunTime:0.000729s ]
INFO: [ app_begin ] --END-- [ RunTime:0.000931s ]
INFO: [ view_parse ] --START--
INFO: [ template_filter ] --START--
INFO: Run Behavior\ContentReplaceBehavior [ RunTime:0.000231s ]
INFO: [ template_filter ] --END-- [ RunTime:0.000477s ]
INFO: Run Behavior\ParseTemplateBehavior [ RunTime:0.010590s ]
INFO: [ view_parse ] --END-- [ RunTime:0.010874s ]
INFO: [ view_filter ] --START--
INFO: Run Behavior\WriteHtmlCacheBehavior [ RunTime:0.000475s ]
INFO: [ view_filter ] --END-- [ RunTime:0.000754s ]
INFO: [ app_end ] --START--
INFO: Run Behavior\ShowPageTraceBehavior [ RunTime:0.000565s ]
INFO: [ app_end ] --END-- [ RunTime:0.000707s ]

[ 2015-10-29T21:00:07+08:00 ] ::1 /HFS/index.php/Home/Dataquery
INFO: [ app_init ] --START--
INFO: Run Behavior\BuildLiteBehavior [ RunTime:0.000034s ]
INFO: [ app_init ] --END-- [ RunTime:0.000539s ]
NOTIC: [8] Use of undefined constant TMPL_DENY_PHP - assumed 'TMPL_DENY_PHP' G:\wamp\www\HFS\Appliaction\Home\Conf\config.php 第 28 行.
INFO: [ app_begin ] --START--
INFO: Run Behavior\ReadHtmlCacheBehavior [ RunTime:0.001134s ]
INFO: [ app_begin ] --END-- [ RunTime:0.001421s ]
INFO: [ view_parse ] --START--
INFO: [ template_filter ] --START--
INFO: Run Behavior\ContentReplaceBehavior [ RunTime:0.000300s ]
INFO: [ template_filter ] --END-- [ RunTime:0.000557s ]
INFO: Run Behavior\ParseTemplateBehavior [ RunTime:0.011011s ]
INFO: [ view_parse ] --END-- [ RunTime:0.011301s ]
INFO: [ view_filter ] --START--
INFO: Run Behavior\WriteHtmlCacheBehavior [ RunTime:0.000749s ]
INFO: [ view_filter ] --END-- [ RunTime:0.000931s ]
INFO: [ app_end ] --START--
INFO: Run Behavior\ShowPageTraceBehavior [ RunTime:0.001134s ]
INFO: [ app_end ] --END-- [ RunTime:0.001416s ]

[ 2015-10-29T21:00:12+08:00 ] ::1 /HFS/index.php/Home/Dataquery
INFO: [ app_init ] --START--
INFO: Run Behavior\BuildLiteBehavior [ RunTime:0.000035s ]
INFO: [ app_init ] --END-- [ RunTime:0.000655s ]
NOTIC: [8] Use of undefined constant TMPL_DENY_PHP - assumed 'TMPL_DENY_PHP' G:\wamp\www\HFS\Appliaction\Home\Conf\config.php 第 28 行.
INFO: [ app_begin ] --START--
INFO: Run Behavior\ReadHtmlCacheBehavior [ RunTime:0.000761s ]
INFO: [ app_begin ] --END-- [ RunTime:0.000918s ]
INFO: [ view_parse ] --START--
INFO: [ template_filter ] --START--
INFO: Run Behavior\ContentReplaceBehavior [ RunTime:0.000173s ]
INFO: [ template_filter ] --END-- [ RunTime:0.000334s ]
INFO: Run Behavior\ParseTemplateBehavior [ RunTime:0.010707s ]
INFO: [ view_parse ] --END-- [ RunTime:0.011082s ]
INFO: [ view_filter ] --START--
INFO: Run Behavior\WriteHtmlCacheBehavior [ RunTime:0.000479s ]
INFO: [ view_filter ] --END-- [ RunTime:0.000615s ]
INFO: [ app_end ] --START--
INFO: Run Behavior\ShowPageTraceBehavior [ RunTime:0.000687s ]
INFO: [ app_end ] --END-- [ RunTime:0.000840s ]

[ 2015-10-29T21:00:12+08:00 ] ::1 /HFS/index.php/Home/Dataquery
INFO: [ app_init ] --START--
INFO: Run Behavior\BuildLiteBehavior [ RunTime:0.000032s ]
INFO: [ app_init ] --END-- [ RunTime:0.000500s ]
NOTIC: [8] Use of undefined constant TMPL_DENY_PHP - assumed 'TMPL_DENY_PHP' G:\wamp\www\HFS\Appliaction\Home\Conf\config.php 第 28 行.
INFO: [ app_begin ] --START--
INFO: Run Behavior\ReadHtmlCacheBehavior [ RunTime:0.000784s ]
INFO: [ app_begin ] --END-- [ RunTime:0.000951s ]
INFO: [ view_parse ] --START--
INFO: [ template_filter ] --START--
INFO: Run Behavior\ContentReplaceBehavior [ RunTime:0.000226s ]
INFO: [ template_filter ] --END-- [ RunTime:0.000439s ]
INFO: Run Behavior\ParseTemplateBehavior [ RunTime:0.011099s ]
INFO: [ view_parse ] --END-- [ RunTime:0.011259s ]
INFO: [ view_filter ] --START--
INFO: Run Behavior\WriteHtmlCacheBehavior [ RunTime:0.000508s ]
INFO: [ view_filter ] --END-- [ RunTime:0.000644s ]
INFO: [ app_end ] --START--
INFO: Run Behavior\ShowPageTraceBehavior [ RunTime:0.000735s ]
INFO: [ app_end ] --END-- [ RunTime:0.000877s ]

[ 2015-10-29T21:00:12+08:00 ] ::1 /HFS/index.php/Home/Dataquery
INFO: [ app_init ] --START--
INFO: Run Behavior\BuildLiteBehavior [ RunTime:0.000053s ]
INFO: [ app_init ] --END-- [ RunTime:0.000700s ]
NOTIC: [8] Use of undefined constant TMPL_DENY_PHP - assumed 'TMPL_DENY_PHP' G:\wamp\www\HFS\Appliaction\Home\Conf\config.php 第 28 行.
INFO: [ app_begin ] --START--
INFO: Run Behavior\ReadHtmlCacheBehavior [ RunTime:0.000840s ]
INFO: [ app_begin ] --END-- [ RunTime:0.001124s ]
INFO: [ view_parse ] --START--
INFO: [ template_filter ] --START--
INFO: Run Behavior\ContentReplaceBehavior [ RunTime:0.000276s ]
INFO: [ template_filter ] --END-- [ RunTime:0.000568s ]
INFO: Run Behavior\ParseTemplateBehavior [ RunTime:0.015201s ]
INFO: [ view_parse ] --END-- [ RunTime:0.015498s ]
INFO: [ view_filter ] --START--
INFO: Run Behavior\WriteHtmlCacheBehavior [ RunTime:0.000435s ]
INFO: [ view_filter ] --END-- [ RunTime:0.000705s ]
INFO: [ app_end ] --START--
INFO: Run Behavior\ShowPageTraceBehavior [ RunTime:0.000771s ]
INFO: [ app_end ] --END-- [ RunTime:0.001105s ]

[ 2015-10-29T21:00:50+08:00 ] ::1 /HFS/index.php/Home/Dataquery
INFO: [ app_init ] --START--
INFO: Run Behavior\BuildLiteBehavior [ RunTime:0.000032s ]
INFO: [ app_init ] --END-- [ RunTime:0.000519s ]
NOTIC: [8] Use of undefined constant TMPL_DENY_PHP - assumed 'TMPL_DENY_PHP' G:\wamp\www\HFS\Appliaction\Home\Conf\config.php 第 28 行.
INFO: [ app_begin ] --START--
INFO: Run Behavior\ReadHtmlCacheBehavior [ RunTime:0.001035s ]
INFO: [ app_begin ] --END-- [ RunTime:0.001289s ]
INFO: [ view_parse ] --START--
INFO: [ template_filter ] --START--
INFO: Run Behavior\ContentReplaceBehavior [ RunTime:0.000157s ]
INFO: [ template_filter ] --END-- [ RunTime:0.000319s ]
INFO: Run Behavior\ParseTemplateBehavior [ RunTime:0.014662s ]
INFO: [ view_parse ] --END-- [ RunTime:0.014952s ]
INFO: [ view_filter ] --START--
INFO: Run Behavior\WriteHtmlCacheBehavior [ RunTime:0.000495s ]
INFO: [ view_filter ] --END-- [ RunTime:0.000683s ]
INFO: [ app_end ] --START--
INFO: Run Behavior\ShowPageTraceBehavior [ RunTime:0.001214s ]
INFO: [ app_end ] --END-- [ RunTime:0.001432s ]

[ 2015-10-29T21:00:50+08:00 ] ::1 /HFS/index.php/Home/plugins/datetimepicker/jquery.datetimepicker.css
INFO: [ app_init ] --START--
INFO: Run Behavior\BuildLiteBehavior [ RunTime:0.000055s ]
INFO: [ app_init ] --END-- [ RunTime:0.000735s ]
NOTIC: [8] Use of undefined constant TMPL_DENY_PHP - assumed 'TMPL_DENY_PHP' G:\wamp\www\HFS\Appliaction\Home\Conf\config.php 第 28 行.
INFO: [ app_begin ] --START--
INFO: Run Behavior\ReadHtmlCacheBehavior [ RunTime:0.001131s ]
INFO: [ app_begin ] --END-- [ RunTime:0.001426s ]
ERR: 无法加载控制器:Plugins

[ 2015-10-29T21:00:50+08:00 ] ::1 /HFS/index.php/Home/static/css/header.css
INFO: [ app_init ] --START--
INFO: Run Behavior\BuildLiteBehavior [ RunTime:0.000064s ]
INFO: [ app_init ] --END-- [ RunTime:0.000842s ]
NOTIC: [8] Use of undefined constant TMPL_DENY_PHP - assumed 'TMPL_DENY_PHP' G:\wamp\www\HFS\Appliaction\Home\Conf\config.php 第 28 行.
INFO: [ app_begin ] --START--
INFO: Run Behavior\ReadHtmlCacheBehavior [ RunTime:0.001227s ]
INFO: [ app_begin ] --END-- [ RunTime:0.001512s ]
ERR: 无法加载控制器:Static

[ 2015-10-29T21:00:50+08:00 ] ::1 /HFS/index.php/Home/static/js/dataquery.js
INFO: [ app_init ] --START--
INFO: Run Behavior\BuildLiteBehavior [ RunTime:0.000062s ]
INFO: [ app_init ] --END-- [ RunTime:0.000858s ]
NOTIC: [8] Use of undefined constant TMPL_DENY_PHP - assumed 'TMPL_DENY_PHP' G:\wamp\www\HFS\Appliaction\Home\Conf\config.php 第 28 行.
INFO: [ app_begin ] --START--
INFO: Run Behavior\ReadHtmlCacheBehavior [ RunTime:0.000880s ]
INFO: [ app_begin ] --END-- [ RunTime:0.001170s ]
ERR: 无法加载控制器:Static

[ 2015-10-29T21:00:50+08:00 ] ::1 /HFS/index.php/Home/static/css/dataquery.css
INFO: [ app_init ] --START--
INFO: Run Behavior\BuildLiteBehavior [ RunTime:0.000087s ]
INFO: [ app_init ] --END-- [ RunTime:0.000994s ]
NOTIC: [8] Use of undefined constant TMPL_DENY_PHP - assumed 'TMPL_DENY_PHP' G:\wamp\www\HFS\Appliaction\Home\Conf\config.php 第 28 行.
INFO: [ app_begin ] --START--
INFO: Run Behavior\ReadHtmlCacheBehavior [ RunTime:0.000871s ]
INFO: [ app_begin ] --END-- [ RunTime:0.001160s ]
ERR: 无法加载控制器:Static

[ 2015-10-29T21:00:50+08:00 ] ::1 /HFS/index.php/Home/plugins/datetimepicker/jquery.datetimepicker.js
INFO: [ app_init ] --START--
INFO: Run Behavior\BuildLiteBehavior [ RunTime:0.000056s ]
INFO: [ app_init ] --END-- [ RunTime:0.000796s ]
NOTIC: [8] Use of undefined constant TMPL_DENY_PHP - assumed 'TMPL_DENY_PHP' G:\wamp\www\HFS\Appliaction\Home\Conf\config.php 第 28 行.
INFO: [ app_begin ] --START--
INFO: Run Behavior\ReadHtmlCacheBehavior [ RunTime:0.000737s ]
INFO: [ app_begin ] --END-- [ RunTime:0.000892s ]
ERR: 无法加载控制器:Plugins

[ 2015-10-29T21:02:04+08:00 ] ::1 /HFS/index.php/Home/Dataquery
INFO: [ app_init ] --START--
INFO: Run Behavior\BuildLiteBehavior [ RunTime:0.000033s ]
INFO: [ app_init ] --END-- [ RunTime:0.000489s ]
NOTIC: [8] Use of undefined constant TMPL_DENY_PHP - assumed 'TMPL_DENY_PHP' G:\wamp\www\HFS\Appliaction\Home\Conf\config.php 第 28 行.
INFO: [ app_begin ] --START--
INFO: Run Behavior\ReadHtmlCacheBehavior [ RunTime:0.000633s ]
INFO: [ app_begin ] --END-- [ RunTime:0.000789s ]
INFO: [ view_parse ] --START--
INFO: [ template_filter ] --START--
INFO: Run Behavior\ContentReplaceBehavior [ RunTime:0.000174s ]
INFO: [ template_filter ] --END-- [ RunTime:0.000352s ]
INFO: Run Behavior\ParseTemplateBehavior [ RunTime:0.009059s ]
INFO: [ view_parse ] --END-- [ RunTime:0.009323s ]
INFO: [ view_filter ] --START--
INFO: Run Behavior\WriteHtmlCacheBehavior [ RunTime:0.000369s ]
INFO: [ view_filter ] --END-- [ RunTime:0.000504s ]
INFO: [ app_end ] --START--
INFO: Run Behavior\ShowPageTraceBehavior [ RunTime:0.000586s ]
INFO: [ app_end ] --END-- [ RunTime:0.000735s ]

[ 2015-10-29T21:02:05+08:00 ] ::1 /HFS/index.php/Home/Dataquery
INFO: [ app_init ] --START--
INFO: Run Behavior\BuildLiteBehavior [ RunTime:0.000034s ]
INFO: [ app_init ] --END-- [ RunTime:0.000613s ]
NOTIC: [8] Use of undefined constant TMPL_DENY_PHP - assumed 'TMPL_DENY_PHP' G:\wamp\www\HFS\Appliaction\Home\Conf\config.php 第 28 行.
INFO: [ app_begin ] --START--
INFO: Run Behavior\ReadHtmlCacheBehavior [ RunTime:0.000884s ]
INFO: [ app_begin ] --END-- [ RunTime:0.001096s ]
INFO: [ view_parse ] --START--
INFO: [ template_filter ] --START--
INFO: Run Behavior\ContentReplaceBehavior [ RunTime:0.000274s ]
INFO: [ template_filter ] --END-- [ RunTime:0.000545s ]
INFO: Run Behavior\ParseTemplateBehavior [ RunTime:0.012030s ]
INFO: [ view_parse ] --END-- [ RunTime:0.012259s ]
INFO: [ view_filter ] --START--
INFO: Run Behavior\WriteHtmlCacheBehavior [ RunTime:0.000785s ]
INFO: [ view_filter ] --END-- [ RunTime:0.001040s ]
INFO: [ app_end ] --START--
INFO: Run Behavior\ShowPageTraceBehavior [ RunTime:0.000881s ]
INFO: [ app_end ] --END-- [ RunTime:0.001121s ]

[ 2015-10-29T21:02:06+08:00 ] ::1 /HFS/index.php/Home/Dataquery
INFO: [ app_init ] --START--
INFO: Run Behavior\BuildLiteBehavior [ RunTime:0.000032s ]
INFO: [ app_init ] --END-- [ RunTime:0.000477s ]
NOTIC: [8] Use of undefined constant TMPL_DENY_PHP - assumed 'TMPL_DENY_PHP' G:\wamp\www\HFS\Appliaction\Home\Conf\config.php 第 28 行.
INFO: [ app_begin ] --START--
INFO: Run Behavior\ReadHtmlCacheBehavior [ RunTime:0.000482s ]
INFO: [ app_begin ] --END-- [ RunTime:0.000629s ]
INFO: [ view_parse ] --START--
INFO: [ template_filter ] --START--
INFO: Run Behavior\ContentReplaceBehavior [ RunTime:0.000253s ]
INFO: [ template_filter ] --END-- [ RunTime:0.000510s ]
INFO: Run Behavior\ParseTemplateBehavior [ RunTime:0.009752s ]
INFO: [ view_parse ] --END-- [ RunTime:0.009938s ]
INFO: [ view_filter ] --START--
INFO: Run Behavior\WriteHtmlCacheBehavior [ RunTime:0.000407s ]
INFO: [ view_filter ] --END-- [ RunTime:0.000563s ]
INFO: [ app_end ] --START--
INFO: Run Behavior\ShowPageTraceBehavior [ RunTime:0.000888s ]
INFO: [ app_end ] --END-- [ RunTime:0.001105s ]

[ 2015-10-29T21:02:35+08:00 ] ::1 /HFS/index.php/Home/Dataquery
INFO: [ app_init ] --START--
INFO: Run Behavior\BuildLiteBehavior [ RunTime:0.000031s ]
INFO: [ app_init ] --END-- [ RunTime:0.000453s ]
NOTIC: [8] Use of undefined constant TMPL_DENY_PHP - assumed 'TMPL_DENY_PHP' G:\wamp\www\HFS\Appliaction\Home\Conf\config.php 第 28 行.
INFO: [ app_begin ] --START--
INFO: Run Behavior\ReadHtmlCacheBehavior [ RunTime:0.000529s ]
INFO: [ app_begin ] --END-- [ RunTime:0.000687s ]
INFO: [ view_parse ] --START--
INFO: [ template_filter ] --START--
INFO: Run Behavior\ContentReplaceBehavior [ RunTime:0.000275s ]
INFO: [ template_filter ] --END-- [ RunTime:0.000685s ]
INFO: Run Behavior\ParseTemplateBehavior [ RunTime:0.010540s ]
INFO: [ view_parse ] --END-- [ RunTime:0.010706s ]
INFO: [ view_filter ] --START--
INFO: Run Behavior\WriteHtmlCacheBehavior [ RunTime:0.000302s ]
INFO: [ view_filter ] --END-- [ RunTime:0.000436s ]
INFO: [ app_end ] --START--
INFO: Run Behavior\ShowPageTraceBehavior [ RunTime:0.000480s ]
INFO: [ app_end ] --END-- [ RunTime:0.000617s ]

[ 2015-10-29T21:02:37+08:00 ] ::1 /HFS/index.php/Home/index.html
INFO: [ app_init ] --START--
INFO: Run Behavior\BuildLiteBehavior [ RunTime:0.000034s ]
INFO: [ app_init ] --END-- [ RunTime:0.000506s ]
NOTIC: [8] Use of undefined constant TMPL_DENY_PHP - assumed 'TMPL_DENY_PHP' G:\wamp\www\HFS\Appliaction\Home\Conf\config.php 第 28 行.
INFO: [ app_begin ] --START--
INFO: Run Behavior\ReadHtmlCacheBehavior [ RunTime:0.000881s ]
INFO: [ app_begin ] --END-- [ RunTime:0.001108s ]
SQL: SHOW COLUMNS FROM `think_news` [ RunTime:0.019784s ]
SQL: SHOW COLUMNS FROM `think_report` [ RunTime:0.006918s ]
SQL: SHOW COLUMNS FROM `think_notice` [ RunTime:0.005278s ]
SQL: SELECT * FROM `think_news` ORDER BY pTime desc LIMIT 6   [ RunTime:0.000445s ]
SQL: SELECT * FROM `think_report` ORDER BY pTime desc  LIMIT 6   [ RunTime:0.000279s ]
SQL: SELECT * FROM `think_notice` ORDER BY pTime desc  LIMIT 6   [ RunTime:0.000305s ]
INFO: [ view_parse ] --START--
INFO: [ template_filter ] --START--
INFO: Run Behavior\ContentReplaceBehavior [ RunTime:0.000212s ]
INFO: [ template_filter ] --END-- [ RunTime:0.000424s ]
INFO: Run Behavior\ParseTemplateBehavior [ RunTime:0.023106s ]
INFO: [ view_parse ] --END-- [ RunTime:0.023351s ]
INFO: [ view_filter ] --START--
INFO: Run Behavior\WriteHtmlCacheBehavior [ RunTime:0.000522s ]
INFO: [ view_filter ] --END-- [ RunTime:0.000660s ]
INFO: [ app_end ] --START--
INFO: Run Behavior\ShowPageTraceBehavior [ RunTime:0.000733s ]
INFO: [ app_end ] --END-- [ RunTime:0.000872s ]

[ 2015-10-29T21:02:39+08:00 ] ::1 /HFS/index.php/Home/Datapick
INFO: [ app_init ] --START--
INFO: Run Behavior\BuildLiteBehavior [ RunTime:0.000060s ]
INFO: [ app_init ] --END-- [ RunTime:0.000800s ]
NOTIC: [8] Use of undefined constant TMPL_DENY_PHP - assumed 'TMPL_DENY_PHP' G:\wamp\www\HFS\Appliaction\Home\Conf\config.php 第 28 行.
INFO: [ app_begin ] --START--
INFO: Run Behavior\ReadHtmlCacheBehavior [ RunTime:0.001192s ]
INFO: [ app_begin ] --END-- [ RunTime:0.001470s ]
SQL: SHOW COLUMNS FROM `think_portconfig` [ RunTime:0.064208s ]
SQL: SHOW COLUMNS FROM `think_interconfig` [ RunTime:0.005865s ]
SQL: SELECT * FROM `think_portconfig` ORDER BY id desc LIMIT 1   [ RunTime:0.000357s ]
SQL: SELECT * FROM `think_interconfig` ORDER BY id desc LIMIT 1   [ RunTime:0.000300s ]
INFO: [ view_parse ] --START--
INFO: [ template_filter ] --START--
INFO: Run Behavior\ContentReplaceBehavior [ RunTime:0.000166s ]
INFO: [ template_filter ] --END-- [ RunTime:0.000323s ]
INFO: Run Behavior\ParseTemplateBehavior [ RunTime:0.011667s ]
INFO: [ view_parse ] --END-- [ RunTime:0.011957s ]
INFO: [ view_filter ] --START--
INFO: Run Behavior\WriteHtmlCacheBehavior [ RunTime:0.000538s ]
INFO: [ view_filter ] --END-- [ RunTime:0.000674s ]
INFO: [ app_end ] --START--
INFO: Run Behavior\ShowPageTraceBehavior [ RunTime:0.000726s ]
INFO: [ app_end ] --END-- [ RunTime:0.000870s ]

[ 2015-10-29T21:02:40+08:00 ] ::1 /HFS/index.php/Home/Dataquery
INFO: [ app_init ] --START--
INFO: Run Behavior\BuildLiteBehavior [ RunTime:0.000035s ]
INFO: [ app_init ] --END-- [ RunTime:0.000539s ]
NOTIC: [8] Use of undefined constant TMPL_DENY_PHP - assumed 'TMPL_DENY_PHP' G:\wamp\www\HFS\Appliaction\Home\Conf\config.php 第 28 行.
INFO: [ app_begin ] --START--
INFO: Run Behavior\ReadHtmlCacheBehavior [ RunTime:0.000786s ]
INFO: [ app_begin ] --END-- [ RunTime:0.000945s ]
INFO: [ view_parse ] --START--
INFO: [ template_filter ] --START--
INFO: Run Behavior\ContentReplaceBehavior [ RunTime:0.000273s ]
INFO: [ template_filter ] --END-- [ RunTime:0.000647s ]
INFO: Run Behavior\ParseTemplateBehavior [ RunTime:0.012317s ]
INFO: [ view_parse ] --END-- [ RunTime:0.012482s ]
INFO: [ view_filter ] --START--
INFO: Run Behavior\WriteHtmlCacheBehavior [ RunTime:0.000558s ]
INFO: [ view_filter ] --END-- [ RunTime:0.000697s ]
INFO: [ app_end ] --START--
INFO: Run Behavior\ShowPageTraceBehavior [ RunTime:0.000926s ]
INFO: [ app_end ] --END-- [ RunTime:0.001122s ]

[ 2015-10-29T21:02:41+08:00 ] ::1 /HFS/index.php/Home/dataprocess.html
INFO: [ app_init ] --START--
INFO: Run Behavior\BuildLiteBehavior [ RunTime:0.000037s ]
INFO: [ app_init ] --END-- [ RunTime:0.000718s ]
NOTIC: [8] Use of undefined constant TMPL_DENY_PHP - assumed 'TMPL_DENY_PHP' G:\wamp\www\HFS\Appliaction\Home\Conf\config.php 第 28 行.
INFO: [ app_begin ] --START--
INFO: Run Behavior\ReadHtmlCacheBehavior [ RunTime:0.000734s ]
INFO: [ app_begin ] --END-- [ RunTime:0.000888s ]
INFO: [ view_parse ] --START--
INFO: [ template_filter ] --START--
INFO: Run Behavior\ContentReplaceBehavior [ RunTime:0.000194s ]
INFO: [ template_filter ] --END-- [ RunTime:0.000385s ]
INFO: Run Behavior\ParseTemplateBehavior [ RunTime:0.010284s ]
INFO: [ view_parse ] --END-- [ RunTime:0.010512s ]
INFO: [ view_filter ] --START--
INFO: Run Behavior\WriteHtmlCacheBehavior [ RunTime:0.000796s ]
INFO: [ view_filter ] --END-- [ RunTime:0.001056s ]
INFO: [ app_end ] --START--
INFO: Run Behavior\ShowPageTraceBehavior [ RunTime:0.001120s ]
INFO: [ app_end ] --END-- [ RunTime:0.001367s ]

[ 2015-10-29T21:02:41+08:00 ] ::1 /HFS/index.php/Home/process.php
INFO: [ app_init ] --START--
INFO: Run Behavior\BuildLiteBehavior [ RunTime:0.000033s ]
INFO: [ app_init ] --END-- [ RunTime:0.000489s ]
NOTIC: [8] Use of undefined constant TMPL_DENY_PHP - assumed 'TMPL_DENY_PHP' G:\wamp\www\HFS\Appliaction\Home\Conf\config.php 第 28 行.
INFO: [ app_begin ] --START--
INFO: Run Behavior\ReadHtmlCacheBehavior [ RunTime:0.000716s ]
INFO: [ app_begin ] --END-- [ RunTime:0.000846s ]
ERR: 无法加载控制器:Process.php

[ 2015-10-29T21:09:14+08:00 ] ::1 /HFS/index.php/Home/dataprocess.html
INFO: [ app_init ] --START--
INFO: Run Behavior\BuildLiteBehavior [ RunTime:0.000060s ]
INFO: [ app_init ] --END-- [ RunTime:0.000910s ]
NOTIC: [8] Use of undefined constant TMPL_DENY_PHP - assumed 'TMPL_DENY_PHP' G:\wamp\www\HFS\Appliaction\Home\Conf\config.php 第 28 行.
INFO: [ app_begin ] --START--
INFO: Run Behavior\ReadHtmlCacheBehavior [ RunTime:0.000751s ]
INFO: [ app_begin ] --END-- [ RunTime:0.000907s ]
INFO: [ view_parse ] --START--
INFO: [ template_filter ] --START--
INFO: Run Behavior\ContentReplaceBehavior [ RunTime:0.000173s ]
INFO: [ template_filter ] --END-- [ RunTime:0.000379s ]
INFO: Run Behavior\ParseTemplateBehavior [ RunTime:0.011307s ]
INFO: [ view_parse ] --END-- [ RunTime:0.011581s ]
INFO: [ view_filter ] --START--
INFO: Run Behavior\WriteHtmlCacheBehavior [ RunTime:0.001134s ]
INFO: [ view_filter ] --END-- [ RunTime:0.001344s ]
INFO: [ app_end ] --START--
INFO: Run Behavior\ShowPageTraceBehavior [ RunTime:0.000782s ]
INFO: [ app_end ] --END-- [ RunTime:0.000927s ]

[ 2015-10-29T21:09:21+08:00 ] ::1 /HFS/index.php/Home/dataquery.html
INFO: [ app_init ] --START--
INFO: Run Behavior\BuildLiteBehavior [ RunTime:0.000034s ]
INFO: [ app_init ] --END-- [ RunTime:0.000601s ]
NOTIC: [8] Use of undefined constant TMPL_DENY_PHP - assumed 'TMPL_DENY_PHP' G:\wamp\www\HFS\Appliaction\Home\Conf\config.php 第 28 行.
INFO: [ app_begin ] --START--
INFO: Run Behavior\ReadHtmlCacheBehavior [ RunTime:0.000774s ]
INFO: [ app_begin ] --END-- [ RunTime:0.000933s ]
INFO: [ view_parse ] --START--
INFO: [ template_filter ] --START--
INFO: Run Behavior\ContentReplaceBehavior [ RunTime:0.000246s ]
INFO: [ template_filter ] --END-- [ RunTime:0.000530s ]
INFO: Run Behavior\ParseTemplateBehavior [ RunTime:0.009010s ]
INFO: [ view_parse ] --END-- [ RunTime:0.009169s ]
INFO: [ view_filter ] --START--
INFO: Run Behavior\WriteHtmlCacheBehavior [ RunTime:0.000506s ]
INFO: [ view_filter ] --END-- [ RunTime:0.000657s ]
INFO: [ app_end ] --START--
INFO: Run Behavior\ShowPageTraceBehavior [ RunTime:0.000940s ]
INFO: [ app_end ] --END-- [ RunTime:0.001091s ]

[ 2015-10-29T21:09:22+08:00 ] ::1 /HFS/index.php/Home/datapick.html
INFO: [ app_init ] --START--
INFO: Run Behavior\BuildLiteBehavior [ RunTime:0.000031s ]
INFO: [ app_init ] --END-- [ RunTime:0.000492s ]
NOTIC: [8] Use of undefined constant TMPL_DENY_PHP - assumed 'TMPL_DENY_PHP' G:\wamp\www\HFS\Appliaction\Home\Conf\config.php 第 28 行.
INFO: [ app_begin ] --START--
INFO: Run Behavior\ReadHtmlCacheBehavior [ RunTime:0.000735s ]
INFO: [ app_begin ] --END-- [ RunTime:0.000965s ]
SQL: SHOW COLUMNS FROM `think_portconfig` [ RunTime:0.043563s ]
SQL: SHOW COLUMNS FROM `think_interconfig` [ RunTime:0.019269s ]
SQL: SELECT * FROM `think_portconfig` ORDER BY id desc LIMIT 1   [ RunTime:0.000526s ]
SQL: SELECT * FROM `think_interconfig` ORDER BY id desc LIMIT 1   [ RunTime:0.006518s ]
INFO: [ view_parse ] --START--
INFO: [ template_filter ] --START--
INFO: Run Behavior\ContentReplaceBehavior [ RunTime:0.000233s ]
INFO: [ template_filter ] --END-- [ RunTime:0.000427s ]
INFO: Run Behavior\ParseTemplateBehavior [ RunTime:0.015484s ]
INFO: [ view_parse ] --END-- [ RunTime:0.015771s ]
INFO: [ view_filter ] --START--
INFO: Run Behavior\WriteHtmlCacheBehavior [ RunTime:0.000641s ]
INFO: [ view_filter ] --END-- [ RunTime:0.000786s ]
INFO: [ app_end ] --START--
INFO: Run Behavior\ShowPageTraceBehavior [ RunTime:0.000743s ]
INFO: [ app_end ] --END-- [ RunTime:0.000945s ]

[ 2015-10-29T21:09:23+08:00 ] ::1 /HFS/index.php/Home/Index
INFO: [ app_init ] --START--
INFO: Run Behavior\BuildLiteBehavior [ RunTime:0.000033s ]
INFO: [ app_init ] --END-- [ RunTime:0.000484s ]
NOTIC: [8] Use of undefined constant TMPL_DENY_PHP - assumed 'TMPL_DENY_PHP' G:\wamp\www\HFS\Appliaction\Home\Conf\config.php 第 28 行.
INFO: [ app_begin ] --START--
INFO: Run Behavior\ReadHtmlCacheBehavior [ RunTime:0.000708s ]
INFO: [ app_begin ] --END-- [ RunTime:0.000857s ]
SQL: SHOW COLUMNS FROM `think_news` [ RunTime:0.014501s ]
SQL: SHOW COLUMNS FROM `think_report` [ RunTime:0.005986s ]
SQL: SHOW COLUMNS FROM `think_notice` [ RunTime:0.006400s ]
SQL: SELECT * FROM `think_news` ORDER BY pTime desc LIMIT 6   [ RunTime:0.000521s ]
SQL: SELECT * FROM `think_report` ORDER BY pTime desc  LIMIT 6   [ RunTime:0.000297s ]
SQL: SELECT * FROM `think_notice` ORDER BY pTime desc  LIMIT 6   [ RunTime:0.000389s ]
INFO: [ view_parse ] --START--
INFO: [ template_filter ] --START--
INFO: Run Behavior\ContentReplaceBehavior [ RunTime:0.000199s ]
INFO: [ template_filter ] --END-- [ RunTime:0.000352s ]
INFO: Run Behavior\ParseTemplateBehavior [ RunTime:0.025456s ]
INFO: [ view_parse ] --END-- [ RunTime:0.025699s ]
INFO: [ view_filter ] --START--
INFO: Run Behavior\WriteHtmlCacheBehavior [ RunTime:0.000499s ]
INFO: [ view_filter ] --END-- [ RunTime:0.000655s ]
INFO: [ app_end ] --START--
INFO: Run Behavior\ShowPageTraceBehavior [ RunTime:0.000764s ]
INFO: [ app_end ] --END-- [ RunTime:0.000937s ]

[ 2015-10-29T21:09:26+08:00 ] ::1 /HFS/index.php/Home/Index/showNotice?id=12
INFO: [ app_init ] --START--
INFO: Run Behavior\BuildLiteBehavior [ RunTime:0.000058s ]
INFO: [ app_init ] --END-- [ RunTime:0.000826s ]
NOTIC: [8] Use of undefined constant TMPL_DENY_PHP - assumed 'TMPL_DENY_PHP' G:\wamp\www\HFS\Appliaction\Home\Conf\config.php 第 28 行.
INFO: [ app_begin ] --START--
INFO: Run Behavior\ReadHtmlCacheBehavior [ RunTime:0.001116s ]
INFO: [ app_begin ] --END-- [ RunTime:0.001390s ]
SQL: SHOW COLUMNS FROM `think_notice` [ RunTime:0.008325s ]
SQL: SELECT * FROM `think_notice` ORDER BY pTime desc   [ RunTime:0.000593s ]
SQL: SELECT `title`,`content`,`pTime`,`author` FROM `think_notice` WHERE `id` = 12 LIMIT 1   [ RunTime:0.122593s ]
INFO: [ view_parse ] --START--
INFO: [ template_filter ] --START--
INFO: Run Behavior\ContentReplaceBehavior [ RunTime:0.000136s ]
INFO: [ template_filter ] --END-- [ RunTime:0.000331s ]
INFO: Run Behavior\ParseTemplateBehavior [ RunTime:0.384019s ]
INFO: [ view_parse ] --END-- [ RunTime:0.384276s ]
INFO: [ view_filter ] --START--
INFO: Run Behavior\WriteHtmlCacheBehavior [ RunTime:0.000904s ]
INFO: [ view_filter ] --END-- [ RunTime:0.001228s ]
INFO: [ app_end ] --START--
INFO: Run Behavior\ShowPageTraceBehavior [ RunTime:0.001313s ]
INFO: [ app_end ] --END-- [ RunTime:0.001526s ]

[ 2015-10-29T21:09:26+08:00 ] ::1 /HFS/index.php/Home/Index/static/js/news.js
INFO: [ app_init ] --START--
INFO: Run Behavior\BuildLiteBehavior [ RunTime:0.000132s ]
INFO: [ app_init ] --END-- [ RunTime:0.001450s ]
NOTIC: [8] Use of undefined constant TMPL_DENY_PHP - assumed 'TMPL_DENY_PHP' G:\wamp\www\HFS\Appliaction\Home\Conf\config.php 第 28 行.
INFO: [ app_begin ] --START--
INFO: Run Behavior\ReadHtmlCacheBehavior [ RunTime:0.000921s ]
INFO: [ app_begin ] --END-- [ RunTime:0.001194s ]
ERR: 非法操作:static

[ 2015-10-29T21:09:27+08:00 ] ::1 /HFS/index.php/Home/Index
INFO: [ app_init ] --START--
INFO: Run Behavior\BuildLiteBehavior [ RunTime:0.000059s ]
INFO: [ app_init ] --END-- [ RunTime:0.000753s ]
NOTIC: [8] Use of undefined constant TMPL_DENY_PHP - assumed 'TMPL_DENY_PHP' G:\wamp\www\HFS\Appliaction\Home\Conf\config.php 第 28 行.
INFO: [ app_begin ] --START--
INFO: Run Behavior\ReadHtmlCacheBehavior [ RunTime:0.000765s ]
INFO: [ app_begin ] --END-- [ RunTime:0.001038s ]
SQL: SHOW COLUMNS FROM `think_news` [ RunTime:0.024326s ]
SQL: SHOW COLUMNS FROM `think_report` [ RunTime:0.006180s ]
SQL: SHOW COLUMNS FROM `think_notice` [ RunTime:0.006888s ]
SQL: SELECT * FROM `think_news` ORDER BY pTime desc LIMIT 6   [ RunTime:0.000559s ]
SQL: SELECT * FROM `think_report` ORDER BY pTime desc  LIMIT 6   [ RunTime:0.000410s ]
SQL: SELECT * FROM `think_notice` ORDER BY pTime desc  LIMIT 6   [ RunTime:0.000385s ]
INFO: [ view_parse ] --START--
INFO: [ template_filter ] --START--
INFO: Run Behavior\ContentReplaceBehavior [ RunTime:0.000474s ]
INFO: [ template_filter ] --END-- [ RunTime:0.000961s ]
INFO: Run Behavior\ParseTemplateBehavior [ RunTime:0.037942s ]
INFO: [ view_parse ] --END-- [ RunTime:0.038135s ]
INFO: [ view_filter ] --START--
INFO: Run Behavior\WriteHtmlCacheBehavior [ RunTime:0.000433s ]
INFO: [ view_filter ] --END-- [ RunTime:0.000632s ]
INFO: [ app_end ] --START--
INFO: Run Behavior\ShowPageTraceBehavior [ RunTime:0.000860s ]
INFO: [ app_end ] --END-- [ RunTime:0.001105s ]

[ 2015-10-29T21:09:28+08:00 ] ::1 /HFS/index.php/Home/Datapick
INFO: [ app_init ] --START--
INFO: Run Behavior\BuildLiteBehavior [ RunTime:0.000065s ]
INFO: [ app_init ] --END-- [ RunTime:0.000670s ]
NOTIC: [8] Use of undefined constant TMPL_DENY_PHP - assumed 'TMPL_DENY_PHP' G:\wamp\www\HFS\Appliaction\Home\Conf\config.php 第 28 行.
INFO: [ app_begin ] --START--
INFO: Run Behavior\ReadHtmlCacheBehavior [ RunTime:0.000704s ]
INFO: [ app_begin ] --END-- [ RunTime:0.000951s ]
SQL: SHOW COLUMNS FROM `think_portconfig` [ RunTime:0.017212s ]
SQL: SHOW COLUMNS FROM `think_interconfig` [ RunTime:0.006056s ]
SQL: SELECT * FROM `think_portconfig` ORDER BY id desc LIMIT 1   [ RunTime:0.000317s ]
SQL: SELECT * FROM `think_interconfig` ORDER BY id desc LIMIT 1   [ RunTime:0.000285s ]
INFO: [ view_parse ] --START--
INFO: [ template_filter ] --START--
INFO: Run Behavior\ContentReplaceBehavior [ RunTime:0.000288s ]
INFO: [ template_filter ] --END-- [ RunTime:0.000594s ]
INFO: Run Behavior\ParseTemplateBehavior [ RunTime:0.012920s ]
INFO: [ view_parse ] --END-- [ RunTime:0.013185s ]
INFO: [ view_filter ] --START--
INFO: Run Behavior\WriteHtmlCacheBehavior [ RunTime:0.000518s ]
INFO: [ view_filter ] --END-- [ RunTime:0.000779s ]
INFO: [ app_end ] --START--
INFO: Run Behavior\ShowPageTraceBehavior [ RunTime:0.000656s ]
INFO: [ app_end ] --END-- [ RunTime:0.000831s ]

[ 2015-10-29T21:09:29+08:00 ] ::1 /HFS/index.php/Home/Dataquery
INFO: [ app_init ] --START--
INFO: Run Behavior\BuildLiteBehavior [ RunTime:0.000062s ]
INFO: [ app_init ] --END-- [ RunTime:0.001392s ]
NOTIC: [8] Use of undefined constant TMPL_DENY_PHP - assumed 'TMPL_DENY_PHP' G:\wamp\www\HFS\Appliaction\Home\Conf\config.php 第 28 行.
INFO: [ app_begin ] --START--
INFO: Run Behavior\ReadHtmlCacheBehavior [ RunTime:0.000744s ]
INFO: [ app_begin ] --END-- [ RunTime:0.001013s ]
INFO: [ view_parse ] --START--
INFO: [ template_filter ] --START--
INFO: Run Behavior\ContentReplaceBehavior [ RunTime:0.000620s ]
INFO: [ template_filter ] --END-- [ RunTime:0.001047s ]
INFO: Run Behavior\ParseTemplateBehavior [ RunTime:0.014140s ]
INFO: [ view_parse ] --END-- [ RunTime:0.014415s ]
INFO: [ view_filter ] --START--
INFO: Run Behavior\WriteHtmlCacheBehavior [ RunTime:0.000418s ]
INFO: [ view_filter ] --END-- [ RunTime:0.000666s ]
INFO: [ app_end ] --START--
INFO: Run Behavior\ShowPageTraceBehavior [ RunTime:0.000760s ]
INFO: [ app_end ] --END-- [ RunTime:0.001024s ]

[ 2015-10-29T21:09:33+08:00 ] ::1 /HFS/index.php/Home/dataprocess.html
INFO: [ app_init ] --START--
INFO: Run Behavior\BuildLiteBehavior [ RunTime:0.000033s ]
INFO: [ app_init ] --END-- [ RunTime:0.000508s ]
NOTIC: [8] Use of undefined constant TMPL_DENY_PHP - assumed 'TMPL_DENY_PHP' G:\wamp\www\HFS\Appliaction\Home\Conf\config.php 第 28 行.
INFO: [ app_begin ] --START--
INFO: Run Behavior\ReadHtmlCacheBehavior [ RunTime:0.000516s ]
INFO: [ app_begin ] --END-- [ RunTime:0.000665s ]
INFO: [ view_parse ] --START--
INFO: [ template_filter ] --START--
INFO: Run Behavior\ContentReplaceBehavior [ RunTime:0.000204s ]
INFO: [ template_filter ] --END-- [ RunTime:0.000453s ]
INFO: Run Behavior\ParseTemplateBehavior [ RunTime:0.008775s ]
INFO: [ view_parse ] --END-- [ RunTime:0.008935s ]
INFO: [ view_filter ] --START--
INFO: Run Behavior\WriteHtmlCacheBehavior [ RunTime:0.000266s ]
INFO: [ view_filter ] --END-- [ RunTime:0.000404s ]
INFO: [ app_end ] --START--
INFO: Run Behavior\ShowPageTraceBehavior [ RunTime:0.000723s ]
INFO: [ app_end ] --END-- [ RunTime:0.001006s ]

[ 2015-10-29T21:09:39+08:00 ] ::1 /HFS/index.php/Home/dataprocess.html
INFO: [ app_init ] --START--
INFO: Run Behavior\BuildLiteBehavior [ RunTime:0.000032s ]
INFO: [ app_init ] --END-- [ RunTime:0.000442s ]
NOTIC: [8] Use of undefined constant TMPL_DENY_PHP - assumed 'TMPL_DENY_PHP' G:\wamp\www\HFS\Appliaction\Home\Conf\config.php 第 28 行.
INFO: [ app_begin ] --START--
INFO: Run Behavior\ReadHtmlCacheBehavior [ RunTime:0.000668s ]
INFO: [ app_begin ] --END-- [ RunTime:0.001064s ]
INFO: [ view_parse ] --START--
INFO: [ template_filter ] --START--
INFO: Run Behavior\ContentReplaceBehavior [ RunTime:0.000155s ]
INFO: [ template_filter ] --END-- [ RunTime:0.000311s ]
INFO: Run Behavior\ParseTemplateBehavior [ RunTime:0.007598s ]
INFO: [ view_parse ] --END-- [ RunTime:0.007769s ]
INFO: [ view_filter ] --START--
INFO: Run Behavior\WriteHtmlCacheBehavior [ RunTime:0.000260s ]
INFO: [ view_filter ] --END-- [ RunTime:0.000389s ]
INFO: [ app_end ] --START--
INFO: Run Behavior\ShowPageTraceBehavior [ RunTime:0.000526s ]
INFO: [ app_end ] --END-- [ RunTime:0.000669s ]

[ 2015-10-29T21:11:23+08:00 ] ::1 /HFS/index.php/Home/aboutus.html
INFO: [ app_init ] --START--
INFO: Run Behavior\BuildLiteBehavior [ RunTime:0.000059s ]
INFO: [ app_init ] --END-- [ RunTime:0.000971s ]
NOTIC: [8] Use of undefined constant TMPL_DENY_PHP - assumed 'TMPL_DENY_PHP' G:\wamp\www\HFS\Appliaction\Home\Conf\config.php 第 28 行.
INFO: [ app_begin ] --START--
INFO: Run Behavior\ReadHtmlCacheBehavior [ RunTime:0.000515s ]
INFO: [ app_begin ] --END-- [ RunTime:0.000665s ]
INFO: [ view_parse ] --START--
INFO: [ template_filter ] --START--
INFO: Run Behavior\ContentReplaceBehavior [ RunTime:0.000250s ]
INFO: [ template_filter ] --END-- [ RunTime:0.000543s ]
INFO: Run Behavior\ParseTemplateBehavior [ RunTime:0.030370s ]
INFO: [ view_parse ] --END-- [ RunTime:0.030609s ]
INFO: [ view_filter ] --START--
INFO: Run Behavior\WriteHtmlCacheBehavior [ RunTime:0.000666s ]
INFO: [ view_filter ] --END-- [ RunTime:0.000987s ]
INFO: [ app_end ] --START--
INFO: Run Behavior\ShowPageTraceBehavior [ RunTime:0.000708s ]
INFO: [ app_end ] --END-- [ RunTime:0.000923s ]

[ 2015-10-29T21:11:25+08:00 ] ::1 /HFS/index.php/Home/Dataprocess
INFO: [ app_init ] --START--
INFO: Run Behavior\BuildLiteBehavior [ RunTime:0.000067s ]
INFO: [ app_init ] --END-- [ RunTime:0.001214s ]
NOTIC: [8] Use of undefined constant TMPL_DENY_PHP - assumed 'TMPL_DENY_PHP' G:\wamp\www\HFS\Appliaction\Home\Conf\config.php 第 28 行.
INFO: [ app_begin ] --START--
INFO: Run Behavior\ReadHtmlCacheBehavior [ RunTime:0.000858s ]
INFO: [ app_begin ] --END-- [ RunTime:0.001206s ]
INFO: [ view_parse ] --START--
INFO: [ template_filter ] --START--
INFO: Run Behavior\ContentReplaceBehavior [ RunTime:0.000241s ]
INFO: [ template_filter ] --END-- [ RunTime:0.000516s ]
INFO: Run Behavior\ParseTemplateBehavior [ RunTime:0.013750s ]
INFO: [ view_parse ] --END-- [ RunTime:0.014061s ]
INFO: [ view_filter ] --START--
INFO: Run Behavior\WriteHtmlCacheBehavior [ RunTime:0.000403s ]
INFO: [ view_filter ] --END-- [ RunTime:0.000635s ]
INFO: [ app_end ] --START--
INFO: Run Behavior\ShowPageTraceBehavior [ RunTime:0.000830s ]
INFO: [ app_end ] --END-- [ RunTime:0.001100s ]

[ 2015-10-29T21:11:26+08:00 ] ::1 /HFS/index.php/Home/dataquery.html
INFO: [ app_init ] --START--
INFO: Run Behavior\BuildLiteBehavior [ RunTime:0.000050s ]
INFO: [ app_init ] --END-- [ RunTime:0.000702s ]
NOTIC: [8] Use of undefined constant TMPL_DENY_PHP - assumed 'TMPL_DENY_PHP' G:\wamp\www\HFS\Appliaction\Home\Conf\config.php 第 28 行.
INFO: [ app_begin ] --START--
INFO: Run Behavior\ReadHtmlCacheBehavior [ RunTime:0.000663s ]
INFO: [ app_begin ] --END-- [ RunTime:0.000861s ]
INFO: [ view_parse ] --START--
INFO: [ template_filter ] --START--
INFO: Run Behavior\ContentReplaceBehavior [ RunTime:0.000297s ]
INFO: [ template_filter ] --END-- [ RunTime:0.000552s ]
INFO: Run Behavior\ParseTemplateBehavior [ RunTime:0.012051s ]
INFO: [ view_parse ] --END-- [ RunTime:0.012273s ]
INFO: [ view_filter ] --START--
INFO: Run Behavior\WriteHtmlCacheBehavior [ RunTime:0.000386s ]
INFO: [ view_filter ] --END-- [ RunTime:0.000623s ]
INFO: [ app_end ] --START--
INFO: Run Behavior\ShowPageTraceBehavior [ RunTime:0.000803s ]
INFO: [ app_end ] --END-- [ RunTime:0.001063s ]

[ 2015-10-29T21:42:42+08:00 ] ::1 /HFS/index.php/Home/dq.php
INFO: [ app_init ] --START--
INFO: Run Behavior\BuildLiteBehavior [ RunTime:0.000034s ]
INFO: [ app_init ] --END-- [ RunTime:0.000669s ]
NOTIC: [8] Use of undefined constant TMPL_DENY_PHP - assumed 'TMPL_DENY_PHP' G:\wamp\www\HFS\Appliaction\Home\Conf\config.php 第 28 行.
INFO: [ app_begin ] --START--
INFO: Run Behavior\ReadHtmlCacheBehavior [ RunTime:0.000687s ]
INFO: [ app_begin ] --END-- [ RunTime:0.000828s ]
ERR: 无法加载控制器:Dq.php

[ 2015-10-29T21:43:44+08:00 ] ::1 /HFS/index.php/Home/dataprocess.html
INFO: [ app_init ] --START--
INFO: Run Behavior\BuildLiteBehavior [ RunTime:0.000032s ]
INFO: [ app_init ] --END-- [ RunTime:0.000448s ]
NOTIC: [8] Use of undefined constant TMPL_DENY_PHP - assumed 'TMPL_DENY_PHP' G:\wamp\www\HFS\Appliaction\Home\Conf\config.php 第 28 行.
INFO: [ app_begin ] --START--
INFO: Run Behavior\ReadHtmlCacheBehavior [ RunTime:0.000520s ]
INFO: [ app_begin ] --END-- [ RunTime:0.000674s ]
INFO: [ view_parse ] --START--
INFO: [ template_filter ] --START--
INFO: Run Behavior\ContentReplaceBehavior [ RunTime:0.053058s ]
INFO: [ template_filter ] --END-- [ RunTime:0.053308s ]
INFO: Run Behavior\ParseTemplateBehavior [ RunTime:0.436839s ]
INFO: [ view_parse ] --END-- [ RunTime:0.437020s ]
INFO: [ view_filter ] --START--
INFO: Run Behavior\WriteHtmlCacheBehavior [ RunTime:0.000368s ]
INFO: [ view_filter ] --END-- [ RunTime:0.000528s ]
INFO: [ app_end ] --START--
INFO: Run Behavior\ShowPageTraceBehavior [ RunTime:0.000564s ]
INFO: [ app_end ] --END-- [ RunTime:0.000704s ]

[ 2015-10-29T22:02:50+08:00 ] ::1 /HFS/index.php/Home/dataprocess.html
INFO: [ app_init ] --START--
INFO: Run Behavior\BuildLiteBehavior [ RunTime:0.000033s ]
INFO: [ app_init ] --END-- [ RunTime:0.000537s ]
NOTIC: [8] Use of undefined constant TMPL_DENY_PHP - assumed 'TMPL_DENY_PHP' G:\wamp\www\HFS\Appliaction\Home\Conf\config.php 第 28 行.
INFO: [ app_begin ] --START--
INFO: Run Behavior\ReadHtmlCacheBehavior [ RunTime:0.001131s ]
INFO: [ app_begin ] --END-- [ RunTime:0.001298s ]
INFO: [ view_parse ] --START--
INFO: [ template_filter ] --START--
INFO: Run Behavior\ContentReplaceBehavior [ RunTime:0.000161s ]
INFO: [ template_filter ] --END-- [ RunTime:0.000328s ]
INFO: Run Behavior\ParseTemplateBehavior [ RunTime:0.405476s ]
INFO: [ view_parse ] --END-- [ RunTime:0.405677s ]
INFO: [ view_filter ] --START--
INFO: Run Behavior\WriteHtmlCacheBehavior [ RunTime:0.000529s ]
INFO: [ view_filter ] --END-- [ RunTime:0.000665s ]
INFO: [ app_end ] --START--
INFO: Run Behavior\ShowPageTraceBehavior [ RunTime:0.001303s ]
INFO: [ app_end ] --END-- [ RunTime:0.001636s ]

[ 2015-10-29T22:02:51+08:00 ] ::1 /HFS/index.php/Home/dataquery.html
INFO: [ app_init ] --START--
INFO: Run Behavior\BuildLiteBehavior [ RunTime:0.000034s ]
INFO: [ app_init ] --END-- [ RunTime:0.000577s ]
NOTIC: [8] Use of undefined constant TMPL_DENY_PHP - assumed 'TMPL_DENY_PHP' G:\wamp\www\HFS\Appliaction\Home\Conf\config.php 第 28 行.
INFO: [ app_begin ] --START--
INFO: Run Behavior\ReadHtmlCacheBehavior [ RunTime:0.000677s ]
INFO: [ app_begin ] --END-- [ RunTime:0.000839s ]
INFO: [ view_parse ] --START--
INFO: [ template_filter ] --START--
INFO: Run Behavior\ContentReplaceBehavior [ RunTime:0.043804s ]
INFO: [ template_filter ] --END-- [ RunTime:0.044013s ]
INFO: Run Behavior\ParseTemplateBehavior [ RunTime:0.568479s ]
INFO: [ view_parse ] --END-- [ RunTime:0.568663s ]
INFO: [ view_filter ] --START--
INFO: Run Behavior\WriteHtmlCacheBehavior [ RunTime:0.015224s ]
INFO: [ view_filter ] --END-- [ RunTime:0.015432s ]
INFO: [ app_end ] --START--
INFO: Run Behavior\ShowPageTraceBehavior [ RunTime:0.000640s ]
INFO: [ app_end ] --END-- [ RunTime:0.000828s ]

[ 2015-10-29T22:03:06+08:00 ] ::1 /HFS/index.php/Home/process.php
INFO: [ app_init ] --START--
INFO: Run Behavior\BuildLiteBehavior [ RunTime:0.000034s ]
INFO: [ app_init ] --END-- [ RunTime:0.000615s ]
NOTIC: [8] Use of undefined constant TMPL_DENY_PHP - assumed 'TMPL_DENY_PHP' G:\wamp\www\HFS\Appliaction\Home\Conf\config.php 第 28 行.
INFO: [ app_begin ] --START--
INFO: Run Behavior\ReadHtmlCacheBehavior [ RunTime:0.001099s ]
INFO: [ app_begin ] --END-- [ RunTime:0.001296s ]
ERR: 无法加载控制器:Process.php

