[ 2015-11-01T00:04:07+08:00 ] ::1 /HFS/index.php/Home/dataprocess.html
INFO: [ app_init ] --START--
INFO: Run Behavior\BuildLiteBehavior [ RunTime:0.000078s ]
INFO: [ app_init ] --END-- [ RunTime:0.002765s ]
NOTIC: [8] Use of undefined constant TMPL_DENY_PHP - assumed 'TMPL_DENY_PHP' G:\wamp\www\HFS\Appliaction\Home\Conf\config.php 第 28 行.
INFO: [ app_begin ] --START--
INFO: Run Behavior\ReadHtmlCacheBehavior [ RunTime:0.002431s ]
INFO: [ app_begin ] --END-- [ RunTime:0.002973s ]
INFO: [ view_parse ] --START--
INFO: [ template_filter ] --START--
INFO: Run Behavior\ContentReplaceBehavior [ RunTime:0.000428s ]
INFO: [ template_filter ] --END-- [ RunTime:0.000954s ]
INFO: Run Behavior\ParseTemplateBehavior [ RunTime:0.617878s ]
INFO: [ view_parse ] --END-- [ RunTime:0.618562s ]
INFO: [ view_filter ] --START--
INFO: Run Behavior\WriteHtmlCacheBehavior [ RunTime:0.001756s ]
INFO: [ view_filter ] --END-- [ RunTime:0.002173s ]
INFO: [ app_end ] --START--
INFO: Run Behavior\ShowPageTraceBehavior [ RunTime:0.002265s ]
INFO: [ app_end ] --END-- [ RunTime:0.002651s ]

[ 2015-11-01T00:04:18+08:00 ] ::1 /HFS/index.php/Home/Dataprocess/dataPro
INFO: [ app_init ] --START--
INFO: Run Behavior\BuildLiteBehavior [ RunTime:0.000075s ]
INFO: [ app_init ] --END-- [ RunTime:0.001363s ]
NOTIC: [8] Use of undefined constant TMPL_DENY_PHP - assumed 'TMPL_DENY_PHP' G:\wamp\www\HFS\Appliaction\Home\Conf\config.php 第 28 行.
INFO: [ app_begin ] --START--
INFO: Run Behavior\ReadHtmlCacheBehavior [ RunTime:0.002053s ]
INFO: [ app_begin ] --END-- [ RunTime:0.002449s ]
SQL: SHOW COLUMNS FROM `think_gammapic` [ RunTime:0.314103s ]
NOTIC: [8] Undefined variable: map G:\wamp\www\HFS\Appliaction\Home\Controller\DataprocessController.class.php 第 17 行.
SQL: SELECT `legendName` FROM `think_gammapic`  [ RunTime:0.021862s ]
SQL: SELECT `legendName`,`powerR` FROM `think_gammapic` WHERE `legendName` = 'GM001'  [ RunTime:0.006954s ]
NOTIC: [8] Undefined variable: doserate G:\wamp\www\HFS\Appliaction\Home\Controller\DataprocessController.class.php 第 26 行.

[ 2015-11-01T00:04:58+08:00 ] ::1 /HFS/index.php/Home/dataprocess.html
INFO: [ app_init ] --START--
INFO: Run Behavior\BuildLiteBehavior [ RunTime:0.000072s ]
INFO: [ app_init ] --END-- [ RunTime:0.001206s ]
NOTIC: [8] Use of undefined constant TMPL_DENY_PHP - assumed 'TMPL_DENY_PHP' G:\wamp\www\HFS\Appliaction\Home\Conf\config.php 第 28 行.
INFO: [ app_begin ] --START--
INFO: Run Behavior\ReadHtmlCacheBehavior [ RunTime:0.001856s ]
INFO: [ app_begin ] --END-- [ RunTime:0.002239s ]
INFO: [ view_parse ] --START--
INFO: [ template_filter ] --START--
INFO: Run Behavior\ContentReplaceBehavior [ RunTime:0.000364s ]
INFO: [ template_filter ] --END-- [ RunTime:0.000744s ]
INFO: Run Behavior\ParseTemplateBehavior [ RunTime:0.125355s ]
INFO: [ view_parse ] --END-- [ RunTime:0.125969s ]
INFO: [ view_filter ] --START--
INFO: Run Behavior\WriteHtmlCacheBehavior [ RunTime:0.001206s ]
INFO: [ view_filter ] --END-- [ RunTime:0.001527s ]
INFO: [ app_end ] --START--
INFO: Run Behavior\ShowPageTraceBehavior [ RunTime:0.001736s ]
INFO: [ app_end ] --END-- [ RunTime:0.002124s ]

[ 2015-11-01T00:05:03+08:00 ] ::1 /HFS/index.php/Home/Dataprocess/dataPro
INFO: [ app_init ] --START--
INFO: Run Behavior\BuildLiteBehavior [ RunTime:0.000074s ]
INFO: [ app_init ] --END-- [ RunTime:0.001464s ]
NOTIC: [8] Use of undefined constant TMPL_DENY_PHP - assumed 'TMPL_DENY_PHP' G:\wamp\www\HFS\Appliaction\Home\Conf\config.php 第 28 行.
INFO: [ app_begin ] --START--
INFO: Run Behavior\ReadHtmlCacheBehavior [ RunTime:0.001873s ]
INFO: [ app_begin ] --END-- [ RunTime:0.002182s ]
SQL: SHOW COLUMNS FROM `think_gammapic` [ RunTime:0.054460s ]
NOTIC: [8] Undefined variable: map G:\wamp\www\HFS\Appliaction\Home\Controller\DataprocessController.class.php 第 17 行.
SQL: SELECT `legendName` FROM `think_gammapic`  [ RunTime:0.000510s ]
SQL: SELECT `legendName`,`powerR` FROM `think_gammapic` WHERE `legendName` = 'GM001'  [ RunTime:0.000386s ]
NOTIC: [8] Undefined variable: doserate G:\wamp\www\HFS\Appliaction\Home\Controller\DataprocessController.class.php 第 26 行.

[ 2015-11-01T00:05:57+08:00 ] ::1 /HFS/index.php/Home/dataprocess.html
INFO: [ app_init ] --START--
INFO: Run Behavior\BuildLiteBehavior [ RunTime:0.000037s ]
INFO: [ app_init ] --END-- [ RunTime:0.000703s ]
NOTIC: [8] Use of undefined constant TMPL_DENY_PHP - assumed 'TMPL_DENY_PHP' G:\wamp\www\HFS\Appliaction\Home\Conf\config.php 第 28 行.
INFO: [ app_begin ] --START--
INFO: Run Behavior\ReadHtmlCacheBehavior [ RunTime:0.001015s ]
INFO: [ app_begin ] --END-- [ RunTime:0.001203s ]
INFO: [ view_parse ] --START--
INFO: [ template_filter ] --START--
INFO: Run Behavior\ContentReplaceBehavior [ RunTime:0.000186s ]
INFO: [ template_filter ] --END-- [ RunTime:0.000424s ]
INFO: Run Behavior\ParseTemplateBehavior [ RunTime:0.068556s ]
INFO: [ view_parse ] --END-- [ RunTime:0.068856s ]
INFO: [ view_filter ] --START--
INFO: Run Behavior\WriteHtmlCacheBehavior [ RunTime:0.001013s ]
INFO: [ view_filter ] --END-- [ RunTime:0.001336s ]
INFO: [ app_end ] --START--
INFO: Run Behavior\ShowPageTraceBehavior [ RunTime:0.001304s ]
INFO: [ app_end ] --END-- [ RunTime:0.001624s ]

[ 2015-11-01T00:06:00+08:00 ] ::1 /HFS/index.php/Home/Dataprocess/dataPro
INFO: [ app_init ] --START--
INFO: Run Behavior\BuildLiteBehavior [ RunTime:0.000073s ]
INFO: [ app_init ] --END-- [ RunTime:0.001409s ]
NOTIC: [8] Use of undefined constant TMPL_DENY_PHP - assumed 'TMPL_DENY_PHP' G:\wamp\www\HFS\Appliaction\Home\Conf\config.php 第 28 行.
INFO: [ app_begin ] --START--
INFO: Run Behavior\ReadHtmlCacheBehavior [ RunTime:0.003606s ]
INFO: [ app_begin ] --END-- [ RunTime:0.004037s ]
SQL: SHOW COLUMNS FROM `think_gammapic` [ RunTime:0.060766s ]
NOTIC: [8] Undefined variable: map G:\wamp\www\HFS\Appliaction\Home\Controller\DataprocessController.class.php 第 17 行.
SQL: SELECT `legendName` FROM `think_gammapic`  [ RunTime:0.000794s ]
SQL: SELECT `legendName`,`powerR` FROM `think_gammapic` WHERE `legendName` = 'GM001'  [ RunTime:0.013233s ]
NOTIC: [8] Undefined variable: doserate G:\wamp\www\HFS\Appliaction\Home\Controller\DataprocessController.class.php 第 26 行.

[ 2015-11-01T00:06:17+08:00 ] ::1 /HFS/index.php/Home/dataprocess.html
INFO: [ app_init ] --START--
INFO: Run Behavior\BuildLiteBehavior [ RunTime:0.000048s ]
INFO: [ app_init ] --END-- [ RunTime:0.000578s ]
NOTIC: [8] Use of undefined constant TMPL_DENY_PHP - assumed 'TMPL_DENY_PHP' G:\wamp\www\HFS\Appliaction\Home\Conf\config.php 第 28 行.
INFO: [ app_begin ] --START--
INFO: Run Behavior\ReadHtmlCacheBehavior [ RunTime:0.000820s ]
INFO: [ app_begin ] --END-- [ RunTime:0.000989s ]
INFO: [ view_parse ] --START--
INFO: [ template_filter ] --START--
INFO: Run Behavior\ContentReplaceBehavior [ RunTime:0.000368s ]
INFO: [ template_filter ] --END-- [ RunTime:0.000859s ]
INFO: Run Behavior\ParseTemplateBehavior [ RunTime:0.108382s ]
INFO: [ view_parse ] --END-- [ RunTime:0.108656s ]
INFO: [ view_filter ] --START--
INFO: Run Behavior\WriteHtmlCacheBehavior [ RunTime:0.001211s ]
INFO: [ view_filter ] --END-- [ RunTime:0.001557s ]
INFO: [ app_end ] --START--
INFO: Run Behavior\ShowPageTraceBehavior [ RunTime:0.002189s ]
INFO: [ app_end ] --END-- [ RunTime:0.002711s ]

[ 2015-11-01T00:06:17+08:00 ] ::1 /HFS/index.php/Home/Dataprocess/dataPro
INFO: [ app_init ] --START--
INFO: Run Behavior\BuildLiteBehavior [ RunTime:0.000072s ]
INFO: [ app_init ] --END-- [ RunTime:0.001339s ]
NOTIC: [8] Use of undefined constant TMPL_DENY_PHP - assumed 'TMPL_DENY_PHP' G:\wamp\www\HFS\Appliaction\Home\Conf\config.php 第 28 行.
INFO: [ app_begin ] --START--
INFO: Run Behavior\ReadHtmlCacheBehavior [ RunTime:0.001614s ]
INFO: [ app_begin ] --END-- [ RunTime:0.001895s ]
SQL: SHOW COLUMNS FROM `think_gammapic` [ RunTime:0.077351s ]
NOTIC: [8] Undefined variable: map G:\wamp\www\HFS\Appliaction\Home\Controller\DataprocessController.class.php 第 17 行.
SQL: SELECT `legendName` FROM `think_gammapic`  [ RunTime:0.000522s ]
INFO: [ app_end ] --START--
INFO: Run Behavior\ShowPageTraceBehavior [ RunTime:0.001676s ]
INFO: [ app_end ] --END-- [ RunTime:0.001976s ]

[ 2015-11-01T00:07:07+08:00 ] ::1 /HFS/index.php/Home/dataprocess.html
INFO: [ app_init ] --START--
INFO: Run Behavior\BuildLiteBehavior [ RunTime:0.000032s ]
INFO: [ app_init ] --END-- [ RunTime:0.000478s ]
NOTIC: [8] Use of undefined constant TMPL_DENY_PHP - assumed 'TMPL_DENY_PHP' G:\wamp\www\HFS\Appliaction\Home\Conf\config.php 第 28 行.
INFO: [ app_begin ] --START--
INFO: Run Behavior\ReadHtmlCacheBehavior [ RunTime:0.000690s ]
INFO: [ app_begin ] --END-- [ RunTime:0.000831s ]
INFO: [ view_parse ] --START--
INFO: [ template_filter ] --START--
INFO: Run Behavior\ContentReplaceBehavior [ RunTime:0.000183s ]
INFO: [ template_filter ] --END-- [ RunTime:0.000353s ]
INFO: Run Behavior\ParseTemplateBehavior [ RunTime:0.011190s ]
INFO: [ view_parse ] --END-- [ RunTime:0.011354s ]
INFO: [ view_filter ] --START--
INFO: Run Behavior\WriteHtmlCacheBehavior [ RunTime:0.000535s ]
INFO: [ view_filter ] --END-- [ RunTime:0.000678s ]
INFO: [ app_end ] --START--
INFO: Run Behavior\ShowPageTraceBehavior [ RunTime:0.000716s ]
INFO: [ app_end ] --END-- [ RunTime:0.000855s ]

[ 2015-11-01T00:07:09+08:00 ] ::1 /HFS/index.php/Home/Dataprocess/dataPro
INFO: [ app_init ] --START--
INFO: Run Behavior\BuildLiteBehavior [ RunTime:0.000086s ]
INFO: [ app_init ] --END-- [ RunTime:0.001364s ]
NOTIC: [8] Use of undefined constant TMPL_DENY_PHP - assumed 'TMPL_DENY_PHP' G:\wamp\www\HFS\Appliaction\Home\Conf\config.php 第 28 行.
INFO: [ app_begin ] --START--
INFO: Run Behavior\ReadHtmlCacheBehavior [ RunTime:0.001727s ]
INFO: [ app_begin ] --END-- [ RunTime:0.002080s ]
SQL: SHOW COLUMNS FROM `think_gammapic` [ RunTime:0.102886s ]
NOTIC: [8] Undefined variable: map G:\wamp\www\HFS\Appliaction\Home\Controller\DataprocessController.class.php 第 17 行.
SQL: SELECT `legendName` FROM `think_gammapic`  [ RunTime:0.000393s ]
SQL: SELECT `legendName`,`powerR` FROM `think_gammapic` WHERE `legendName` = 'GM001'  [ RunTime:0.000343s ]
NOTIC: [8] Undefined variable: doserate G:\wamp\www\HFS\Appliaction\Home\Controller\DataprocessController.class.php 第 26 行.

[ 2015-11-01T00:08:22+08:00 ] ::1 /HFS/index.php/Home/dataprocess.html
INFO: [ app_init ] --START--
INFO: Run Behavior\BuildLiteBehavior [ RunTime:0.000037s ]
INFO: [ app_init ] --END-- [ RunTime:0.000639s ]
NOTIC: [8] Use of undefined constant TMPL_DENY_PHP - assumed 'TMPL_DENY_PHP' G:\wamp\www\HFS\Appliaction\Home\Conf\config.php 第 28 行.
INFO: [ app_begin ] --START--
INFO: Run Behavior\ReadHtmlCacheBehavior [ RunTime:0.000888s ]
INFO: [ app_begin ] --END-- [ RunTime:0.001066s ]
INFO: [ view_parse ] --START--
INFO: [ template_filter ] --START--
INFO: Run Behavior\ContentReplaceBehavior [ RunTime:0.000175s ]
INFO: [ template_filter ] --END-- [ RunTime:0.000340s ]
INFO: Run Behavior\ParseTemplateBehavior [ RunTime:0.012238s ]
INFO: [ view_parse ] --END-- [ RunTime:0.012428s ]
INFO: [ view_filter ] --START--
INFO: Run Behavior\WriteHtmlCacheBehavior [ RunTime:0.000654s ]
INFO: [ view_filter ] --END-- [ RunTime:0.000792s ]
INFO: [ app_end ] --START--
INFO: Run Behavior\ShowPageTraceBehavior [ RunTime:0.000811s ]
INFO: [ app_end ] --END-- [ RunTime:0.000961s ]

[ 2015-11-01T00:08:25+08:00 ] ::1 /HFS/index.php/Home/Dataprocess/dataPro
INFO: [ app_init ] --START--
INFO: Run Behavior\BuildLiteBehavior [ RunTime:0.000054s ]
INFO: [ app_init ] --END-- [ RunTime:0.000716s ]
NOTIC: [8] Use of undefined constant TMPL_DENY_PHP - assumed 'TMPL_DENY_PHP' G:\wamp\www\HFS\Appliaction\Home\Conf\config.php 第 28 行.
INFO: [ app_begin ] --START--
INFO: Run Behavior\ReadHtmlCacheBehavior [ RunTime:0.000876s ]
INFO: [ app_begin ] --END-- [ RunTime:0.001111s ]
SQL: SHOW COLUMNS FROM `think_gammapic` [ RunTime:0.041126s ]
NOTIC: [8] Undefined variable: map G:\wamp\www\HFS\Appliaction\Home\Controller\DataprocessController.class.php 第 17 行.
SQL: SELECT `legendName` FROM `think_gammapic`  [ RunTime:0.000392s ]
INFO: [ app_end ] --START--
INFO: Run Behavior\ShowPageTraceBehavior [ RunTime:0.000658s ]
INFO: [ app_end ] --END-- [ RunTime:0.000773s ]

[ 2015-11-01T00:08:33+08:00 ] ::1 /HFS/index.php/Home/dataprocess.html
INFO: [ app_init ] --START--
INFO: Run Behavior\BuildLiteBehavior [ RunTime:0.000035s ]
INFO: [ app_init ] --END-- [ RunTime:0.000661s ]
NOTIC: [8] Use of undefined constant TMPL_DENY_PHP - assumed 'TMPL_DENY_PHP' G:\wamp\www\HFS\Appliaction\Home\Conf\config.php 第 28 行.
INFO: [ app_begin ] --START--
INFO: Run Behavior\ReadHtmlCacheBehavior [ RunTime:0.000863s ]
INFO: [ app_begin ] --END-- [ RunTime:0.001056s ]
INFO: [ view_parse ] --START--
INFO: [ template_filter ] --START--
INFO: Run Behavior\ContentReplaceBehavior [ RunTime:0.000174s ]
INFO: [ template_filter ] --END-- [ RunTime:0.000352s ]
INFO: Run Behavior\ParseTemplateBehavior [ RunTime:0.019907s ]
INFO: [ view_parse ] --END-- [ RunTime:0.020089s ]
INFO: [ view_filter ] --START--
INFO: Run Behavior\WriteHtmlCacheBehavior [ RunTime:0.000553s ]
INFO: [ view_filter ] --END-- [ RunTime:0.000707s ]
INFO: [ app_end ] --START--
INFO: Run Behavior\ShowPageTraceBehavior [ RunTime:0.000735s ]
INFO: [ app_end ] --END-- [ RunTime:0.000898s ]

[ 2015-11-01T00:08:35+08:00 ] ::1 /HFS/index.php/Home/Dataprocess/dataPro
INFO: [ app_init ] --START--
INFO: Run Behavior\BuildLiteBehavior [ RunTime:0.000056s ]
INFO: [ app_init ] --END-- [ RunTime:0.000828s ]
NOTIC: [8] Use of undefined constant TMPL_DENY_PHP - assumed 'TMPL_DENY_PHP' G:\wamp\www\HFS\Appliaction\Home\Conf\config.php 第 28 行.
INFO: [ app_begin ] --START--
INFO: Run Behavior\ReadHtmlCacheBehavior [ RunTime:0.000771s ]
INFO: [ app_begin ] --END-- [ RunTime:0.000909s ]
SQL: SHOW COLUMNS FROM `think_gammapic` [ RunTime:0.046467s ]
NOTIC: [8] Undefined variable: map G:\wamp\www\HFS\Appliaction\Home\Controller\DataprocessController.class.php 第 17 行.
SQL: SELECT `legendName` FROM `think_gammapic`  [ RunTime:0.000773s ]
SQL: SELECT `legendName`,`powerR` FROM `think_gammapic` WHERE `legendName` = 'GM001'  [ RunTime:0.000915s ]
SQL: SELECT `legendName`,`powerR` FROM `think_gammapic` WHERE `legendName` = 'GM002'  [ RunTime:0.000589s ]
INFO: [ app_end ] --START--
INFO: Run Behavior\ShowPageTraceBehavior [ RunTime:0.001393s ]
INFO: [ app_end ] --END-- [ RunTime:0.001637s ]

[ 2015-11-01T00:08:53+08:00 ] ::1 /HFS/index.php/Home/dataprocess.html
INFO: [ app_init ] --START--
INFO: Run Behavior\BuildLiteBehavior [ RunTime:0.000037s ]
INFO: [ app_init ] --END-- [ RunTime:0.000562s ]
NOTIC: [8] Use of undefined constant TMPL_DENY_PHP - assumed 'TMPL_DENY_PHP' G:\wamp\www\HFS\Appliaction\Home\Conf\config.php 第 28 行.
INFO: [ app_begin ] --START--
INFO: Run Behavior\ReadHtmlCacheBehavior [ RunTime:0.001916s ]
INFO: [ app_begin ] --END-- [ RunTime:0.002151s ]
INFO: [ view_parse ] --START--
INFO: [ template_filter ] --START--
INFO: Run Behavior\ContentReplaceBehavior [ RunTime:0.000204s ]
INFO: [ template_filter ] --END-- [ RunTime:0.000405s ]
INFO: Run Behavior\ParseTemplateBehavior [ RunTime:0.021782s ]
INFO: [ view_parse ] --END-- [ RunTime:0.021994s ]
INFO: [ view_filter ] --START--
INFO: Run Behavior\WriteHtmlCacheBehavior [ RunTime:0.000592s ]
INFO: [ view_filter ] --END-- [ RunTime:0.000746s ]
INFO: [ app_end ] --START--
INFO: Run Behavior\ShowPageTraceBehavior [ RunTime:0.000829s ]
INFO: [ app_end ] --END-- [ RunTime:0.000994s ]

[ 2015-11-01T00:08:54+08:00 ] ::1 /HFS/index.php/Home/Dataprocess/dataPro
INFO: [ app_init ] --START--
INFO: Run Behavior\BuildLiteBehavior [ RunTime:0.000045s ]
INFO: [ app_init ] --END-- [ RunTime:0.000671s ]
NOTIC: [8] Use of undefined constant TMPL_DENY_PHP - assumed 'TMPL_DENY_PHP' G:\wamp\www\HFS\Appliaction\Home\Conf\config.php 第 28 行.
INFO: [ app_begin ] --START--
INFO: Run Behavior\ReadHtmlCacheBehavior [ RunTime:0.000953s ]
INFO: [ app_begin ] --END-- [ RunTime:0.001125s ]
SQL: SHOW COLUMNS FROM `think_gammapic` [ RunTime:0.038192s ]
NOTIC: [8] Undefined variable: map G:\wamp\www\HFS\Appliaction\Home\Controller\DataprocessController.class.php 第 17 行.
SQL: SELECT `legendName` FROM `think_gammapic`  [ RunTime:0.000796s ]
SQL: SELECT `legendName`,`powerR` FROM `think_gammapic` WHERE `legendName` = 'GM001'  [ RunTime:0.000778s ]
SQL: SELECT COUNT(*) AS tp_count FROM `think_gammapic` WHERE `legendName` = 'GM001' LIMIT 1   [ RunTime:0.000776s ]
SQL: SELECT `legendName`,`powerR` FROM `think_gammapic` WHERE `legendName` = 'GM002'  [ RunTime:0.000732s ]
SQL: SELECT COUNT(*) AS tp_count FROM `think_gammapic` WHERE `legendName` = 'GM002' LIMIT 1   [ RunTime:0.000705s ]
INFO: [ app_end ] --START--
INFO: Run Behavior\ShowPageTraceBehavior [ RunTime:0.001886s ]
INFO: [ app_end ] --END-- [ RunTime:0.002178s ]

[ 2015-11-01T00:09:02+08:00 ] ::1 /HFS/index.php/Home/dataprocess.html
INFO: [ app_init ] --START--
INFO: Run Behavior\BuildLiteBehavior [ RunTime:0.000094s ]
INFO: [ app_init ] --END-- [ RunTime:0.001115s ]
NOTIC: [8] Use of undefined constant TMPL_DENY_PHP - assumed 'TMPL_DENY_PHP' G:\wamp\www\HFS\Appliaction\Home\Conf\config.php 第 28 行.
INFO: [ app_begin ] --START--
INFO: Run Behavior\ReadHtmlCacheBehavior [ RunTime:0.001065s ]
INFO: [ app_begin ] --END-- [ RunTime:0.001295s ]
INFO: [ view_parse ] --START--
INFO: [ template_filter ] --START--
INFO: Run Behavior\ContentReplaceBehavior [ RunTime:0.000357s ]
INFO: [ template_filter ] --END-- [ RunTime:0.000758s ]
INFO: Run Behavior\ParseTemplateBehavior [ RunTime:0.018902s ]
INFO: [ view_parse ] --END-- [ RunTime:0.019138s ]
INFO: [ view_filter ] --START--
INFO: Run Behavior\WriteHtmlCacheBehavior [ RunTime:0.000727s ]
INFO: [ view_filter ] --END-- [ RunTime:0.000944s ]
INFO: [ app_end ] --START--
INFO: Run Behavior\ShowPageTraceBehavior [ RunTime:0.001076s ]
INFO: [ app_end ] --END-- [ RunTime:0.001287s ]

[ 2015-11-01T00:09:04+08:00 ] ::1 /HFS/index.php/Home/Dataprocess/dataPro
INFO: [ app_init ] --START--
INFO: Run Behavior\BuildLiteBehavior [ RunTime:0.000049s ]
INFO: [ app_init ] --END-- [ RunTime:0.000764s ]
NOTIC: [8] Use of undefined constant TMPL_DENY_PHP - assumed 'TMPL_DENY_PHP' G:\wamp\www\HFS\Appliaction\Home\Conf\config.php 第 28 行.
INFO: [ app_begin ] --START--
INFO: Run Behavior\ReadHtmlCacheBehavior [ RunTime:0.001073s ]
INFO: [ app_begin ] --END-- [ RunTime:0.001273s ]
SQL: SHOW COLUMNS FROM `think_gammapic` [ RunTime:0.031084s ]
NOTIC: [8] Undefined variable: map G:\wamp\www\HFS\Appliaction\Home\Controller\DataprocessController.class.php 第 17 行.
SQL: SELECT `legendName` FROM `think_gammapic`  [ RunTime:0.000792s ]
SQL: SELECT `legendName`,`powerR` FROM `think_gammapic` WHERE `legendName` = 'GM001'  [ RunTime:0.000827s ]
SQL: SELECT COUNT(*) AS tp_count FROM `think_gammapic` WHERE `legendName` = 'GM001' LIMIT 1   [ RunTime:0.000735s ]
SQL: SELECT `legendName`,`powerR` FROM `think_gammapic` WHERE `legendName` = 'GM002'  [ RunTime:0.000763s ]
SQL: SELECT COUNT(*) AS tp_count FROM `think_gammapic` WHERE `legendName` = 'GM002' LIMIT 1   [ RunTime:0.001001s ]
INFO: [ app_end ] --START--
INFO: Run Behavior\ShowPageTraceBehavior [ RunTime:0.002410s ]
INFO: [ app_end ] --END-- [ RunTime:0.002933s ]

[ 2015-11-01T00:12:00+08:00 ] ::1 /HFS/index.php/Home/dataprocess.html
INFO: [ app_init ] --START--
INFO: Run Behavior\BuildLiteBehavior [ RunTime:0.000036s ]
INFO: [ app_init ] --END-- [ RunTime:0.000814s ]
NOTIC: [8] Use of undefined constant TMPL_DENY_PHP - assumed 'TMPL_DENY_PHP' G:\wamp\www\HFS\Appliaction\Home\Conf\config.php 第 28 行.
INFO: [ app_begin ] --START--
INFO: Run Behavior\ReadHtmlCacheBehavior [ RunTime:0.000858s ]
INFO: [ app_begin ] --END-- [ RunTime:0.001040s ]
INFO: [ view_parse ] --START--
INFO: [ template_filter ] --START--
INFO: Run Behavior\ContentReplaceBehavior [ RunTime:0.000266s ]
INFO: [ template_filter ] --END-- [ RunTime:0.000522s ]
INFO: Run Behavior\ParseTemplateBehavior [ RunTime:0.105820s ]
INFO: [ view_parse ] --END-- [ RunTime:0.106174s ]
INFO: [ view_filter ] --START--
INFO: Run Behavior\WriteHtmlCacheBehavior [ RunTime:0.000792s ]
INFO: [ view_filter ] --END-- [ RunTime:0.001111s ]
INFO: [ app_end ] --START--
INFO: Run Behavior\ShowPageTraceBehavior [ RunTime:0.001236s ]
INFO: [ app_end ] --END-- [ RunTime:0.001658s ]

[ 2015-11-01T00:12:02+08:00 ] ::1 /HFS/index.php/Home/Dataprocess/dataPro
INFO: [ app_init ] --START--
INFO: Run Behavior\BuildLiteBehavior [ RunTime:0.000063s ]
INFO: [ app_init ] --END-- [ RunTime:0.001010s ]
NOTIC: [8] Use of undefined constant TMPL_DENY_PHP - assumed 'TMPL_DENY_PHP' G:\wamp\www\HFS\Appliaction\Home\Conf\config.php 第 28 行.
INFO: [ app_begin ] --START--
INFO: Run Behavior\ReadHtmlCacheBehavior [ RunTime:0.000758s ]
INFO: [ app_begin ] --END-- [ RunTime:0.000915s ]
SQL: SHOW COLUMNS FROM `think_gammapic` [ RunTime:0.060360s ]
NOTIC: [8] Undefined variable: map G:\wamp\www\HFS\Appliaction\Home\Controller\DataprocessController.class.php 第 17 行.
SQL: SELECT `legendName` FROM `think_gammapic`  [ RunTime:0.000777s ]
SQL: SELECT `legendName`,`powerR` FROM `think_gammapic` WHERE `legendName` = 'GM001'  [ RunTime:0.000937s ]
SQL: SELECT COUNT(*) AS tp_count FROM `think_gammapic` WHERE `legendName` = 'GM001' LIMIT 1   [ RunTime:0.000664s ]
SQL: SELECT `legendName`,`powerR` FROM `think_gammapic` WHERE `legendName` = 'GM002'  [ RunTime:0.000763s ]
SQL: SELECT COUNT(*) AS tp_count FROM `think_gammapic` WHERE `legendName` = 'GM002' LIMIT 1   [ RunTime:0.000563s ]
INFO: [ app_end ] --START--
INFO: Run Behavior\ShowPageTraceBehavior [ RunTime:0.002097s ]
INFO: [ app_end ] --END-- [ RunTime:0.002430s ]

[ 2015-11-01T00:14:12+08:00 ] ::1 /HFS/index.php/Home/dataprocess.html
INFO: [ app_init ] --START--
INFO: Run Behavior\BuildLiteBehavior [ RunTime:0.000048s ]
INFO: [ app_init ] --END-- [ RunTime:0.000726s ]
NOTIC: [8] Use of undefined constant TMPL_DENY_PHP - assumed 'TMPL_DENY_PHP' G:\wamp\www\HFS\Appliaction\Home\Conf\config.php 第 28 行.
INFO: [ app_begin ] --START--
INFO: Run Behavior\ReadHtmlCacheBehavior [ RunTime:0.000960s ]
INFO: [ app_begin ] --END-- [ RunTime:0.001232s ]
INFO: [ view_parse ] --START--
INFO: [ template_filter ] --START--
INFO: Run Behavior\ContentReplaceBehavior [ RunTime:0.000257s ]
INFO: [ template_filter ] --END-- [ RunTime:0.000498s ]
INFO: Run Behavior\ParseTemplateBehavior [ RunTime:0.013679s ]
INFO: [ view_parse ] --END-- [ RunTime:0.014056s ]
INFO: [ view_filter ] --START--
INFO: Run Behavior\WriteHtmlCacheBehavior [ RunTime:0.000837s ]
INFO: [ view_filter ] --END-- [ RunTime:0.001129s ]
INFO: [ app_end ] --START--
INFO: Run Behavior\ShowPageTraceBehavior [ RunTime:0.000957s ]
INFO: [ app_end ] --END-- [ RunTime:0.001211s ]

[ 2015-11-01T00:14:13+08:00 ] ::1 /HFS/index.php/Home/Dataprocess/dataPro
INFO: [ app_init ] --START--
INFO: Run Behavior\BuildLiteBehavior [ RunTime:0.000052s ]
INFO: [ app_init ] --END-- [ RunTime:0.000958s ]
NOTIC: [8] Use of undefined constant TMPL_DENY_PHP - assumed 'TMPL_DENY_PHP' G:\wamp\www\HFS\Appliaction\Home\Conf\config.php 第 28 行.
INFO: [ app_begin ] --START--
INFO: Run Behavior\ReadHtmlCacheBehavior [ RunTime:0.001200s ]
INFO: [ app_begin ] --END-- [ RunTime:0.001462s ]
SQL: SHOW COLUMNS FROM `think_gammapic` [ RunTime:0.007043s ]
NOTIC: [8] Undefined variable: map G:\wamp\www\HFS\Appliaction\Home\Controller\DataprocessController.class.php 第 17 行.
SQL: SELECT `legendName` FROM `think_gammapic`  [ RunTime:0.000380s ]
SQL: SELECT `legendName`,`powerR` FROM `think_gammapic` WHERE `legendName` = 'GM001'  [ RunTime:0.000413s ]
SQL: SELECT COUNT(*) AS tp_count FROM `think_gammapic` WHERE `legendName` = 'GM001' LIMIT 1   [ RunTime:0.000396s ]
SQL: SELECT `legendName`,`powerR` FROM `think_gammapic` WHERE `legendName` = 'GM002'  [ RunTime:0.000382s ]
SQL: SELECT COUNT(*) AS tp_count FROM `think_gammapic` WHERE `legendName` = 'GM002' LIMIT 1   [ RunTime:0.000446s ]
SQL: SELECT `legendName`,`powerR` FROM `think_gammapic` WHERE `legendName` = 'GM003'  [ RunTime:0.000289s ]
SQL: SELECT COUNT(*) AS tp_count FROM `think_gammapic` WHERE `legendName` = 'GM003' LIMIT 1   [ RunTime:0.000338s ]
INFO: [ app_end ] --START--
INFO: Run Behavior\ShowPageTraceBehavior [ RunTime:0.000872s ]
INFO: [ app_end ] --END-- [ RunTime:0.000991s ]

[ 2015-11-01T00:16:11+08:00 ] ::1 /HFS/index.php/Home/dataprocess.html
INFO: [ app_init ] --START--
INFO: Run Behavior\BuildLiteBehavior [ RunTime:0.000083s ]
INFO: [ app_init ] --END-- [ RunTime:0.001626s ]
NOTIC: [8] Use of undefined constant TMPL_DENY_PHP - assumed 'TMPL_DENY_PHP' G:\wamp\www\HFS\Appliaction\Home\Conf\config.php 第 28 行.
INFO: [ app_begin ] --START--
INFO: Run Behavior\ReadHtmlCacheBehavior [ RunTime:0.001099s ]
INFO: [ app_begin ] --END-- [ RunTime:0.001321s ]
INFO: [ view_parse ] --START--
INFO: [ template_filter ] --START--
INFO: Run Behavior\ContentReplaceBehavior [ RunTime:0.000244s ]
INFO: [ template_filter ] --END-- [ RunTime:0.000492s ]
INFO: Run Behavior\ParseTemplateBehavior [ RunTime:0.014432s ]
INFO: [ view_parse ] --END-- [ RunTime:0.014691s ]
INFO: [ view_filter ] --START--
INFO: Run Behavior\WriteHtmlCacheBehavior [ RunTime:0.001062s ]
INFO: [ view_filter ] --END-- [ RunTime:0.001277s ]
INFO: [ app_end ] --START--
INFO: Run Behavior\ShowPageTraceBehavior [ RunTime:0.001501s ]
INFO: [ app_end ] --END-- [ RunTime:0.001932s ]

[ 2015-11-01T00:16:11+08:00 ] ::1 /HFS/index.php/Home/Dataprocess/dataPro
INFO: [ app_init ] --START--
INFO: Run Behavior\BuildLiteBehavior [ RunTime:0.000052s ]
INFO: [ app_init ] --END-- [ RunTime:0.000817s ]
NOTIC: [8] Use of undefined constant TMPL_DENY_PHP - assumed 'TMPL_DENY_PHP' G:\wamp\www\HFS\Appliaction\Home\Conf\config.php 第 28 行.
INFO: [ app_begin ] --START--
INFO: Run Behavior\ReadHtmlCacheBehavior [ RunTime:0.001574s ]
INFO: [ app_begin ] --END-- [ RunTime:0.001745s ]
SQL: SHOW COLUMNS FROM `think_doserate` [ RunTime:0.006297s ]
NOTIC: [8] Undefined variable: map G:\wamp\www\HFS\Appliaction\Home\Controller\DataprocessController.class.php 第 22 行.
SQL: SELECT `legendName`,`doseRate` FROM `think_doserate`  [ RunTime:0.005578s ]
SQL: SELECT `legendName`,`doseRate` FROM `think_doserate` WHERE `legendName` = 'GM001'  [ RunTime:0.000527s ]
SQL: SELECT COUNT(*) AS tp_count FROM `think_doserate` WHERE `legendName` = 'GM001' LIMIT 1   [ RunTime:0.000392s ]
SQL: SELECT `legendName`,`doseRate` FROM `think_doserate` WHERE `legendName` = 'GM002'  [ RunTime:0.000424s ]
SQL: SELECT COUNT(*) AS tp_count FROM `think_doserate` WHERE `legendName` = 'GM002' LIMIT 1   [ RunTime:0.000355s ]
SQL: SELECT `legendName`,`doseRate` FROM `think_doserate` WHERE `legendName` = 'GM003'  [ RunTime:0.000378s ]
SQL: SELECT COUNT(*) AS tp_count FROM `think_doserate` WHERE `legendName` = 'GM003' LIMIT 1   [ RunTime:0.000425s ]
SQL: SHOW COLUMNS FROM `think_gammapic` [ RunTime:0.008269s ]
NOTIC: [8] Undefined variable: map G:\wamp\www\HFS\Appliaction\Home\Controller\DataprocessController.class.php 第 58 行.
SQL: SELECT `legendName` FROM `think_gammapic`  [ RunTime:0.000361s ]
SQL: SELECT `legendName`,`powerR` FROM `think_gammapic` WHERE `legendName` = 'GM001'  [ RunTime:0.000289s ]
SQL: SELECT COUNT(*) AS tp_count FROM `think_gammapic` WHERE `legendName` = 'GM001' LIMIT 1   [ RunTime:0.000270s ]
SQL: SELECT `legendName`,`powerR` FROM `think_gammapic` WHERE `legendName` = 'GM002'  [ RunTime:0.000271s ]
SQL: SELECT COUNT(*) AS tp_count FROM `think_gammapic` WHERE `legendName` = 'GM002' LIMIT 1   [ RunTime:0.000265s ]
SQL: SELECT `legendName`,`powerR` FROM `think_gammapic` WHERE `legendName` = 'GM003'  [ RunTime:0.000414s ]
SQL: SELECT COUNT(*) AS tp_count FROM `think_gammapic` WHERE `legendName` = 'GM003' LIMIT 1   [ RunTime:0.000301s ]
INFO: [ app_end ] --START--
INFO: Run Behavior\ShowPageTraceBehavior [ RunTime:0.000853s ]
INFO: [ app_end ] --END-- [ RunTime:0.000970s ]

[ 2015-11-01T00:16:17+08:00 ] ::1 /HFS/index.php/Home/dataprocess.html
INFO: [ app_init ] --START--
INFO: Run Behavior\BuildLiteBehavior [ RunTime:0.000075s ]
INFO: [ app_init ] --END-- [ RunTime:0.001296s ]
NOTIC: [8] Use of undefined constant TMPL_DENY_PHP - assumed 'TMPL_DENY_PHP' G:\wamp\www\HFS\Appliaction\Home\Conf\config.php 第 28 行.
INFO: [ app_begin ] --START--
INFO: Run Behavior\ReadHtmlCacheBehavior [ RunTime:0.004132s ]
INFO: [ app_begin ] --END-- [ RunTime:0.004547s ]
INFO: [ view_parse ] --START--
INFO: [ template_filter ] --START--
INFO: Run Behavior\ContentReplaceBehavior [ RunTime:0.000361s ]
INFO: [ template_filter ] --END-- [ RunTime:0.000732s ]
INFO: Run Behavior\ParseTemplateBehavior [ RunTime:0.023383s ]
INFO: [ view_parse ] --END-- [ RunTime:0.023737s ]
INFO: [ view_filter ] --START--
INFO: Run Behavior\WriteHtmlCacheBehavior [ RunTime:0.004456s ]
INFO: [ view_filter ] --END-- [ RunTime:0.005079s ]
INFO: [ app_end ] --START--
INFO: Run Behavior\ShowPageTraceBehavior [ RunTime:0.002053s ]
INFO: [ app_end ] --END-- [ RunTime:0.002594s ]

[ 2015-11-01T00:16:17+08:00 ] ::1 /HFS/index.php/Home/Dataprocess/dataPro
INFO: [ app_init ] --START--
INFO: Run Behavior\BuildLiteBehavior [ RunTime:0.000048s ]
INFO: [ app_init ] --END-- [ RunTime:0.000720s ]
NOTIC: [8] Use of undefined constant TMPL_DENY_PHP - assumed 'TMPL_DENY_PHP' G:\wamp\www\HFS\Appliaction\Home\Conf\config.php 第 28 行.
INFO: [ app_begin ] --START--
INFO: Run Behavior\ReadHtmlCacheBehavior [ RunTime:0.000597s ]
INFO: [ app_begin ] --END-- [ RunTime:0.000727s ]
SQL: SHOW COLUMNS FROM `think_doserate` [ RunTime:0.006955s ]
NOTIC: [8] Undefined variable: map G:\wamp\www\HFS\Appliaction\Home\Controller\DataprocessController.class.php 第 22 行.
SQL: SELECT `legendName`,`doseRate` FROM `think_doserate`  [ RunTime:0.000466s ]
SQL: SELECT `legendName`,`doseRate` FROM `think_doserate` WHERE `legendName` = 'GM001'  [ RunTime:0.000463s ]
SQL: SELECT COUNT(*) AS tp_count FROM `think_doserate` WHERE `legendName` = 'GM001' LIMIT 1   [ RunTime:0.000416s ]
SQL: SELECT `legendName`,`doseRate` FROM `think_doserate` WHERE `legendName` = 'GM002'  [ RunTime:0.000408s ]
SQL: SELECT COUNT(*) AS tp_count FROM `think_doserate` WHERE `legendName` = 'GM002' LIMIT 1   [ RunTime:0.000394s ]
SQL: SELECT `legendName`,`doseRate` FROM `think_doserate` WHERE `legendName` = 'GM003'  [ RunTime:0.000468s ]
SQL: SELECT COUNT(*) AS tp_count FROM `think_doserate` WHERE `legendName` = 'GM003' LIMIT 1   [ RunTime:0.000417s ]
SQL: SHOW COLUMNS FROM `think_gammapic` [ RunTime:0.007306s ]
NOTIC: [8] Undefined variable: map G:\wamp\www\HFS\Appliaction\Home\Controller\DataprocessController.class.php 第 58 行.
SQL: SELECT `legendName` FROM `think_gammapic`  [ RunTime:0.000432s ]
SQL: SELECT `legendName`,`powerR` FROM `think_gammapic` WHERE `legendName` = 'GM001'  [ RunTime:0.000369s ]
SQL: SELECT COUNT(*) AS tp_count FROM `think_gammapic` WHERE `legendName` = 'GM001' LIMIT 1   [ RunTime:0.000355s ]
SQL: SELECT `legendName`,`powerR` FROM `think_gammapic` WHERE `legendName` = 'GM002'  [ RunTime:0.000598s ]
SQL: SELECT COUNT(*) AS tp_count FROM `think_gammapic` WHERE `legendName` = 'GM002' LIMIT 1   [ RunTime:0.000485s ]
SQL: SELECT `legendName`,`powerR` FROM `think_gammapic` WHERE `legendName` = 'GM003'  [ RunTime:0.000391s ]
SQL: SELECT COUNT(*) AS tp_count FROM `think_gammapic` WHERE `legendName` = 'GM003' LIMIT 1   [ RunTime:0.000413s ]
INFO: [ app_end ] --START--
INFO: Run Behavior\ShowPageTraceBehavior [ RunTime:0.001002s ]
INFO: [ app_end ] --END-- [ RunTime:0.001180s ]

[ 2015-11-01T00:16:33+08:00 ] ::1 /HFS/index.php/Home/dataprocess.html
INFO: [ app_init ] --START--
INFO: Run Behavior\BuildLiteBehavior [ RunTime:0.000051s ]
INFO: [ app_init ] --END-- [ RunTime:0.000935s ]
NOTIC: [8] Use of undefined constant TMPL_DENY_PHP - assumed 'TMPL_DENY_PHP' G:\wamp\www\HFS\Appliaction\Home\Conf\config.php 第 28 行.
INFO: [ app_begin ] --START--
INFO: Run Behavior\ReadHtmlCacheBehavior [ RunTime:0.000785s ]
INFO: [ app_begin ] --END-- [ RunTime:0.001039s ]
INFO: [ view_parse ] --START--
INFO: [ template_filter ] --START--
INFO: Run Behavior\ContentReplaceBehavior [ RunTime:0.000260s ]
INFO: [ template_filter ] --END-- [ RunTime:0.000494s ]
INFO: Run Behavior\ParseTemplateBehavior [ RunTime:0.012197s ]
INFO: [ view_parse ] --END-- [ RunTime:0.012537s ]
INFO: [ view_filter ] --START--
INFO: Run Behavior\WriteHtmlCacheBehavior [ RunTime:0.000500s ]
INFO: [ view_filter ] --END-- [ RunTime:0.000731s ]
INFO: [ app_end ] --START--
INFO: Run Behavior\ShowPageTraceBehavior [ RunTime:0.000711s ]
INFO: [ app_end ] --END-- [ RunTime:0.001047s ]

[ 2015-11-01T00:16:34+08:00 ] ::1 /HFS/index.php/Home/Dataprocess/dataPro
INFO: [ app_init ] --START--
INFO: Run Behavior\BuildLiteBehavior [ RunTime:0.000072s ]
INFO: [ app_init ] --END-- [ RunTime:0.001681s ]
NOTIC: [8] Use of undefined constant TMPL_DENY_PHP - assumed 'TMPL_DENY_PHP' G:\wamp\www\HFS\Appliaction\Home\Conf\config.php 第 28 行.
INFO: [ app_begin ] --START--
INFO: Run Behavior\ReadHtmlCacheBehavior [ RunTime:0.002164s ]
INFO: [ app_begin ] --END-- [ RunTime:0.002742s ]
SQL: SHOW COLUMNS FROM `think_gammapic` [ RunTime:0.016375s ]
NOTIC: [8] Undefined variable: map G:\wamp\www\HFS\Appliaction\Home\Controller\DataprocessController.class.php 第 58 行.
SQL: SELECT `legendName` FROM `think_gammapic`  [ RunTime:0.000694s ]
SQL: SELECT `legendName`,`powerR` FROM `think_gammapic` WHERE `legendName` = 'GM001'  [ RunTime:0.000618s ]
SQL: SELECT COUNT(*) AS tp_count FROM `think_gammapic` WHERE `legendName` = 'GM001' LIMIT 1   [ RunTime:0.000765s ]
SQL: SELECT `legendName`,`powerR` FROM `think_gammapic` WHERE `legendName` = 'GM002'  [ RunTime:0.000400s ]
SQL: SELECT COUNT(*) AS tp_count FROM `think_gammapic` WHERE `legendName` = 'GM002' LIMIT 1   [ RunTime:0.000335s ]
SQL: SELECT `legendName`,`powerR` FROM `think_gammapic` WHERE `legendName` = 'GM003'  [ RunTime:0.000389s ]
SQL: SELECT COUNT(*) AS tp_count FROM `think_gammapic` WHERE `legendName` = 'GM003' LIMIT 1   [ RunTime:0.000354s ]
INFO: [ app_end ] --START--
INFO: Run Behavior\ShowPageTraceBehavior [ RunTime:0.001137s ]
INFO: [ app_end ] --END-- [ RunTime:0.001290s ]

[ 2015-11-01T00:16:50+08:00 ] ::1 /HFS/index.php/Home/dataprocess.html
INFO: [ app_init ] --START--
INFO: Run Behavior\BuildLiteBehavior [ RunTime:0.000086s ]
INFO: [ app_init ] --END-- [ RunTime:0.001354s ]
NOTIC: [8] Use of undefined constant TMPL_DENY_PHP - assumed 'TMPL_DENY_PHP' G:\wamp\www\HFS\Appliaction\Home\Conf\config.php 第 28 行.
INFO: [ app_begin ] --START--
INFO: Run Behavior\ReadHtmlCacheBehavior [ RunTime:0.003138s ]
INFO: [ app_begin ] --END-- [ RunTime:0.003758s ]
INFO: [ view_parse ] --START--
INFO: [ template_filter ] --START--
INFO: Run Behavior\ContentReplaceBehavior [ RunTime:0.000892s ]
INFO: [ template_filter ] --END-- [ RunTime:0.001794s ]
INFO: Run Behavior\ParseTemplateBehavior [ RunTime:0.056496s ]
INFO: [ view_parse ] --END-- [ RunTime:0.057212s ]
INFO: [ view_filter ] --START--
INFO: Run Behavior\WriteHtmlCacheBehavior [ RunTime:0.004634s ]
INFO: [ view_filter ] --END-- [ RunTime:0.005122s ]
INFO: [ app_end ] --START--
INFO: Run Behavior\ShowPageTraceBehavior [ RunTime:0.001916s ]
INFO: [ app_end ] --END-- [ RunTime:0.002254s ]

[ 2015-11-01T00:16:51+08:00 ] ::1 /HFS/index.php/Home/Dataprocess/dataPro
INFO: [ app_init ] --START--
INFO: Run Behavior\BuildLiteBehavior [ RunTime:0.000109s ]
INFO: [ app_init ] --END-- [ RunTime:0.001031s ]
NOTIC: [8] Use of undefined constant TMPL_DENY_PHP - assumed 'TMPL_DENY_PHP' G:\wamp\www\HFS\Appliaction\Home\Conf\config.php 第 28 行.
INFO: [ app_begin ] --START--
INFO: Run Behavior\ReadHtmlCacheBehavior [ RunTime:0.000932s ]
INFO: [ app_begin ] --END-- [ RunTime:0.001092s ]
SQL: SHOW COLUMNS FROM `think_doserate` [ RunTime:0.007856s ]
NOTIC: [8] Undefined variable: map G:\wamp\www\HFS\Appliaction\Home\Controller\DataprocessController.class.php 第 22 行.
SQL: SELECT `legendName`,`doseRate` FROM `think_doserate`  [ RunTime:0.000423s ]
SQL: SELECT `legendName`,`doseRate` FROM `think_doserate` WHERE `legendName` = 'GM001'  [ RunTime:0.000318s ]
SQL: SELECT COUNT(*) AS tp_count FROM `think_doserate` WHERE `legendName` = 'GM001' LIMIT 1   [ RunTime:0.000482s ]
SQL: SELECT `legendName`,`doseRate` FROM `think_doserate` WHERE `legendName` = 'GM002'  [ RunTime:0.000639s ]
SQL: SELECT COUNT(*) AS tp_count FROM `think_doserate` WHERE `legendName` = 'GM002' LIMIT 1   [ RunTime:0.000994s ]
SQL: SELECT `legendName`,`doseRate` FROM `think_doserate` WHERE `legendName` = 'GM003'  [ RunTime:0.000529s ]
SQL: SELECT COUNT(*) AS tp_count FROM `think_doserate` WHERE `legendName` = 'GM003' LIMIT 1   [ RunTime:0.000501s ]
SQL: SHOW COLUMNS FROM `think_gammapic` [ RunTime:0.006581s ]
NOTIC: [8] Undefined variable: map G:\wamp\www\HFS\Appliaction\Home\Controller\DataprocessController.class.php 第 58 行.
SQL: SELECT `legendName` FROM `think_gammapic`  [ RunTime:0.000366s ]
SQL: SELECT `legendName`,`powerR` FROM `think_gammapic` WHERE `legendName` = 'GM001'  [ RunTime:0.000342s ]
SQL: SELECT COUNT(*) AS tp_count FROM `think_gammapic` WHERE `legendName` = 'GM001' LIMIT 1   [ RunTime:0.000321s ]
SQL: SELECT `legendName`,`powerR` FROM `think_gammapic` WHERE `legendName` = 'GM002'  [ RunTime:0.000454s ]
SQL: SELECT COUNT(*) AS tp_count FROM `think_gammapic` WHERE `legendName` = 'GM002' LIMIT 1   [ RunTime:0.000445s ]
SQL: SELECT `legendName`,`powerR` FROM `think_gammapic` WHERE `legendName` = 'GM003'  [ RunTime:0.000341s ]
SQL: SELECT COUNT(*) AS tp_count FROM `think_gammapic` WHERE `legendName` = 'GM003' LIMIT 1   [ RunTime:0.000325s ]
INFO: [ app_end ] --START--
INFO: Run Behavior\ShowPageTraceBehavior [ RunTime:0.001039s ]
INFO: [ app_end ] --END-- [ RunTime:0.001196s ]

[ 2015-11-01T00:18:28+08:00 ] ::1 /HFS/index.php/Home/dataprocess.html
INFO: [ app_init ] --START--
INFO: Run Behavior\BuildLiteBehavior [ RunTime:0.000054s ]
INFO: [ app_init ] --END-- [ RunTime:0.001977s ]
NOTIC: [8] Use of undefined constant TMPL_DENY_PHP - assumed 'TMPL_DENY_PHP' G:\wamp\www\HFS\Appliaction\Home\Conf\config.php 第 28 行.
INFO: [ app_begin ] --START--
INFO: Run Behavior\ReadHtmlCacheBehavior [ RunTime:0.001076s ]
INFO: [ app_begin ] --END-- [ RunTime:0.001297s ]
INFO: [ view_parse ] --START--
INFO: [ template_filter ] --START--
INFO: Run Behavior\ContentReplaceBehavior [ RunTime:0.000238s ]
INFO: [ template_filter ] --END-- [ RunTime:0.000516s ]
INFO: Run Behavior\ParseTemplateBehavior [ RunTime:0.016332s ]
INFO: [ view_parse ] --END-- [ RunTime:0.016650s ]
INFO: [ view_filter ] --START--
INFO: Run Behavior\WriteHtmlCacheBehavior [ RunTime:0.000952s ]
INFO: [ view_filter ] --END-- [ RunTime:0.001197s ]
INFO: [ app_end ] --START--
INFO: Run Behavior\ShowPageTraceBehavior [ RunTime:0.001283s ]
INFO: [ app_end ] --END-- [ RunTime:0.001597s ]

[ 2015-11-01T00:18:29+08:00 ] ::1 /HFS/index.php/Home/Dataprocess/dataPro
INFO: [ app_init ] --START--
INFO: Run Behavior\BuildLiteBehavior [ RunTime:0.000072s ]
INFO: [ app_init ] --END-- [ RunTime:0.001051s ]
NOTIC: [8] Use of undefined constant TMPL_DENY_PHP - assumed 'TMPL_DENY_PHP' G:\wamp\www\HFS\Appliaction\Home\Conf\config.php 第 28 行.
INFO: [ app_begin ] --START--
INFO: Run Behavior\ReadHtmlCacheBehavior [ RunTime:0.001237s ]
INFO: [ app_begin ] --END-- [ RunTime:0.001502s ]
SQL: SHOW COLUMNS FROM `think_doserate` [ RunTime:0.008718s ]
NOTIC: [8] Undefined variable: map G:\wamp\www\HFS\Appliaction\Home\Controller\DataprocessController.class.php 第 22 行.
SQL: SELECT `legendName`,`doseRate` FROM `think_doserate`  [ RunTime:0.000389s ]
SQL: SELECT `legendName`,`doseRate` FROM `think_doserate` WHERE `legendName` = 'GM001'  [ RunTime:0.000400s ]
SQL: SELECT COUNT(*) AS tp_count FROM `think_doserate` WHERE `legendName` = 'GM001' LIMIT 1   [ RunTime:0.000347s ]
SQL: SELECT `legendName`,`doseRate` FROM `think_doserate` WHERE `legendName` = 'GM002'  [ RunTime:0.000309s ]
SQL: SELECT COUNT(*) AS tp_count FROM `think_doserate` WHERE `legendName` = 'GM002' LIMIT 1   [ RunTime:0.000287s ]
SQL: SELECT `legendName`,`doseRate` FROM `think_doserate` WHERE `legendName` = 'GM003'  [ RunTime:0.000348s ]
SQL: SELECT COUNT(*) AS tp_count FROM `think_doserate` WHERE `legendName` = 'GM003' LIMIT 1   [ RunTime:0.000271s ]
SQL: SHOW COLUMNS FROM `think_gammapic` [ RunTime:0.006836s ]
NOTIC: [8] Undefined variable: map G:\wamp\www\HFS\Appliaction\Home\Controller\DataprocessController.class.php 第 58 行.
SQL: SELECT `legendName` FROM `think_gammapic`  [ RunTime:0.000446s ]
SQL: SELECT `legendName`,`powerR` FROM `think_gammapic` WHERE `legendName` = 'GM001'  [ RunTime:0.000371s ]
SQL: SELECT COUNT(*) AS tp_count FROM `think_gammapic` WHERE `legendName` = 'GM001' LIMIT 1   [ RunTime:0.000250s ]
SQL: SELECT `legendName`,`powerR` FROM `think_gammapic` WHERE `legendName` = 'GM002'  [ RunTime:0.000240s ]
SQL: SELECT COUNT(*) AS tp_count FROM `think_gammapic` WHERE `legendName` = 'GM002' LIMIT 1   [ RunTime:0.000241s ]
SQL: SELECT `legendName`,`powerR` FROM `think_gammapic` WHERE `legendName` = 'GM003'  [ RunTime:0.000245s ]
SQL: SELECT COUNT(*) AS tp_count FROM `think_gammapic` WHERE `legendName` = 'GM003' LIMIT 1   [ RunTime:0.000222s ]
INFO: [ app_end ] --START--
INFO: Run Behavior\ShowPageTraceBehavior [ RunTime:0.000889s ]
INFO: [ app_end ] --END-- [ RunTime:0.001008s ]

[ 2015-11-01T00:21:49+08:00 ] ::1 /HFS/index.php/Home/dataprocess.html
INFO: [ app_init ] --START--
INFO: Run Behavior\BuildLiteBehavior [ RunTime:0.000040s ]
INFO: [ app_init ] --END-- [ RunTime:0.001381s ]
NOTIC: [8] Use of undefined constant TMPL_DENY_PHP - assumed 'TMPL_DENY_PHP' G:\wamp\www\HFS\Appliaction\Home\Conf\config.php 第 28 行.
INFO: [ app_begin ] --START--
INFO: Run Behavior\ReadHtmlCacheBehavior [ RunTime:0.001106s ]
INFO: [ app_begin ] --END-- [ RunTime:0.001437s ]
INFO: [ view_parse ] --START--
INFO: [ template_filter ] --START--
INFO: Run Behavior\ContentReplaceBehavior [ RunTime:0.000181s ]
INFO: [ template_filter ] --END-- [ RunTime:0.000367s ]
INFO: Run Behavior\ParseTemplateBehavior [ RunTime:0.010347s ]
INFO: [ view_parse ] --END-- [ RunTime:0.010554s ]
INFO: [ view_filter ] --START--
INFO: Run Behavior\WriteHtmlCacheBehavior [ RunTime:0.001073s ]
INFO: [ view_filter ] --END-- [ RunTime:0.001273s ]
INFO: [ app_end ] --START--
INFO: Run Behavior\ShowPageTraceBehavior [ RunTime:0.001535s ]
INFO: [ app_end ] --END-- [ RunTime:0.001795s ]

[ 2015-11-01T00:21:49+08:00 ] ::1 /HFS/index.php/Home/Dataprocess/dataPro
INFO: [ app_init ] --START--
INFO: Run Behavior\BuildLiteBehavior [ RunTime:0.000081s ]
INFO: [ app_init ] --END-- [ RunTime:0.001116s ]
NOTIC: [8] Use of undefined constant TMPL_DENY_PHP - assumed 'TMPL_DENY_PHP' G:\wamp\www\HFS\Appliaction\Home\Conf\config.php 第 28 行.
INFO: [ app_begin ] --START--
INFO: Run Behavior\ReadHtmlCacheBehavior [ RunTime:0.001103s ]
INFO: [ app_begin ] --END-- [ RunTime:0.001363s ]
SQL: SHOW COLUMNS FROM `think_doserate` [ RunTime:0.056742s ]
NOTIC: [8] Undefined variable: map G:\wamp\www\HFS\Appliaction\Home\Controller\DataprocessController.class.php 第 21 行.
SQL: SELECT `legendName`,`doseRate` FROM `think_doserate`  [ RunTime:0.000359s ]
SQL: SELECT `legendName`,`doseRate` FROM `think_doserate` WHERE `legendName` = 'GM001'  [ RunTime:0.000330s ]
SQL: SELECT COUNT(*) AS tp_count FROM `think_doserate` WHERE `legendName` = 'GM001' LIMIT 1   [ RunTime:0.000692s ]
SQL: SELECT `legendName`,`doseRate` FROM `think_doserate` WHERE `legendName` = 'GM002'  [ RunTime:0.000413s ]
SQL: SELECT COUNT(*) AS tp_count FROM `think_doserate` WHERE `legendName` = 'GM002' LIMIT 1   [ RunTime:0.000323s ]
SQL: SELECT `legendName`,`doseRate` FROM `think_doserate` WHERE `legendName` = 'GM003'  [ RunTime:0.000319s ]
SQL: SELECT COUNT(*) AS tp_count FROM `think_doserate` WHERE `legendName` = 'GM003' LIMIT 1   [ RunTime:0.000288s ]
INFO: [ app_end ] --START--
INFO: Run Behavior\ShowPageTraceBehavior [ RunTime:0.000943s ]
INFO: [ app_end ] --END-- [ RunTime:0.001064s ]

[ 2015-11-01T00:28:06+08:00 ] ::1 /HFS/index.php/Home/dataprocess.html
INFO: [ app_init ] --START--
INFO: Run Behavior\BuildLiteBehavior [ RunTime:0.000037s ]
INFO: [ app_init ] --END-- [ RunTime:0.000621s ]
NOTIC: [8] Use of undefined constant TMPL_DENY_PHP - assumed 'TMPL_DENY_PHP' G:\wamp\www\HFS\Appliaction\Home\Conf\config.php 第 28 行.
INFO: [ app_begin ] --START--
INFO: Run Behavior\ReadHtmlCacheBehavior [ RunTime:0.000861s ]
INFO: [ app_begin ] --END-- [ RunTime:0.001026s ]

[ 2015-11-01T00:28:17+08:00 ] ::1 /HFS/index.php/Home/dataprocess.html
INFO: [ app_init ] --START--
INFO: Run Behavior\BuildLiteBehavior [ RunTime:0.000037s ]
INFO: [ app_init ] --END-- [ RunTime:0.000604s ]
NOTIC: [8] Use of undefined constant TMPL_DENY_PHP - assumed 'TMPL_DENY_PHP' G:\wamp\www\HFS\Appliaction\Home\Conf\config.php 第 28 行.
INFO: [ app_begin ] --START--
INFO: Run Behavior\ReadHtmlCacheBehavior [ RunTime:0.001186s ]
INFO: [ app_begin ] --END-- [ RunTime:0.001440s ]
INFO: [ view_parse ] --START--
INFO: [ template_filter ] --START--
INFO: Run Behavior\ContentReplaceBehavior [ RunTime:0.000178s ]
INFO: [ template_filter ] --END-- [ RunTime:0.000358s ]
INFO: Run Behavior\ParseTemplateBehavior [ RunTime:0.011793s ]
INFO: [ view_parse ] --END-- [ RunTime:0.012135s ]
INFO: [ view_filter ] --START--
INFO: Run Behavior\WriteHtmlCacheBehavior [ RunTime:0.000693s ]
INFO: [ view_filter ] --END-- [ RunTime:0.000859s ]
INFO: [ app_end ] --START--
INFO: Run Behavior\ShowPageTraceBehavior [ RunTime:0.000852s ]
INFO: [ app_end ] --END-- [ RunTime:0.001020s ]

[ 2015-11-01T00:28:29+08:00 ] ::1 /HFS/index.php/Home/Dataprocess/dataPro
INFO: [ app_init ] --START--
INFO: Run Behavior\BuildLiteBehavior [ RunTime:0.000090s ]
INFO: [ app_init ] --END-- [ RunTime:0.000984s ]
NOTIC: [8] Use of undefined constant TMPL_DENY_PHP - assumed 'TMPL_DENY_PHP' G:\wamp\www\HFS\Appliaction\Home\Conf\config.php 第 28 行.
INFO: [ app_begin ] --START--
INFO: Run Behavior\ReadHtmlCacheBehavior [ RunTime:0.001168s ]
INFO: [ app_begin ] --END-- [ RunTime:0.001410s ]
SQL: SHOW COLUMNS FROM `think_doserate` [ RunTime:0.079602s ]
NOTIC: [8] Undefined variable: map G:\wamp\www\HFS\Appliaction\Home\Controller\DataprocessController.class.php 第 36 行.
SQL: SELECT `legendName`,`doseRate` FROM `think_doserate`  [ RunTime:0.000801s ]
SQL: SELECT `legendName`,`doseRate` FROM `think_doserate` WHERE `legendName` = 'GM001'  [ RunTime:0.000802s ]
SQL: SELECT COUNT(*) AS tp_count FROM `think_doserate` WHERE `legendName` = 'GM001' LIMIT 1   [ RunTime:0.000838s ]
SQL: SELECT `legendName`,`doseRate` FROM `think_doserate` WHERE `legendName` = 'GM002'  [ RunTime:0.000714s ]
SQL: SELECT COUNT(*) AS tp_count FROM `think_doserate` WHERE `legendName` = 'GM002' LIMIT 1   [ RunTime:0.000675s ]
SQL: SELECT `legendName`,`doseRate` FROM `think_doserate` WHERE `legendName` = 'GM003'  [ RunTime:0.000693s ]
SQL: SELECT COUNT(*) AS tp_count FROM `think_doserate` WHERE `legendName` = 'GM003' LIMIT 1   [ RunTime:0.000621s ]
SQL: SHOW COLUMNS FROM `think_gammapic` [ RunTime:0.016931s ]
NOTIC: [8] Undefined variable: map G:\wamp\www\HFS\Appliaction\Home\Controller\DataprocessController.class.php 第 64 行.
SQL: SELECT `legendName` FROM `think_gammapic`  [ RunTime:0.000885s ]
SQL: SELECT `legendName`,`powerR` FROM `think_gammapic` WHERE `legendName` = 'GM001'  [ RunTime:0.000663s ]
SQL: SELECT COUNT(*) AS tp_count FROM `think_gammapic` WHERE `legendName` = 'GM001' LIMIT 1   [ RunTime:0.000547s ]
SQL: SELECT `legendName`,`powerR` FROM `think_gammapic` WHERE `legendName` = 'GM002'  [ RunTime:0.000643s ]
SQL: SELECT COUNT(*) AS tp_count FROM `think_gammapic` WHERE `legendName` = 'GM002' LIMIT 1   [ RunTime:0.000660s ]
SQL: SELECT `legendName`,`powerR` FROM `think_gammapic` WHERE `legendName` = 'GM003'  [ RunTime:0.000636s ]
SQL: SELECT COUNT(*) AS tp_count FROM `think_gammapic` WHERE `legendName` = 'GM003' LIMIT 1   [ RunTime:0.000752s ]
INFO: [ app_end ] --START--
INFO: Run Behavior\ShowPageTraceBehavior [ RunTime:0.001972s ]
INFO: [ app_end ] --END-- [ RunTime:0.002250s ]

[ 2015-11-01T17:11:20+08:00 ] ::1 /HFS/index.php/
INFO: [ app_init ] --START--
INFO: Run Behavior\BuildLiteBehavior [ RunTime:0.000033s ]
INFO: [ app_init ] --END-- [ RunTime:0.003625s ]
NOTIC: [8] Use of undefined constant TMPL_DENY_PHP - assumed 'TMPL_DENY_PHP' G:\wamp\www\HFS\Appliaction\Home\Conf\config.php 第 28 行.
INFO: [ app_begin ] --START--
INFO: Run Behavior\ReadHtmlCacheBehavior [ RunTime:0.004476s ]
INFO: [ app_begin ] --END-- [ RunTime:0.004649s ]
SQL: SHOW COLUMNS FROM `think_news` [ RunTime:0.016437s ]
SQL: SHOW COLUMNS FROM `think_report` [ RunTime:0.011562s ]
SQL: SHOW COLUMNS FROM `think_notice` [ RunTime:0.008115s ]
SQL: SELECT * FROM `think_news` ORDER BY pTime desc LIMIT 6   [ RunTime:0.030318s ]
SQL: SELECT * FROM `think_report` ORDER BY pTime desc  LIMIT 6   [ RunTime:0.000398s ]
SQL: SELECT * FROM `think_notice` ORDER BY pTime desc  LIMIT 6   [ RunTime:0.039975s ]
INFO: [ view_parse ] --START--
INFO: [ template_filter ] --START--
INFO: Run Behavior\ContentReplaceBehavior [ RunTime:0.000478s ]
INFO: [ template_filter ] --END-- [ RunTime:0.000862s ]
INFO: Run Behavior\ParseTemplateBehavior [ RunTime:0.501839s ]
INFO: [ view_parse ] --END-- [ RunTime:0.502360s ]
INFO: [ view_filter ] --START--
INFO: Run Behavior\WriteHtmlCacheBehavior [ RunTime:0.006995s ]
INFO: [ view_filter ] --END-- [ RunTime:0.007376s ]
INFO: [ app_end ] --START--
INFO: Run Behavior\ShowPageTraceBehavior [ RunTime:0.004409s ]
INFO: [ app_end ] --END-- [ RunTime:0.004655s ]

[ 2015-11-01T17:11:33+08:00 ] ::1 /HFS/index.php/Home/Dataquery
INFO: [ app_init ] --START--
INFO: Run Behavior\BuildLiteBehavior [ RunTime:0.000037s ]
INFO: [ app_init ] --END-- [ RunTime:0.000731s ]
NOTIC: [8] Use of undefined constant TMPL_DENY_PHP - assumed 'TMPL_DENY_PHP' G:\wamp\www\HFS\Appliaction\Home\Conf\config.php 第 28 行.
INFO: [ app_begin ] --START--
INFO: Run Behavior\ReadHtmlCacheBehavior [ RunTime:0.000992s ]
INFO: [ app_begin ] --END-- [ RunTime:0.001163s ]
INFO: [ view_parse ] --START--
INFO: [ template_filter ] --START--
INFO: Run Behavior\ContentReplaceBehavior [ RunTime:0.000526s ]
INFO: [ template_filter ] --END-- [ RunTime:0.007965s ]
INFO: Run Behavior\ParseTemplateBehavior [ RunTime:0.108472s ]
INFO: [ view_parse ] --END-- [ RunTime:0.108982s ]
INFO: [ view_filter ] --START--
INFO: Run Behavior\WriteHtmlCacheBehavior [ RunTime:0.002131s ]
INFO: [ view_filter ] --END-- [ RunTime:0.002671s ]
INFO: [ app_end ] --START--
INFO: Run Behavior\ShowPageTraceBehavior [ RunTime:0.026526s ]
INFO: [ app_end ] --END-- [ RunTime:0.027013s ]

[ 2015-11-01T17:11:57+08:00 ] ::1 /HFS/index.php/Home/Dataquery/dataQuery
INFO: [ app_init ] --START--
INFO: Run Behavior\BuildLiteBehavior [ RunTime:0.000036s ]
INFO: [ app_init ] --END-- [ RunTime:0.000644s ]
NOTIC: [8] Use of undefined constant TMPL_DENY_PHP - assumed 'TMPL_DENY_PHP' G:\wamp\www\HFS\Appliaction\Home\Conf\config.php 第 28 行.
INFO: [ app_begin ] --START--
INFO: Run Behavior\ReadHtmlCacheBehavior [ RunTime:0.000819s ]
INFO: [ app_begin ] --END-- [ RunTime:0.000964s ]
SQL: SHOW COLUMNS FROM `think_dmsr` [ RunTime:0.016553s ]
SQL: SELECT monitorNum as name,collectTime as date,`longitude`,`latitude` FROM `think_dmsr` WHERE ( `longitude` > 0 AND `longitude` < 180  ) AND ( `latitude` > 0 AND `latitude` < 90  ) AND ( `collectTime` > 1446369117 AND `collectTime` < 1446455517  ) ORDER BY collectTime desc  [ RunTime:0.010539s ]
ERR: 1054:Unknown column 'monitorNum' in 'field list'
 [ SQL语句 ] : SELECT monitorNum as name,collectTime as date,`longitude`,`latitude` FROM `think_dmsr` WHERE ( `longitude` > 0 AND `longitude` < 180  ) AND ( `latitude` > 0 AND `latitude` < 90  ) AND ( `collectTime` > 1446369117 AND `collectTime` < 1446455517  ) ORDER BY collectTime desc 
NOTIC: [2] Invalid argument supplied for foreach() G:\wamp\www\HFS\Appliaction\Home\Controller\DataqueryController.class.php 第 40 行.
INFO: [ app_end ] --START--
INFO: Run Behavior\ShowPageTraceBehavior [ RunTime:0.002155s ]
INFO: [ app_end ] --END-- [ RunTime:0.002438s ]

[ 2015-11-01T17:12:09+08:00 ] ::1 /HFS/index.php/Home/Dataquery/dataQuery
INFO: [ app_init ] --START--
INFO: Run Behavior\BuildLiteBehavior [ RunTime:0.000036s ]
INFO: [ app_init ] --END-- [ RunTime:0.000570s ]
NOTIC: [8] Use of undefined constant TMPL_DENY_PHP - assumed 'TMPL_DENY_PHP' G:\wamp\www\HFS\Appliaction\Home\Conf\config.php 第 28 行.
INFO: [ app_begin ] --START--
INFO: Run Behavior\ReadHtmlCacheBehavior [ RunTime:0.000770s ]
INFO: [ app_begin ] --END-- [ RunTime:0.000909s ]
SQL: SHOW COLUMNS FROM `think_dmsr` [ RunTime:0.013123s ]
SQL: SELECT monitorNum as name,collectTime as date,`longitude`,`latitude` FROM `think_dmsr` WHERE ( `longitude` > 0 AND `longitude` < 180  ) AND ( `latitude` > 0 AND `latitude` < 90  ) AND ( `collectTime` > 1443690720 AND `collectTime` < 1446369120  ) ORDER BY collectTime desc  [ RunTime:0.000588s ]
ERR: 1054:Unknown column 'monitorNum' in 'field list'
 [ SQL语句 ] : SELECT monitorNum as name,collectTime as date,`longitude`,`latitude` FROM `think_dmsr` WHERE ( `longitude` > 0 AND `longitude` < 180  ) AND ( `latitude` > 0 AND `latitude` < 90  ) AND ( `collectTime` > 1443690720 AND `collectTime` < 1446369120  ) ORDER BY collectTime desc 
NOTIC: [2] Invalid argument supplied for foreach() G:\wamp\www\HFS\Appliaction\Home\Controller\DataqueryController.class.php 第 40 行.
INFO: [ app_end ] --START--
INFO: Run Behavior\ShowPageTraceBehavior [ RunTime:0.001818s ]
INFO: [ app_end ] --END-- [ RunTime:0.002088s ]

[ 2015-11-01T17:12:22+08:00 ] ::1 /HFS/index.php/Home/Dataquery/dataQuery
INFO: [ app_init ] --START--
INFO: Run Behavior\BuildLiteBehavior [ RunTime:0.000071s ]
INFO: [ app_init ] --END-- [ RunTime:0.001148s ]
NOTIC: [8] Use of undefined constant TMPL_DENY_PHP - assumed 'TMPL_DENY_PHP' G:\wamp\www\HFS\Appliaction\Home\Conf\config.php 第 28 行.
INFO: [ app_begin ] --START--
INFO: Run Behavior\ReadHtmlCacheBehavior [ RunTime:0.001527s ]
INFO: [ app_begin ] --END-- [ RunTime:0.001805s ]
SQL: SHOW COLUMNS FROM `think_dmsr` [ RunTime:0.022890s ]
SQL: SELECT monitorNum as name,collectTime as date,`longitude`,`latitude` FROM `think_dmsr` WHERE ( `longitude` > 0 AND `longitude` < 180  ) AND ( `latitude` > 0 AND `latitude` < 90  ) AND ( `collectTime` > 1443690720 AND `collectTime` < 1444381920  ) ORDER BY collectTime desc  [ RunTime:0.000402s ]
ERR: 1054:Unknown column 'monitorNum' in 'field list'
 [ SQL语句 ] : SELECT monitorNum as name,collectTime as date,`longitude`,`latitude` FROM `think_dmsr` WHERE ( `longitude` > 0 AND `longitude` < 180  ) AND ( `latitude` > 0 AND `latitude` < 90  ) AND ( `collectTime` > 1443690720 AND `collectTime` < 1444381920  ) ORDER BY collectTime desc 
NOTIC: [2] Invalid argument supplied for foreach() G:\wamp\www\HFS\Appliaction\Home\Controller\DataqueryController.class.php 第 40 行.
INFO: [ app_end ] --START--
INFO: Run Behavior\ShowPageTraceBehavior [ RunTime:0.001210s ]
INFO: [ app_end ] --END-- [ RunTime:0.001382s ]

[ 2015-11-01T17:12:29+08:00 ] ::1 /HFS/index.php/Home/Dataquery/dataQuery
INFO: [ app_init ] --START--
INFO: Run Behavior\BuildLiteBehavior [ RunTime:0.000035s ]
INFO: [ app_init ] --END-- [ RunTime:0.000583s ]
NOTIC: [8] Use of undefined constant TMPL_DENY_PHP - assumed 'TMPL_DENY_PHP' G:\wamp\www\HFS\Appliaction\Home\Conf\config.php 第 28 行.
INFO: [ app_begin ] --START--
INFO: Run Behavior\ReadHtmlCacheBehavior [ RunTime:0.000781s ]
INFO: [ app_begin ] --END-- [ RunTime:0.000938s ]
SQL: SHOW COLUMNS FROM `think_dmsr` [ RunTime:0.012794s ]
SQL: SELECT monitorNum as name,collectTime as date,`longitude`,`latitude` FROM `think_dmsr` WHERE ( `longitude` > 0 AND `longitude` < 180  ) AND ( `latitude` > 0 AND `latitude` < 90  ) AND ( `collectTime` > 1443690720 AND `collectTime` < 1444381920  ) ORDER BY collectTime desc  [ RunTime:0.000522s ]
ERR: 1054:Unknown column 'monitorNum' in 'field list'
 [ SQL语句 ] : SELECT monitorNum as name,collectTime as date,`longitude`,`latitude` FROM `think_dmsr` WHERE ( `longitude` > 0 AND `longitude` < 180  ) AND ( `latitude` > 0 AND `latitude` < 90  ) AND ( `collectTime` > 1443690720 AND `collectTime` < 1444381920  ) ORDER BY collectTime desc 
NOTIC: [2] Invalid argument supplied for foreach() G:\wamp\www\HFS\Appliaction\Home\Controller\DataqueryController.class.php 第 40 行.
INFO: [ app_end ] --START--
INFO: Run Behavior\ShowPageTraceBehavior [ RunTime:0.001752s ]
INFO: [ app_end ] --END-- [ RunTime:0.002046s ]

[ 2015-11-01T17:12:37+08:00 ] ::1 /HFS/index.php/Home/Dataquery/dataQuery
INFO: [ app_init ] --START--
INFO: Run Behavior\BuildLiteBehavior [ RunTime:0.000035s ]
INFO: [ app_init ] --END-- [ RunTime:0.000564s ]
NOTIC: [8] Use of undefined constant TMPL_DENY_PHP - assumed 'TMPL_DENY_PHP' G:\wamp\www\HFS\Appliaction\Home\Conf\config.php 第 28 行.
INFO: [ app_begin ] --START--
INFO: Run Behavior\ReadHtmlCacheBehavior [ RunTime:0.000779s ]
INFO: [ app_begin ] --END-- [ RunTime:0.000914s ]
SQL: SHOW COLUMNS FROM `think_dmsr` [ RunTime:0.006546s ]
SQL: SELECT monitorNum as name,collectTime as date,`longitude`,`latitude` FROM `think_dmsr` WHERE ( `longitude` > 0 AND `longitude` < 180  ) AND ( `latitude` > 0 AND `latitude` < 90  ) AND ( `collectTime` > 1443690720 AND `collectTime` < 1444381920  ) ORDER BY collectTime desc  [ RunTime:0.000309s ]
ERR: 1054:Unknown column 'monitorNum' in 'field list'
 [ SQL语句 ] : SELECT monitorNum as name,collectTime as date,`longitude`,`latitude` FROM `think_dmsr` WHERE ( `longitude` > 0 AND `longitude` < 180  ) AND ( `latitude` > 0 AND `latitude` < 90  ) AND ( `collectTime` > 1443690720 AND `collectTime` < 1444381920  ) ORDER BY collectTime desc 
NOTIC: [2] Invalid argument supplied for foreach() G:\wamp\www\HFS\Appliaction\Home\Controller\DataqueryController.class.php 第 40 行.
INFO: [ app_end ] --START--
INFO: Run Behavior\ShowPageTraceBehavior [ RunTime:0.000911s ]
INFO: [ app_end ] --END-- [ RunTime:0.001044s ]

[ 2015-11-01T17:13:08+08:00 ] ::1 /HFS/index.php/Home/Dataquery/dataQuery
INFO: [ app_init ] --START--
INFO: Run Behavior\BuildLiteBehavior [ RunTime:0.000037s ]
INFO: [ app_init ] --END-- [ RunTime:0.000640s ]
NOTIC: [8] Use of undefined constant TMPL_DENY_PHP - assumed 'TMPL_DENY_PHP' G:\wamp\www\HFS\Appliaction\Home\Conf\config.php 第 28 行.
INFO: [ app_begin ] --START--
INFO: Run Behavior\ReadHtmlCacheBehavior [ RunTime:0.000800s ]
INFO: [ app_begin ] --END-- [ RunTime:0.000964s ]
SQL: SHOW COLUMNS FROM `think_dmsr` [ RunTime:0.013488s ]
SQL: SELECT monitorNum as name,collectTime as date,`longitude`,`latitude` FROM `think_dmsr` WHERE ( `longitude` > 0 AND `longitude` < 180  ) AND ( `latitude` > 0 AND `latitude` < 90  ) AND ( `collectTime` > 1444147200 AND `collectTime` < 1444381920  ) ORDER BY collectTime desc  [ RunTime:0.000492s ]
ERR: 1054:Unknown column 'monitorNum' in 'field list'
 [ SQL语句 ] : SELECT monitorNum as name,collectTime as date,`longitude`,`latitude` FROM `think_dmsr` WHERE ( `longitude` > 0 AND `longitude` < 180  ) AND ( `latitude` > 0 AND `latitude` < 90  ) AND ( `collectTime` > 1444147200 AND `collectTime` < 1444381920  ) ORDER BY collectTime desc 
NOTIC: [2] Invalid argument supplied for foreach() G:\wamp\www\HFS\Appliaction\Home\Controller\DataqueryController.class.php 第 40 行.
INFO: [ app_end ] --START--
INFO: Run Behavior\ShowPageTraceBehavior [ RunTime:0.001861s ]
INFO: [ app_end ] --END-- [ RunTime:0.002130s ]

[ 2015-11-01T17:13:19+08:00 ] ::1 /HFS/index.php/Home/Dataquery/dataQuery
INFO: [ app_init ] --START--
INFO: Run Behavior\BuildLiteBehavior [ RunTime:0.000036s ]
INFO: [ app_init ] --END-- [ RunTime:0.000591s ]
NOTIC: [8] Use of undefined constant TMPL_DENY_PHP - assumed 'TMPL_DENY_PHP' G:\wamp\www\HFS\Appliaction\Home\Conf\config.php 第 28 行.
INFO: [ app_begin ] --START--
INFO: Run Behavior\ReadHtmlCacheBehavior [ RunTime:0.000798s ]
INFO: [ app_begin ] --END-- [ RunTime:0.000932s ]
SQL: SHOW COLUMNS FROM `think_dmsr` [ RunTime:0.005380s ]
SQL: SELECT monitorNum as name,collectTime as date,`longitude`,`latitude` FROM `think_dmsr` WHERE ( `longitude` > 0 AND `longitude` < 180  ) AND ( `latitude` > 0 AND `latitude` < 90  ) AND ( `collectTime` > 1444147200 AND `collectTime` < 1444381920  ) ORDER BY collectTime desc  [ RunTime:0.000323s ]
ERR: 1054:Unknown column 'monitorNum' in 'field list'
 [ SQL语句 ] : SELECT monitorNum as name,collectTime as date,`longitude`,`latitude` FROM `think_dmsr` WHERE ( `longitude` > 0 AND `longitude` < 180  ) AND ( `latitude` > 0 AND `latitude` < 90  ) AND ( `collectTime` > 1444147200 AND `collectTime` < 1444381920  ) ORDER BY collectTime desc 
NOTIC: [2] Invalid argument supplied for foreach() G:\wamp\www\HFS\Appliaction\Home\Controller\DataqueryController.class.php 第 40 行.
INFO: [ app_end ] --START--
INFO: Run Behavior\ShowPageTraceBehavior [ RunTime:0.000796s ]
INFO: [ app_end ] --END-- [ RunTime:0.000903s ]

[ 2015-11-01T17:13:21+08:00 ] ::1 /HFS/index.php/Home/Dataquery
INFO: [ app_init ] --START--
INFO: Run Behavior\BuildLiteBehavior [ RunTime:0.000042s ]
INFO: [ app_init ] --END-- [ RunTime:0.000716s ]
NOTIC: [8] Use of undefined constant TMPL_DENY_PHP - assumed 'TMPL_DENY_PHP' G:\wamp\www\HFS\Appliaction\Home\Conf\config.php 第 28 行.
INFO: [ app_begin ] --START--
INFO: Run Behavior\ReadHtmlCacheBehavior [ RunTime:0.001380s ]
INFO: [ app_begin ] --END-- [ RunTime:0.001623s ]
INFO: [ view_parse ] --START--
INFO: [ template_filter ] --START--
INFO: Run Behavior\ContentReplaceBehavior [ RunTime:0.000192s ]
INFO: [ template_filter ] --END-- [ RunTime:0.000357s ]
INFO: Run Behavior\ParseTemplateBehavior [ RunTime:0.011073s ]
INFO: [ view_parse ] --END-- [ RunTime:0.011300s ]
INFO: [ view_filter ] --START--
INFO: Run Behavior\WriteHtmlCacheBehavior [ RunTime:0.000950s ]
INFO: [ view_filter ] --END-- [ RunTime:0.001111s ]
INFO: [ app_end ] --START--
INFO: Run Behavior\ShowPageTraceBehavior [ RunTime:0.000754s ]
INFO: [ app_end ] --END-- [ RunTime:0.000902s ]

[ 2015-11-01T17:13:58+08:00 ] ::1 /HFS/index.php/Home/Dataquery/dataQuery
INFO: [ app_init ] --START--
INFO: Run Behavior\BuildLiteBehavior [ RunTime:0.000035s ]
INFO: [ app_init ] --END-- [ RunTime:0.000562s ]
NOTIC: [8] Use of undefined constant TMPL_DENY_PHP - assumed 'TMPL_DENY_PHP' G:\wamp\www\HFS\Appliaction\Home\Conf\config.php 第 28 行.
INFO: [ app_begin ] --START--
INFO: Run Behavior\ReadHtmlCacheBehavior [ RunTime:0.001504s ]
INFO: [ app_begin ] --END-- [ RunTime:0.001800s ]
SQL: SHOW COLUMNS FROM `think_dmsr` [ RunTime:0.013553s ]
SQL: SELECT monitorNum as name,collectTime as date,`longitude`,`latitude` FROM `think_dmsr` WHERE ( `longitude` > 0 AND `longitude` < 180  ) AND ( `latitude` > 0 AND `latitude` < 90  ) AND ( `collectTime` > 1444209180 AND `collectTime` < 1444406400  ) ORDER BY collectTime desc  [ RunTime:0.000588s ]
ERR: 1054:Unknown column 'monitorNum' in 'field list'
 [ SQL语句 ] : SELECT monitorNum as name,collectTime as date,`longitude`,`latitude` FROM `think_dmsr` WHERE ( `longitude` > 0 AND `longitude` < 180  ) AND ( `latitude` > 0 AND `latitude` < 90  ) AND ( `collectTime` > 1444209180 AND `collectTime` < 1444406400  ) ORDER BY collectTime desc 
NOTIC: [2] Invalid argument supplied for foreach() G:\wamp\www\HFS\Appliaction\Home\Controller\DataqueryController.class.php 第 40 行.
INFO: [ app_end ] --START--
INFO: Run Behavior\ShowPageTraceBehavior [ RunTime:0.001704s ]
INFO: [ app_end ] --END-- [ RunTime:0.001973s ]

[ 2015-11-01T17:14:24+08:00 ] ::1 /HFS/index.php/Home/Dataquery
INFO: [ app_init ] --START--
INFO: Run Behavior\BuildLiteBehavior [ RunTime:0.000074s ]
INFO: [ app_init ] --END-- [ RunTime:0.001694s ]
NOTIC: [8] Use of undefined constant TMPL_DENY_PHP - assumed 'TMPL_DENY_PHP' G:\wamp\www\HFS\Appliaction\Home\Conf\config.php 第 28 行.
INFO: [ app_begin ] --START--
INFO: Run Behavior\ReadHtmlCacheBehavior [ RunTime:0.000609s ]
INFO: [ app_begin ] --END-- [ RunTime:0.000751s ]
INFO: [ view_parse ] --START--
INFO: [ template_filter ] --START--
INFO: Run Behavior\ContentReplaceBehavior [ RunTime:0.000186s ]
INFO: [ template_filter ] --END-- [ RunTime:0.000372s ]
INFO: Run Behavior\ParseTemplateBehavior [ RunTime:0.032690s ]
INFO: [ view_parse ] --END-- [ RunTime:0.032866s ]
INFO: [ view_filter ] --START--
INFO: Run Behavior\WriteHtmlCacheBehavior [ RunTime:0.000401s ]
INFO: [ view_filter ] --END-- [ RunTime:0.000522s ]
INFO: [ app_end ] --START--
INFO: Run Behavior\ShowPageTraceBehavior [ RunTime:0.000610s ]
INFO: [ app_end ] --END-- [ RunTime:0.000773s ]

[ 2015-11-01T17:15:03+08:00 ] ::1 /HFS/index.php/Home/Dataquery
INFO: [ app_init ] --START--
INFO: Run Behavior\BuildLiteBehavior [ RunTime:0.000043s ]
INFO: [ app_init ] --END-- [ RunTime:0.000722s ]
NOTIC: [8] Use of undefined constant TMPL_DENY_PHP - assumed 'TMPL_DENY_PHP' G:\wamp\www\HFS\Appliaction\Home\Conf\config.php 第 28 行.
INFO: [ app_begin ] --START--
INFO: Run Behavior\ReadHtmlCacheBehavior [ RunTime:0.000983s ]
INFO: [ app_begin ] --END-- [ RunTime:0.001201s ]
INFO: [ view_parse ] --START--
INFO: [ template_filter ] --START--
INFO: Run Behavior\ContentReplaceBehavior [ RunTime:0.000273s ]
INFO: [ template_filter ] --END-- [ RunTime:0.000556s ]
INFO: Run Behavior\ParseTemplateBehavior [ RunTime:0.061733s ]
INFO: [ view_parse ] --END-- [ RunTime:0.061973s ]
INFO: [ view_filter ] --START--
INFO: Run Behavior\WriteHtmlCacheBehavior [ RunTime:0.000626s ]
INFO: [ view_filter ] --END-- [ RunTime:0.000810s ]
INFO: [ app_end ] --START--
INFO: Run Behavior\ShowPageTraceBehavior [ RunTime:0.000897s ]
INFO: [ app_end ] --END-- [ RunTime:0.001077s ]

[ 2015-11-01T17:15:07+08:00 ] ::1 /HFS/index.php/Home/Dataquery/dataQuery
INFO: [ app_init ] --START--
INFO: Run Behavior\BuildLiteBehavior [ RunTime:0.000064s ]
INFO: [ app_init ] --END-- [ RunTime:0.001049s ]
NOTIC: [8] Use of undefined constant TMPL_DENY_PHP - assumed 'TMPL_DENY_PHP' G:\wamp\www\HFS\Appliaction\Home\Conf\config.php 第 28 行.
INFO: [ app_begin ] --START--
INFO: Run Behavior\ReadHtmlCacheBehavior [ RunTime:0.001087s ]
INFO: [ app_begin ] --END-- [ RunTime:0.001299s ]
SQL: SHOW COLUMNS FROM `think_dmsr` [ RunTime:0.006155s ]
SQL: SELECT monitorNum as name,collectTime as date,`longitude`,`latitude` FROM `think_dmsr` WHERE ( `longitude` > 0 AND `longitude` < 180  ) AND ( `latitude` > 0 AND `latitude` < 90  ) AND ( `collectTime` > 1446369307 AND `collectTime` < 1446455707  ) ORDER BY collectTime desc  [ RunTime:0.000312s ]
ERR: 1054:Unknown column 'monitorNum' in 'field list'
 [ SQL语句 ] : SELECT monitorNum as name,collectTime as date,`longitude`,`latitude` FROM `think_dmsr` WHERE ( `longitude` > 0 AND `longitude` < 180  ) AND ( `latitude` > 0 AND `latitude` < 90  ) AND ( `collectTime` > 1446369307 AND `collectTime` < 1446455707  ) ORDER BY collectTime desc 
NOTIC: [2] Invalid argument supplied for foreach() G:\wamp\www\HFS\Appliaction\Home\Controller\DataqueryController.class.php 第 40 行.
INFO: [ app_end ] --START--
INFO: Run Behavior\ShowPageTraceBehavior [ RunTime:0.000721s ]
INFO: [ app_end ] --END-- [ RunTime:0.000834s ]

[ 2015-11-01T17:15:25+08:00 ] ::1 /HFS/index.php/Home/Dataquery/dataQuery
INFO: [ app_init ] --START--
INFO: Run Behavior\BuildLiteBehavior [ RunTime:0.000036s ]
INFO: [ app_init ] --END-- [ RunTime:0.000584s ]
NOTIC: [8] Use of undefined constant TMPL_DENY_PHP - assumed 'TMPL_DENY_PHP' G:\wamp\www\HFS\Appliaction\Home\Conf\config.php 第 28 行.
INFO: [ app_begin ] --START--
INFO: Run Behavior\ReadHtmlCacheBehavior [ RunTime:0.000701s ]
INFO: [ app_begin ] --END-- [ RunTime:0.022972s ]
SQL: SHOW COLUMNS FROM `think_dmsr` [ RunTime:0.006835s ]
SQL: SELECT monitorNum as name,collectTime as date,`longitude`,`latitude` FROM `think_dmsr` WHERE ( `longitude` > 0 AND `longitude` < 180  ) AND ( `latitude` > 0 AND `latitude` < 90  ) AND ( `collectTime` > 1444122900 AND `collectTime` < 1444468500  ) ORDER BY collectTime desc  [ RunTime:0.000292s ]
ERR: 1054:Unknown column 'monitorNum' in 'field list'
 [ SQL语句 ] : SELECT monitorNum as name,collectTime as date,`longitude`,`latitude` FROM `think_dmsr` WHERE ( `longitude` > 0 AND `longitude` < 180  ) AND ( `latitude` > 0 AND `latitude` < 90  ) AND ( `collectTime` > 1444122900 AND `collectTime` < 1444468500  ) ORDER BY collectTime desc 
NOTIC: [2] Invalid argument supplied for foreach() G:\wamp\www\HFS\Appliaction\Home\Controller\DataqueryController.class.php 第 40 行.
INFO: [ app_end ] --START--
INFO: Run Behavior\ShowPageTraceBehavior [ RunTime:0.000852s ]
INFO: [ app_end ] --END-- [ RunTime:0.000984s ]

[ 2015-11-01T17:15:47+08:00 ] ::1 /HFS/index.php/Home/Dataquery
INFO: [ app_init ] --START--
INFO: Run Behavior\BuildLiteBehavior [ RunTime:0.000038s ]
INFO: [ app_init ] --END-- [ RunTime:0.000642s ]
NOTIC: [8] Use of undefined constant TMPL_DENY_PHP - assumed 'TMPL_DENY_PHP' G:\wamp\www\HFS\Appliaction\Home\Conf\config.php 第 28 行.
INFO: [ app_begin ] --START--
INFO: Run Behavior\ReadHtmlCacheBehavior [ RunTime:0.000991s ]
INFO: [ app_begin ] --END-- [ RunTime:0.001179s ]
INFO: [ view_parse ] --START--
INFO: [ template_filter ] --START--
INFO: Run Behavior\ContentReplaceBehavior [ RunTime:0.000221s ]
INFO: [ template_filter ] --END-- [ RunTime:0.000427s ]
INFO: Run Behavior\ParseTemplateBehavior [ RunTime:0.011496s ]
INFO: [ view_parse ] --END-- [ RunTime:0.011687s ]
INFO: [ view_filter ] --START--
INFO: Run Behavior\WriteHtmlCacheBehavior [ RunTime:0.000491s ]
INFO: [ view_filter ] --END-- [ RunTime:0.000672s ]
INFO: [ app_end ] --START--
INFO: Run Behavior\ShowPageTraceBehavior [ RunTime:0.000741s ]
INFO: [ app_end ] --END-- [ RunTime:0.000910s ]

[ 2015-11-01T17:15:50+08:00 ] ::1 /HFS/index.php/Home/Dataquery/dataQuery
INFO: [ app_init ] --START--
INFO: Run Behavior\BuildLiteBehavior [ RunTime:0.000035s ]
INFO: [ app_init ] --END-- [ RunTime:0.000524s ]
NOTIC: [8] Use of undefined constant TMPL_DENY_PHP - assumed 'TMPL_DENY_PHP' G:\wamp\www\HFS\Appliaction\Home\Conf\config.php 第 28 行.
INFO: [ app_begin ] --START--
INFO: Run Behavior\ReadHtmlCacheBehavior [ RunTime:0.000748s ]
INFO: [ app_begin ] --END-- [ RunTime:0.000882s ]
SQL: SHOW COLUMNS FROM `think_dmsr` [ RunTime:0.013161s ]
SQL: SELECT monitorNum as name,collectTime as date,`longitude`,`latitude` FROM `think_dmsr` WHERE ( `longitude` > 0 AND `longitude` < 180  ) AND ( `latitude` > 0 AND `latitude` < 90  ) AND ( `collectTime` > 1446369350 AND `collectTime` < 1446455750  ) ORDER BY collectTime desc  [ RunTime:0.000591s ]
ERR: 1054:Unknown column 'monitorNum' in 'field list'
 [ SQL语句 ] : SELECT monitorNum as name,collectTime as date,`longitude`,`latitude` FROM `think_dmsr` WHERE ( `longitude` > 0 AND `longitude` < 180  ) AND ( `latitude` > 0 AND `latitude` < 90  ) AND ( `collectTime` > 1446369350 AND `collectTime` < 1446455750  ) ORDER BY collectTime desc 
NOTIC: [2] Invalid argument supplied for foreach() G:\wamp\www\HFS\Appliaction\Home\Controller\DataqueryController.class.php 第 40 行.
INFO: [ app_end ] --START--
INFO: Run Behavior\ShowPageTraceBehavior [ RunTime:0.001848s ]
INFO: [ app_end ] --END-- [ RunTime:0.002121s ]

[ 2015-11-01T17:16:00+08:00 ] ::1 /HFS/index.php/Home/Dataquery/dataQuery
INFO: [ app_init ] --START--
INFO: Run Behavior\BuildLiteBehavior [ RunTime:0.000034s ]
INFO: [ app_init ] --END-- [ RunTime:0.000623s ]
NOTIC: [8] Use of undefined constant TMPL_DENY_PHP - assumed 'TMPL_DENY_PHP' G:\wamp\www\HFS\Appliaction\Home\Conf\config.php 第 28 行.
INFO: [ app_begin ] --START--
INFO: Run Behavior\ReadHtmlCacheBehavior [ RunTime:0.000831s ]
INFO: [ app_begin ] --END-- [ RunTime:0.000984s ]
SQL: SHOW COLUMNS FROM `think_dmsr` [ RunTime:0.013694s ]
SQL: SELECT monitorNum as name,collectTime as date,`longitude`,`latitude` FROM `think_dmsr` WHERE ( `longitude` > 0 AND `longitude` < 180  ) AND ( `latitude` > 0 AND `latitude` < 90  ) AND ( `collectTime` > 1441185300 AND `collectTime` < 1446369360  ) ORDER BY collectTime desc  [ RunTime:0.000492s ]
ERR: 1054:Unknown column 'monitorNum' in 'field list'
 [ SQL语句 ] : SELECT monitorNum as name,collectTime as date,`longitude`,`latitude` FROM `think_dmsr` WHERE ( `longitude` > 0 AND `longitude` < 180  ) AND ( `latitude` > 0 AND `latitude` < 90  ) AND ( `collectTime` > 1441185300 AND `collectTime` < 1446369360  ) ORDER BY collectTime desc 
NOTIC: [2] Invalid argument supplied for foreach() G:\wamp\www\HFS\Appliaction\Home\Controller\DataqueryController.class.php 第 40 行.
INFO: [ app_end ] --START--
INFO: Run Behavior\ShowPageTraceBehavior [ RunTime:0.001665s ]
INFO: [ app_end ] --END-- [ RunTime:0.001935s ]

[ 2015-11-01T17:16:05+08:00 ] ::1 /HFS/index.php/Home/Dataquery/dataQuery
INFO: [ app_init ] --START--
INFO: Run Behavior\BuildLiteBehavior [ RunTime:0.000035s ]
INFO: [ app_init ] --END-- [ RunTime:0.000732s ]
NOTIC: [8] Use of undefined constant TMPL_DENY_PHP - assumed 'TMPL_DENY_PHP' G:\wamp\www\HFS\Appliaction\Home\Conf\config.php 第 28 行.
INFO: [ app_begin ] --START--
INFO: Run Behavior\ReadHtmlCacheBehavior [ RunTime:0.000619s ]
INFO: [ app_begin ] --END-- [ RunTime:0.000770s ]
SQL: SHOW COLUMNS FROM `think_dmsr` [ RunTime:0.006017s ]
SQL: SELECT monitorNum as name,collectTime as date,`longitude`,`latitude` FROM `think_dmsr` WHERE ( `longitude` > 0 AND `longitude` < 180  ) AND ( `latitude` > 0 AND `latitude` < 90  ) AND ( `collectTime` > 1441185300 AND `collectTime` < 1446369360  ) ORDER BY collectTime desc  [ RunTime:0.000633s ]
ERR: 1054:Unknown column 'monitorNum' in 'field list'
 [ SQL语句 ] : SELECT monitorNum as name,collectTime as date,`longitude`,`latitude` FROM `think_dmsr` WHERE ( `longitude` > 0 AND `longitude` < 180  ) AND ( `latitude` > 0 AND `latitude` < 90  ) AND ( `collectTime` > 1441185300 AND `collectTime` < 1446369360  ) ORDER BY collectTime desc 
NOTIC: [2] Invalid argument supplied for foreach() G:\wamp\www\HFS\Appliaction\Home\Controller\DataqueryController.class.php 第 40 行.
INFO: [ app_end ] --START--
INFO: Run Behavior\ShowPageTraceBehavior [ RunTime:0.001663s ]
INFO: [ app_end ] --END-- [ RunTime:0.001940s ]

[ 2015-11-01T17:17:06+08:00 ] ::1 /HFS/index.php/Home/Dataquery
INFO: [ app_init ] --START--
INFO: Run Behavior\BuildLiteBehavior [ RunTime:0.000031s ]
INFO: [ app_init ] --END-- [ RunTime:0.000515s ]
NOTIC: [8] Use of undefined constant TMPL_DENY_PHP - assumed 'TMPL_DENY_PHP' G:\wamp\www\HFS\Appliaction\Home\Conf\config.php 第 28 行.
INFO: [ app_begin ] --START--
INFO: Run Behavior\ReadHtmlCacheBehavior [ RunTime:0.000712s ]
INFO: [ app_begin ] --END-- [ RunTime:0.000904s ]
INFO: [ view_parse ] --START--
INFO: [ template_filter ] --START--
INFO: Run Behavior\ContentReplaceBehavior [ RunTime:0.000407s ]
INFO: [ template_filter ] --END-- [ RunTime:0.000820s ]
INFO: Run Behavior\ParseTemplateBehavior [ RunTime:0.482518s ]
INFO: [ view_parse ] --END-- [ RunTime:0.482842s ]
INFO: [ view_filter ] --START--
INFO: Run Behavior\WriteHtmlCacheBehavior [ RunTime:0.001091s ]
INFO: [ view_filter ] --END-- [ RunTime:0.001452s ]
INFO: [ app_end ] --START--
INFO: Run Behavior\ShowPageTraceBehavior [ RunTime:0.002013s ]
INFO: [ app_end ] --END-- [ RunTime:0.002565s ]

[ 2015-11-01T17:17:14+08:00 ] ::1 /HFS/index.php/Home/Dataquery/dataQuery
INFO: [ app_init ] --START--
INFO: Run Behavior\BuildLiteBehavior [ RunTime:0.000052s ]
INFO: [ app_init ] --END-- [ RunTime:0.000733s ]
NOTIC: [8] Use of undefined constant TMPL_DENY_PHP - assumed 'TMPL_DENY_PHP' G:\wamp\www\HFS\Appliaction\Home\Conf\config.php 第 28 行.
INFO: [ app_begin ] --START--
INFO: Run Behavior\ReadHtmlCacheBehavior [ RunTime:0.000832s ]
INFO: [ app_begin ] --END-- [ RunTime:0.000971s ]
SQL: SHOW COLUMNS FROM `think_dmsr` [ RunTime:0.005624s ]
SQL: SELECT legendName as name,collectTime as date,`longitude`,`latitude` FROM `think_dmsr` WHERE ( `longitude` > 0 AND `longitude` < 180  ) AND ( `latitude` > 0 AND `latitude` < 90  ) AND ( `collectTime` > 1443691020 AND `collectTime` < 1446369420  ) ORDER BY collectTime desc  [ RunTime:0.022396s ]
INFO: [ app_end ] --START--
INFO: Run Behavior\ShowPageTraceBehavior [ RunTime:0.001853s ]
INFO: [ app_end ] --END-- [ RunTime:0.002126s ]

[ 2015-11-01T17:17:26+08:00 ] ::1 /HFS/index.php/Home/Dataquery/dataQuery
INFO: [ app_init ] --START--
INFO: Run Behavior\BuildLiteBehavior [ RunTime:0.000035s ]
INFO: [ app_init ] --END-- [ RunTime:0.000565s ]
NOTIC: [8] Use of undefined constant TMPL_DENY_PHP - assumed 'TMPL_DENY_PHP' G:\wamp\www\HFS\Appliaction\Home\Conf\config.php 第 28 行.
INFO: [ app_begin ] --START--
INFO: Run Behavior\ReadHtmlCacheBehavior [ RunTime:0.000801s ]
INFO: [ app_begin ] --END-- [ RunTime:0.000936s ]
SQL: SHOW COLUMNS FROM `think_dmsr` [ RunTime:0.005765s ]
SQL: SELECT legendName as name,collectTime as date,`longitude`,`latitude` FROM `think_dmsr` WHERE ( `longitude` > 0 AND `longitude` < 180  ) AND ( `latitude` > 0 AND `latitude` < 90  ) AND ( `collectTime` > 1443691020 AND `collectTime` < 1446369420  ) ORDER BY collectTime desc  [ RunTime:0.013823s ]
INFO: [ app_end ] --START--
INFO: Run Behavior\ShowPageTraceBehavior [ RunTime:0.000800s ]
INFO: [ app_end ] --END-- [ RunTime:0.000911s ]

[ 2015-11-01T17:17:31+08:00 ] ::1 /HFS/index.php/Home/dataprocess.html
INFO: [ app_init ] --START--
INFO: Run Behavior\BuildLiteBehavior [ RunTime:0.000035s ]
INFO: [ app_init ] --END-- [ RunTime:0.000574s ]
NOTIC: [8] Use of undefined constant TMPL_DENY_PHP - assumed 'TMPL_DENY_PHP' G:\wamp\www\HFS\Appliaction\Home\Conf\config.php 第 28 行.
INFO: [ app_begin ] --START--
INFO: Run Behavior\ReadHtmlCacheBehavior [ RunTime:0.000879s ]
INFO: [ app_begin ] --END-- [ RunTime:0.001057s ]
INFO: [ view_parse ] --START--
INFO: [ template_filter ] --START--
INFO: Run Behavior\ContentReplaceBehavior [ RunTime:0.000434s ]
INFO: [ template_filter ] --END-- [ RunTime:0.000851s ]
INFO: Run Behavior\ParseTemplateBehavior [ RunTime:0.100121s ]
INFO: [ view_parse ] --END-- [ RunTime:0.100404s ]
INFO: [ view_filter ] --START--
INFO: Run Behavior\WriteHtmlCacheBehavior [ RunTime:0.001187s ]
INFO: [ view_filter ] --END-- [ RunTime:0.001611s ]
INFO: [ app_end ] --START--
INFO: Run Behavior\ShowPageTraceBehavior [ RunTime:0.001632s ]
INFO: [ app_end ] --END-- [ RunTime:0.002007s ]

[ 2015-11-01T17:17:32+08:00 ] ::1 /HFS/index.php/Home/Dataprocess/dataPro
INFO: [ app_init ] --START--
INFO: Run Behavior\BuildLiteBehavior [ RunTime:0.000031s ]
INFO: [ app_init ] --END-- [ RunTime:0.000491s ]
NOTIC: [8] Use of undefined constant TMPL_DENY_PHP - assumed 'TMPL_DENY_PHP' G:\wamp\www\HFS\Appliaction\Home\Conf\config.php 第 28 行.
INFO: [ app_begin ] --START--
INFO: Run Behavior\ReadHtmlCacheBehavior [ RunTime:0.000642s ]
INFO: [ app_begin ] --END-- [ RunTime:0.000771s ]
SQL: SHOW COLUMNS FROM `think_doserate` [ RunTime:0.006706s ]
NOTIC: [8] Undefined variable: map G:\wamp\www\HFS\Appliaction\Home\Controller\DataprocessController.class.php 第 36 行.
SQL: SELECT `legendName`,`doseRate` FROM `think_doserate`  [ RunTime:0.000343s ]
SQL: SELECT `legendName`,`doseRate` FROM `think_doserate` WHERE `legendName` = 'GM001'  [ RunTime:0.011831s ]
SQL: SELECT COUNT(*) AS tp_count FROM `think_doserate` WHERE `legendName` = 'GM001' LIMIT 1   [ RunTime:0.005896s ]
SQL: SELECT `legendName`,`doseRate` FROM `think_doserate` WHERE `legendName` = 'GM002'  [ RunTime:0.000261s ]
SQL: SELECT COUNT(*) AS tp_count FROM `think_doserate` WHERE `legendName` = 'GM002' LIMIT 1   [ RunTime:0.000245s ]
SQL: SELECT `legendName`,`doseRate` FROM `think_doserate` WHERE `legendName` = 'GM003'  [ RunTime:0.000263s ]
SQL: SELECT COUNT(*) AS tp_count FROM `think_doserate` WHERE `legendName` = 'GM003' LIMIT 1   [ RunTime:0.000246s ]
SQL: SHOW COLUMNS FROM `think_gammapic` [ RunTime:0.005551s ]
NOTIC: [8] Undefined variable: map G:\wamp\www\HFS\Appliaction\Home\Controller\DataprocessController.class.php 第 64 行.
SQL: SELECT `legendName` FROM `think_gammapic`  [ RunTime:0.027019s ]
SQL: SELECT `legendName`,`powerR` FROM `think_gammapic` WHERE `legendName` = 'GM001'  [ RunTime:0.000324s ]
SQL: SELECT COUNT(*) AS tp_count FROM `think_gammapic` WHERE `legendName` = 'GM001' LIMIT 1   [ RunTime:0.000231s ]
SQL: SELECT `legendName`,`powerR` FROM `think_gammapic` WHERE `legendName` = 'GM002'  [ RunTime:0.000235s ]
SQL: SELECT COUNT(*) AS tp_count FROM `think_gammapic` WHERE `legendName` = 'GM002' LIMIT 1   [ RunTime:0.000296s ]
SQL: SELECT `legendName`,`powerR` FROM `think_gammapic` WHERE `legendName` = 'GM003'  [ RunTime:0.000263s ]
SQL: SELECT COUNT(*) AS tp_count FROM `think_gammapic` WHERE `legendName` = 'GM003' LIMIT 1   [ RunTime:0.000252s ]
INFO: [ app_end ] --START--
INFO: Run Behavior\ShowPageTraceBehavior [ RunTime:0.000791s ]
INFO: [ app_end ] --END-- [ RunTime:0.000908s ]

[ 2015-11-01T17:28:22+08:00 ] ::1 /HFS/index.php/Home/dataprocess.html
INFO: [ app_init ] --START--
INFO: Run Behavior\BuildLiteBehavior [ RunTime:0.000038s ]
INFO: [ app_init ] --END-- [ RunTime:0.000596s ]
NOTIC: [8] Use of undefined constant TMPL_DENY_PHP - assumed 'TMPL_DENY_PHP' G:\wamp\www\HFS\Appliaction\Home\Conf\config.php 第 28 行.
INFO: [ app_begin ] --START--
INFO: Run Behavior\ReadHtmlCacheBehavior [ RunTime:0.000849s ]
INFO: [ app_begin ] --END-- [ RunTime:0.001019s ]
INFO: [ view_parse ] --START--
INFO: [ template_filter ] --START--
INFO: Run Behavior\ContentReplaceBehavior [ RunTime:0.000216s ]
INFO: [ template_filter ] --END-- [ RunTime:0.000362s ]
INFO: Run Behavior\ParseTemplateBehavior [ RunTime:0.011415s ]
INFO: [ view_parse ] --END-- [ RunTime:0.011635s ]
INFO: [ view_filter ] --START--
INFO: Run Behavior\WriteHtmlCacheBehavior [ RunTime:0.000479s ]
INFO: [ view_filter ] --END-- [ RunTime:0.000614s ]
INFO: [ app_end ] --START--
INFO: Run Behavior\ShowPageTraceBehavior [ RunTime:0.000687s ]
INFO: [ app_end ] --END-- [ RunTime:0.000828s ]

[ 2015-11-01T17:28:22+08:00 ] ::1 /HFS/index.php/Home/Dataprocess/dataPro
INFO: [ app_init ] --START--
INFO: Run Behavior\BuildLiteBehavior [ RunTime:0.000031s ]
INFO: [ app_init ] --END-- [ RunTime:0.000538s ]
NOTIC: [8] Use of undefined constant TMPL_DENY_PHP - assumed 'TMPL_DENY_PHP' G:\wamp\www\HFS\Appliaction\Home\Conf\config.php 第 28 行.
INFO: [ app_begin ] --START--
INFO: Run Behavior\ReadHtmlCacheBehavior [ RunTime:0.000803s ]
INFO: [ app_begin ] --END-- [ RunTime:0.000940s ]
SQL: SHOW COLUMNS FROM `think_gammaphoto` [ RunTime:0.013784s ]
NOTIC: [8] Undefined variable: map G:\wamp\www\HFS\Appliaction\Home\Controller\DataprocessController.class.php 第 15 行.
SQL: SELECT `legendName`,`gammaphoto` FROM `think_gammaphoto`  [ RunTime:0.006360s ]
ERR: 1054:Unknown column 'gammaphoto' in 'field list'
 [ SQL语句 ] : SELECT `legendName`,`gammaphoto` FROM `think_gammaphoto` 
NOTIC: [2] Invalid argument supplied for foreach() G:\wamp\www\HFS\Appliaction\Home\Controller\DataprocessController.class.php 第 16 行.
INFO: [ app_end ] --START--
INFO: Run Behavior\ShowPageTraceBehavior [ RunTime:0.001824s ]
INFO: [ app_end ] --END-- [ RunTime:0.002093s ]

[ 2015-11-01T17:28:25+08:00 ] ::1 /HFS/index.php/Home/dataprocess.html
INFO: [ app_init ] --START--
INFO: Run Behavior\BuildLiteBehavior [ RunTime:0.000030s ]
INFO: [ app_init ] --END-- [ RunTime:0.000512s ]
NOTIC: [8] Use of undefined constant TMPL_DENY_PHP - assumed 'TMPL_DENY_PHP' G:\wamp\www\HFS\Appliaction\Home\Conf\config.php 第 28 行.
INFO: [ app_begin ] --START--
INFO: Run Behavior\ReadHtmlCacheBehavior [ RunTime:0.000685s ]
INFO: [ app_begin ] --END-- [ RunTime:0.000844s ]
INFO: [ view_parse ] --START--
INFO: [ template_filter ] --START--
INFO: Run Behavior\ContentReplaceBehavior [ RunTime:0.000159s ]
INFO: [ template_filter ] --END-- [ RunTime:0.000332s ]
INFO: Run Behavior\ParseTemplateBehavior [ RunTime:0.030053s ]
INFO: [ view_parse ] --END-- [ RunTime:0.030221s ]
INFO: [ view_filter ] --START--
INFO: Run Behavior\WriteHtmlCacheBehavior [ RunTime:0.000518s ]
INFO: [ view_filter ] --END-- [ RunTime:0.000651s ]
INFO: [ app_end ] --START--
INFO: Run Behavior\ShowPageTraceBehavior [ RunTime:0.000667s ]
INFO: [ app_end ] --END-- [ RunTime:0.000803s ]

[ 2015-11-01T17:28:25+08:00 ] ::1 /HFS/index.php/Home/Dataprocess/dataPro
INFO: [ app_init ] --START--
INFO: Run Behavior\BuildLiteBehavior [ RunTime:0.000031s ]
INFO: [ app_init ] --END-- [ RunTime:0.000535s ]
NOTIC: [8] Use of undefined constant TMPL_DENY_PHP - assumed 'TMPL_DENY_PHP' G:\wamp\www\HFS\Appliaction\Home\Conf\config.php 第 28 行.
INFO: [ app_begin ] --START--
INFO: Run Behavior\ReadHtmlCacheBehavior [ RunTime:0.000751s ]
INFO: [ app_begin ] --END-- [ RunTime:0.000882s ]
SQL: SHOW COLUMNS FROM `think_gammaphoto` [ RunTime:0.006197s ]
NOTIC: [8] Undefined variable: map G:\wamp\www\HFS\Appliaction\Home\Controller\DataprocessController.class.php 第 15 行.
SQL: SELECT `legendName`,`gammaphoto` FROM `think_gammaphoto`  [ RunTime:0.000230s ]
ERR: 1054:Unknown column 'gammaphoto' in 'field list'
 [ SQL语句 ] : SELECT `legendName`,`gammaphoto` FROM `think_gammaphoto` 
NOTIC: [2] Invalid argument supplied for foreach() G:\wamp\www\HFS\Appliaction\Home\Controller\DataprocessController.class.php 第 16 行.
INFO: [ app_end ] --START--
INFO: Run Behavior\ShowPageTraceBehavior [ RunTime:0.000809s ]
INFO: [ app_end ] --END-- [ RunTime:0.000923s ]

