[ 2015-11-17T10:14:58+08:00 ] ::1 /HFS/
INFO: [ app_init ] --START--
INFO: Run Behavior\BuildLiteBehavior [ RunTime:0.000029s ]
INFO: [ app_init ] --END-- [ RunTime:0.000479s ]
NOTIC: [8] Use of undefined constant TMPL_DENY_PHP - assumed 'TMPL_DENY_PHP' C:\lamp\Apache24\htdocs\HFS\Appliaction\Home\Conf\config.php 第 32 行.

[ 2015-11-17T10:15:02+08:00 ] ::1 /HFS/index.php/Home/Index/logoShow
INFO: [ app_init ] --START--
INFO: Run Behavior\BuildLiteBehavior [ RunTime:0.000020s ]
INFO: [ app_init ] --END-- [ RunTime:0.025910s ]
NOTIC: [8] Use of undefined constant TMPL_DENY_PHP - assumed 'TMPL_DENY_PHP' C:\lamp\Apache24\htdocs\HFS\Appliaction\Home\Conf\config.php 第 32 行.

[ 2015-11-17T10:15:04+08:00 ] ::1 /HFS/index.php/Home/Index/logo
INFO: [ app_init ] --START--
INFO: Run Behavior\BuildLiteBehavior [ RunTime:0.000013s ]
INFO: [ app_init ] --END-- [ RunTime:0.000093s ]
NOTIC: [8] Use of undefined constant TMPL_DENY_PHP - assumed 'TMPL_DENY_PHP' C:\lamp\Apache24\htdocs\HFS\Appliaction\Home\Conf\config.php 第 32 行.

[ 2015-11-17T11:49:41+08:00 ] ::1 /HFS/
INFO: [ app_init ] --START--
INFO: Run Behavior\BuildLiteBehavior [ RunTime:0.000022s ]
INFO: [ app_init ] --END-- [ RunTime:0.047900s ]
NOTIC: [8] Use of undefined constant TMPL_DENY_PHP - assumed 'TMPL_DENY_PHP' C:\lamp\Apache24\htdocs\HFS\Appliaction\Home\Conf\config.php 第 32 行.

[ 2015-11-17T11:49:43+08:00 ] ::1 /HFS/index.php/Home/Index/logoShow
INFO: [ app_init ] --START--
INFO: Run Behavior\BuildLiteBehavior [ RunTime:0.000025s ]
INFO: [ app_init ] --END-- [ RunTime:0.000189s ]
NOTIC: [8] Use of undefined constant TMPL_DENY_PHP - assumed 'TMPL_DENY_PHP' C:\lamp\Apache24\htdocs\HFS\Appliaction\Home\Conf\config.php 第 32 行.

[ 2015-11-17T11:49:45+08:00 ] ::1 /HFS/index.php/Home/Index/logo
INFO: [ app_init ] --START--
INFO: Run Behavior\BuildLiteBehavior [ RunTime:0.000016s ]
INFO: [ app_init ] --END-- [ RunTime:0.000110s ]
NOTIC: [8] Use of undefined constant TMPL_DENY_PHP - assumed 'TMPL_DENY_PHP' C:\lamp\Apache24\htdocs\HFS\Appliaction\Home\Conf\config.php 第 32 行.

[ 2015-11-17T11:50:53+08:00 ] ::1 /HFS/
INFO: [ app_init ] --START--
INFO: Run Behavior\BuildLiteBehavior [ RunTime:0.000016s ]
INFO: [ app_init ] --END-- [ RunTime:0.013604s ]
NOTIC: [8] Use of undefined constant TMPL_DENY_PHP - assumed 'TMPL_DENY_PHP' C:\lamp\Apache24\htdocs\HFS\Appliaction\Home\Conf\config.php 第 32 行.

[ 2015-11-17T11:51:09+08:00 ] ::1 /HFS/index.php/Home/Index/logoShow
INFO: [ app_init ] --START--
INFO: Run Behavior\BuildLiteBehavior [ RunTime:0.000013s ]
INFO: [ app_init ] --END-- [ RunTime:0.000093s ]
NOTIC: [8] Use of undefined constant TMPL_DENY_PHP - assumed 'TMPL_DENY_PHP' C:\lamp\Apache24\htdocs\HFS\Appliaction\Home\Conf\config.php 第 32 行.

[ 2015-11-17T11:51:15+08:00 ] ::1 /HFS/index.php/Home/Index/logo
INFO: [ app_init ] --START--
INFO: Run Behavior\BuildLiteBehavior [ RunTime:0.000015s ]
INFO: [ app_init ] --END-- [ RunTime:0.000118s ]
NOTIC: [8] Use of undefined constant TMPL_DENY_PHP - assumed 'TMPL_DENY_PHP' C:\lamp\Apache24\htdocs\HFS\Appliaction\Home\Conf\config.php 第 32 行.

[ 2015-11-17T11:51:41+08:00 ] ::1 /HFS/index.php/Home/Index/index.html
INFO: [ app_init ] --START--
INFO: Run Behavior\BuildLiteBehavior [ RunTime:0.000014s ]
INFO: [ app_init ] --END-- [ RunTime:0.000097s ]
NOTIC: [8] Use of undefined constant TMPL_DENY_PHP - assumed 'TMPL_DENY_PHP' C:\lamp\Apache24\htdocs\HFS\Appliaction\Home\Conf\config.php 第 32 行.

[ 2015-11-17T11:51:44+08:00 ] ::1 /HFS/index.php/Home/Index/logoShow
INFO: [ app_init ] --START--
INFO: Run Behavior\BuildLiteBehavior [ RunTime:0.000015s ]
INFO: [ app_init ] --END-- [ RunTime:0.000111s ]
NOTIC: [8] Use of undefined constant TMPL_DENY_PHP - assumed 'TMPL_DENY_PHP' C:\lamp\Apache24\htdocs\HFS\Appliaction\Home\Conf\config.php 第 32 行.

[ 2015-11-17T11:51:45+08:00 ] ::1 /HFS/index.php/Home/Index/logo
INFO: [ app_init ] --START--
INFO: Run Behavior\BuildLiteBehavior [ RunTime:0.000031s ]
INFO: [ app_init ] --END-- [ RunTime:0.000351s ]
NOTIC: [8] Use of undefined constant TMPL_DENY_PHP - assumed 'TMPL_DENY_PHP' C:\lamp\Apache24\htdocs\HFS\Appliaction\Home\Conf\config.php 第 32 行.

[ 2015-11-17T13:06:46+08:00 ] ::1 /HFS/index.php/Home/Index/index.html
INFO: [ app_init ] --START--
INFO: Run Behavior\BuildLiteBehavior [ RunTime:0.000018s ]
INFO: [ app_init ] --END-- [ RunTime:0.000121s ]
NOTIC: [8] Use of undefined constant TMPL_DENY_PHP - assumed 'TMPL_DENY_PHP' C:\lamp\Apache24\htdocs\HFS\Appliaction\Home\Conf\config.php 第 32 行.

[ 2015-11-17T13:06:51+08:00 ] ::1 /HFS/index.php/Home/Index/logoShow
INFO: [ app_init ] --START--
INFO: Run Behavior\BuildLiteBehavior [ RunTime:0.000020s ]
INFO: [ app_init ] --END-- [ RunTime:0.000121s ]
NOTIC: [8] Use of undefined constant TMPL_DENY_PHP - assumed 'TMPL_DENY_PHP' C:\lamp\Apache24\htdocs\HFS\Appliaction\Home\Conf\config.php 第 32 行.

[ 2015-11-17T13:06:53+08:00 ] ::1 /HFS/index.php/Home/Index/logo
INFO: [ app_init ] --START--
INFO: Run Behavior\BuildLiteBehavior [ RunTime:0.000018s ]
INFO: [ app_init ] --END-- [ RunTime:0.000129s ]
NOTIC: [8] Use of undefined constant TMPL_DENY_PHP - assumed 'TMPL_DENY_PHP' C:\lamp\Apache24\htdocs\HFS\Appliaction\Home\Conf\config.php 第 32 行.

[ 2015-11-17T13:18:39+08:00 ] ::1 /HFS/index.php/Home/Index/index.html
INFO: [ app_init ] --START--
INFO: Run Behavior\BuildLiteBehavior [ RunTime:0.000011s ]
INFO: [ app_init ] --END-- [ RunTime:0.000072s ]
NOTIC: [8] Use of undefined constant TMPL_DENY_PHP - assumed 'TMPL_DENY_PHP' C:\lamp\Apache24\htdocs\HFS\Appliaction\Home\Conf\config.php 第 32 行.

[ 2015-11-17T13:18:45+08:00 ] ::1 /HFS/index.php/Home/Index/logoShow
INFO: [ app_init ] --START--
INFO: Run Behavior\BuildLiteBehavior [ RunTime:0.000021s ]
INFO: [ app_init ] --END-- [ RunTime:0.000126s ]
NOTIC: [8] Use of undefined constant TMPL_DENY_PHP - assumed 'TMPL_DENY_PHP' C:\lamp\Apache24\htdocs\HFS\Appliaction\Home\Conf\config.php 第 32 行.

[ 2015-11-17T13:18:47+08:00 ] ::1 /HFS/index.php/Home/Index/logo
INFO: [ app_init ] --START--
INFO: Run Behavior\BuildLiteBehavior [ RunTime:0.000012s ]
INFO: [ app_init ] --END-- [ RunTime:0.000075s ]
NOTIC: [8] Use of undefined constant TMPL_DENY_PHP - assumed 'TMPL_DENY_PHP' C:\lamp\Apache24\htdocs\HFS\Appliaction\Home\Conf\config.php 第 32 行.

[ 2015-11-17T13:32:08+08:00 ] ::1 /HFS/index.php/Home/Index/index.html
INFO: [ app_init ] --START--
INFO: Run Behavior\BuildLiteBehavior [ RunTime:0.000022s ]
INFO: [ app_init ] --END-- [ RunTime:0.000230s ]
NOTIC: [8] Use of undefined constant TMPL_DENY_PHP - assumed 'TMPL_DENY_PHP' C:\lamp\Apache24\htdocs\HFS\Appliaction\Home\Conf\config.php 第 32 行.

[ 2015-11-17T13:32:21+08:00 ] ::1 /HFS/index.php/Home/Index/logoShow
INFO: [ app_init ] --START--
INFO: Run Behavior\BuildLiteBehavior [ RunTime:0.000016s ]
INFO: [ app_init ] --END-- [ RunTime:0.000116s ]
NOTIC: [8] Use of undefined constant TMPL_DENY_PHP - assumed 'TMPL_DENY_PHP' C:\lamp\Apache24\htdocs\HFS\Appliaction\Home\Conf\config.php 第 32 行.

[ 2015-11-17T13:32:22+08:00 ] ::1 /HFS/index.php/Home/Index/logo
INFO: [ app_init ] --START--
INFO: Run Behavior\BuildLiteBehavior [ RunTime:0.000017s ]
INFO: [ app_init ] --END-- [ RunTime:0.000113s ]
NOTIC: [8] Use of undefined constant TMPL_DENY_PHP - assumed 'TMPL_DENY_PHP' C:\lamp\Apache24\htdocs\HFS\Appliaction\Home\Conf\config.php 第 32 行.

[ 2015-11-17T14:29:39+08:00 ] ::1 /HFS/
INFO: [ app_init ] --START--
INFO: Run Behavior\BuildLiteBehavior [ RunTime:0.000018s ]
INFO: [ app_init ] --END-- [ RunTime:0.000151s ]
NOTIC: [8] Use of undefined constant TMPL_DENY_PHP - assumed 'TMPL_DENY_PHP' C:\lamp\Apache24\htdocs\HFS\Appliaction\Home\Conf\config.php 第 32 行.

[ 2015-11-17T14:29:41+08:00 ] ::1 /HFS/index.php/Home/Index/logoShow
INFO: [ app_init ] --START--
INFO: Run Behavior\BuildLiteBehavior [ RunTime:0.000018s ]
INFO: [ app_init ] --END-- [ RunTime:0.000126s ]
NOTIC: [8] Use of undefined constant TMPL_DENY_PHP - assumed 'TMPL_DENY_PHP' C:\lamp\Apache24\htdocs\HFS\Appliaction\Home\Conf\config.php 第 32 行.

[ 2015-11-17T14:29:43+08:00 ] ::1 /HFS/index.php/Home/Index/logo
INFO: [ app_init ] --START--
INFO: Run Behavior\BuildLiteBehavior [ RunTime:0.000015s ]
INFO: [ app_init ] --END-- [ RunTime:0.000097s ]
NOTIC: [8] Use of undefined constant TMPL_DENY_PHP - assumed 'TMPL_DENY_PHP' C:\lamp\Apache24\htdocs\HFS\Appliaction\Home\Conf\config.php 第 32 行.

[ 2015-11-17T14:43:21+08:00 ] ::1 /HFS/
INFO: [ app_init ] --START--
INFO: Run Behavior\BuildLiteBehavior [ RunTime:0.000022s ]
INFO: [ app_init ] --END-- [ RunTime:0.000299s ]
NOTIC: [8] Use of undefined constant TMPL_DENY_PHP - assumed 'TMPL_DENY_PHP' C:\lamp\Apache24\htdocs\HFS\Appliaction\Home\Conf\config.php 第 32 行.

[ 2015-11-17T14:43:23+08:00 ] ::1 /HFS/index.php/Home/Index/logoShow
INFO: [ app_init ] --START--
INFO: Run Behavior\BuildLiteBehavior [ RunTime:0.000011s ]
INFO: [ app_init ] --END-- [ RunTime:0.000077s ]
NOTIC: [8] Use of undefined constant TMPL_DENY_PHP - assumed 'TMPL_DENY_PHP' C:\lamp\Apache24\htdocs\HFS\Appliaction\Home\Conf\config.php 第 32 行.

[ 2015-11-17T14:43:24+08:00 ] ::1 /HFS/index.php/Home/Index/logo
INFO: [ app_init ] --START--
INFO: Run Behavior\BuildLiteBehavior [ RunTime:0.000021s ]
INFO: [ app_init ] --END-- [ RunTime:0.000139s ]
NOTIC: [8] Use of undefined constant TMPL_DENY_PHP - assumed 'TMPL_DENY_PHP' C:\lamp\Apache24\htdocs\HFS\Appliaction\Home\Conf\config.php 第 32 行.

[ 2015-11-17T15:26:14+08:00 ] ::1 /HFS/
INFO: [ app_init ] --START--
INFO: Run Behavior\BuildLiteBehavior [ RunTime:0.000015s ]
INFO: [ app_init ] --END-- [ RunTime:0.000261s ]
NOTIC: [8] Use of undefined constant TMPL_DENY_PHP - assumed 'TMPL_DENY_PHP' C:\lamp\Apache24\htdocs\HFS\Appliaction\Home\Conf\config.php 第 32 行.

[ 2015-11-17T15:27:41+08:00 ] ::1 /HFS/index.php/Home/Index/logoShow
INFO: [ app_init ] --START--
INFO: Run Behavior\BuildLiteBehavior [ RunTime:0.000014s ]
INFO: [ app_init ] --END-- [ RunTime:0.000228s ]
NOTIC: [8] Use of undefined constant TMPL_DENY_PHP - assumed 'TMPL_DENY_PHP' C:\lamp\Apache24\htdocs\HFS\Appliaction\Home\Conf\config.php 第 32 行.

[ 2015-11-17T15:27:43+08:00 ] ::1 /HFS/index.php/Home/Index/logo
INFO: [ app_init ] --START--
INFO: Run Behavior\BuildLiteBehavior [ RunTime:0.000017s ]
INFO: [ app_init ] --END-- [ RunTime:0.000124s ]
NOTIC: [8] Use of undefined constant TMPL_DENY_PHP - assumed 'TMPL_DENY_PHP' C:\lamp\Apache24\htdocs\HFS\Appliaction\Home\Conf\config.php 第 32 行.

[ 2015-11-17T20:25:19+08:00 ] ::1 /HFS/
INFO: [ app_init ] --START--
INFO: Run Behavior\BuildLiteBehavior [ RunTime:0.000153s ]
INFO: [ app_init ] --END-- [ RunTime:0.039737s ]
NOTIC: [8] Use of undefined constant TMPL_DENY_PHP - assumed 'TMPL_DENY_PHP' C:\lamp\Apache24\htdocs\HFS\Appliaction\Home\Conf\config.php 第 32 行.

[ 2015-11-17T20:25:23+08:00 ] ::1 /HFS/index.php/Home/Datapick
INFO: [ app_init ] --START--
INFO: Run Behavior\BuildLiteBehavior [ RunTime:0.000015s ]
INFO: [ app_init ] --END-- [ RunTime:0.000104s ]
NOTIC: [8] Use of undefined constant TMPL_DENY_PHP - assumed 'TMPL_DENY_PHP' C:\lamp\Apache24\htdocs\HFS\Appliaction\Home\Conf\config.php 第 32 行.

[ 2015-11-17T20:51:04+08:00 ] ::1 /HFS/index.php/Home/Index/logoShow
INFO: [ app_init ] --START--
INFO: Run Behavior\BuildLiteBehavior [ RunTime:0.000018s ]
INFO: [ app_init ] --END-- [ RunTime:0.000234s ]
NOTIC: [8] Use of undefined constant TMPL_DENY_PHP - assumed 'TMPL_DENY_PHP' C:\lamp\Apache24\htdocs\HFS\Appliaction\Home\Conf\config.php 第 32 行.

[ 2015-11-17T20:51:06+08:00 ] ::1 /HFS/index.php/Home/Index/logo
INFO: [ app_init ] --START--
INFO: Run Behavior\BuildLiteBehavior [ RunTime:0.000011s ]
INFO: [ app_init ] --END-- [ RunTime:0.000076s ]
NOTIC: [8] Use of undefined constant TMPL_DENY_PHP - assumed 'TMPL_DENY_PHP' C:\lamp\Apache24\htdocs\HFS\Appliaction\Home\Conf\config.php 第 32 行.

[ 2015-11-17T21:13:14+08:00 ] ::1 /HFS/index.php/Home/Index/logoShow
INFO: [ app_init ] --START--
INFO: Run Behavior\BuildLiteBehavior [ RunTime:0.000011s ]
INFO: [ app_init ] --END-- [ RunTime:0.000077s ]
NOTIC: [8] Use of undefined constant TMPL_DENY_PHP - assumed 'TMPL_DENY_PHP' C:\lamp\Apache24\htdocs\HFS\Appliaction\Home\Conf\config.php 第 32 行.

[ 2015-11-17T21:13:16+08:00 ] ::1 /HFS/index.php/Home/Index/logo
INFO: [ app_init ] --START--
INFO: Run Behavior\BuildLiteBehavior [ RunTime:0.000012s ]
INFO: [ app_init ] --END-- [ RunTime:0.000077s ]
NOTIC: [8] Use of undefined constant TMPL_DENY_PHP - assumed 'TMPL_DENY_PHP' C:\lamp\Apache24\htdocs\HFS\Appliaction\Home\Conf\config.php 第 32 行.

[ 2015-11-17T21:13:17+08:00 ] ::1 /HFS/index.php/Home/Index/logoShow
INFO: [ app_init ] --START--
INFO: Run Behavior\BuildLiteBehavior [ RunTime:0.000012s ]
INFO: [ app_init ] --END-- [ RunTime:0.000077s ]
NOTIC: [8] Use of undefined constant TMPL_DENY_PHP - assumed 'TMPL_DENY_PHP' C:\lamp\Apache24\htdocs\HFS\Appliaction\Home\Conf\config.php 第 32 行.

[ 2015-11-17T21:13:25+08:00 ] ::1 /HFS/index.php/Home/Index/logo
INFO: [ app_init ] --START--
INFO: Run Behavior\BuildLiteBehavior [ RunTime:0.000011s ]
INFO: [ app_init ] --END-- [ RunTime:0.000076s ]
NOTIC: [8] Use of undefined constant TMPL_DENY_PHP - assumed 'TMPL_DENY_PHP' C:\lamp\Apache24\htdocs\HFS\Appliaction\Home\Conf\config.php 第 32 行.

[ 2015-11-17T21:15:17+08:00 ] ::1 /HFS/index.php/Home/Index/index.html
INFO: [ app_init ] --START--
INFO: Run Behavior\BuildLiteBehavior [ RunTime:0.000014s ]
INFO: [ app_init ] --END-- [ RunTime:0.000094s ]
NOTIC: [8] Use of undefined constant TMPL_DENY_PHP - assumed 'TMPL_DENY_PHP' C:\lamp\Apache24\htdocs\HFS\Appliaction\Home\Conf\config.php 第 32 行.

[ 2015-11-17T21:15:20+08:00 ] ::1 /HFS/index.php/Home/Index/logoShow
INFO: [ app_init ] --START--
INFO: Run Behavior\BuildLiteBehavior [ RunTime:0.000019s ]
INFO: [ app_init ] --END-- [ RunTime:0.000163s ]
NOTIC: [8] Use of undefined constant TMPL_DENY_PHP - assumed 'TMPL_DENY_PHP' C:\lamp\Apache24\htdocs\HFS\Appliaction\Home\Conf\config.php 第 32 行.

[ 2015-11-17T21:15:28+08:00 ] ::1 /HFS/index.php/Home/Index/logo
INFO: [ app_init ] --START--
INFO: Run Behavior\BuildLiteBehavior [ RunTime:0.000017s ]
INFO: [ app_init ] --END-- [ RunTime:0.000119s ]
NOTIC: [8] Use of undefined constant TMPL_DENY_PHP - assumed 'TMPL_DENY_PHP' C:\lamp\Apache24\htdocs\HFS\Appliaction\Home\Conf\config.php 第 32 行.

[ 2015-11-17T21:17:04+08:00 ] ::1 /HFS/index.php/Home/Index/index.html
INFO: [ app_init ] --START--
INFO: Run Behavior\BuildLiteBehavior [ RunTime:0.000017s ]
INFO: [ app_init ] --END-- [ RunTime:0.000119s ]
NOTIC: [8] Use of undefined constant TMPL_DENY_PHP - assumed 'TMPL_DENY_PHP' C:\lamp\Apache24\htdocs\HFS\Appliaction\Home\Conf\config.php 第 32 行.

[ 2015-11-17T21:17:06+08:00 ] ::1 /HFS/index.php/Home/Index/logoShow
INFO: [ app_init ] --START--
INFO: Run Behavior\BuildLiteBehavior [ RunTime:0.000012s ]
INFO: [ app_init ] --END-- [ RunTime:0.000076s ]
NOTIC: [8] Use of undefined constant TMPL_DENY_PHP - assumed 'TMPL_DENY_PHP' C:\lamp\Apache24\htdocs\HFS\Appliaction\Home\Conf\config.php 第 32 行.

[ 2015-11-17T21:17:12+08:00 ] ::1 /HFS/index.php/Home/Index/logo
INFO: [ app_init ] --START--
INFO: Run Behavior\BuildLiteBehavior [ RunTime:0.000016s ]
INFO: [ app_init ] --END-- [ RunTime:0.000111s ]
NOTIC: [8] Use of undefined constant TMPL_DENY_PHP - assumed 'TMPL_DENY_PHP' C:\lamp\Apache24\htdocs\HFS\Appliaction\Home\Conf\config.php 第 32 行.

