[ 2015-10-20T13:33:45+08:00 ] ::1 /HFS/index.php
INFO: [ app_init ] --START--
INFO: Run Behavior\BuildLiteBehavior [ RunTime:0.000236s ]
INFO: [ app_init ] --END-- [ RunTime:0.019302s ]
INFO: [ app_begin ] --START--
INFO: Run Behavior\ReadHtmlCacheBehavior [ RunTime:0.000749s ]
INFO: [ app_begin ] --END-- [ RunTime:0.000891s ]
INFO: [ view_parse ] --START--
INFO: [ template_filter ] --START--
INFO: Run Behavior\ContentReplaceBehavior [ RunTime:0.000075s ]
INFO: [ template_filter ] --END-- [ RunTime:0.000249s ]
INFO: Run Behavior\ParseTemplateBehavior [ RunTime:0.114826s ]
INFO: [ view_parse ] --END-- [ RunTime:0.119726s ]
INFO: [ view_filter ] --START--
INFO: Run Behavior\WriteHtmlCacheBehavior [ RunTime:0.000623s ]
INFO: [ view_filter ] --END-- [ RunTime:0.000792s ]
INFO: [ app_end ] --START--
INFO: Run Behavior\ShowPageTraceBehavior [ RunTime:0.000914s ]
INFO: [ app_end ] --END-- [ RunTime:0.001105s ]

[ 2015-10-20T13:43:29+08:00 ] ::1 /HFS/index.php/Home
INFO: [ app_init ] --START--
INFO: Run Behavior\BuildLiteBehavior [ RunTime:0.000042s ]
INFO: [ app_init ] --END-- [ RunTime:0.000659s ]

[ 2015-10-20T13:44:03+08:00 ] ::1 /HFS/index.php/Home
INFO: [ app_init ] --START--
INFO: Run Behavior\BuildLiteBehavior [ RunTime:0.000032s ]
INFO: [ app_init ] --END-- [ RunTime:0.000494s ]

[ 2015-10-20T13:48:41+08:00 ] ::1 /HFS/index.php/Home
INFO: [ app_init ] --START--
INFO: Run Behavior\BuildLiteBehavior [ RunTime:0.000049s ]
INFO: [ app_init ] --END-- [ RunTime:0.000726s ]

[ 2015-10-20T13:49:18+08:00 ] ::1 /HFS/index.php/Home
INFO: [ app_init ] --START--
INFO: Run Behavior\BuildLiteBehavior [ RunTime:0.000047s ]
INFO: [ app_init ] --END-- [ RunTime:0.000814s ]

[ 2015-10-20T13:50:34+08:00 ] ::1 /HFS/index.php/Home
INFO: [ app_init ] --START--
INFO: Run Behavior\BuildLiteBehavior [ RunTime:0.000039s ]
INFO: [ app_init ] --END-- [ RunTime:0.000543s ]

[ 2015-10-20T13:50:36+08:00 ] ::1 /HFS/index.php/Home/Index/index
INFO: [ app_init ] --START--
INFO: Run Behavior\BuildLiteBehavior [ RunTime:0.000045s ]
INFO: [ app_init ] --END-- [ RunTime:0.000634s ]

[ 2015-10-20T13:50:38+08:00 ] ::1 /HFS/index.php/Home/Index/datapick
INFO: [ app_init ] --START--
INFO: Run Behavior\BuildLiteBehavior [ RunTime:0.000050s ]
INFO: [ app_init ] --END-- [ RunTime:0.000510s ]

[ 2015-10-20T13:50:38+08:00 ] ::1 /HFS/index.php/Home/Index/static/css/header.css
INFO: [ app_init ] --START--
INFO: Run Behavior\BuildLiteBehavior [ RunTime:0.000059s ]
INFO: [ app_init ] --END-- [ RunTime:0.000764s ]
ERR: 非法操作:static

[ 2015-10-20T13:50:38+08:00 ] ::1 /HFS/index.php/Home/Index/static/css/datapick.css
INFO: [ app_init ] --START--
INFO: Run Behavior\BuildLiteBehavior [ RunTime:0.000115s ]
INFO: [ app_init ] --END-- [ RunTime:0.001232s ]
ERR: 非法操作:static

[ 2015-10-20T13:50:38+08:00 ] ::1 /HFS/index.php/Home/Index/static/js/datapick.js
INFO: [ app_init ] --START--
INFO: Run Behavior\BuildLiteBehavior [ RunTime:0.000055s ]
INFO: [ app_init ] --END-- [ RunTime:0.002242s ]
ERR: 非法操作:static

[ 2015-10-20T13:50:41+08:00 ] ::1 /HFS/index.php/Home/Index/dataquery
INFO: [ app_init ] --START--
INFO: Run Behavior\BuildLiteBehavior [ RunTime:0.000047s ]
INFO: [ app_init ] --END-- [ RunTime:0.000713s ]

[ 2015-10-20T13:50:41+08:00 ] ::1 /HFS/index.php/Home/Index/plugins/datetimepicker/jquery.datetimepicker.css
INFO: [ app_init ] --START--
INFO: Run Behavior\BuildLiteBehavior [ RunTime:0.000049s ]
INFO: [ app_init ] --END-- [ RunTime:0.000758s ]
ERR: 非法操作:plugins

[ 2015-10-20T13:50:41+08:00 ] ::1 /HFS/index.php/Home/Index/static/js/dataquery.js
INFO: [ app_init ] --START--
INFO: Run Behavior\BuildLiteBehavior [ RunTime:0.000051s ]
INFO: [ app_init ] --END-- [ RunTime:0.000741s ]
ERR: 非法操作:static

[ 2015-10-20T13:50:41+08:00 ] ::1 /HFS/index.php/Home/Index/plugins/datetimepicker/jquery.datetimepicker.js
INFO: [ app_init ] --START--
INFO: Run Behavior\BuildLiteBehavior [ RunTime:0.000048s ]
INFO: [ app_init ] --END-- [ RunTime:0.000665s ]
ERR: 非法操作:plugins

[ 2015-10-20T13:50:41+08:00 ] ::1 /HFS/index.php/Home/Index/static/css/dataquery.css
INFO: [ app_init ] --START--
INFO: Run Behavior\BuildLiteBehavior [ RunTime:0.000055s ]
INFO: [ app_init ] --END-- [ RunTime:0.000783s ]
ERR: 非法操作:static

[ 2015-10-20T13:50:41+08:00 ] ::1 /HFS/index.php/Home/Index/static/css/header.css
INFO: [ app_init ] --START--
INFO: Run Behavior\BuildLiteBehavior [ RunTime:0.000031s ]
INFO: [ app_init ] --END-- [ RunTime:0.000654s ]
ERR: 非法操作:static

[ 2015-10-20T13:50:43+08:00 ] ::1 /HFS/index.php/Home/Index/aboutus
INFO: [ app_init ] --START--
INFO: Run Behavior\BuildLiteBehavior [ RunTime:0.000046s ]
INFO: [ app_init ] --END-- [ RunTime:0.000675s ]

[ 2015-10-20T13:50:44+08:00 ] ::1 /HFS/index.php/Home/Index/static/css/aboutus.css
INFO: [ app_init ] --START--
INFO: Run Behavior\BuildLiteBehavior [ RunTime:0.000032s ]
INFO: [ app_init ] --END-- [ RunTime:0.000569s ]
ERR: 非法操作:static

[ 2015-10-20T13:50:44+08:00 ] ::1 /HFS/index.php/Home/Index/static/js/aboutus.js
INFO: [ app_init ] --START--
INFO: Run Behavior\BuildLiteBehavior [ RunTime:0.000030s ]
INFO: [ app_init ] --END-- [ RunTime:0.000457s ]
ERR: 非法操作:static

[ 2015-10-20T13:50:44+08:00 ] ::1 /HFS/index.php/Home/Index/static/css/header.css
INFO: [ app_init ] --START--
INFO: Run Behavior\BuildLiteBehavior [ RunTime:0.000047s ]
INFO: [ app_init ] --END-- [ RunTime:0.000640s ]
ERR: 非法操作:static

[ 2015-10-20T13:50:47+08:00 ] ::1 /HFS/index.php/Home/Index/dataprocess
INFO: [ app_init ] --START--
INFO: Run Behavior\BuildLiteBehavior [ RunTime:0.000055s ]
INFO: [ app_init ] --END-- [ RunTime:0.000637s ]

[ 2015-10-20T13:50:47+08:00 ] ::1 /HFS/index.php/Home/Index/plugins/datetimepicker/jquery.datetimepicker.css
INFO: [ app_init ] --START--
INFO: Run Behavior\BuildLiteBehavior [ RunTime:0.000033s ]
INFO: [ app_init ] --END-- [ RunTime:0.000648s ]
ERR: 非法操作:plugins

[ 2015-10-20T13:50:47+08:00 ] ::1 /HFS/index.php/Home/Index/static/css/header.css
INFO: [ app_init ] --START--
INFO: Run Behavior\BuildLiteBehavior [ RunTime:0.000052s ]
INFO: [ app_init ] --END-- [ RunTime:0.000742s ]
ERR: 非法操作:static

[ 2015-10-20T13:50:47+08:00 ] ::1 /HFS/index.php/Home/Index/static/css/dataprocess.css
INFO: [ app_init ] --START--
INFO: Run Behavior\BuildLiteBehavior [ RunTime:0.000051s ]
INFO: [ app_init ] --END-- [ RunTime:0.000793s ]
ERR: 非法操作:static

[ 2015-10-20T13:50:47+08:00 ] ::1 /HFS/index.php/Home/Index/static/js/dataprocess.js
INFO: [ app_init ] --START--
INFO: Run Behavior\BuildLiteBehavior [ RunTime:0.000056s ]
INFO: [ app_init ] --END-- [ RunTime:0.000795s ]
ERR: 非法操作:static

[ 2015-10-20T13:50:47+08:00 ] ::1 /HFS/index.php/Home/Index/plugins/echarts/build/dist/echarts.js
INFO: [ app_init ] --START--
INFO: Run Behavior\BuildLiteBehavior [ RunTime:0.000051s ]
INFO: [ app_init ] --END-- [ RunTime:0.000733s ]
ERR: 非法操作:plugins

[ 2015-10-20T13:50:47+08:00 ] ::1 /HFS/index.php/Home/Index/plugins/datetimepicker/jquery.datetimepicker.js
INFO: [ app_init ] --START--
INFO: Run Behavior\BuildLiteBehavior [ RunTime:0.000057s ]
INFO: [ app_init ] --END-- [ RunTime:0.000828s ]
ERR: 非法操作:plugins

[ 2015-10-20T13:52:21+08:00 ] ::1 /HFS/index.php/Home/Index/index
INFO: [ app_init ] --START--
INFO: Run Behavior\BuildLiteBehavior [ RunTime:0.000043s ]
INFO: [ app_init ] --END-- [ RunTime:0.000807s ]

[ 2015-10-20T13:52:23+08:00 ] ::1 /HFS/index.php/Home/Index/datapick
INFO: [ app_init ] --START--
INFO: Run Behavior\BuildLiteBehavior [ RunTime:0.000049s ]
INFO: [ app_init ] --END-- [ RunTime:0.000726s ]

[ 2015-10-20T13:52:23+08:00 ] ::1 /HFS/index.php/Home/Index/static/js/datapick.js
INFO: [ app_init ] --START--
INFO: Run Behavior\BuildLiteBehavior [ RunTime:0.000053s ]
INFO: [ app_init ] --END-- [ RunTime:0.000736s ]
ERR: 非法操作:static

[ 2015-10-20T13:52:23+08:00 ] ::1 /HFS/index.php/Home/Index/static/css/header.css
INFO: [ app_init ] --START--
INFO: Run Behavior\BuildLiteBehavior [ RunTime:0.000048s ]
INFO: [ app_init ] --END-- [ RunTime:0.000711s ]
ERR: 非法操作:static

[ 2015-10-20T13:52:23+08:00 ] ::1 /HFS/index.php/Home/Index/static/css/datapick.css
INFO: [ app_init ] --START--
INFO: Run Behavior\BuildLiteBehavior [ RunTime:0.000048s ]
INFO: [ app_init ] --END-- [ RunTime:0.000666s ]
ERR: 非法操作:static

[ 2015-10-20T13:52:25+08:00 ] ::1 /HFS/index.php/Home/Index/dataquery
INFO: [ app_init ] --START--
INFO: Run Behavior\BuildLiteBehavior [ RunTime:0.000046s ]
INFO: [ app_init ] --END-- [ RunTime:0.000673s ]

[ 2015-10-20T13:52:25+08:00 ] ::1 /HFS/index.php/Home/Index/plugins/datetimepicker/jquery.datetimepicker.js
INFO: [ app_init ] --START--
INFO: Run Behavior\BuildLiteBehavior [ RunTime:0.000058s ]
INFO: [ app_init ] --END-- [ RunTime:0.000766s ]
ERR: 非法操作:plugins

[ 2015-10-20T13:52:25+08:00 ] ::1 /HFS/index.php/Home/Index/static/css/header.css
INFO: [ app_init ] --START--
INFO: Run Behavior\BuildLiteBehavior [ RunTime:0.000049s ]
INFO: [ app_init ] --END-- [ RunTime:0.000680s ]
ERR: 非法操作:static

[ 2015-10-20T13:52:25+08:00 ] ::1 /HFS/index.php/Home/Index/static/css/dataquery.css
INFO: [ app_init ] --START--
INFO: Run Behavior\BuildLiteBehavior [ RunTime:0.000057s ]
INFO: [ app_init ] --END-- [ RunTime:0.000576s ]
ERR: 非法操作:static

[ 2015-10-20T13:52:25+08:00 ] ::1 /HFS/index.php/Home/Index/plugins/datetimepicker/jquery.datetimepicker.css
INFO: [ app_init ] --START--
INFO: Run Behavior\BuildLiteBehavior [ RunTime:0.000049s ]
INFO: [ app_init ] --END-- [ RunTime:0.000669s ]
ERR: 非法操作:plugins

[ 2015-10-20T13:52:25+08:00 ] ::1 /HFS/index.php/Home/Index/static/js/dataquery.js
INFO: [ app_init ] --START--
INFO: Run Behavior\BuildLiteBehavior [ RunTime:0.000033s ]
INFO: [ app_init ] --END-- [ RunTime:0.000551s ]
ERR: 非法操作:static

[ 2015-10-20T13:52:27+08:00 ] ::1 /HFS/index.php/Home/Index/dataprocess
INFO: [ app_init ] --START--
INFO: Run Behavior\BuildLiteBehavior [ RunTime:0.000034s ]
INFO: [ app_init ] --END-- [ RunTime:0.000611s ]

[ 2015-10-20T13:52:27+08:00 ] ::1 /HFS/index.php/Home/Index/static/css/header.css
INFO: [ app_init ] --START--
INFO: Run Behavior\BuildLiteBehavior [ RunTime:0.000058s ]
INFO: [ app_init ] --END-- [ RunTime:0.001319s ]
ERR: 非法操作:static

[ 2015-10-20T13:52:27+08:00 ] ::1 /HFS/index.php/Home/Index/static/css/dataprocess.css
INFO: [ app_init ] --START--
INFO: Run Behavior\BuildLiteBehavior [ RunTime:0.000051s ]
INFO: [ app_init ] --END-- [ RunTime:0.000734s ]
ERR: 非法操作:static

[ 2015-10-20T13:52:27+08:00 ] ::1 /HFS/index.php/Home/Index/plugins/echarts/build/dist/echarts.js
INFO: [ app_init ] --START--
INFO: Run Behavior\BuildLiteBehavior [ RunTime:0.000079s ]
INFO: [ app_init ] --END-- [ RunTime:0.000896s ]
ERR: 非法操作:plugins

[ 2015-10-20T13:52:27+08:00 ] ::1 /HFS/index.php/Home/Index/plugins/datetimepicker/jquery.datetimepicker.css
INFO: [ app_init ] --START--
INFO: Run Behavior\BuildLiteBehavior [ RunTime:0.000059s ]
INFO: [ app_init ] --END-- [ RunTime:0.000807s ]
ERR: 非法操作:plugins

[ 2015-10-20T13:52:27+08:00 ] ::1 /HFS/index.php/Home/Index/static/js/dataprocess.js
INFO: [ app_init ] --START--
INFO: Run Behavior\BuildLiteBehavior [ RunTime:0.000058s ]
INFO: [ app_init ] --END-- [ RunTime:0.001679s ]
ERR: 非法操作:static

[ 2015-10-20T13:52:27+08:00 ] ::1 /HFS/index.php/Home/Index/plugins/datetimepicker/jquery.datetimepicker.js
INFO: [ app_init ] --START--
INFO: Run Behavior\BuildLiteBehavior [ RunTime:0.000053s ]
INFO: [ app_init ] --END-- [ RunTime:0.000899s ]
ERR: 非法操作:plugins

[ 2015-10-20T13:52:29+08:00 ] ::1 /HFS/index.php/Home/Index/aboutus
INFO: [ app_init ] --START--
INFO: Run Behavior\BuildLiteBehavior [ RunTime:0.000032s ]
INFO: [ app_init ] --END-- [ RunTime:0.000683s ]

[ 2015-10-20T13:52:43+08:00 ] ::1 /HFS/index.php/Home/Index/index
INFO: [ app_init ] --START--
INFO: Run Behavior\BuildLiteBehavior [ RunTime:0.000060s ]
INFO: [ app_init ] --END-- [ RunTime:0.000869s ]

[ 2015-10-20T13:54:17+08:00 ] ::1 /HFS/index.php/Home/Index/index
INFO: [ app_init ] --START--
INFO: Run Behavior\BuildLiteBehavior [ RunTime:0.000045s ]
INFO: [ app_init ] --END-- [ RunTime:0.000706s ]

[ 2015-10-20T13:54:18+08:00 ] ::1 /HFS/index.php/Home/Index/dataprocess
INFO: [ app_init ] --START--
INFO: Run Behavior\BuildLiteBehavior [ RunTime:0.000053s ]
INFO: [ app_init ] --END-- [ RunTime:0.000667s ]

[ 2015-10-20T13:54:18+08:00 ] ::1 /HFS/index.php/Home/Index/static/css/header.css
INFO: [ app_init ] --START--
INFO: Run Behavior\BuildLiteBehavior [ RunTime:0.000057s ]
INFO: [ app_init ] --END-- [ RunTime:0.000798s ]
ERR: 非法操作:static

[ 2015-10-20T13:54:18+08:00 ] ::1 /HFS/index.php/Home/Index/plugins/datetimepicker/jquery.datetimepicker.css
INFO: [ app_init ] --START--
INFO: Run Behavior\BuildLiteBehavior [ RunTime:0.000058s ]
INFO: [ app_init ] --END-- [ RunTime:0.000955s ]
ERR: 非法操作:plugins

[ 2015-10-20T13:54:18+08:00 ] ::1 /HFS/index.php/Home/Index/static/css/dataprocess.css
INFO: [ app_init ] --START--
INFO: Run Behavior\BuildLiteBehavior [ RunTime:0.000050s ]
INFO: [ app_init ] --END-- [ RunTime:0.003294s ]
ERR: 非法操作:static

[ 2015-10-20T13:54:18+08:00 ] ::1 /HFS/index.php/Home/Index/plugins/echarts/build/dist/echarts.js
INFO: [ app_init ] --START--
INFO: Run Behavior\BuildLiteBehavior [ RunTime:0.000057s ]
INFO: [ app_init ] --END-- [ RunTime:0.000795s ]
ERR: 非法操作:plugins

[ 2015-10-20T13:54:18+08:00 ] ::1 /HFS/index.php/Home/Index/plugins/datetimepicker/jquery.datetimepicker.js
INFO: [ app_init ] --START--
INFO: Run Behavior\BuildLiteBehavior [ RunTime:0.000060s ]
INFO: [ app_init ] --END-- [ RunTime:0.000860s ]
ERR: 非法操作:plugins

[ 2015-10-20T13:54:18+08:00 ] ::1 /HFS/index.php/Home/Index/static/js/dataprocess.js
INFO: [ app_init ] --START--
INFO: Run Behavior\BuildLiteBehavior [ RunTime:0.000049s ]
INFO: [ app_init ] --END-- [ RunTime:0.000678s ]
ERR: 非法操作:static

[ 2015-10-20T13:54:21+08:00 ] ::1 /HFS/index.php/Home/Index/dataquery
INFO: [ app_init ] --START--
INFO: Run Behavior\BuildLiteBehavior [ RunTime:0.000053s ]
INFO: [ app_init ] --END-- [ RunTime:0.000601s ]

[ 2015-10-20T13:56:30+08:00 ] ::1 /HFS/index.php/Home/Index/dataquery
INFO: [ app_init ] --START--
INFO: Run Behavior\BuildLiteBehavior [ RunTime:0.000031s ]
INFO: [ app_init ] --END-- [ RunTime:0.000561s ]

[ 2015-10-20T13:56:31+08:00 ] ::1 /HFS/index.php/Home/Index/datapick
INFO: [ app_init ] --START--
INFO: Run Behavior\BuildLiteBehavior [ RunTime:0.000048s ]
INFO: [ app_init ] --END-- [ RunTime:0.000649s ]

[ 2015-10-20T13:56:31+08:00 ] ::1 /HFS/index.php/Home/Index/static/css/datapick.css
INFO: [ app_init ] --START--
INFO: Run Behavior\BuildLiteBehavior [ RunTime:0.000051s ]
INFO: [ app_init ] --END-- [ RunTime:0.001067s ]
ERR: 非法操作:static

[ 2015-10-20T13:56:31+08:00 ] ::1 /HFS/index.php/Home/Index/static/css/header.css
INFO: [ app_init ] --START--
INFO: Run Behavior\BuildLiteBehavior [ RunTime:0.000053s ]
INFO: [ app_init ] --END-- [ RunTime:0.001521s ]
ERR: 非法操作:static

[ 2015-10-20T13:56:31+08:00 ] ::1 /HFS/index.php/Home/Index/static/js/datapick.js
INFO: [ app_init ] --START--
INFO: Run Behavior\BuildLiteBehavior [ RunTime:0.000032s ]
INFO: [ app_init ] --END-- [ RunTime:0.000595s ]
ERR: 非法操作:static

[ 2015-10-20T13:56:34+08:00 ] ::1 /HFS/index.php/Home/Index/dataprocess
INFO: [ app_init ] --START--
INFO: Run Behavior\BuildLiteBehavior [ RunTime:0.000045s ]
INFO: [ app_init ] --END-- [ RunTime:0.000606s ]

[ 2015-10-20T13:56:34+08:00 ] ::1 /HFS/index.php/Home/Index/plugins/echarts/build/dist/chart/bar.js
INFO: [ app_init ] --START--
INFO: Run Behavior\BuildLiteBehavior [ RunTime:0.000049s ]
INFO: [ app_init ] --END-- [ RunTime:0.000750s ]
ERR: 非法操作:plugins

[ 2015-10-20T13:56:34+08:00 ] ::1 /HFS/index.php/Home/Index/plugins/echarts/build/dist/chart/line.js
INFO: [ app_init ] --START--
INFO: Run Behavior\BuildLiteBehavior [ RunTime:0.000056s ]
INFO: [ app_init ] --END-- [ RunTime:0.000772s ]
ERR: 非法操作:plugins

[ 2015-10-20T13:58:08+08:00 ] ::1 /HFS/index.php/Home/Index/dataprocess
INFO: [ app_init ] --START--
INFO: Run Behavior\BuildLiteBehavior [ RunTime:0.000049s ]
INFO: [ app_init ] --END-- [ RunTime:0.000759s ]

[ 2015-10-20T13:58:08+08:00 ] ::1 /HFS/index.php/Home/Index/plugins/echarts/build/dist/chart/bar.js
INFO: [ app_init ] --START--
INFO: Run Behavior\BuildLiteBehavior [ RunTime:0.000057s ]
INFO: [ app_init ] --END-- [ RunTime:0.000815s ]
ERR: 非法操作:plugins

[ 2015-10-20T13:58:08+08:00 ] ::1 /HFS/index.php/Home/Index/plugins/echarts/build/dist/chart/line.js
INFO: [ app_init ] --START--
INFO: Run Behavior\BuildLiteBehavior [ RunTime:0.000052s ]
INFO: [ app_init ] --END-- [ RunTime:0.000792s ]
ERR: 非法操作:plugins

[ 2015-10-20T13:58:09+08:00 ] ::1 /HFS/index.php/Home/Index/datapick
INFO: [ app_init ] --START--
INFO: Run Behavior\BuildLiteBehavior [ RunTime:0.000032s ]
INFO: [ app_init ] --END-- [ RunTime:0.000511s ]

[ 2015-10-20T14:01:03+08:00 ] ::1 /HFS/index.php/Home/Index/datapick
INFO: [ app_init ] --START--
INFO: Run Behavior\BuildLiteBehavior [ RunTime:0.000031s ]
INFO: [ app_init ] --END-- [ RunTime:0.000507s ]

[ 2015-10-20T14:01:11+08:00 ] ::1 /HFS/index.php/Home/Index/datapick
INFO: [ app_init ] --START--
INFO: Run Behavior\BuildLiteBehavior [ RunTime:0.000031s ]
INFO: [ app_init ] --END-- [ RunTime:0.000468s ]

[ 2015-10-20T14:02:12+08:00 ] ::1 /HFS/index.php/Home/Index/datapick
INFO: [ app_init ] --START--
INFO: Run Behavior\BuildLiteBehavior [ RunTime:0.000056s ]
INFO: [ app_init ] --END-- [ RunTime:0.000627s ]

[ 2015-10-20T14:07:44+08:00 ] ::1 /HFS/index.php/Home/Index/dataprocess
INFO: [ app_init ] --START--
INFO: Run Behavior\BuildLiteBehavior [ RunTime:0.000052s ]
INFO: [ app_init ] --END-- [ RunTime:0.000518s ]

[ 2015-10-20T14:07:44+08:00 ] ::1 /HFS/index.php/Home/Index/plugins/echarts/build/dist/chart/line.js
INFO: [ app_init ] --START--
INFO: Run Behavior\BuildLiteBehavior [ RunTime:0.000075s ]
INFO: [ app_init ] --END-- [ RunTime:0.000878s ]
ERR: 非法操作:plugins

[ 2015-10-20T14:07:44+08:00 ] ::1 /HFS/index.php/Home/Index/plugins/echarts/build/dist/chart/bar.js
INFO: [ app_init ] --START--
INFO: Run Behavior\BuildLiteBehavior [ RunTime:0.000059s ]
INFO: [ app_init ] --END-- [ RunTime:0.000738s ]
ERR: 非法操作:plugins

[ 2015-10-20T14:10:00+08:00 ] ::1 /HFS/index.php/Home/Index/dataprocess
INFO: [ app_init ] --START--
INFO: Run Behavior\BuildLiteBehavior [ RunTime:0.000128s ]
INFO: [ app_init ] --END-- [ RunTime:0.000943s ]

[ 2015-10-20T14:10:01+08:00 ] ::1 /HFS/index.php/Home/Index/plugins/echarts/build/dist/chart/bar.js
INFO: [ app_init ] --START--
INFO: Run Behavior\BuildLiteBehavior [ RunTime:0.000062s ]
INFO: [ app_init ] --END-- [ RunTime:0.000849s ]
ERR: 非法操作:plugins

[ 2015-10-20T14:10:01+08:00 ] ::1 /HFS/index.php/Home/Index/plugins/echarts/build/dist/chart/line.js
INFO: [ app_init ] --START--
INFO: Run Behavior\BuildLiteBehavior [ RunTime:0.000051s ]
INFO: [ app_init ] --END-- [ RunTime:0.001297s ]
ERR: 非法操作:plugins

[ 2015-10-20T14:13:15+08:00 ] ::1 /HFS/index.php/Home/Index/dataprocess
INFO: [ app_init ] --START--
INFO: Run Behavior\BuildLiteBehavior [ RunTime:0.000060s ]
INFO: [ app_init ] --END-- [ RunTime:0.001354s ]

[ 2015-10-20T14:13:15+08:00 ] ::1 /HFS/index.php/Home/Index/plugins/echarts/build/dist/chart/line.js
INFO: [ app_init ] --START--
INFO: Run Behavior\BuildLiteBehavior [ RunTime:0.000060s ]
INFO: [ app_init ] --END-- [ RunTime:0.001194s ]
ERR: 非法操作:plugins

[ 2015-10-20T14:13:15+08:00 ] ::1 /HFS/index.php/Home/Index/plugins/echarts/build/dist/chart/bar.js
INFO: [ app_init ] --START--
INFO: Run Behavior\BuildLiteBehavior [ RunTime:0.000059s ]
INFO: [ app_init ] --END-- [ RunTime:0.001181s ]
ERR: 非法操作:plugins

[ 2015-10-20T14:14:01+08:00 ] ::1 /HFS/index.php/Home/Index/datapick
INFO: [ app_init ] --START--
INFO: Run Behavior\BuildLiteBehavior [ RunTime:0.000033s ]
INFO: [ app_init ] --END-- [ RunTime:0.000519s ]

[ 2015-10-20T14:14:03+08:00 ] ::1 /HFS/index.php/Home/Index/dataquery
INFO: [ app_init ] --START--
INFO: Run Behavior\BuildLiteBehavior [ RunTime:0.000031s ]
INFO: [ app_init ] --END-- [ RunTime:0.000487s ]

[ 2015-10-20T14:14:08+08:00 ] ::1 /HFS/index.php/Home/Index/dataprocess
INFO: [ app_init ] --START--
INFO: Run Behavior\BuildLiteBehavior [ RunTime:0.000030s ]
INFO: [ app_init ] --END-- [ RunTime:0.000479s ]

[ 2015-10-20T14:14:08+08:00 ] ::1 /HFS/index.php/Home/Index/plugins/echarts/build/dist/chart/line.js
INFO: [ app_init ] --START--
INFO: Run Behavior\BuildLiteBehavior [ RunTime:0.000049s ]
INFO: [ app_init ] --END-- [ RunTime:0.000689s ]
ERR: 非法操作:plugins

[ 2015-10-20T14:14:08+08:00 ] ::1 /HFS/index.php/Home/Index/plugins/echarts/build/dist/chart/bar.js
INFO: [ app_init ] --START--
INFO: Run Behavior\BuildLiteBehavior [ RunTime:0.000033s ]
INFO: [ app_init ] --END-- [ RunTime:0.000523s ]
ERR: 非法操作:plugins

[ 2015-10-20T14:14:10+08:00 ] ::1 /HFS/index.php/Home/Index/aboutus
INFO: [ app_init ] --START--
INFO: Run Behavior\BuildLiteBehavior [ RunTime:0.000046s ]
INFO: [ app_init ] --END-- [ RunTime:0.000633s ]

[ 2015-10-20T14:14:11+08:00 ] ::1 /HFS/index.php/Home/Index/dataprocess
INFO: [ app_init ] --START--
INFO: Run Behavior\BuildLiteBehavior [ RunTime:0.000069s ]
INFO: [ app_init ] --END-- [ RunTime:0.000825s ]

[ 2015-10-20T14:14:11+08:00 ] ::1 /HFS/index.php/Home/Index/plugins/echarts/build/dist/chart/line.js
INFO: [ app_init ] --START--
INFO: Run Behavior\BuildLiteBehavior [ RunTime:0.000056s ]
INFO: [ app_init ] --END-- [ RunTime:0.000940s ]
ERR: 非法操作:plugins

[ 2015-10-20T14:14:11+08:00 ] ::1 /HFS/index.php/Home/Index/plugins/echarts/build/dist/chart/bar.js
INFO: [ app_init ] --START--
INFO: Run Behavior\BuildLiteBehavior [ RunTime:0.000048s ]
INFO: [ app_init ] --END-- [ RunTime:0.000682s ]
ERR: 非法操作:plugins

[ 2015-10-20T14:14:15+08:00 ] ::1 /HFS/index.php/Home/Index/dataquery
INFO: [ app_init ] --START--
INFO: Run Behavior\BuildLiteBehavior [ RunTime:0.000061s ]
INFO: [ app_init ] --END-- [ RunTime:0.000809s ]

[ 2015-10-20T14:14:39+08:00 ] ::1 /HFS/index.php/Home/Index/dataquery
INFO: [ app_init ] --START--
INFO: Run Behavior\BuildLiteBehavior [ RunTime:0.000047s ]
INFO: [ app_init ] --END-- [ RunTime:0.000832s ]

[ 2015-10-20T14:23:57+08:00 ] ::1 /HFS/index.php/Home/Index/dataquery
INFO: [ app_init ] --START--
INFO: Run Behavior\BuildLiteBehavior [ RunTime:0.000049s ]
INFO: [ app_init ] --END-- [ RunTime:0.000686s ]

[ 2015-10-20T14:25:02+08:00 ] ::1 /HFS/index.php/Home/Index/dataquery
INFO: [ app_init ] --START--
INFO: Run Behavior\BuildLiteBehavior [ RunTime:0.000061s ]
INFO: [ app_init ] --END-- [ RunTime:0.000921s ]

[ 2015-10-20T14:25:07+08:00 ] ::1 /HFS/index.php/Home/Index/dataprocess
INFO: [ app_init ] --START--
INFO: Run Behavior\BuildLiteBehavior [ RunTime:0.000033s ]
INFO: [ app_init ] --END-- [ RunTime:0.000622s ]

[ 2015-10-20T14:25:08+08:00 ] ::1 /HFS/index.php/Home/Index/plugins/echarts/build/dist/chart/line.js
INFO: [ app_init ] --START--
INFO: Run Behavior\BuildLiteBehavior [ RunTime:0.000061s ]
INFO: [ app_init ] --END-- [ RunTime:0.000905s ]
ERR: 非法操作:plugins

[ 2015-10-20T14:25:09+08:00 ] ::1 /HFS/index.php/Home/Index/plugins/echarts/build/dist/chart/bar.js
INFO: [ app_init ] --START--
INFO: Run Behavior\BuildLiteBehavior [ RunTime:0.000059s ]
INFO: [ app_init ] --END-- [ RunTime:0.010923s ]
ERR: 非法操作:plugins

[ 2015-10-20T14:27:40+08:00 ] ::1 /HFS/index.php/Home/Index/dataprocess
INFO: [ app_init ] --START--
INFO: Run Behavior\BuildLiteBehavior [ RunTime:0.000033s ]
INFO: [ app_init ] --END-- [ RunTime:0.000519s ]

[ 2015-10-20T14:27:40+08:00 ] ::1 /HFS/index.php/Home/Index/plugins/echarts/build/dist/chart/bar.js
INFO: [ app_init ] --START--
INFO: Run Behavior\BuildLiteBehavior [ RunTime:0.000049s ]
INFO: [ app_init ] --END-- [ RunTime:0.000767s ]
ERR: 非法操作:plugins

[ 2015-10-20T14:27:40+08:00 ] ::1 /HFS/index.php/Home/Index/plugins/echarts/build/dist/chart/line.js
INFO: [ app_init ] --START--
INFO: Run Behavior\BuildLiteBehavior [ RunTime:0.000032s ]
INFO: [ app_init ] --END-- [ RunTime:0.000595s ]
ERR: 非法操作:plugins

[ 2015-10-20T14:27:42+08:00 ] ::1 /HFS/index.php/Home/Index/dataprocess
INFO: [ app_init ] --START--
INFO: Run Behavior\BuildLiteBehavior [ RunTime:0.000032s ]
INFO: [ app_init ] --END-- [ RunTime:0.000515s ]

[ 2015-10-20T14:27:42+08:00 ] ::1 /HFS/index.php/Home/Index/plugins/echarts/build/dist/chart/line.js
INFO: [ app_init ] --START--
INFO: Run Behavior\BuildLiteBehavior [ RunTime:0.000052s ]
INFO: [ app_init ] --END-- [ RunTime:0.000771s ]
ERR: 非法操作:plugins

[ 2015-10-20T14:27:42+08:00 ] ::1 /HFS/index.php/Home/Index/plugins/echarts/build/dist/chart/bar.js
INFO: [ app_init ] --START--
INFO: Run Behavior\BuildLiteBehavior [ RunTime:0.000054s ]
INFO: [ app_init ] --END-- [ RunTime:0.000765s ]
ERR: 非法操作:plugins

[ 2015-10-20T14:27:45+08:00 ] ::1 /HFS/index.php/Home/Index/dataprocess
INFO: [ app_init ] --START--
INFO: Run Behavior\BuildLiteBehavior [ RunTime:0.000030s ]
INFO: [ app_init ] --END-- [ RunTime:0.000476s ]

[ 2015-10-20T14:27:45+08:00 ] ::1 /HFS/index.php/Home/Index/plugins/echarts/build/dist/chart/line.js
INFO: [ app_init ] --START--
INFO: Run Behavior\BuildLiteBehavior [ RunTime:0.000064s ]
INFO: [ app_init ] --END-- [ RunTime:0.001303s ]
ERR: 非法操作:plugins

[ 2015-10-20T14:27:45+08:00 ] ::1 /HFS/index.php/Home/Index/plugins/echarts/build/dist/chart/bar.js
INFO: [ app_init ] --START--
INFO: Run Behavior\BuildLiteBehavior [ RunTime:0.000060s ]
INFO: [ app_init ] --END-- [ RunTime:0.000971s ]
ERR: 非法操作:plugins

[ 2015-10-20T14:27:53+08:00 ] ::1 /HFS/index.php/Home/Index/dataprocess
INFO: [ app_init ] --START--
INFO: Run Behavior\BuildLiteBehavior [ RunTime:0.000031s ]
INFO: [ app_init ] --END-- [ RunTime:0.000494s ]

[ 2015-10-20T14:27:54+08:00 ] ::1 /HFS/index.php/Home/Index/plugins/echarts/build/dist/chart/line.js
INFO: [ app_init ] --START--
INFO: Run Behavior\BuildLiteBehavior [ RunTime:0.000033s ]
INFO: [ app_init ] --END-- [ RunTime:0.000618s ]
ERR: 非法操作:plugins

[ 2015-10-20T14:27:54+08:00 ] ::1 /HFS/index.php/Home/Index/plugins/echarts/build/dist/chart/bar.js
INFO: [ app_init ] --START--
INFO: Run Behavior\BuildLiteBehavior [ RunTime:0.000036s ]
INFO: [ app_init ] --END-- [ RunTime:0.005273s ]
ERR: 非法操作:plugins

[ 2015-10-20T14:27:57+08:00 ] ::1 /HFS/index.php/Home/Index/dataprocess
INFO: [ app_init ] --START--
INFO: Run Behavior\BuildLiteBehavior [ RunTime:0.000056s ]
INFO: [ app_init ] --END-- [ RunTime:0.000656s ]

[ 2015-10-20T14:27:58+08:00 ] ::1 /HFS/index.php/Home/Index/plugins/echarts/build/dist/chart/bar.js
INFO: [ app_init ] --START--
INFO: Run Behavior\BuildLiteBehavior [ RunTime:0.000049s ]
INFO: [ app_init ] --END-- [ RunTime:0.000767s ]
ERR: 非法操作:plugins

[ 2015-10-20T14:27:58+08:00 ] ::1 /HFS/index.php/Home/Index/plugins/echarts/build/dist/chart/line.js
INFO: [ app_init ] --START--
INFO: Run Behavior\BuildLiteBehavior [ RunTime:0.000047s ]
INFO: [ app_init ] --END-- [ RunTime:0.000738s ]
ERR: 非法操作:plugins

[ 2015-10-20T14:28:12+08:00 ] ::1 /HFS/index.php/Home/Index/dataprocess
INFO: [ app_init ] --START--
INFO: Run Behavior\BuildLiteBehavior [ RunTime:0.000033s ]
INFO: [ app_init ] --END-- [ RunTime:0.000670s ]

[ 2015-10-20T14:28:12+08:00 ] ::1 /HFS/index.php/Home/Index/plugins/echarts/build/dist/chart/bar.js
INFO: [ app_init ] --START--
INFO: Run Behavior\BuildLiteBehavior [ RunTime:0.000055s ]
INFO: [ app_init ] --END-- [ RunTime:0.000742s ]
ERR: 非法操作:plugins

[ 2015-10-20T14:28:12+08:00 ] ::1 /HFS/index.php/Home/Index/plugins/echarts/build/dist/chart/line.js
INFO: [ app_init ] --START--
INFO: Run Behavior\BuildLiteBehavior [ RunTime:0.000051s ]
INFO: [ app_init ] --END-- [ RunTime:0.000875s ]
ERR: 非法操作:plugins

[ 2015-10-20T14:30:39+08:00 ] ::1 /HFS/index.php/Home/Index/dataprocess
INFO: [ app_init ] --START--
INFO: Run Behavior\BuildLiteBehavior [ RunTime:0.000047s ]
INFO: [ app_init ] --END-- [ RunTime:0.000742s ]

[ 2015-10-20T14:30:40+08:00 ] ::1 /HFS/index.php/Home/Index/plugins/echarts/build/dist/chart/bar.js
INFO: [ app_init ] --START--
INFO: Run Behavior\BuildLiteBehavior [ RunTime:0.000032s ]
INFO: [ app_init ] --END-- [ RunTime:0.000638s ]
ERR: 非法操作:plugins

[ 2015-10-20T14:30:40+08:00 ] ::1 /HFS/index.php/Home/Index/plugins/echarts/build/dist/chart/line.js
INFO: [ app_init ] --START--
INFO: Run Behavior\BuildLiteBehavior [ RunTime:0.000049s ]
INFO: [ app_init ] --END-- [ RunTime:0.000705s ]
ERR: 非法操作:plugins

[ 2015-10-20T14:30:48+08:00 ] ::1 /HFS/index.php/Home/Index/dataprocess
INFO: [ app_init ] --START--
INFO: Run Behavior\BuildLiteBehavior [ RunTime:0.000057s ]
INFO: [ app_init ] --END-- [ RunTime:0.001069s ]

[ 2015-10-20T14:30:49+08:00 ] ::1 /HFS/index.php/Home/Index/plugins/echarts/build/dist/chart/line.js
INFO: [ app_init ] --START--
INFO: Run Behavior\BuildLiteBehavior [ RunTime:0.000059s ]
INFO: [ app_init ] --END-- [ RunTime:0.000754s ]
ERR: 非法操作:plugins

[ 2015-10-20T14:30:49+08:00 ] ::1 /HFS/index.php/Home/Index/plugins/echarts/build/dist/chart/bar.js
INFO: [ app_init ] --START--
INFO: Run Behavior\BuildLiteBehavior [ RunTime:0.000055s ]
INFO: [ app_init ] --END-- [ RunTime:0.000800s ]
ERR: 非法操作:plugins

[ 2015-10-20T14:32:15+08:00 ] ::1 /HFS/index.php/Home/Index/dataprocess
INFO: [ app_init ] --START--
INFO: Run Behavior\BuildLiteBehavior [ RunTime:0.000030s ]
INFO: [ app_init ] --END-- [ RunTime:0.000512s ]

[ 2015-10-20T14:32:16+08:00 ] ::1 /HFS/index.php/Home/Index/plugins/echarts/build/dist/chart/line.js
INFO: [ app_init ] --START--
INFO: Run Behavior\BuildLiteBehavior [ RunTime:0.000057s ]
INFO: [ app_init ] --END-- [ RunTime:0.000889s ]
ERR: 非法操作:plugins

[ 2015-10-20T14:32:16+08:00 ] ::1 /HFS/index.php/Home/Index/plugins/echarts/build/dist/chart/bar.js
INFO: [ app_init ] --START--
INFO: Run Behavior\BuildLiteBehavior [ RunTime:0.000058s ]
INFO: [ app_init ] --END-- [ RunTime:0.000830s ]
ERR: 非法操作:plugins

[ 2015-10-20T14:33:50+08:00 ] ::1 /HFS/index.php/Home
INFO: [ app_init ] --START--
INFO: Run Behavior\BuildLiteBehavior [ RunTime:0.000032s ]
INFO: [ app_init ] --END-- [ RunTime:0.000528s ]

[ 2015-10-20T14:33:54+08:00 ] ::1 /HFS/index.php/Home/Index/dataprocess
INFO: [ app_init ] --START--
INFO: Run Behavior\BuildLiteBehavior [ RunTime:0.000032s ]
INFO: [ app_init ] --END-- [ RunTime:0.000500s ]

[ 2015-10-20T14:33:55+08:00 ] ::1 /HFS/index.php/Home/Index/plugins/echarts/build/dist/chart/bar.js
INFO: [ app_init ] --START--
INFO: Run Behavior\BuildLiteBehavior [ RunTime:0.000030s ]
INFO: [ app_init ] --END-- [ RunTime:0.000459s ]
ERR: 非法操作:plugins

[ 2015-10-20T14:33:55+08:00 ] ::1 /HFS/index.php/Home/Index/plugins/echarts/build/dist/chart/line.js
INFO: [ app_init ] --START--
INFO: Run Behavior\BuildLiteBehavior [ RunTime:0.000056s ]
INFO: [ app_init ] --END-- [ RunTime:0.000673s ]
ERR: 非法操作:plugins

[ 2015-10-20T14:37:25+08:00 ] ::1 /HFS/index.php/Home
INFO: [ app_init ] --START--
INFO: Run Behavior\BuildLiteBehavior [ RunTime:0.000032s ]
INFO: [ app_init ] --END-- [ RunTime:0.000519s ]

[ 2015-10-20T14:37:30+08:00 ] ::1 /HFS/index.php/Home/Index/dataprocess
INFO: [ app_init ] --START--
INFO: Run Behavior\BuildLiteBehavior [ RunTime:0.000033s ]
INFO: [ app_init ] --END-- [ RunTime:0.000575s ]

[ 2015-10-20T14:37:30+08:00 ] ::1 /HFS/index.php/Home/Index/plugins/echarts/build/dist/chart/line.js
INFO: [ app_init ] --START--
INFO: Run Behavior\BuildLiteBehavior [ RunTime:0.000074s ]
INFO: [ app_init ] --END-- [ RunTime:0.000790s ]
ERR: 非法操作:plugins

[ 2015-10-20T14:37:30+08:00 ] ::1 /HFS/index.php/Home/Index/plugins/echarts/build/dist/chart/bar.js
INFO: [ app_init ] --START--
INFO: Run Behavior\BuildLiteBehavior [ RunTime:0.000054s ]
INFO: [ app_init ] --END-- [ RunTime:0.001230s ]
ERR: 非法操作:plugins

[ 2015-10-20T14:40:12+08:00 ] ::1 /HFS/index.php/Home/Index/dataprocess
INFO: [ app_init ] --START--
INFO: Run Behavior\BuildLiteBehavior [ RunTime:0.000047s ]
INFO: [ app_init ] --END-- [ RunTime:0.000833s ]

[ 2015-10-20T14:40:12+08:00 ] ::1 /HFS/index.php/Home/Index/plugins/echarts/build/dist/chart/bar.js
INFO: [ app_init ] --START--
INFO: Run Behavior\BuildLiteBehavior [ RunTime:0.000050s ]
INFO: [ app_init ] --END-- [ RunTime:0.000760s ]
ERR: 非法操作:plugins

[ 2015-10-20T14:40:12+08:00 ] ::1 /HFS/index.php/Home/Index/plugins/echarts/build/dist/chart/line.js
INFO: [ app_init ] --START--
INFO: Run Behavior\BuildLiteBehavior [ RunTime:0.000050s ]
INFO: [ app_init ] --END-- [ RunTime:0.000711s ]
ERR: 非法操作:plugins

[ 2015-10-20T14:41:34+08:00 ] ::1 /HFS/index.php/Home/Index/dataprocess
INFO: [ app_init ] --START--
INFO: Run Behavior\BuildLiteBehavior [ RunTime:0.000049s ]
INFO: [ app_init ] --END-- [ RunTime:0.000615s ]

[ 2015-10-20T14:41:35+08:00 ] ::1 /HFS/index.php/Home/Index/plugins/echarts/build/dist/chart/bar.js
INFO: [ app_init ] --START--
INFO: Run Behavior\BuildLiteBehavior [ RunTime:0.000051s ]
INFO: [ app_init ] --END-- [ RunTime:0.000806s ]
ERR: 非法操作:plugins

[ 2015-10-20T14:41:35+08:00 ] ::1 /HFS/index.php/Home/Index/plugins/echarts/build/dist/chart/line.js
INFO: [ app_init ] --START--
INFO: Run Behavior\BuildLiteBehavior [ RunTime:0.000060s ]
INFO: [ app_init ] --END-- [ RunTime:0.000831s ]
ERR: 非法操作:plugins

[ 2015-10-20T14:41:36+08:00 ] ::1 /HFS/index.php/Home/Index/dataprocess
INFO: [ app_init ] --START--
INFO: Run Behavior\BuildLiteBehavior [ RunTime:0.000045s ]
INFO: [ app_init ] --END-- [ RunTime:0.000593s ]

[ 2015-10-20T14:41:36+08:00 ] ::1 /HFS/index.php/Home/Index/plugins/echarts/build/dist/chart/line.js
INFO: [ app_init ] --START--
INFO: Run Behavior\BuildLiteBehavior [ RunTime:0.000059s ]
INFO: [ app_init ] --END-- [ RunTime:0.000765s ]
ERR: 非法操作:plugins

[ 2015-10-20T14:41:36+08:00 ] ::1 /HFS/index.php/Home/Index/plugins/echarts/build/dist/chart/bar.js
INFO: [ app_init ] --START--
INFO: Run Behavior\BuildLiteBehavior [ RunTime:0.000050s ]
INFO: [ app_init ] --END-- [ RunTime:0.000737s ]
ERR: 非法操作:plugins

[ 2015-10-20T14:43:22+08:00 ] ::1 /HFS/index.php/Home/Index/dataprocess
INFO: [ app_init ] --START--
INFO: Run Behavior\BuildLiteBehavior [ RunTime:0.000073s ]
INFO: [ app_init ] --END-- [ RunTime:0.000901s ]

[ 2015-10-20T14:43:22+08:00 ] ::1 /HFS/index.php/Home/Index/plugins/echarts/build/dist/chart/line.js
INFO: [ app_init ] --START--
INFO: Run Behavior\BuildLiteBehavior [ RunTime:0.000056s ]
INFO: [ app_init ] --END-- [ RunTime:0.001011s ]
ERR: 非法操作:plugins

[ 2015-10-20T14:43:22+08:00 ] ::1 /HFS/index.php/Home/Index/plugins/echarts/build/dist/chart/bar.js
INFO: [ app_init ] --START--
INFO: Run Behavior\BuildLiteBehavior [ RunTime:0.000055s ]
INFO: [ app_init ] --END-- [ RunTime:0.000948s ]
ERR: 非法操作:plugins

[ 2015-10-20T14:43:23+08:00 ] ::1 /HFS/index.php/Home/Index/dataprocess
INFO: [ app_init ] --START--
INFO: Run Behavior\BuildLiteBehavior [ RunTime:0.000057s ]
INFO: [ app_init ] --END-- [ RunTime:0.000761s ]

[ 2015-10-20T14:43:23+08:00 ] ::1 /HFS/index.php/Home/Index/plugins/echarts/build/dist/chart/line.js
INFO: [ app_init ] --START--
INFO: Run Behavior\BuildLiteBehavior [ RunTime:0.000055s ]
INFO: [ app_init ] --END-- [ RunTime:0.000777s ]
ERR: 非法操作:plugins

[ 2015-10-20T14:43:23+08:00 ] ::1 /HFS/index.php/Home/Index/plugins/echarts/build/dist/chart/bar.js
INFO: [ app_init ] --START--
INFO: Run Behavior\BuildLiteBehavior [ RunTime:0.000057s ]
INFO: [ app_init ] --END-- [ RunTime:0.000778s ]
ERR: 非法操作:plugins

[ 2015-10-20T14:43:34+08:00 ] ::1 /HFS/index.php/Home/Index/dataprocess
INFO: [ app_init ] --START--
INFO: Run Behavior\BuildLiteBehavior [ RunTime:0.000049s ]
INFO: [ app_init ] --END-- [ RunTime:0.000704s ]

[ 2015-10-20T14:43:36+08:00 ] ::1 /HFS/index.php/Home/Index/dataprocess
INFO: [ app_init ] --START--
INFO: Run Behavior\BuildLiteBehavior [ RunTime:0.000031s ]
INFO: [ app_init ] --END-- [ RunTime:0.000495s ]

[ 2015-10-20T14:43:38+08:00 ] ::1 /HFS/index.php/Home/Index/dataprocess
INFO: [ app_init ] --START--
INFO: Run Behavior\BuildLiteBehavior [ RunTime:0.000059s ]
INFO: [ app_init ] --END-- [ RunTime:0.000827s ]

[ 2015-10-20T14:44:19+08:00 ] ::1 /HFS/index.php/Home/Index/dataprocess
INFO: [ app_init ] --START--
INFO: Run Behavior\BuildLiteBehavior [ RunTime:0.000052s ]
INFO: [ app_init ] --END-- [ RunTime:0.000753s ]

[ 2015-10-20T14:44:20+08:00 ] ::1 /HFS/index.php/Home/Index/plugins/echarts/build/dist/chart/line.js
INFO: [ app_init ] --START--
INFO: Run Behavior\BuildLiteBehavior [ RunTime:0.000057s ]
INFO: [ app_init ] --END-- [ RunTime:0.000809s ]
ERR: 非法操作:plugins

[ 2015-10-20T14:44:20+08:00 ] ::1 /HFS/index.php/Home/Index/plugins/echarts/build/dist/chart/bar.js
INFO: [ app_init ] --START--
INFO: Run Behavior\BuildLiteBehavior [ RunTime:0.000065s ]
INFO: [ app_init ] --END-- [ RunTime:0.000961s ]
ERR: 非法操作:plugins

[ 2015-10-20T14:45:50+08:00 ] ::1 /HFS/index.php/Home/Index/dataprocess
INFO: [ app_init ] --START--
INFO: Run Behavior\BuildLiteBehavior [ RunTime:0.000036s ]
INFO: [ app_init ] --END-- [ RunTime:0.000647s ]

[ 2015-10-20T14:48:12+08:00 ] ::1 /HFS/index.php/Home/Index/index
INFO: [ app_init ] --START--
INFO: Run Behavior\BuildLiteBehavior [ RunTime:0.000049s ]
INFO: [ app_init ] --END-- [ RunTime:0.000740s ]

[ 2015-10-20T14:48:24+08:00 ] ::1 /HFS/index.php/Home/Index/datapick
INFO: [ app_init ] --START--
INFO: Run Behavior\BuildLiteBehavior [ RunTime:0.000034s ]
INFO: [ app_init ] --END-- [ RunTime:0.000783s ]

[ 2015-10-20T14:49:24+08:00 ] ::1 /HFS/index.php/Home/Index/dataprocess
INFO: [ app_init ] --START--
INFO: Run Behavior\BuildLiteBehavior [ RunTime:0.000053s ]
INFO: [ app_init ] --END-- [ RunTime:0.000843s ]

[ 2015-10-20T18:13:52+08:00 ] ::1 /HFS/index.php/Home/Index/dataprocess
INFO: [ app_init ] --START--
INFO: Run Behavior\BuildLiteBehavior [ RunTime:0.000031s ]
INFO: [ app_init ] --END-- [ RunTime:0.000743s ]

[ 2015-10-20T18:13:55+08:00 ] ::1 /HFS/index.php/Home/Index/plugins/echarts/build/dist/chart/line.js
INFO: [ app_init ] --START--
INFO: Run Behavior\BuildLiteBehavior [ RunTime:0.000031s ]
INFO: [ app_init ] --END-- [ RunTime:0.000535s ]
ERR: 非法操作:plugins

[ 2015-10-20T18:13:55+08:00 ] ::1 /HFS/index.php/Home/Index/plugins/echarts/build/dist/chart/bar.js
INFO: [ app_init ] --START--
INFO: Run Behavior\BuildLiteBehavior [ RunTime:0.000032s ]
INFO: [ app_init ] --END-- [ RunTime:0.000579s ]
ERR: 非法操作:plugins

[ 2015-10-20T18:14:02+08:00 ] ::1 /HFS/index.php/Home/Index/dataprocess
INFO: [ app_init ] --START--
INFO: Run Behavior\BuildLiteBehavior [ RunTime:0.000032s ]
INFO: [ app_init ] --END-- [ RunTime:0.000543s ]

[ 2015-10-20T20:33:46+08:00 ] ::1 /HFS/index.php/Home/Index/
INFO: [ app_init ] --START--
INFO: Run Behavior\BuildLiteBehavior [ RunTime:0.000039s ]
INFO: [ app_init ] --END-- [ RunTime:0.053980s ]

[ 2015-10-20T20:35:43+08:00 ] ::1 /HFS/index.php/Home/Index/datapick
INFO: [ app_init ] --START--
INFO: Run Behavior\BuildLiteBehavior [ RunTime:0.000031s ]
INFO: [ app_init ] --END-- [ RunTime:0.000509s ]

[ 2015-10-20T20:35:44+08:00 ] ::1 /HFS/index.php/Home/Index/dataquery
INFO: [ app_init ] --START--
INFO: Run Behavior\BuildLiteBehavior [ RunTime:0.000031s ]
INFO: [ app_init ] --END-- [ RunTime:0.000512s ]

[ 2015-10-20T20:35:45+08:00 ] ::1 /HFS/index.php/Home/Index/dataprocess
INFO: [ app_init ] --START--
INFO: Run Behavior\BuildLiteBehavior [ RunTime:0.000031s ]
INFO: [ app_init ] --END-- [ RunTime:0.000518s ]

[ 2015-10-20T20:35:48+08:00 ] ::1 /HFS/index.php/Home/Index/aboutus
INFO: [ app_init ] --START--
INFO: Run Behavior\BuildLiteBehavior [ RunTime:0.000035s ]
INFO: [ app_init ] --END-- [ RunTime:0.005466s ]

[ 2015-10-20T20:35:51+08:00 ] ::1 /HFS/index.php/Home/Index/index
INFO: [ app_init ] --START--
INFO: Run Behavior\BuildLiteBehavior [ RunTime:0.000058s ]
INFO: [ app_init ] --END-- [ RunTime:0.000927s ]

[ 2015-10-20T20:37:59+08:00 ] ::1 /HFS/index.php/Home/Index/index
INFO: [ app_init ] --START--
INFO: Run Behavior\BuildLiteBehavior [ RunTime:0.000031s ]
INFO: [ app_init ] --END-- [ RunTime:0.000518s ]

[ 2015-10-20T20:38:04+08:00 ] ::1 /HFS/index.php/Home/Index/aboutus
INFO: [ app_init ] --START--
INFO: Run Behavior\BuildLiteBehavior [ RunTime:0.000032s ]
INFO: [ app_init ] --END-- [ RunTime:0.000552s ]

[ 2015-10-20T20:38:07+08:00 ] ::1 /HFS/index.php/Home/Index/index
INFO: [ app_init ] --START--
INFO: Run Behavior\BuildLiteBehavior [ RunTime:0.000032s ]
INFO: [ app_init ] --END-- [ RunTime:0.000471s ]

[ 2015-10-20T20:40:30+08:00 ] ::1 /HFS/index.php/Home/Index/index
INFO: [ app_init ] --START--
INFO: Run Behavior\BuildLiteBehavior [ RunTime:0.000034s ]
INFO: [ app_init ] --END-- [ RunTime:0.000558s ]

[ 2015-10-20T20:40:33+08:00 ] ::1 /HFS/index.php/Home/Index/index
INFO: [ app_init ] --START--
INFO: Run Behavior\BuildLiteBehavior [ RunTime:0.000059s ]
INFO: [ app_init ] --END-- [ RunTime:0.010349s ]

[ 2015-10-20T20:40:54+08:00 ] ::1 /HFS/index.php/Home/Index/index
INFO: [ app_init ] --START--
INFO: Run Behavior\BuildLiteBehavior [ RunTime:0.000032s ]
INFO: [ app_init ] --END-- [ RunTime:0.000527s ]

[ 2015-10-20T20:41:08+08:00 ] ::1 /HFS/index.php/Home/Index/index
INFO: [ app_init ] --START--
INFO: Run Behavior\BuildLiteBehavior [ RunTime:0.000036s ]
INFO: [ app_init ] --END-- [ RunTime:0.010896s ]

[ 2015-10-20T20:41:22+08:00 ] ::1 /HFS/index.php/Home/Index/index
INFO: [ app_init ] --START--
INFO: Run Behavior\BuildLiteBehavior [ RunTime:0.000032s ]
INFO: [ app_init ] --END-- [ RunTime:0.000635s ]

[ 2015-10-20T20:41:43+08:00 ] ::1 /HFS/index.php/Home/Index/index
INFO: [ app_init ] --START--
INFO: Run Behavior\BuildLiteBehavior [ RunTime:0.000030s ]
INFO: [ app_init ] --END-- [ RunTime:0.000479s ]

[ 2015-10-20T20:41:53+08:00 ] ::1 /HFS/index.php/Home/Index/index
INFO: [ app_init ] --START--
INFO: Run Behavior\BuildLiteBehavior [ RunTime:0.000058s ]
INFO: [ app_init ] --END-- [ RunTime:0.001342s ]

[ 2015-10-20T20:41:54+08:00 ] ::1 /HFS/index.php/Home/Index/index
INFO: [ app_init ] --START--
INFO: Run Behavior\BuildLiteBehavior [ RunTime:0.000045s ]
INFO: [ app_init ] --END-- [ RunTime:0.000696s ]

[ 2015-10-20T20:42:10+08:00 ] ::1 /HFS/index.php/Home/Index/index
INFO: [ app_init ] --START--
INFO: Run Behavior\BuildLiteBehavior [ RunTime:0.000033s ]
INFO: [ app_init ] --END-- [ RunTime:0.000596s ]

[ 2015-10-20T20:42:12+08:00 ] ::1 /HFS/index.php/Home/Index/index
INFO: [ app_init ] --START--
INFO: Run Behavior\BuildLiteBehavior [ RunTime:0.000048s ]
INFO: [ app_init ] --END-- [ RunTime:0.000681s ]

[ 2015-10-20T20:42:28+08:00 ] ::1 /HFS/index.php/Home/Index/index
INFO: [ app_init ] --START--
INFO: Run Behavior\BuildLiteBehavior [ RunTime:0.000031s ]
INFO: [ app_init ] --END-- [ RunTime:0.000547s ]

[ 2015-10-20T20:42:29+08:00 ] ::1 /HFS/index.php/Home/Index/index
INFO: [ app_init ] --START--
INFO: Run Behavior\BuildLiteBehavior [ RunTime:0.000050s ]
INFO: [ app_init ] --END-- [ RunTime:0.000719s ]

[ 2015-10-20T20:42:54+08:00 ] ::1 /HFS/index.php/Home/Index/index
INFO: [ app_init ] --START--
INFO: Run Behavior\BuildLiteBehavior [ RunTime:0.000048s ]
INFO: [ app_init ] --END-- [ RunTime:0.000722s ]

[ 2015-10-20T20:42:59+08:00 ] ::1 /HFS/index.php/Home/Index/index
INFO: [ app_init ] --START--
INFO: Run Behavior\BuildLiteBehavior [ RunTime:0.000138s ]
INFO: [ app_init ] --END-- [ RunTime:0.001125s ]

[ 2015-10-20T20:43:00+08:00 ] ::1 /HFS/index.php/Home/Index/index
INFO: [ app_init ] --START--
INFO: Run Behavior\BuildLiteBehavior [ RunTime:0.000051s ]
INFO: [ app_init ] --END-- [ RunTime:0.000571s ]

[ 2015-10-20T20:43:01+08:00 ] ::1 /HFS/index.php/Home/Index/index
INFO: [ app_init ] --START--
INFO: Run Behavior\BuildLiteBehavior [ RunTime:0.000031s ]
INFO: [ app_init ] --END-- [ RunTime:0.000482s ]

[ 2015-10-20T20:43:01+08:00 ] ::1 /HFS/index.php/Home/Index/index
INFO: [ app_init ] --START--
INFO: Run Behavior\BuildLiteBehavior [ RunTime:0.000032s ]
INFO: [ app_init ] --END-- [ RunTime:0.000489s ]

[ 2015-10-20T20:43:01+08:00 ] ::1 /HFS/index.php/Home/Index/index
INFO: [ app_init ] --START--
INFO: Run Behavior\BuildLiteBehavior [ RunTime:0.000031s ]
INFO: [ app_init ] --END-- [ RunTime:0.000465s ]

[ 2015-10-20T20:43:14+08:00 ] ::1 /HFS/index.php/Home/Index/index
INFO: [ app_init ] --START--
INFO: Run Behavior\BuildLiteBehavior [ RunTime:0.000033s ]
INFO: [ app_init ] --END-- [ RunTime:0.000539s ]

[ 2015-10-20T20:43:29+08:00 ] ::1 /HFS/index.php/Home/Index/index
INFO: [ app_init ] --START--
INFO: Run Behavior\BuildLiteBehavior [ RunTime:0.000036s ]
INFO: [ app_init ] --END-- [ RunTime:0.000813s ]

[ 2015-10-20T20:46:30+08:00 ] ::1 /HFS/index.php/Home
INFO: [ app_init ] --START--
INFO: Run Behavior\BuildLiteBehavior [ RunTime:0.000032s ]
INFO: [ app_init ] --END-- [ RunTime:0.000524s ]

[ 2015-10-20T20:46:40+08:00 ] ::1 /HFS/index.php/Home
INFO: [ app_init ] --START--
INFO: Run Behavior\BuildLiteBehavior [ RunTime:0.000066s ]
INFO: [ app_init ] --END-- [ RunTime:0.000813s ]

[ 2015-10-20T20:46:40+08:00 ] ::1 /HFS/index.php/Home
INFO: [ app_init ] --START--
INFO: Run Behavior\BuildLiteBehavior [ RunTime:0.000047s ]
INFO: [ app_init ] --END-- [ RunTime:0.000706s ]

[ 2015-10-20T20:46:43+08:00 ] ::1 /HFS/index.php/Home
INFO: [ app_init ] --START--
INFO: Run Behavior\BuildLiteBehavior [ RunTime:0.000046s ]
INFO: [ app_init ] --END-- [ RunTime:0.000577s ]

[ 2015-10-20T20:48:16+08:00 ] ::1 /HFS/index.php/Home
INFO: [ app_init ] --START--
INFO: Run Behavior\BuildLiteBehavior [ RunTime:0.000036s ]
INFO: [ app_init ] --END-- [ RunTime:0.013712s ]

[ 2015-10-20T20:48:20+08:00 ] ::1 /HFS/index.php/Home/Index/aboutus
INFO: [ app_init ] --START--
INFO: Run Behavior\BuildLiteBehavior [ RunTime:0.000030s ]
INFO: [ app_init ] --END-- [ RunTime:0.000457s ]

[ 2015-10-20T20:48:22+08:00 ] ::1 /HFS/index.php/Home/Index/dataprocess
INFO: [ app_init ] --START--
INFO: Run Behavior\BuildLiteBehavior [ RunTime:0.000059s ]
INFO: [ app_init ] --END-- [ RunTime:0.000770s ]

[ 2015-10-20T20:48:27+08:00 ] ::1 /HFS/index.php/Home/Index/dataquery
INFO: [ app_init ] --START--
INFO: Run Behavior\BuildLiteBehavior [ RunTime:0.000030s ]
INFO: [ app_init ] --END-- [ RunTime:0.000516s ]

[ 2015-10-20T20:48:29+08:00 ] ::1 /HFS/index.php/Home/Index/datapick
INFO: [ app_init ] --START--
INFO: Run Behavior\BuildLiteBehavior [ RunTime:0.000050s ]
INFO: [ app_init ] --END-- [ RunTime:0.000784s ]

[ 2015-10-20T20:48:29+08:00 ] ::1 /HFS/index.php/Home/Index/index
INFO: [ app_init ] --START--
INFO: Run Behavior\BuildLiteBehavior [ RunTime:0.000051s ]
INFO: [ app_init ] --END-- [ RunTime:0.000746s ]

[ 2015-10-20T21:01:48+08:00 ] ::1 /HFS/index.php/Home
INFO: [ app_init ] --START--
INFO: Run Behavior\BuildLiteBehavior [ RunTime:0.000052s ]
INFO: [ app_init ] --END-- [ RunTime:0.000675s ]

[ 2015-10-20T21:01:49+08:00 ] ::1 /HFS/index.php/Home/Index/aboutus
INFO: [ app_init ] --START--
INFO: Run Behavior\BuildLiteBehavior [ RunTime:0.000058s ]
INFO: [ app_init ] --END-- [ RunTime:0.000864s ]

[ 2015-10-20T21:02:09+08:00 ] ::1 /HFS/index.php/Home
INFO: [ app_init ] --START--
INFO: Run Behavior\BuildLiteBehavior [ RunTime:0.000047s ]
INFO: [ app_init ] --END-- [ RunTime:0.000801s ]

[ 2015-10-20T21:02:10+08:00 ] ::1 /HFS/index.php/Home/Index/logo
INFO: [ app_init ] --START--
INFO: Run Behavior\BuildLiteBehavior [ RunTime:0.000032s ]
INFO: [ app_init ] --END-- [ RunTime:0.000534s ]

[ 2015-10-20T21:02:39+08:00 ] ::1 /HFS/index.php/Home/Index/logo
INFO: [ app_init ] --START--
INFO: Run Behavior\BuildLiteBehavior [ RunTime:0.000032s ]
INFO: [ app_init ] --END-- [ RunTime:0.000494s ]

[ 2015-10-20T21:03:14+08:00 ] ::1 /HFS/index.php/Home/Index/index
INFO: [ app_init ] --START--
INFO: Run Behavior\BuildLiteBehavior [ RunTime:0.000032s ]
INFO: [ app_init ] --END-- [ RunTime:0.000571s ]

[ 2015-10-20T21:03:15+08:00 ] ::1 /HFS/index.php/Home/Index/logo
INFO: [ app_init ] --START--
INFO: Run Behavior\BuildLiteBehavior [ RunTime:0.000049s ]
INFO: [ app_init ] --END-- [ RunTime:0.000702s ]

[ 2015-10-20T21:04:18+08:00 ] ::1 /HFS/index.php/Home/Index/logo
INFO: [ app_init ] --START--
INFO: Run Behavior\BuildLiteBehavior [ RunTime:0.000031s ]
INFO: [ app_init ] --END-- [ RunTime:0.000510s ]

[ 2015-10-20T21:09:22+08:00 ] ::1 /HFS/index.php/Home/Index/logo
INFO: [ app_init ] --START--
INFO: Run Behavior\BuildLiteBehavior [ RunTime:0.000040s ]
INFO: [ app_init ] --END-- [ RunTime:0.000533s ]

[ 2015-10-20T21:09:23+08:00 ] ::1 /HFS/index.php/Home/Index/logo
INFO: [ app_init ] --START--
INFO: Run Behavior\BuildLiteBehavior [ RunTime:0.000039s ]
INFO: [ app_init ] --END-- [ RunTime:0.000568s ]

[ 2015-10-20T21:09:57+08:00 ] ::1 /HFS/index.php/Home/Index/logo
INFO: [ app_init ] --START--
INFO: Run Behavior\BuildLiteBehavior [ RunTime:0.000045s ]
INFO: [ app_init ] --END-- [ RunTime:0.000644s ]

[ 2015-10-20T21:10:20+08:00 ] ::1 /HFS/index.php/Home/Index/logo
INFO: [ app_init ] --START--
INFO: Run Behavior\BuildLiteBehavior [ RunTime:0.000032s ]
INFO: [ app_init ] --END-- [ RunTime:0.000516s ]

[ 2015-10-20T21:10:26+08:00 ] ::1 /HFS/index.php/Home/Index/logo
INFO: [ app_init ] --START--
INFO: Run Behavior\BuildLiteBehavior [ RunTime:0.000032s ]
INFO: [ app_init ] --END-- [ RunTime:0.000534s ]
ERR: 错误的查询条件:[userName=>admin]

[ 2015-10-20T21:11:39+08:00 ] ::1 /HFS/index.php/Home/Index/logo
INFO: [ app_init ] --START--
INFO: Run Behavior\BuildLiteBehavior [ RunTime:0.000046s ]
INFO: [ app_init ] --END-- [ RunTime:0.000621s ]

[ 2015-10-20T21:11:42+08:00 ] ::1 /HFS/index.php/Home/Index/__APP__/Admin/Index
INFO: [ app_init ] --START--
INFO: Run Behavior\BuildLiteBehavior [ RunTime:0.000030s ]
INFO: [ app_init ] --END-- [ RunTime:0.000498s ]
ERR: 非法操作:__APP__

[ 2015-10-20T21:12:08+08:00 ] ::1 /HFS/index.php/Home/Index/logo
INFO: [ app_init ] --START--
INFO: Run Behavior\BuildLiteBehavior [ RunTime:0.000053s ]
INFO: [ app_init ] --END-- [ RunTime:0.000798s ]

[ 2015-10-20T21:12:10+08:00 ] ::1 /HFS/index.php/Home/Index/logo
INFO: [ app_init ] --START--
INFO: Run Behavior\BuildLiteBehavior [ RunTime:0.000033s ]
INFO: [ app_init ] --END-- [ RunTime:0.000493s ]

[ 2015-10-20T21:12:47+08:00 ] ::1 /HFS/index.php/Home
INFO: [ app_init ] --START--
INFO: Run Behavior\BuildLiteBehavior [ RunTime:0.000031s ]
INFO: [ app_init ] --END-- [ RunTime:0.000588s ]

[ 2015-10-20T21:12:49+08:00 ] ::1 /HFS/index.php/Home/Index/logo
INFO: [ app_init ] --START--
INFO: Run Behavior\BuildLiteBehavior [ RunTime:0.000031s ]
INFO: [ app_init ] --END-- [ RunTime:0.000469s ]

[ 2015-10-20T21:12:50+08:00 ] ::1 /HFS/index.php/Home/Index/logo
INFO: [ app_init ] --START--
INFO: Run Behavior\BuildLiteBehavior [ RunTime:0.000049s ]
INFO: [ app_init ] --END-- [ RunTime:0.000678s ]

[ 2015-10-20T21:13:58+08:00 ] ::1 /HFS/index.php/Home
INFO: [ app_init ] --START--
INFO: Run Behavior\BuildLiteBehavior [ RunTime:0.000030s ]
INFO: [ app_init ] --END-- [ RunTime:0.000468s ]

[ 2015-10-20T21:13:59+08:00 ] ::1 /HFS/index.php/Home/Index/logo
INFO: [ app_init ] --START--
INFO: Run Behavior\BuildLiteBehavior [ RunTime:0.000045s ]
INFO: [ app_init ] --END-- [ RunTime:0.000642s ]

[ 2015-10-20T21:14:01+08:00 ] ::1 /HFS/index.php/Home/Index/logo
INFO: [ app_init ] --START--
INFO: Run Behavior\BuildLiteBehavior [ RunTime:0.000045s ]
INFO: [ app_init ] --END-- [ RunTime:0.000641s ]

[ 2015-10-20T21:14:15+08:00 ] ::1 /HFS/index.php/Home
INFO: [ app_init ] --START--
INFO: Run Behavior\BuildLiteBehavior [ RunTime:0.000045s ]
INFO: [ app_init ] --END-- [ RunTime:0.000614s ]

[ 2015-10-20T21:14:16+08:00 ] ::1 /HFS/index.php/Home/Index/logo
INFO: [ app_init ] --START--
INFO: Run Behavior\BuildLiteBehavior [ RunTime:0.000035s ]
INFO: [ app_init ] --END-- [ RunTime:0.000548s ]

[ 2015-10-20T21:14:19+08:00 ] ::1 /HFS/index.php/Home/Index/logo
INFO: [ app_init ] --START--
INFO: Run Behavior\BuildLiteBehavior [ RunTime:0.000054s ]
INFO: [ app_init ] --END-- [ RunTime:0.000816s ]

[ 2015-10-20T21:14:24+08:00 ] ::1 /HFS/index.php/Home/Index/logo
INFO: [ app_init ] --START--
INFO: Run Behavior\BuildLiteBehavior [ RunTime:0.000049s ]
INFO: [ app_init ] --END-- [ RunTime:0.000657s ]

[ 2015-10-20T21:15:56+08:00 ] ::1 /HFS/index.php/Home
INFO: [ app_init ] --START--
INFO: Run Behavior\BuildLiteBehavior [ RunTime:0.000109s ]
INFO: [ app_init ] --END-- [ RunTime:0.001354s ]

[ 2015-10-20T21:15:57+08:00 ] ::1 /HFS/index.php/Home/Index/logoShow
INFO: [ app_init ] --START--
INFO: Run Behavior\BuildLiteBehavior [ RunTime:0.000046s ]
INFO: [ app_init ] --END-- [ RunTime:0.000650s ]

[ 2015-10-20T21:15:59+08:00 ] ::1 /HFS/index.php/Home/Index/logo
INFO: [ app_init ] --START--
INFO: Run Behavior\BuildLiteBehavior [ RunTime:0.000041s ]
INFO: [ app_init ] --END-- [ RunTime:0.000802s ]

[ 2015-10-20T21:16:00+08:00 ] ::1 /HFS/index.php/Home/Index/logo
INFO: [ app_init ] --START--
INFO: Run Behavior\BuildLiteBehavior [ RunTime:0.000045s ]
INFO: [ app_init ] --END-- [ RunTime:0.000632s ]

[ 2015-10-20T21:16:13+08:00 ] ::1 /HFS/index.php/Home/Index/logo
INFO: [ app_init ] --START--
INFO: Run Behavior\BuildLiteBehavior [ RunTime:0.000032s ]
INFO: [ app_init ] --END-- [ RunTime:0.000496s ]

[ 2015-10-20T21:16:15+08:00 ] ::1 /HFS/index.php/Home/Index/
INFO: [ app_init ] --START--
INFO: Run Behavior\BuildLiteBehavior [ RunTime:0.000034s ]
INFO: [ app_init ] --END-- [ RunTime:0.000685s ]

[ 2015-10-20T21:16:17+08:00 ] ::1 /HFS/index.php/Home/Index/logoShow
INFO: [ app_init ] --START--
INFO: Run Behavior\BuildLiteBehavior [ RunTime:0.000044s ]
INFO: [ app_init ] --END-- [ RunTime:0.000684s ]

[ 2015-10-20T21:16:21+08:00 ] ::1 /HFS/index.php/Home/Index/logo
INFO: [ app_init ] --START--
INFO: Run Behavior\BuildLiteBehavior [ RunTime:0.000048s ]
INFO: [ app_init ] --END-- [ RunTime:0.000668s ]

[ 2015-10-20T21:17:47+08:00 ] ::1 /HFS/index.php/Home
INFO: [ app_init ] --START--
INFO: Run Behavior\BuildLiteBehavior [ RunTime:0.000030s ]
INFO: [ app_init ] --END-- [ RunTime:0.000471s ]

[ 2015-10-20T21:17:56+08:00 ] ::1 /HFS/index.php/Home/Index/datapick
INFO: [ app_init ] --START--
INFO: Run Behavior\BuildLiteBehavior [ RunTime:0.000032s ]
INFO: [ app_init ] --END-- [ RunTime:0.000544s ]

[ 2015-10-20T21:17:57+08:00 ] ::1 /HFS/index.php/Home/Index/dataquery
INFO: [ app_init ] --START--
INFO: Run Behavior\BuildLiteBehavior [ RunTime:0.000032s ]
INFO: [ app_init ] --END-- [ RunTime:0.000470s ]

[ 2015-10-20T21:17:59+08:00 ] ::1 /HFS/index.php/Home/Index/dataprocess
INFO: [ app_init ] --START--
INFO: Run Behavior\BuildLiteBehavior [ RunTime:0.000053s ]
INFO: [ app_init ] --END-- [ RunTime:0.000720s ]

[ 2015-10-20T21:18:07+08:00 ] ::1 /HFS/index.php/Home/Index/aboutus
INFO: [ app_init ] --START--
INFO: Run Behavior\BuildLiteBehavior [ RunTime:0.000048s ]
INFO: [ app_init ] --END-- [ RunTime:0.000672s ]

[ 2015-10-20T21:18:09+08:00 ] ::1 /HFS/index.php/Home/Index/dataprocess
INFO: [ app_init ] --START--
INFO: Run Behavior\BuildLiteBehavior [ RunTime:0.000086s ]
INFO: [ app_init ] --END-- [ RunTime:0.000990s ]

[ 2015-10-20T21:21:43+08:00 ] ::1 /HFS/index.php/Home/Index/dataprocess
INFO: [ app_init ] --START--
INFO: Run Behavior\BuildLiteBehavior [ RunTime:0.000046s ]
INFO: [ app_init ] --END-- [ RunTime:0.000677s ]

[ 2015-10-20T21:21:45+08:00 ] ::1 /HFS/index.php/Home/Index/dataquery
INFO: [ app_init ] --START--
INFO: Run Behavior\BuildLiteBehavior [ RunTime:0.000101s ]
INFO: [ app_init ] --END-- [ RunTime:0.001316s ]

[ 2015-10-20T21:23:48+08:00 ] ::1 /HFS/index.php/Home/Index/dataquery
INFO: [ app_init ] --START--
INFO: Run Behavior\BuildLiteBehavior [ RunTime:0.000050s ]
INFO: [ app_init ] --END-- [ RunTime:0.000705s ]

[ 2015-10-20T21:23:50+08:00 ] ::1 /HFS/index.php/Home/Index/aboutus
INFO: [ app_init ] --START--
INFO: Run Behavior\BuildLiteBehavior [ RunTime:0.000049s ]
INFO: [ app_init ] --END-- [ RunTime:0.000682s ]

[ 2015-10-20T21:23:51+08:00 ] ::1 /HFS/index.php/Home/Index/datapick
INFO: [ app_init ] --START--
INFO: Run Behavior\BuildLiteBehavior [ RunTime:0.000044s ]
INFO: [ app_init ] --END-- [ RunTime:0.000641s ]

[ 2015-10-20T21:24:37+08:00 ] ::1 /HFS/index.php/Home/Index/datapick
INFO: [ app_init ] --START--
INFO: Run Behavior\BuildLiteBehavior [ RunTime:0.000057s ]
INFO: [ app_init ] --END-- [ RunTime:0.001077s ]

[ 2015-10-20T21:24:37+08:00 ] ::1 /HFS/index.php/Home/Index/datapick
INFO: [ app_init ] --START--
INFO: Run Behavior\BuildLiteBehavior [ RunTime:0.000049s ]
INFO: [ app_init ] --END-- [ RunTime:0.000627s ]

[ 2015-10-20T21:24:38+08:00 ] ::1 /HFS/index.php/Home/Index/datapick
INFO: [ app_init ] --START--
INFO: Run Behavior\BuildLiteBehavior [ RunTime:0.000045s ]
INFO: [ app_init ] --END-- [ RunTime:0.000639s ]

[ 2015-10-20T21:24:40+08:00 ] ::1 /HFS/index.php/Home/Index/datapick
INFO: [ app_init ] --START--
INFO: Run Behavior\BuildLiteBehavior [ RunTime:0.000033s ]
INFO: [ app_init ] --END-- [ RunTime:0.000481s ]

[ 2015-10-20T21:24:40+08:00 ] ::1 /HFS/index.php/Home/Index/datapick
INFO: [ app_init ] --START--
INFO: Run Behavior\BuildLiteBehavior [ RunTime:0.000031s ]
INFO: [ app_init ] --END-- [ RunTime:0.000515s ]

[ 2015-10-20T21:24:40+08:00 ] ::1 /HFS/index.php/Home/Index/datapick
INFO: [ app_init ] --START--
INFO: Run Behavior\BuildLiteBehavior [ RunTime:0.000056s ]
INFO: [ app_init ] --END-- [ RunTime:0.000862s ]

[ 2015-10-20T21:24:40+08:00 ] ::1 /HFS/index.php/Home/Index/datapick
INFO: [ app_init ] --START--
INFO: Run Behavior\BuildLiteBehavior [ RunTime:0.000046s ]
INFO: [ app_init ] --END-- [ RunTime:0.000642s ]

[ 2015-10-20T21:24:46+08:00 ] ::1 /HFS/index.php/Home/Index/datapick
INFO: [ app_init ] --START--
INFO: Run Behavior\BuildLiteBehavior [ RunTime:0.000033s ]
INFO: [ app_init ] --END-- [ RunTime:0.000551s ]

[ 2015-10-20T21:24:47+08:00 ] ::1 /HFS/index.php/Home/Index/datapick
INFO: [ app_init ] --START--
INFO: Run Behavior\BuildLiteBehavior [ RunTime:0.000058s ]
INFO: [ app_init ] --END-- [ RunTime:0.000826s ]

[ 2015-10-20T21:24:47+08:00 ] ::1 /HFS/index.php/Home/Index/datapick
INFO: [ app_init ] --START--
INFO: Run Behavior\BuildLiteBehavior [ RunTime:0.000030s ]
INFO: [ app_init ] --END-- [ RunTime:0.000465s ]

[ 2015-10-20T21:24:48+08:00 ] ::1 /HFS/index.php/Home/Index/datapick
INFO: [ app_init ] --START--
INFO: Run Behavior\BuildLiteBehavior [ RunTime:0.000034s ]
INFO: [ app_init ] --END-- [ RunTime:0.000525s ]

[ 2015-10-20T21:24:51+08:00 ] ::1 /HFS/index.php/Home/Index/datapick
INFO: [ app_init ] --START--
INFO: Run Behavior\BuildLiteBehavior [ RunTime:0.000033s ]
INFO: [ app_init ] --END-- [ RunTime:0.000491s ]

[ 2015-10-20T21:24:58+08:00 ] ::1 /HFS/index.php/Home/Index/datapick
INFO: [ app_init ] --START--
INFO: Run Behavior\BuildLiteBehavior [ RunTime:0.000031s ]
INFO: [ app_init ] --END-- [ RunTime:0.000476s ]

[ 2015-10-20T21:24:58+08:00 ] ::1 /HFS/index.php/Home/Index/datapick
INFO: [ app_init ] --START--
INFO: Run Behavior\BuildLiteBehavior [ RunTime:0.000031s ]
INFO: [ app_init ] --END-- [ RunTime:0.000474s ]

[ 2015-10-20T21:24:58+08:00 ] ::1 /HFS/index.php/Home/Index/datapick
INFO: [ app_init ] --START--
INFO: Run Behavior\BuildLiteBehavior [ RunTime:0.000057s ]
INFO: [ app_init ] --END-- [ RunTime:0.000758s ]

[ 2015-10-20T21:25:02+08:00 ] ::1 /HFS/index.php/Home/Index/datapick
INFO: [ app_init ] --START--
INFO: Run Behavior\BuildLiteBehavior [ RunTime:0.000047s ]
INFO: [ app_init ] --END-- [ RunTime:0.000647s ]

[ 2015-10-20T21:25:03+08:00 ] ::1 /HFS/index.php/Home/Index/datapick
INFO: [ app_init ] --START--
INFO: Run Behavior\BuildLiteBehavior [ RunTime:0.000041s ]
INFO: [ app_init ] --END-- [ RunTime:0.000667s ]

[ 2015-10-20T21:25:03+08:00 ] ::1 /HFS/index.php/Home/Index/datapick
INFO: [ app_init ] --START--
INFO: Run Behavior\BuildLiteBehavior [ RunTime:0.000047s ]
INFO: [ app_init ] --END-- [ RunTime:0.000647s ]

[ 2015-10-20T21:25:03+08:00 ] ::1 /HFS/index.php/Home/Index/datapick
INFO: [ app_init ] --START--
INFO: Run Behavior\BuildLiteBehavior [ RunTime:0.000047s ]
INFO: [ app_init ] --END-- [ RunTime:0.000651s ]

[ 2015-10-20T21:25:03+08:00 ] ::1 /HFS/index.php/Home/Index/datapick
INFO: [ app_init ] --START--
INFO: Run Behavior\BuildLiteBehavior [ RunTime:0.000047s ]
INFO: [ app_init ] --END-- [ RunTime:0.000759s ]

[ 2015-10-20T21:25:03+08:00 ] ::1 /HFS/index.php/Home/Index/datapick
INFO: [ app_init ] --START--
INFO: Run Behavior\BuildLiteBehavior [ RunTime:0.000048s ]
INFO: [ app_init ] --END-- [ RunTime:0.000696s ]

[ 2015-10-20T21:25:03+08:00 ] ::1 /HFS/index.php/Home/Index/datapick
INFO: [ app_init ] --START--
INFO: Run Behavior\BuildLiteBehavior [ RunTime:0.000042s ]
INFO: [ app_init ] --END-- [ RunTime:0.000507s ]

[ 2015-10-20T21:25:04+08:00 ] ::1 /HFS/index.php/Home/Index/datapick
INFO: [ app_init ] --START--
INFO: Run Behavior\BuildLiteBehavior [ RunTime:0.000032s ]
INFO: [ app_init ] --END-- [ RunTime:0.000518s ]

[ 2015-10-20T21:25:04+08:00 ] ::1 /HFS/index.php/Home/Index/datapick
INFO: [ app_init ] --START--
INFO: Run Behavior\BuildLiteBehavior [ RunTime:0.000032s ]
INFO: [ app_init ] --END-- [ RunTime:0.000480s ]

[ 2015-10-20T21:25:04+08:00 ] ::1 /HFS/index.php/Home/Index/datapick
INFO: [ app_init ] --START--
INFO: Run Behavior\BuildLiteBehavior [ RunTime:0.000032s ]
INFO: [ app_init ] --END-- [ RunTime:0.000487s ]

[ 2015-10-20T21:25:04+08:00 ] ::1 /HFS/index.php/Home/Index/datapick
INFO: [ app_init ] --START--
INFO: Run Behavior\BuildLiteBehavior [ RunTime:0.000041s ]
INFO: [ app_init ] --END-- [ RunTime:0.000570s ]

[ 2015-10-20T21:25:04+08:00 ] ::1 /HFS/index.php/Home/Index/datapick
INFO: [ app_init ] --START--
INFO: Run Behavior\BuildLiteBehavior [ RunTime:0.000048s ]
INFO: [ app_init ] --END-- [ RunTime:0.000640s ]

[ 2015-10-20T21:25:04+08:00 ] ::1 /HFS/index.php/Home/Index/datapick
INFO: [ app_init ] --START--
INFO: Run Behavior\BuildLiteBehavior [ RunTime:0.000043s ]
INFO: [ app_init ] --END-- [ RunTime:0.000696s ]

[ 2015-10-20T21:25:05+08:00 ] ::1 /HFS/index.php/Home/Index/datapick
INFO: [ app_init ] --START--
INFO: Run Behavior\BuildLiteBehavior [ RunTime:0.000045s ]
INFO: [ app_init ] --END-- [ RunTime:0.000684s ]

[ 2015-10-20T21:25:39+08:00 ] ::1 /HFS/index.php/Home/Index/index
INFO: [ app_init ] --START--
INFO: Run Behavior\BuildLiteBehavior [ RunTime:0.000032s ]
INFO: [ app_init ] --END-- [ RunTime:0.000511s ]

[ 2015-10-20T21:27:02+08:00 ] ::1 /HFS/index.php/Home/Index/dataprocess
INFO: [ app_init ] --START--
INFO: Run Behavior\BuildLiteBehavior [ RunTime:0.000047s ]
INFO: [ app_init ] --END-- [ RunTime:0.000658s ]

[ 2015-10-20T21:27:04+08:00 ] ::1 /HFS/index.php/Home/Index/datapick
INFO: [ app_init ] --START--
INFO: Run Behavior\BuildLiteBehavior [ RunTime:0.000052s ]
INFO: [ app_init ] --END-- [ RunTime:0.000797s ]

[ 2015-10-20T21:27:38+08:00 ] ::1 /HFS/index.php/Home/Index/datapick
INFO: [ app_init ] --START--
INFO: Run Behavior\BuildLiteBehavior [ RunTime:0.000031s ]
INFO: [ app_init ] --END-- [ RunTime:0.000527s ]

[ 2015-10-20T21:27:42+08:00 ] ::1 /HFS/index.php/Home/Index/datapick
INFO: [ app_init ] --START--
INFO: Run Behavior\BuildLiteBehavior [ RunTime:0.000046s ]
INFO: [ app_init ] --END-- [ RunTime:0.000610s ]

[ 2015-10-20T21:27:46+08:00 ] ::1 /HFS/index.php/Home/Index/datapick
INFO: [ app_init ] --START--
INFO: Run Behavior\BuildLiteBehavior [ RunTime:0.000032s ]
INFO: [ app_init ] --END-- [ RunTime:0.000474s ]

[ 2015-10-20T21:27:57+08:00 ] ::1 /HFS/index.php/Home/Index/datapick
INFO: [ app_init ] --START--
INFO: Run Behavior\BuildLiteBehavior [ RunTime:0.000048s ]
INFO: [ app_init ] --END-- [ RunTime:0.000670s ]

[ 2015-10-20T21:28:18+08:00 ] ::1 /HFS/index.php/Home/Index/index
INFO: [ app_init ] --START--
INFO: Run Behavior\BuildLiteBehavior [ RunTime:0.000032s ]
INFO: [ app_init ] --END-- [ RunTime:0.000475s ]

[ 2015-10-20T21:30:50+08:00 ] ::1 /HFS/index.php/Home/Index/logoShow
INFO: [ app_init ] --START--
INFO: Run Behavior\BuildLiteBehavior [ RunTime:0.000054s ]
INFO: [ app_init ] --END-- [ RunTime:0.000843s ]

[ 2015-10-20T21:30:51+08:00 ] ::1 /HFS/index.php/Home/Index/logo
INFO: [ app_init ] --START--
INFO: Run Behavior\BuildLiteBehavior [ RunTime:0.000034s ]
INFO: [ app_init ] --END-- [ RunTime:0.000523s ]

[ 2015-10-20T21:31:39+08:00 ] ::1 /HFS/index.php/Home
INFO: [ app_init ] --START--
INFO: Run Behavior\BuildLiteBehavior [ RunTime:0.000049s ]
INFO: [ app_init ] --END-- [ RunTime:0.000691s ]

[ 2015-10-20T21:31:44+08:00 ] ::1 /HFS/index.php/Home/Index/dataquery
INFO: [ app_init ] --START--
INFO: Run Behavior\BuildLiteBehavior [ RunTime:0.000057s ]
INFO: [ app_init ] --END-- [ RunTime:0.000808s ]

[ 2015-10-20T21:31:48+08:00 ] ::1 /HFS/index.php/Home/Index/dataprocess
INFO: [ app_init ] --START--
INFO: Run Behavior\BuildLiteBehavior [ RunTime:0.000032s ]
INFO: [ app_init ] --END-- [ RunTime:0.000478s ]

[ 2015-10-20T21:31:50+08:00 ] ::1 /HFS/index.php/Home/Index/datapick
INFO: [ app_init ] --START--
INFO: Run Behavior\BuildLiteBehavior [ RunTime:0.000048s ]
INFO: [ app_init ] --END-- [ RunTime:0.000659s ]

[ 2015-10-20T21:47:40+08:00 ] ::1 /HFS/index.php/Home/Index/datapick
INFO: [ app_init ] --START--
INFO: Run Behavior\BuildLiteBehavior [ RunTime:0.000056s ]
INFO: [ app_init ] --END-- [ RunTime:0.000698s ]
ERR: 非法操作:datapick

[ 2015-10-20T21:47:42+08:00 ] ::1 /HFS/index.php/Home/Index/datapick
INFO: [ app_init ] --START--
INFO: Run Behavior\BuildLiteBehavior [ RunTime:0.000049s ]
INFO: [ app_init ] --END-- [ RunTime:0.000702s ]
ERR: 非法操作:datapick

[ 2015-10-20T21:48:04+08:00 ] ::1 /HFS/index.php/Home/Index/datapick
INFO: [ app_init ] --START--
INFO: Run Behavior\BuildLiteBehavior [ RunTime:0.000046s ]
INFO: [ app_init ] --END-- [ RunTime:0.000616s ]
ERR: 非法操作:datapick

[ 2015-10-20T21:48:05+08:00 ] ::1 /HFS/index.php/Home/Index/datapick
INFO: [ app_init ] --START--
INFO: Run Behavior\BuildLiteBehavior [ RunTime:0.000049s ]
INFO: [ app_init ] --END-- [ RunTime:0.000652s ]
ERR: 非法操作:datapick

[ 2015-10-20T21:48:05+08:00 ] ::1 /HFS/index.php/Home/Index/datapick
INFO: [ app_init ] --START--
INFO: Run Behavior\BuildLiteBehavior [ RunTime:0.000031s ]
INFO: [ app_init ] --END-- [ RunTime:0.000483s ]
ERR: 非法操作:datapick

[ 2015-10-20T21:48:05+08:00 ] ::1 /HFS/index.php/Home/Index/datapick
INFO: [ app_init ] --START--
INFO: Run Behavior\BuildLiteBehavior [ RunTime:0.000075s ]
INFO: [ app_init ] --END-- [ RunTime:0.000839s ]
ERR: 非法操作:datapick

[ 2015-10-20T21:48:06+08:00 ] ::1 /HFS/index.php/Home/Index/datapick
INFO: [ app_init ] --START--
INFO: Run Behavior\BuildLiteBehavior [ RunTime:0.000045s ]
INFO: [ app_init ] --END-- [ RunTime:0.000638s ]
ERR: 非法操作:datapick

[ 2015-10-20T21:48:06+08:00 ] ::1 /HFS/index.php/Home/Index/datapick
INFO: [ app_init ] --START--
INFO: Run Behavior\BuildLiteBehavior [ RunTime:0.000031s ]
INFO: [ app_init ] --END-- [ RunTime:0.000474s ]
ERR: 非法操作:datapick

[ 2015-10-20T21:48:56+08:00 ] ::1 /HFS/index.php/Home/Index/datapick
INFO: [ app_init ] --START--
INFO: Run Behavior\BuildLiteBehavior [ RunTime:0.000061s ]
INFO: [ app_init ] --END-- [ RunTime:0.000837s ]
ERR: 非法操作:datapick

[ 2015-10-20T21:48:57+08:00 ] ::1 /HFS/index.php/Home/Index/datapick
INFO: [ app_init ] --START--
INFO: Run Behavior\BuildLiteBehavior [ RunTime:0.000030s ]
INFO: [ app_init ] --END-- [ RunTime:0.000459s ]
ERR: 非法操作:datapick

[ 2015-10-20T21:49:01+08:00 ] ::1 /HFS/index.php/Home/Index/
INFO: [ app_init ] --START--
INFO: Run Behavior\BuildLiteBehavior [ RunTime:0.000046s ]
INFO: [ app_init ] --END-- [ RunTime:0.000671s ]

[ 2015-10-20T21:49:16+08:00 ] ::1 /HFS/index.php/Home/Index/
INFO: [ app_init ] --START--
INFO: Run Behavior\BuildLiteBehavior [ RunTime:0.000054s ]
INFO: [ app_init ] --END-- [ RunTime:0.000776s ]

[ 2015-10-20T21:49:23+08:00 ] ::1 /HFS/index.php/Home/Index/
INFO: [ app_init ] --START--
INFO: Run Behavior\BuildLiteBehavior [ RunTime:0.000044s ]
INFO: [ app_init ] --END-- [ RunTime:0.000691s ]

[ 2015-10-20T21:49:44+08:00 ] ::1 /HFS/index.php/Home/Index/
INFO: [ app_init ] --START--
INFO: Run Behavior\BuildLiteBehavior [ RunTime:0.000061s ]
INFO: [ app_init ] --END-- [ RunTime:0.000944s ]

[ 2015-10-20T21:50:00+08:00 ] ::1 /HFS/index.php/Home/Index/
INFO: [ app_init ] --START--
INFO: Run Behavior\BuildLiteBehavior [ RunTime:0.000058s ]
INFO: [ app_init ] --END-- [ RunTime:0.000846s ]

[ 2015-10-20T21:50:02+08:00 ] ::1 /HFS/index.php/Home/Index/
INFO: [ app_init ] --START--
INFO: Run Behavior\BuildLiteBehavior [ RunTime:0.000045s ]
INFO: [ app_init ] --END-- [ RunTime:0.000607s ]

[ 2015-10-20T21:51:07+08:00 ] ::1 /HFS/index.php/Home/Index/
INFO: [ app_init ] --START--
INFO: Run Behavior\BuildLiteBehavior [ RunTime:0.000051s ]
INFO: [ app_init ] --END-- [ RunTime:0.000814s ]

[ 2015-10-20T21:53:40+08:00 ] ::1 /HFS/index.php/Home/Index/
INFO: [ app_init ] --START--
INFO: Run Behavior\BuildLiteBehavior [ RunTime:0.000031s ]
INFO: [ app_init ] --END-- [ RunTime:0.000494s ]

[ 2015-10-20T21:53:41+08:00 ] ::1 /HFS/index.php/Home/Datapick
INFO: [ app_init ] --START--
INFO: Run Behavior\BuildLiteBehavior [ RunTime:0.000044s ]
INFO: [ app_init ] --END-- [ RunTime:0.000610s ]

[ 2015-10-20T21:55:08+08:00 ] ::1 /HFS/index.php/Home/Datapick
INFO: [ app_init ] --START--
INFO: Run Behavior\BuildLiteBehavior [ RunTime:0.000032s ]
INFO: [ app_init ] --END-- [ RunTime:0.000593s ]

[ 2015-10-20T21:55:09+08:00 ] ::1 /HFS/index.php/Home/Index
INFO: [ app_init ] --START--
INFO: Run Behavior\BuildLiteBehavior [ RunTime:0.000054s ]
INFO: [ app_init ] --END-- [ RunTime:0.000737s ]

[ 2015-10-20T21:55:10+08:00 ] ::1 /HFS/index.php/Home/Dataquery
INFO: [ app_init ] --START--
INFO: Run Behavior\BuildLiteBehavior [ RunTime:0.000069s ]
INFO: [ app_init ] --END-- [ RunTime:0.000804s ]

[ 2015-10-20T21:55:11+08:00 ] ::1 /HFS/index.php/Home/Datapick
INFO: [ app_init ] --START--
INFO: Run Behavior\BuildLiteBehavior [ RunTime:0.000047s ]
INFO: [ app_init ] --END-- [ RunTime:0.000668s ]

[ 2015-10-20T21:55:11+08:00 ] ::1 /HFS/index.php/Home/Dataprocess
INFO: [ app_init ] --START--
INFO: Run Behavior\BuildLiteBehavior [ RunTime:0.000055s ]
INFO: [ app_init ] --END-- [ RunTime:0.000814s ]

[ 2015-10-20T21:55:12+08:00 ] ::1 /HFS/index.php/Home/Aboutus
INFO: [ app_init ] --START--
INFO: Run Behavior\BuildLiteBehavior [ RunTime:0.000052s ]
INFO: [ app_init ] --END-- [ RunTime:0.000728s ]

[ 2015-10-20T21:55:13+08:00 ] ::1 /HFS/index.php/Home/Aboutus/index
INFO: [ app_init ] --START--
INFO: Run Behavior\BuildLiteBehavior [ RunTime:0.000031s ]
INFO: [ app_init ] --END-- [ RunTime:0.000532s ]

[ 2015-10-20T21:55:15+08:00 ] ::1 /HFS/index.php/Home/Aboutus/aboutus
INFO: [ app_init ] --START--
INFO: Run Behavior\BuildLiteBehavior [ RunTime:0.000160s ]
INFO: [ app_init ] --END-- [ RunTime:0.001736s ]
ERR: 非法操作:aboutus

[ 2015-10-20T21:55:46+08:00 ] ::1 /HFS/index.php/Home/Aboutus/aboutus
INFO: [ app_init ] --START--
INFO: Run Behavior\BuildLiteBehavior [ RunTime:0.000053s ]
INFO: [ app_init ] --END-- [ RunTime:0.003772s ]
ERR: 非法操作:aboutus

[ 2015-10-20T21:55:49+08:00 ] ::1 /HFS/index.php/Home/
INFO: [ app_init ] --START--
INFO: Run Behavior\BuildLiteBehavior [ RunTime:0.000031s ]
INFO: [ app_init ] --END-- [ RunTime:0.000518s ]

[ 2015-10-20T21:55:50+08:00 ] ::1 /HFS/index.php/Home/Aboutus
INFO: [ app_init ] --START--
INFO: Run Behavior\BuildLiteBehavior [ RunTime:0.000055s ]
INFO: [ app_init ] --END-- [ RunTime:0.000734s ]

[ 2015-10-20T21:55:51+08:00 ] ::1 /HFS/index.php/Home/Dataprocess
INFO: [ app_init ] --START--
INFO: Run Behavior\BuildLiteBehavior [ RunTime:0.000056s ]
INFO: [ app_init ] --END-- [ RunTime:0.000774s ]

[ 2015-10-20T21:55:52+08:00 ] ::1 /HFS/index.php/Home/Dataquery
INFO: [ app_init ] --START--
INFO: Run Behavior\BuildLiteBehavior [ RunTime:0.000096s ]
INFO: [ app_init ] --END-- [ RunTime:0.001808s ]

[ 2015-10-20T21:55:52+08:00 ] ::1 /HFS/index.php/Home/Datapick
INFO: [ app_init ] --START--
INFO: Run Behavior\BuildLiteBehavior [ RunTime:0.000030s ]
INFO: [ app_init ] --END-- [ RunTime:0.000476s ]

[ 2015-10-20T21:55:53+08:00 ] ::1 /HFS/index.php/Home/Index
INFO: [ app_init ] --START--
INFO: Run Behavior\BuildLiteBehavior [ RunTime:0.000060s ]
INFO: [ app_init ] --END-- [ RunTime:0.000653s ]

[ 2015-10-20T21:59:44+08:00 ] ::1 /HFS/
INFO: [ app_init ] --START--
INFO: Run Behavior\BuildLiteBehavior [ RunTime:0.000032s ]
INFO: [ app_init ] --END-- [ RunTime:0.000550s ]

[ 2015-10-20T21:59:52+08:00 ] ::1 /HFS/index.php/Home/Aboutus
INFO: [ app_init ] --START--
INFO: Run Behavior\BuildLiteBehavior [ RunTime:0.000044s ]
INFO: [ app_init ] --END-- [ RunTime:0.000666s ]

[ 2015-10-20T21:59:53+08:00 ] ::1 /HFS/index.php/Home/Index
INFO: [ app_init ] --START--
INFO: Run Behavior\BuildLiteBehavior [ RunTime:0.000049s ]
INFO: [ app_init ] --END-- [ RunTime:0.000669s ]

[ 2015-10-20T21:59:55+08:00 ] ::1 /HFS/index.php/Home/Aboutus
INFO: [ app_init ] --START--
INFO: Run Behavior\BuildLiteBehavior [ RunTime:0.000050s ]
INFO: [ app_init ] --END-- [ RunTime:0.000684s ]

[ 2015-10-20T21:59:57+08:00 ] ::1 /HFS/index.php/Home/Index
INFO: [ app_init ] --START--
INFO: Run Behavior\BuildLiteBehavior [ RunTime:0.000034s ]
INFO: [ app_init ] --END-- [ RunTime:0.000735s ]

[ 2015-10-20T22:31:38+08:00 ] ::1 /HFS/index.php/Home/Index
INFO: [ app_init ] --START--
INFO: Run Behavior\BuildLiteBehavior [ RunTime:0.000091s ]
INFO: [ app_init ] --END-- [ RunTime:0.000806s ]

[ 2015-10-20T22:31:45+08:00 ] ::1 /HFS/index.php/Home/Dataprocess
INFO: [ app_init ] --START--
INFO: Run Behavior\BuildLiteBehavior [ RunTime:0.000031s ]
INFO: [ app_init ] --END-- [ RunTime:0.000473s ]

[ 2015-10-20T22:31:49+08:00 ] ::1 /HFS/index.php/Home/Index
INFO: [ app_init ] --START--
INFO: Run Behavior\BuildLiteBehavior [ RunTime:0.000038s ]
INFO: [ app_init ] --END-- [ RunTime:0.016420s ]

[ 2015-10-20T22:32:53+08:00 ] ::1 /HFS/index.php/Home/Index
INFO: [ app_init ] --START--
INFO: Run Behavior\BuildLiteBehavior [ RunTime:0.000048s ]
INFO: [ app_init ] --END-- [ RunTime:0.000650s ]

[ 2015-10-20T22:32:55+08:00 ] ::1 /HFS/index.php/Home/logoShow
INFO: [ app_init ] --START--
INFO: Run Behavior\BuildLiteBehavior [ RunTime:0.000049s ]
INFO: [ app_init ] --END-- [ RunTime:0.000672s ]
ERR: 无法加载控制器:LogoShow

[ 2015-10-20T22:33:04+08:00 ] ::1 /HFS/index.php/Home/Index
INFO: [ app_init ] --START--
INFO: Run Behavior\BuildLiteBehavior [ RunTime:0.000050s ]
INFO: [ app_init ] --END-- [ RunTime:0.000807s ]

[ 2015-10-20T22:33:06+08:00 ] ::1 /HFS/index.php/Home/Index
INFO: [ app_init ] --START--
INFO: Run Behavior\BuildLiteBehavior [ RunTime:0.000032s ]
INFO: [ app_init ] --END-- [ RunTime:0.000513s ]

[ 2015-10-20T22:33:07+08:00 ] ::1 /HFS/index.php/Home/logoShow
INFO: [ app_init ] --START--
INFO: Run Behavior\BuildLiteBehavior [ RunTime:0.000045s ]
INFO: [ app_init ] --END-- [ RunTime:0.000679s ]
ERR: 无法加载控制器:LogoShow

[ 2015-10-20T22:33:52+08:00 ] ::1 /HFS/index.php/Home/
INFO: [ app_init ] --START--
INFO: Run Behavior\BuildLiteBehavior [ RunTime:0.000038s ]
INFO: [ app_init ] --END-- [ RunTime:0.013425s ]

[ 2015-10-20T22:33:53+08:00 ] ::1 /HFS/index.php/Home/Index/logoShow
INFO: [ app_init ] --START--
INFO: Run Behavior\BuildLiteBehavior [ RunTime:0.000032s ]
INFO: [ app_init ] --END-- [ RunTime:0.000683s ]

[ 2015-10-20T22:34:02+08:00 ] ::1 /HFS/index.php/Home/Index/logo
INFO: [ app_init ] --START--
INFO: Run Behavior\BuildLiteBehavior [ RunTime:0.000031s ]
INFO: [ app_init ] --END-- [ RunTime:0.000526s ]

